ARM GAS  C:\Users\Girish\AppData\Local\Temp\cc1kodAa.s 			page 1


   1              		.syntax unified
   2              		.cpu cortex-m3
   3              		.fpu softvfp
   4              		.eabi_attribute 20, 1
   5              		.eabi_attribute 21, 1
   6              		.eabi_attribute 23, 3
   7              		.eabi_attribute 24, 1
   8              		.eabi_attribute 25, 1
   9              		.eabi_attribute 26, 1
  10              		.eabi_attribute 30, 1
  11              		.eabi_attribute 34, 1
  12              		.eabi_attribute 18, 4
  13              		.thumb
  14              		.syntax unified
  15              		.file	"cymetadata.c"
  16              		.text
  17              	.Ltext0:
  18              		.cfi_sections	.debug_frame
  19              		.global	cy_metadata
  20              		.global	cy_meta_flashprotect
  21              		.global	cy_meta_wonvl
  22              		.global	cy_meta_custnvl
  23              		.global	cy_meta_configecc
  24              		.section	.cyconfigecc,"a",%progbits
  25              		.align	2
  26              		.type	cy_meta_configecc, %object
  27              		.size	cy_meta_configecc, 488
  28              	cy_meta_configecc:
  29 0000 02       		.byte	2
  30 0001 52       		.byte	82
  31 0002 00       		.byte	0
  32 0003 40       		.byte	64
  33 0004 03       		.byte	3
  34 0005 64       		.byte	100
  35 0006 00       		.byte	0
  36 0007 40       		.byte	64
  37 0008 4E       		.byte	78
  38 0009 02       		.byte	2
  39 000a 01       		.byte	1
  40 000b 40       		.byte	64
  41 000c 29       		.byte	41
  42 000d 03       		.byte	3
  43 000e 01       		.byte	1
  44 000f 40       		.byte	64
  45 0010 03       		.byte	3
  46 0011 05       		.byte	5
  47 0012 01       		.byte	1
  48 0013 40       		.byte	64
  49 0014 01       		.byte	1
  50 0015 0B       		.byte	11
  51 0016 01       		.byte	1
  52 0017 40       		.byte	64
  53 0018 27       		.byte	39
  54 0019 0C       		.byte	12
  55 001a 01       		.byte	1
  56 001b 40       		.byte	64
  57 001c 18       		.byte	24
ARM GAS  C:\Users\Girish\AppData\Local\Temp\cc1kodAa.s 			page 2


  58 001d 0D       		.byte	13
  59 001e 01       		.byte	1
  60 001f 40       		.byte	64
  61 0020 04       		.byte	4
  62 0021 41       		.byte	65
  63 0022 01       		.byte	1
  64 0023 40       		.byte	64
  65 0024 03       		.byte	3
  66 0025 42       		.byte	66
  67 0026 01       		.byte	1
  68 0027 40       		.byte	64
  69 0028 02       		.byte	2
  70 0029 45       		.byte	69
  71 002a 01       		.byte	1
  72 002b 40       		.byte	64
  73 002c 02       		.byte	2
  74 002d 46       		.byte	70
  75 002e 01       		.byte	1
  76 002f 40       		.byte	64
  77 0030 03       		.byte	3
  78 0031 50       		.byte	80
  79 0032 01       		.byte	1
  80 0033 40       		.byte	64
  81 0034 00       		.byte	0
  82 0035 C0       		.byte	-64
  83 0036 01       		.byte	1
  84 0037 80       		.byte	-128
  85 0038 82       		.byte	-126
  86 0039 0D       		.byte	13
  87 003a 83       		.byte	-125
  88 003b 0D       		.byte	13
  89 003c 8D       		.byte	-115
  90 003d 0D       		.byte	13
  91 003e 0A       		.byte	10
  92 003f 04       		.byte	4
  93 0040 0F       		.byte	15
  94 0041 01       		.byte	1
  95 0042 14       		.byte	20
  96 0043 01       		.byte	1
  97 0044 1A       		.byte	26
  98 0045 07       		.byte	7
  99 0046 22       		.byte	34
 100 0047 08       		.byte	8
 101 0048 27       		.byte	39
 102 0049 01       		.byte	1
 103 004a 30       		.byte	48
 104 004b 01       		.byte	1
 105 004c 32       		.byte	50
 106 004d 02       		.byte	2
 107 004e 34       		.byte	52
 108 004f 08       		.byte	8
 109 0050 35       		.byte	53
 110 0051 01       		.byte	1
 111 0052 36       		.byte	54
 112 0053 04       		.byte	4
 113 0054 3F       		.byte	63
 114 0055 10       		.byte	16
ARM GAS  C:\Users\Girish\AppData\Local\Temp\cc1kodAa.s 			page 3


 115 0056 40       		.byte	64
 116 0057 20       		.byte	32
 117 0058 41       		.byte	65
 118 0059 05       		.byte	5
 119 005a 45       		.byte	69
 120 005b D1       		.byte	-47
 121 005c 46       		.byte	70
 122 005d 02       		.byte	2
 123 005e 48       		.byte	72
 124 005f 07       		.byte	7
 125 0060 49       		.byte	73
 126 0061 FF       		.byte	-1
 127 0062 4A       		.byte	74
 128 0063 FF       		.byte	-1
 129 0064 4B       		.byte	75
 130 0065 FF       		.byte	-1
 131 0066 4D       		.byte	77
 132 0067 A0       		.byte	-96
 133 0068 4F       		.byte	79
 134 0069 04       		.byte	4
 135 006a 50       		.byte	80
 136 006b 18       		.byte	24
 137 006c 52       		.byte	82
 138 006d 80       		.byte	-128
 139 006e 54       		.byte	84
 140 006f 05       		.byte	5
 141 0070 58       		.byte	88
 142 0071 04       		.byte	4
 143 0072 59       		.byte	89
 144 0073 04       		.byte	4
 145 0074 5A       		.byte	90
 146 0075 04       		.byte	4
 147 0076 5B       		.byte	91
 148 0077 04       		.byte	4
 149 0078 5F       		.byte	95
 150 0079 01       		.byte	1
 151 007a 60       		.byte	96
 152 007b 40       		.byte	64
 153 007c 62       		.byte	98
 154 007d C0       		.byte	-64
 155 007e 64       		.byte	100
 156 007f 40       		.byte	64
 157 0080 65       		.byte	101
 158 0081 40       		.byte	64
 159 0082 66       		.byte	102
 160 0083 C0       		.byte	-64
 161 0084 68       		.byte	104
 162 0085 C0       		.byte	-64
 163 0086 6A       		.byte	106
 164 0087 C0       		.byte	-64
 165 0088 6C       		.byte	108
 166 0089 C0       		.byte	-64
 167 008a 6E       		.byte	110
 168 008b C0       		.byte	-64
 169 008c 83       		.byte	-125
 170 008d 01       		.byte	1
 171 008e 92       		.byte	-110
ARM GAS  C:\Users\Girish\AppData\Local\Temp\cc1kodAa.s 			page 4


 172 008f 08       		.byte	8
 173 0090 94       		.byte	-108
 174 0091 01       		.byte	1
 175 0092 9A       		.byte	-102
 176 0093 04       		.byte	4
 177 0094 A6       		.byte	-90
 178 0095 07       		.byte	7
 179 0096 AB       		.byte	-85
 180 0097 01       		.byte	1
 181 0098 B0       		.byte	-80
 182 0099 04       		.byte	4
 183 009a B2       		.byte	-78
 184 009b 02       		.byte	2
 185 009c B3       		.byte	-77
 186 009d 01       		.byte	1
 187 009e B4       		.byte	-76
 188 009f 08       		.byte	8
 189 00a0 B6       		.byte	-74
 190 00a1 01       		.byte	1
 191 00a2 BF       		.byte	-65
 192 00a3 04       		.byte	4
 193 00a4 C0       		.byte	-64
 194 00a5 60       		.byte	96
 195 00a6 C1       		.byte	-63
 196 00a7 04       		.byte	4
 197 00a8 C5       		.byte	-59
 198 00a9 D1       		.byte	-47
 199 00aa C7       		.byte	-57
 200 00ab 20       		.byte	32
 201 00ac C8       		.byte	-56
 202 00ad 23       		.byte	35
 203 00ae C9       		.byte	-55
 204 00af FF       		.byte	-1
 205 00b0 CA       		.byte	-54
 206 00b1 FF       		.byte	-1
 207 00b2 CB       		.byte	-53
 208 00b3 FF       		.byte	-1
 209 00b4 CD       		.byte	-51
 210 00b5 A0       		.byte	-96
 211 00b6 CF       		.byte	-49
 212 00b7 04       		.byte	4
 213 00b8 D0       		.byte	-48
 214 00b9 18       		.byte	24
 215 00ba D2       		.byte	-46
 216 00bb 80       		.byte	-128
 217 00bc D4       		.byte	-44
 218 00bd 05       		.byte	5
 219 00be D8       		.byte	-40
 220 00bf 04       		.byte	4
 221 00c0 D9       		.byte	-39
 222 00c1 04       		.byte	4
 223 00c2 DA       		.byte	-38
 224 00c3 04       		.byte	4
 225 00c4 DB       		.byte	-37
 226 00c5 04       		.byte	4
 227 00c6 DF       		.byte	-33
 228 00c7 01       		.byte	1
ARM GAS  C:\Users\Girish\AppData\Local\Temp\cc1kodAa.s 			page 5


 229 00c8 E0       		.byte	-32
 230 00c9 40       		.byte	64
 231 00ca E2       		.byte	-30
 232 00cb C0       		.byte	-64
 233 00cc E4       		.byte	-28
 234 00cd 40       		.byte	64
 235 00ce E5       		.byte	-27
 236 00cf 40       		.byte	64
 237 00d0 E6       		.byte	-26
 238 00d1 C0       		.byte	-64
 239 00d2 E8       		.byte	-24
 240 00d3 C0       		.byte	-64
 241 00d4 EA       		.byte	-22
 242 00d5 C0       		.byte	-64
 243 00d6 EC       		.byte	-20
 244 00d7 C0       		.byte	-64
 245 00d8 EE       		.byte	-18
 246 00d9 C0       		.byte	-64
 247 00da 05       		.byte	5
 248 00db 10       		.byte	16
 249 00dc 09       		.byte	9
 250 00dd 02       		.byte	2
 251 00de 0A       		.byte	10
 252 00df 14       		.byte	20
 253 00e0 0E       		.byte	14
 254 00e1 20       		.byte	32
 255 00e2 0F       		.byte	15
 256 00e3 08       		.byte	8
 257 00e4 10       		.byte	16
 258 00e5 20       		.byte	32
 259 00e6 16       		.byte	22
 260 00e7 80       		.byte	-128
 261 00e8 19       		.byte	25
 262 00e9 60       		.byte	96
 263 00ea 1A       		.byte	26
 264 00eb 14       		.byte	20
 265 00ec 1B       		.byte	27
 266 00ed 01       		.byte	1
 267 00ee 1D       		.byte	29
 268 00ef 30       		.byte	48
 269 00f0 1E       		.byte	30
 270 00f1 60       		.byte	96
 271 00f2 1F       		.byte	31
 272 00f3 A0       		.byte	-96
 273 00f4 22       		.byte	34
 274 00f5 04       		.byte	4
 275 00f6 27       		.byte	39
 276 00f7 08       		.byte	8
 277 00f8 29       		.byte	41
 278 00f9 20       		.byte	32
 279 00fa 2F       		.byte	47
 280 00fb 20       		.byte	32
 281 00fc 38       		.byte	56
 282 00fd 02       		.byte	2
 283 00fe 3F       		.byte	63
 284 00ff 80       		.byte	-128
 285 0100 41       		.byte	65
ARM GAS  C:\Users\Girish\AppData\Local\Temp\cc1kodAa.s 			page 6


 286 0101 01       		.byte	1
 287 0102 45       		.byte	69
 288 0103 20       		.byte	32
 289 0104 48       		.byte	72
 290 0105 20       		.byte	32
 291 0106 49       		.byte	73
 292 0107 22       		.byte	34
 293 0108 4F       		.byte	79
 294 0109 89       		.byte	-119
 295 010a 50       		.byte	80
 296 010b 01       		.byte	1
 297 010c 51       		.byte	81
 298 010d 01       		.byte	1
 299 010e 57       		.byte	87
 300 010f 40       		.byte	64
 301 0110 59       		.byte	89
 302 0111 42       		.byte	66
 303 0112 5A       		.byte	90
 304 0113 08       		.byte	8
 305 0114 5E       		.byte	94
 306 0115 40       		.byte	64
 307 0116 5F       		.byte	95
 308 0117 09       		.byte	9
 309 0118 71       		.byte	113
 310 0119 02       		.byte	2
 311 011a 76       		.byte	118
 312 011b 80       		.byte	-128
 313 011c C0       		.byte	-64
 314 011d 40       		.byte	64
 315 011e C2       		.byte	-62
 316 011f 6E       		.byte	110
 317 0120 C4       		.byte	-60
 318 0121 14       		.byte	20
 319 0122 CA       		.byte	-54
 320 0123 44       		.byte	68
 321 0124 CE       		.byte	-50
 322 0125 11       		.byte	17
 323 0126 D0       		.byte	-48
 324 0127 21       		.byte	33
 325 0128 D2       		.byte	-46
 326 0129 14       		.byte	20
 327 012a D6       		.byte	-42
 328 012b DB       		.byte	-37
 329 012c AF       		.byte	-81
 330 012d 01       		.byte	1
 331 012e B7       		.byte	-73
 332 012f 80       		.byte	-128
 333 0130 EA       		.byte	-22
 334 0131 40       		.byte	64
 335 0132 B3       		.byte	-77
 336 0133 08       		.byte	8
 337 0134 83       		.byte	-125
 338 0135 01       		.byte	1
 339 0136 92       		.byte	-110
 340 0137 08       		.byte	8
 341 0138 9A       		.byte	-102
 342 0139 04       		.byte	4
ARM GAS  C:\Users\Girish\AppData\Local\Temp\cc1kodAa.s 			page 7


 343 013a 9C       		.byte	-100
 344 013b 01       		.byte	1
 345 013c A6       		.byte	-90
 346 013d 07       		.byte	7
 347 013e AB       		.byte	-85
 348 013f 01       		.byte	1
 349 0140 B0       		.byte	-80
 350 0141 01       		.byte	1
 351 0142 B2       		.byte	-78
 352 0143 04       		.byte	4
 353 0144 B3       		.byte	-77
 354 0145 01       		.byte	1
 355 0146 B4       		.byte	-76
 356 0147 08       		.byte	8
 357 0148 B6       		.byte	-74
 358 0149 02       		.byte	2
 359 014a BF       		.byte	-65
 360 014b 04       		.byte	4
 361 014c C0       		.byte	-64
 362 014d 60       		.byte	96
 363 014e C1       		.byte	-63
 364 014f 04       		.byte	4
 365 0150 C5       		.byte	-59
 366 0151 D1       		.byte	-47
 367 0152 C7       		.byte	-57
 368 0153 20       		.byte	32
 369 0154 C8       		.byte	-56
 370 0155 23       		.byte	35
 371 0156 C9       		.byte	-55
 372 0157 FF       		.byte	-1
 373 0158 CA       		.byte	-54
 374 0159 FF       		.byte	-1
 375 015a CB       		.byte	-53
 376 015b FF       		.byte	-1
 377 015c CD       		.byte	-51
 378 015d A0       		.byte	-96
 379 015e CF       		.byte	-49
 380 015f 04       		.byte	4
 381 0160 D0       		.byte	-48
 382 0161 18       		.byte	24
 383 0162 D2       		.byte	-46
 384 0163 80       		.byte	-128
 385 0164 D4       		.byte	-44
 386 0165 05       		.byte	5
 387 0166 D8       		.byte	-40
 388 0167 04       		.byte	4
 389 0168 D9       		.byte	-39
 390 0169 04       		.byte	4
 391 016a DA       		.byte	-38
 392 016b 04       		.byte	4
 393 016c DB       		.byte	-37
 394 016d 04       		.byte	4
 395 016e DF       		.byte	-33
 396 016f 01       		.byte	1
 397 0170 E0       		.byte	-32
 398 0171 40       		.byte	64
 399 0172 E2       		.byte	-30
ARM GAS  C:\Users\Girish\AppData\Local\Temp\cc1kodAa.s 			page 8


 400 0173 C0       		.byte	-64
 401 0174 E4       		.byte	-28
 402 0175 40       		.byte	64
 403 0176 E5       		.byte	-27
 404 0177 40       		.byte	64
 405 0178 E6       		.byte	-26
 406 0179 C0       		.byte	-64
 407 017a E8       		.byte	-24
 408 017b C0       		.byte	-64
 409 017c EA       		.byte	-22
 410 017d C0       		.byte	-64
 411 017e EC       		.byte	-20
 412 017f C0       		.byte	-64
 413 0180 EE       		.byte	-18
 414 0181 C0       		.byte	-64
 415 0182 09       		.byte	9
 416 0183 02       		.byte	2
 417 0184 0A       		.byte	10
 418 0185 05       		.byte	5
 419 0186 10       		.byte	16
 420 0187 20       		.byte	32
 421 0188 19       		.byte	25
 422 0189 20       		.byte	32
 423 018a 1A       		.byte	26
 424 018b 45       		.byte	69
 425 018c 1B       		.byte	27
 426 018d 08       		.byte	8
 427 018e 22       		.byte	34
 428 018f 04       		.byte	4
 429 0190 29       		.byte	41
 430 0191 20       		.byte	32
 431 0192 38       		.byte	56
 432 0193 02       		.byte	2
 433 0194 41       		.byte	65
 434 0195 01       		.byte	1
 435 0196 48       		.byte	72
 436 0197 20       		.byte	32
 437 0198 49       		.byte	73
 438 0199 21       		.byte	33
 439 019a 50       		.byte	80
 440 019b 01       		.byte	1
 441 019c 51       		.byte	81
 442 019d 01       		.byte	1
 443 019e 59       		.byte	89
 444 019f 01       		.byte	1
 445 01a0 5A       		.byte	90
 446 01a1 48       		.byte	72
 447 01a2 71       		.byte	113
 448 01a3 02       		.byte	2
 449 01a4 C2       		.byte	-62
 450 01a5 0B       		.byte	11
 451 01a6 C4       		.byte	-60
 452 01a7 04       		.byte	4
 453 01a8 CA       		.byte	-54
 454 01a9 04       		.byte	4
 455 01aa CE       		.byte	-50
 456 01ab 01       		.byte	1
ARM GAS  C:\Users\Girish\AppData\Local\Temp\cc1kodAa.s 			page 9


 457 01ac D0       		.byte	-48
 458 01ad 01       		.byte	1
 459 01ae D2       		.byte	-46
 460 01af 04       		.byte	4
 461 01b0 D6       		.byte	-42
 462 01b1 0B       		.byte	11
 463 01b2 5D       		.byte	93
 464 01b3 02       		.byte	2
 465 01b4 67       		.byte	103
 466 01b5 08       		.byte	8
 467 01b6 D6       		.byte	-42
 468 01b7 80       		.byte	-128
 469 01b8 D8       		.byte	-40
 470 01b9 80       		.byte	-128
 471 01ba AF       		.byte	-81
 472 01bb 04       		.byte	4
 473 01bc B5       		.byte	-75
 474 01bd 02       		.byte	2
 475 01be EE       		.byte	-18
 476 01bf 10       		.byte	16
 477 01c0 53       		.byte	83
 478 01c1 10       		.byte	16
 479 01c2 D4       		.byte	-44
 480 01c3 04       		.byte	4
 481 01c4 B3       		.byte	-77
 482 01c5 10       		.byte	16
 483 01c6 E8       		.byte	-24
 484 01c7 04       		.byte	4
 485 01c8 00       		.byte	0
 486 01c9 01       		.byte	1
 487 01ca 08       		.byte	8
 488 01cb 01       		.byte	1
 489 01cc 0E       		.byte	14
 490 01cd 01       		.byte	1
 491 01ce 00       		.byte	0
 492 01cf 00       		.byte	0
 493 01d0 00       		.byte	0
 494 01d1 C0       		.byte	-64
 495 01d2 C0       		.byte	-64
 496 01d3 00       		.byte	0
 497 01d4 C0       		.byte	-64
 498 01d5 00       		.byte	0
 499 01d6 00       		.byte	0
 500 01d7 00       		.byte	0
 501 01d8 00       		.byte	0
 502 01d9 0B       		.byte	11
 503 01da 0B       		.byte	11
 504 01db 00       		.byte	0
 505 01dc 00       		.byte	0
 506 01dd 00       		.byte	0
 507 01de 00       		.byte	0
 508 01df 00       		.byte	0
 509 01e0 00       		.byte	0
 510 01e1 39       		.byte	57
 511 01e2 39       		.byte	57
 512 01e3 00       		.byte	0
 513 01e4 01       		.byte	1
ARM GAS  C:\Users\Girish\AppData\Local\Temp\cc1kodAa.s 			page 10


 514 01e5 00       		.byte	0
 515 01e6 00       		.byte	0
 516 01e7 00       		.byte	0
 517              		.section	.cywolatch,"a",%progbits
 518              		.align	2
 519              		.type	cy_meta_wonvl, %object
 520              		.size	cy_meta_wonvl, 4
 521              	cy_meta_wonvl:
 522 0000 BC       		.byte	-68
 523 0001 90       		.byte	-112
 524 0002 AC       		.byte	-84
 525 0003 AF       		.byte	-81
 526              		.section	.cycustnvl,"a",%progbits
 527              		.align	2
 528              		.type	cy_meta_custnvl, %object
 529              		.size	cy_meta_custnvl, 4
 530              	cy_meta_custnvl:
 531 0000 00       		.byte	0
 532 0001 00       		.byte	0
 533 0002 40       		.byte	64
 534 0003 05       		.byte	5
 535              		.section	.cymeta,"a",%progbits
 536              		.align	2
 537              		.type	cy_metadata, %object
 538              		.size	cy_metadata, 12
 539              	cy_metadata:
 540 0000 00       		.byte	0
 541 0001 01       		.byte	1
 542 0002 2E       		.byte	46
 543 0003 16       		.byte	22
 544 0004 10       		.byte	16
 545 0005 69       		.byte	105
 546 0006 00       		.byte	0
 547 0007 01       		.byte	1
 548 0008 00       		.byte	0
 549 0009 00       		.byte	0
 550 000a 00       		.byte	0
 551 000b 00       		.byte	0
 552              		.section	.cyflashprotect,"a",%progbits
 553              		.align	2
 554              		.type	cy_meta_flashprotect, %object
 555              		.size	cy_meta_flashprotect, 256
 556              	cy_meta_flashprotect:
 557 0000 00000000 		.space	256
 557      00000000 
 557      00000000 
 557      00000000 
 557      00000000 
 558              		.text
 559              	.Letext0:
 560              		.file 1 "c:\\program files (x86)\\cypress\\psoc creator\\4.4\\psoc creator\\import\\gnu\\arm\\5.4.
 561              		.file 2 "c:\\program files (x86)\\cypress\\psoc creator\\4.4\\psoc creator\\import\\gnu\\arm\\5.4.
 562              		.file 3 "Generated_Source\\PSoC5\\cymetadata.c"
 563              		.section	.debug_info,"",%progbits
 564              	.Ldebug_info0:
 565 0000 31010000 		.4byte	0x131
 566 0004 0400     		.2byte	0x4
ARM GAS  C:\Users\Girish\AppData\Local\Temp\cc1kodAa.s 			page 11


 567 0006 00000000 		.4byte	.Ldebug_abbrev0
 568 000a 04       		.byte	0x4
 569 000b 01       		.uleb128 0x1
 570 000c 24000000 		.4byte	.LASF17
 571 0010 0C       		.byte	0xc
 572 0011 D8010000 		.4byte	.LASF18
 573 0015 7E010000 		.4byte	.LASF19
 574 0019 00000000 		.4byte	.Ldebug_line0
 575 001d 02       		.uleb128 0x2
 576 001e 01       		.byte	0x1
 577 001f 06       		.byte	0x6
 578 0020 72010000 		.4byte	.LASF0
 579 0024 03       		.uleb128 0x3
 580 0025 00000000 		.4byte	.LASF9
 581 0029 01       		.byte	0x1
 582 002a 1D       		.byte	0x1d
 583 002b 2F000000 		.4byte	0x2f
 584 002f 02       		.uleb128 0x2
 585 0030 01       		.byte	0x1
 586 0031 08       		.byte	0x8
 587 0032 16000000 		.4byte	.LASF1
 588 0036 02       		.uleb128 0x2
 589 0037 02       		.byte	0x2
 590 0038 05       		.byte	0x5
 591 0039 5F010000 		.4byte	.LASF2
 592 003d 02       		.uleb128 0x2
 593 003e 02       		.byte	0x2
 594 003f 07       		.byte	0x7
 595 0040 C4000000 		.4byte	.LASF3
 596 0044 02       		.uleb128 0x2
 597 0045 04       		.byte	0x4
 598 0046 05       		.byte	0x5
 599 0047 69010000 		.4byte	.LASF4
 600 004b 02       		.uleb128 0x2
 601 004c 04       		.byte	0x4
 602 004d 07       		.byte	0x7
 603 004e B2000000 		.4byte	.LASF5
 604 0052 02       		.uleb128 0x2
 605 0053 08       		.byte	0x8
 606 0054 05       		.byte	0x5
 607 0055 51010000 		.4byte	.LASF6
 608 0059 02       		.uleb128 0x2
 609 005a 08       		.byte	0x8
 610 005b 07       		.byte	0x7
 611 005c 06010000 		.4byte	.LASF7
 612 0060 04       		.uleb128 0x4
 613 0061 04       		.byte	0x4
 614 0062 05       		.byte	0x5
 615 0063 696E7400 		.ascii	"int\000"
 616 0067 02       		.uleb128 0x2
 617 0068 04       		.byte	0x4
 618 0069 07       		.byte	0x7
 619 006a F9000000 		.4byte	.LASF8
 620 006e 03       		.uleb128 0x3
 621 006f 1D010000 		.4byte	.LASF10
 622 0073 02       		.byte	0x2
 623 0074 18       		.byte	0x18
ARM GAS  C:\Users\Girish\AppData\Local\Temp\cc1kodAa.s 			page 12


 624 0075 24000000 		.4byte	0x24
 625 0079 05       		.uleb128 0x5
 626 007a 91000000 		.4byte	0x91
 627 007e 8A000000 		.4byte	0x8a
 628 0082 06       		.uleb128 0x6
 629 0083 8A000000 		.4byte	0x8a
 630 0087 E701     		.2byte	0x1e7
 631 0089 00       		.byte	0
 632 008a 02       		.uleb128 0x2
 633 008b 04       		.byte	0x4
 634 008c 07       		.byte	0x7
 635 008d 48010000 		.4byte	.LASF11
 636 0091 07       		.uleb128 0x7
 637 0092 6E000000 		.4byte	0x6e
 638 0096 08       		.uleb128 0x8
 639 0097 E7000000 		.4byte	.LASF12
 640 009b 03       		.byte	0x3
 641 009c 1F       		.byte	0x1f
 642 009d A7000000 		.4byte	0xa7
 643 00a1 05       		.uleb128 0x5
 644 00a2 03       		.byte	0x3
 645 00a3 00000000 		.4byte	cy_meta_configecc
 646 00a7 07       		.uleb128 0x7
 647 00a8 79000000 		.4byte	0x79
 648 00ac 05       		.uleb128 0x5
 649 00ad 91000000 		.4byte	0x91
 650 00b1 BC000000 		.4byte	0xbc
 651 00b5 09       		.uleb128 0x9
 652 00b6 8A000000 		.4byte	0x8a
 653 00ba 03       		.byte	0x3
 654 00bb 00       		.byte	0
 655 00bc 08       		.uleb128 0x8
 656 00bd D7000000 		.4byte	.LASF13
 657 00c1 03       		.byte	0x3
 658 00c2 69       		.byte	0x69
 659 00c3 CD000000 		.4byte	0xcd
 660 00c7 05       		.uleb128 0x5
 661 00c8 03       		.byte	0x3
 662 00c9 00000000 		.4byte	cy_meta_custnvl
 663 00cd 07       		.uleb128 0x7
 664 00ce AC000000 		.4byte	0xac
 665 00d2 08       		.uleb128 0x8
 666 00d3 3A010000 		.4byte	.LASF14
 667 00d7 03       		.byte	0x3
 668 00d8 77       		.byte	0x77
 669 00d9 E3000000 		.4byte	0xe3
 670 00dd 05       		.uleb128 0x5
 671 00de 03       		.byte	0x3
 672 00df 00000000 		.4byte	cy_meta_wonvl
 673 00e3 07       		.uleb128 0x7
 674 00e4 AC000000 		.4byte	0xac
 675 00e8 05       		.uleb128 0x5
 676 00e9 91000000 		.4byte	0x91
 677 00ed F8000000 		.4byte	0xf8
 678 00f1 09       		.uleb128 0x9
 679 00f2 8A000000 		.4byte	0x8a
 680 00f6 FF       		.byte	0xff
ARM GAS  C:\Users\Girish\AppData\Local\Temp\cc1kodAa.s 			page 13


 681 00f7 00       		.byte	0
 682 00f8 08       		.uleb128 0x8
 683 00f9 25010000 		.4byte	.LASF15
 684 00fd 03       		.byte	0x3
 685 00fe 85       		.byte	0x85
 686 00ff 09010000 		.4byte	0x109
 687 0103 05       		.uleb128 0x5
 688 0104 03       		.byte	0x3
 689 0105 00000000 		.4byte	cy_meta_flashprotect
 690 0109 07       		.uleb128 0x7
 691 010a E8000000 		.4byte	0xe8
 692 010e 05       		.uleb128 0x5
 693 010f 91000000 		.4byte	0x91
 694 0113 1E010000 		.4byte	0x11e
 695 0117 09       		.uleb128 0x9
 696 0118 8A000000 		.4byte	0x8a
 697 011c 0B       		.byte	0xb
 698 011d 00       		.byte	0
 699 011e 08       		.uleb128 0x8
 700 011f 0A000000 		.4byte	.LASF16
 701 0123 03       		.byte	0x3
 702 0124 B2       		.byte	0xb2
 703 0125 2F010000 		.4byte	0x12f
 704 0129 05       		.uleb128 0x5
 705 012a 03       		.byte	0x3
 706 012b 00000000 		.4byte	cy_metadata
 707 012f 07       		.uleb128 0x7
 708 0130 0E010000 		.4byte	0x10e
 709 0134 00       		.byte	0
 710              		.section	.debug_abbrev,"",%progbits
 711              	.Ldebug_abbrev0:
 712 0000 01       		.uleb128 0x1
 713 0001 11       		.uleb128 0x11
 714 0002 01       		.byte	0x1
 715 0003 25       		.uleb128 0x25
 716 0004 0E       		.uleb128 0xe
 717 0005 13       		.uleb128 0x13
 718 0006 0B       		.uleb128 0xb
 719 0007 03       		.uleb128 0x3
 720 0008 0E       		.uleb128 0xe
 721 0009 1B       		.uleb128 0x1b
 722 000a 0E       		.uleb128 0xe
 723 000b 10       		.uleb128 0x10
 724 000c 17       		.uleb128 0x17
 725 000d 00       		.byte	0
 726 000e 00       		.byte	0
 727 000f 02       		.uleb128 0x2
 728 0010 24       		.uleb128 0x24
 729 0011 00       		.byte	0
 730 0012 0B       		.uleb128 0xb
 731 0013 0B       		.uleb128 0xb
 732 0014 3E       		.uleb128 0x3e
 733 0015 0B       		.uleb128 0xb
 734 0016 03       		.uleb128 0x3
 735 0017 0E       		.uleb128 0xe
 736 0018 00       		.byte	0
 737 0019 00       		.byte	0
ARM GAS  C:\Users\Girish\AppData\Local\Temp\cc1kodAa.s 			page 14


 738 001a 03       		.uleb128 0x3
 739 001b 16       		.uleb128 0x16
 740 001c 00       		.byte	0
 741 001d 03       		.uleb128 0x3
 742 001e 0E       		.uleb128 0xe
 743 001f 3A       		.uleb128 0x3a
 744 0020 0B       		.uleb128 0xb
 745 0021 3B       		.uleb128 0x3b
 746 0022 0B       		.uleb128 0xb
 747 0023 49       		.uleb128 0x49
 748 0024 13       		.uleb128 0x13
 749 0025 00       		.byte	0
 750 0026 00       		.byte	0
 751 0027 04       		.uleb128 0x4
 752 0028 24       		.uleb128 0x24
 753 0029 00       		.byte	0
 754 002a 0B       		.uleb128 0xb
 755 002b 0B       		.uleb128 0xb
 756 002c 3E       		.uleb128 0x3e
 757 002d 0B       		.uleb128 0xb
 758 002e 03       		.uleb128 0x3
 759 002f 08       		.uleb128 0x8
 760 0030 00       		.byte	0
 761 0031 00       		.byte	0
 762 0032 05       		.uleb128 0x5
 763 0033 01       		.uleb128 0x1
 764 0034 01       		.byte	0x1
 765 0035 49       		.uleb128 0x49
 766 0036 13       		.uleb128 0x13
 767 0037 01       		.uleb128 0x1
 768 0038 13       		.uleb128 0x13
 769 0039 00       		.byte	0
 770 003a 00       		.byte	0
 771 003b 06       		.uleb128 0x6
 772 003c 21       		.uleb128 0x21
 773 003d 00       		.byte	0
 774 003e 49       		.uleb128 0x49
 775 003f 13       		.uleb128 0x13
 776 0040 2F       		.uleb128 0x2f
 777 0041 05       		.uleb128 0x5
 778 0042 00       		.byte	0
 779 0043 00       		.byte	0
 780 0044 07       		.uleb128 0x7
 781 0045 26       		.uleb128 0x26
 782 0046 00       		.byte	0
 783 0047 49       		.uleb128 0x49
 784 0048 13       		.uleb128 0x13
 785 0049 00       		.byte	0
 786 004a 00       		.byte	0
 787 004b 08       		.uleb128 0x8
 788 004c 34       		.uleb128 0x34
 789 004d 00       		.byte	0
 790 004e 03       		.uleb128 0x3
 791 004f 0E       		.uleb128 0xe
 792 0050 3A       		.uleb128 0x3a
 793 0051 0B       		.uleb128 0xb
 794 0052 3B       		.uleb128 0x3b
ARM GAS  C:\Users\Girish\AppData\Local\Temp\cc1kodAa.s 			page 15


 795 0053 0B       		.uleb128 0xb
 796 0054 49       		.uleb128 0x49
 797 0055 13       		.uleb128 0x13
 798 0056 3F       		.uleb128 0x3f
 799 0057 19       		.uleb128 0x19
 800 0058 02       		.uleb128 0x2
 801 0059 18       		.uleb128 0x18
 802 005a 00       		.byte	0
 803 005b 00       		.byte	0
 804 005c 09       		.uleb128 0x9
 805 005d 21       		.uleb128 0x21
 806 005e 00       		.byte	0
 807 005f 49       		.uleb128 0x49
 808 0060 13       		.uleb128 0x13
 809 0061 2F       		.uleb128 0x2f
 810 0062 0B       		.uleb128 0xb
 811 0063 00       		.byte	0
 812 0064 00       		.byte	0
 813 0065 00       		.byte	0
 814              		.section	.debug_aranges,"",%progbits
 815 0000 14000000 		.4byte	0x14
 816 0004 0200     		.2byte	0x2
 817 0006 00000000 		.4byte	.Ldebug_info0
 818 000a 04       		.byte	0x4
 819 000b 00       		.byte	0
 820 000c 0000     		.2byte	0
 821 000e 0000     		.2byte	0
 822 0010 00000000 		.4byte	0
 823 0014 00000000 		.4byte	0
 824              		.section	.debug_line,"",%progbits
 825              	.Ldebug_line0:
 826 0000 3D010000 		.section	.debug_str,"MS",%progbits,1
 826      02003701 
 826      00000201 
 826      FB0E0D00 
 826      01010101 
 827              	.LASF9:
 828 0000 5F5F7569 		.ascii	"__uint8_t\000"
 828      6E74385F 
 828      7400
 829              	.LASF16:
 830 000a 63795F6D 		.ascii	"cy_metadata\000"
 830      65746164 
 830      61746100 
 831              	.LASF1:
 832 0016 756E7369 		.ascii	"unsigned char\000"
 832      676E6564 
 832      20636861 
 832      7200
 833              	.LASF17:
 834 0024 474E5520 		.ascii	"GNU C11 5.4.1 20160609 (release) [ARM/embedded-5-br"
 834      43313120 
 834      352E342E 
 834      31203230 
 834      31363036 
 835 0057 616E6368 		.ascii	"anch revision 237715] -mcpu=cortex-m3 -mthumb -g -O"
 835      20726576 
ARM GAS  C:\Users\Girish\AppData\Local\Temp\cc1kodAa.s 			page 16


 835      6973696F 
 835      6E203233 
 835      37373135 
 836 008a 67202D66 		.ascii	"g -ffunction-sections -ffat-lto-objects\000"
 836      66756E63 
 836      74696F6E 
 836      2D736563 
 836      74696F6E 
 837              	.LASF5:
 838 00b2 6C6F6E67 		.ascii	"long unsigned int\000"
 838      20756E73 
 838      69676E65 
 838      6420696E 
 838      7400
 839              	.LASF3:
 840 00c4 73686F72 		.ascii	"short unsigned int\000"
 840      7420756E 
 840      7369676E 
 840      65642069 
 840      6E7400
 841              	.LASF13:
 842 00d7 63795F6D 		.ascii	"cy_meta_custnvl\000"
 842      6574615F 
 842      63757374 
 842      6E766C00 
 843              	.LASF12:
 844 00e7 63795F6D 		.ascii	"cy_meta_configecc\000"
 844      6574615F 
 844      636F6E66 
 844      69676563 
 844      6300
 845              	.LASF8:
 846 00f9 756E7369 		.ascii	"unsigned int\000"
 846      676E6564 
 846      20696E74 
 846      00
 847              	.LASF7:
 848 0106 6C6F6E67 		.ascii	"long long unsigned int\000"
 848      206C6F6E 
 848      6720756E 
 848      7369676E 
 848      65642069 
 849              	.LASF10:
 850 011d 75696E74 		.ascii	"uint8_t\000"
 850      385F7400 
 851              	.LASF15:
 852 0125 63795F6D 		.ascii	"cy_meta_flashprotect\000"
 852      6574615F 
 852      666C6173 
 852      6870726F 
 852      74656374 
 853              	.LASF14:
 854 013a 63795F6D 		.ascii	"cy_meta_wonvl\000"
 854      6574615F 
 854      776F6E76 
 854      6C00
 855              	.LASF11:
ARM GAS  C:\Users\Girish\AppData\Local\Temp\cc1kodAa.s 			page 17


 856 0148 73697A65 		.ascii	"sizetype\000"
 856      74797065 
 856      00
 857              	.LASF6:
 858 0151 6C6F6E67 		.ascii	"long long int\000"
 858      206C6F6E 
 858      6720696E 
 858      7400
 859              	.LASF2:
 860 015f 73686F72 		.ascii	"short int\000"
 860      7420696E 
 860      7400
 861              	.LASF4:
 862 0169 6C6F6E67 		.ascii	"long int\000"
 862      20696E74 
 862      00
 863              	.LASF0:
 864 0172 7369676E 		.ascii	"signed char\000"
 864      65642063 
 864      68617200 
 865              	.LASF19:
 866 017e 433A5C55 		.ascii	"C:\\Users\\Girish\\OneDrive\\Documents\\PSoC Creato"
 866      73657273 
 866      5C476972 
 866      6973685C 
 866      4F6E6544 
 867 01ac 725C4572 		.ascii	"r\\Erika_OS_WorkSpace\\Erika_LED_Glower.cydsn\000"
 867      696B615F 
 867      4F535F57 
 867      6F726B53 
 867      70616365 
 868              	.LASF18:
 869 01d8 47656E65 		.ascii	"Generated_Source\\PSoC5\\cymetadata.c\000"
 869      72617465 
 869      645F536F 
 869      75726365 
 869      5C50536F 
 870              		.ident	"GCC: (GNU Tools for ARM Embedded Processors) 5.4.1 20160609 (release) [ARM/embedded-5-bran
