ARM GAS  C:\Users\Girish\AppData\Local\Temp\ccBFtgoC.s 			page 1


   1              		.syntax unified
   2              		.cpu cortex-m3
   3              		.fpu softvfp
   4              		.eabi_attribute 20, 1
   5              		.eabi_attribute 21, 1
   6              		.eabi_attribute 23, 3
   7              		.eabi_attribute 24, 1
   8              		.eabi_attribute 25, 1
   9              		.eabi_attribute 26, 1
  10              		.eabi_attribute 30, 1
  11              		.eabi_attribute 34, 1
  12              		.eabi_attribute 18, 4
  13              		.thumb
  14              		.syntax unified
  15              		.file	"ErikaOS_1_eecfg.c"
  16              		.text
  17              	.Ltext0:
  18              		.cfi_sections	.debug_frame
  19              		.global	EE_oo_autostart_task_data
  20              		.comm	EE_ApplicationMode,4,4
  21              		.global	EE_oo_action_ROM
  22              		.comm	EE_oo_counter_object_RAM,32,4
  23              		.global	EE_oo_counter_object_ROM
  24              		.global	EE_ALARM_ID
  25              		.global	EE_ALARM_NAME
  26              		.global	EE_alarm_ROM
  27              		.global	EE_counter_RAM
  28              		.global	EE_counter_ROM
  29              		.global	EE_th_is_extended
  30              		.global	EE_th_waswaiting
  31              		.global	EE_th_event_waitmask
  32              		.global	EE_th_event_active
  33              		.global	EE_th_terminate_nextask
  34              		.global	EE_rq_free
  35              		.comm	EE_rq_pairs_tid,16,4
  36              		.global	EE_rq_pairs_next
  37              		.global	EE_rq_link
  38              		.global	EE_th_rnact_max
  39              		.global	EE_th_rnact
  40              		.global	EE_rq_bitmask
  41              		.global	EE_rq_queues_tail
  42              		.global	EE_rq_queues_head
  43              		.global	EE_sys_ceiling
  44              		.global	EE_stkfirst
  45              		.global	EE_th_next
  46              		.global	EE_th_status
  47              		.global	EE_th_dispatch_prio
  48              		.global	EE_EVENT_ID
  49              		.global	EE_EVENT_NAME
  50              		.global	EE_TASK_NAME
  51              		.global	EE_th_ready_prio
  52              		.global	EE_terminate_real_th_body
  53              		.comm	EE_terminate_data,16,4
  54              		.global	EE_hal_thread_body
  55              		.global	EE_cortex_mx_IRQ_tos
  56              		.global	EE_cortex_mx_active_tos
  57              		.global	EE_cortex_mx_system_tos
ARM GAS  C:\Users\Girish\AppData\Local\Temp\ccBFtgoC.s 			page 2


  58              		.global	EE_std_thread_tos
  59              		.comm	EE_cortex_mx_stack_9,512,4
  60              		.section	.rodata
  61              		.align	2
  62              		.type	EE_oo_autostart_task_data, %object
  63              		.size	EE_oo_autostart_task_data, 8
  64              	EE_oo_autostart_task_data:
  65 0000 01000000 		.word	1
  66 0004 08000000 		.word	EE_oo_autostart_task_mode_OSDEFAULTAPPMODE
  67              		.type	EE_oo_autostart_task_mode_OSDEFAULTAPPMODE, %object
  68              		.size	EE_oo_autostart_task_mode_OSDEFAULTAPPMODE, 4
  69              	EE_oo_autostart_task_mode_OSDEFAULTAPPMODE:
  70 0008 00000000 		.space	4
  71              		.type	EE_oo_action_ROM, %object
  72              		.size	EE_oo_action_ROM, 40
  73              	EE_oo_action_ROM:
  74 000c 00       		.byte	0
  75 000d 000000   		.space	3
  76 0010 02000000 		.word	2
  77 0014 00000000 		.word	0
  78 0018 00000000 		.word	0
  79 001c FFFFFFFF 		.word	-1
  80 0020 00       		.byte	0
  81 0021 000000   		.space	3
  82 0024 03000000 		.word	3
  83 0028 00000000 		.word	0
  84 002c 00000000 		.word	0
  85 0030 FFFFFFFF 		.word	-1
  86              		.type	EE_oo_counter_object_ROM, %object
  87              		.size	EE_oo_counter_object_ROM, 24
  88              	EE_oo_counter_object_ROM:
  89 0034 00000000 		.word	0
  90 0038 00000000 		.word	0
  91 003c 00       		.byte	0
  92 003d 000000   		.space	3
  93 0040 00000000 		.word	0
  94 0044 01000000 		.word	1
  95 0048 00       		.byte	0
  96 0049 000000   		.space	3
  97              		.type	EE_ALARM_ID, %object
  98              		.size	EE_ALARM_ID, 8
  99              	EE_ALARM_ID:
 100 004c 00000000 		.word	0
 101 0050 01000000 		.word	1
 102              		.type	EE_alarm_ROM, %object
 103              		.size	EE_alarm_ROM, 8
 104              	EE_alarm_ROM:
 105 0054 00000000 		.word	0
 106 0058 01000000 		.word	1
 107              		.type	EE_counter_ROM, %object
 108              		.size	EE_counter_ROM, 12
 109              	EE_counter_ROM:
 110 005c 10270000 		.word	10000
 111 0060 00000000 		.word	0
 112 0064 01000000 		.word	1
 113              		.type	EE_th_is_extended, %object
 114              		.size	EE_th_is_extended, 16
ARM GAS  C:\Users\Girish\AppData\Local\Temp\ccBFtgoC.s 			page 3


 115              	EE_th_is_extended:
 116 0068 00000000 		.space	16
 116      00000000 
 116      00000000 
 116      00000000 
 117              		.type	EE_th_rnact_max, %object
 118              		.size	EE_th_rnact_max, 16
 119              	EE_th_rnact_max:
 120 0078 01000000 		.word	1
 121 007c 01000000 		.word	1
 122 0080 01000000 		.word	1
 123 0084 01000000 		.word	1
 124              		.type	EE_th_dispatch_prio, %object
 125              		.size	EE_th_dispatch_prio, 16
 126              	EE_th_dispatch_prio:
 127 0088 80000000 		.word	128
 128 008c 02000000 		.word	2
 129 0090 10000000 		.word	16
 130 0094 20000000 		.word	32
 131              		.type	EE_EVENT_ID, %object
 132              		.size	EE_EVENT_ID, 0
 133              	EE_EVENT_ID:
 134              		.type	EE_th_ready_prio, %object
 135              		.size	EE_th_ready_prio, 16
 136              	EE_th_ready_prio:
 137 0098 01000000 		.word	1
 138 009c 02000000 		.word	2
 139 00a0 10000000 		.word	16
 140 00a4 20000000 		.word	32
 141              		.type	EE_terminate_real_th_body, %object
 142              		.size	EE_terminate_real_th_body, 16
 143              	EE_terminate_real_th_body:
 144 00a8 00000000 		.word	Functask_init
 145 00ac 00000000 		.word	Functask_background
 146 00b0 00000000 		.word	Functask_fader
 147 00b4 00000000 		.word	Functask_glower
 148              		.type	EE_hal_thread_body, %object
 149              		.size	EE_hal_thread_body, 16
 150              	EE_hal_thread_body:
 151 00b8 00000000 		.word	EE_oo_thread_stub
 152 00bc 00000000 		.word	EE_oo_thread_stub
 153 00c0 00000000 		.word	EE_oo_thread_stub
 154 00c4 00000000 		.word	EE_oo_thread_stub
 155              		.type	EE_std_thread_tos, %object
 156              		.size	EE_std_thread_tos, 20
 157              	EE_std_thread_tos:
 158 00c8 00000000 		.space	20
 158      00000000 
 158      00000000 
 158      00000000 
 158      00000000 
 159              		.data
 160              		.align	2
 161              		.type	EE_ALARM_NAME, %object
 162              		.size	EE_ALARM_NAME, 8
 163              	EE_ALARM_NAME:
 164 0000 00000000 		.word	.LC0
ARM GAS  C:\Users\Girish\AppData\Local\Temp\ccBFtgoC.s 			page 4


 165 0004 0C000000 		.word	.LC1
 166              		.type	EE_counter_RAM, %object
 167              		.size	EE_counter_RAM, 8
 168              	EE_counter_RAM:
 169 0008 00000000 		.word	0
 170 000c FFFFFFFF 		.word	-1
 171              		.type	EE_th_terminate_nextask, %object
 172              		.size	EE_th_terminate_nextask, 16
 173              	EE_th_terminate_nextask:
 174 0010 FFFFFFFF 		.word	-1
 175 0014 FFFFFFFF 		.word	-1
 176 0018 FFFFFFFF 		.word	-1
 177 001c FFFFFFFF 		.word	-1
 178              		.type	EE_rq_pairs_next, %object
 179              		.size	EE_rq_pairs_next, 16
 180              	EE_rq_pairs_next:
 181 0020 01000000 		.word	1
 182 0024 02000000 		.word	2
 183 0028 03000000 		.word	3
 184 002c FFFFFFFF 		.word	-1
 185              		.type	EE_rq_link, %object
 186              		.size	EE_rq_link, 16
 187              	EE_rq_link:
 188 0030 00000000 		.word	0
 189 0034 01000000 		.word	1
 190 0038 04000000 		.word	4
 191 003c 05000000 		.word	5
 192              		.type	EE_th_rnact, %object
 193              		.size	EE_th_rnact, 16
 194              	EE_th_rnact:
 195 0040 01000000 		.word	1
 196 0044 01000000 		.word	1
 197 0048 01000000 		.word	1
 198 004c 01000000 		.word	1
 199              		.type	EE_rq_queues_tail, %object
 200              		.size	EE_rq_queues_tail, 64
 201              	EE_rq_queues_tail:
 202 0050 FFFFFFFF 		.word	-1
 203 0054 FFFFFFFF 		.word	-1
 204 0058 FFFFFFFF 		.word	-1
 205 005c FFFFFFFF 		.word	-1
 206 0060 FFFFFFFF 		.word	-1
 207 0064 FFFFFFFF 		.word	-1
 208 0068 FFFFFFFF 		.word	-1
 209 006c FFFFFFFF 		.word	-1
 210 0070 FFFFFFFF 		.word	-1
 211 0074 FFFFFFFF 		.word	-1
 212 0078 FFFFFFFF 		.word	-1
 213 007c FFFFFFFF 		.word	-1
 214 0080 FFFFFFFF 		.word	-1
 215 0084 FFFFFFFF 		.word	-1
 216 0088 FFFFFFFF 		.word	-1
 217 008c FFFFFFFF 		.word	-1
 218              		.type	EE_rq_queues_head, %object
 219              		.size	EE_rq_queues_head, 64
 220              	EE_rq_queues_head:
 221 0090 FFFFFFFF 		.word	-1
ARM GAS  C:\Users\Girish\AppData\Local\Temp\ccBFtgoC.s 			page 5


 222 0094 FFFFFFFF 		.word	-1
 223 0098 FFFFFFFF 		.word	-1
 224 009c FFFFFFFF 		.word	-1
 225 00a0 FFFFFFFF 		.word	-1
 226 00a4 FFFFFFFF 		.word	-1
 227 00a8 FFFFFFFF 		.word	-1
 228 00ac FFFFFFFF 		.word	-1
 229 00b0 FFFFFFFF 		.word	-1
 230 00b4 FFFFFFFF 		.word	-1
 231 00b8 FFFFFFFF 		.word	-1
 232 00bc FFFFFFFF 		.word	-1
 233 00c0 FFFFFFFF 		.word	-1
 234 00c4 FFFFFFFF 		.word	-1
 235 00c8 FFFFFFFF 		.word	-1
 236 00cc FFFFFFFF 		.word	-1
 237              		.type	EE_stkfirst, %object
 238              		.size	EE_stkfirst, 4
 239              	EE_stkfirst:
 240 00d0 FFFFFFFF 		.word	-1
 241              		.type	EE_th_next, %object
 242              		.size	EE_th_next, 16
 243              	EE_th_next:
 244 00d4 FFFFFFFF 		.word	-1
 245 00d8 FFFFFFFF 		.word	-1
 246 00dc FFFFFFFF 		.word	-1
 247 00e0 FFFFFFFF 		.word	-1
 248              		.type	EE_th_status, %object
 249              		.size	EE_th_status, 16
 250              	EE_th_status:
 251 00e4 03000000 		.word	3
 252 00e8 03000000 		.word	3
 253 00ec 03000000 		.word	3
 254 00f0 03000000 		.word	3
 255              		.type	EE_TASK_NAME, %object
 256              		.size	EE_TASK_NAME, 16
 257              	EE_TASK_NAME:
 258 00f4 20000000 		.word	.LC2
 259 00f8 2C000000 		.word	.LC3
 260 00fc 3C000000 		.word	.LC4
 261 0100 48000000 		.word	.LC5
 262              		.type	EE_cortex_mx_IRQ_tos, %object
 263              		.size	EE_cortex_mx_IRQ_tos, 4
 264              	EE_cortex_mx_IRQ_tos:
 265 0104 00020000 		.word	EE_cortex_mx_stack_9+512
 266              		.section	.rodata.str1.4,"aMS",%progbits,1
 267              		.align	2
 268              	.LC0:
 269 0000 616C6172 		.ascii	"alarm_fader\000"
 269      6D5F6661 
 269      64657200 
 270              	.LC1:
 271 000c 616C6172 		.ascii	"alarm_glower_delay\000"
 271      6D5F676C 
 271      6F776572 
 271      5F64656C 
 271      617900
 272 001f 00       		.space	1
ARM GAS  C:\Users\Girish\AppData\Local\Temp\ccBFtgoC.s 			page 6


 273              	.LC2:
 274 0020 7461736B 		.ascii	"task_init\000"
 274      5F696E69 
 274      7400
 275 002a 0000     		.space	2
 276              	.LC3:
 277 002c 7461736B 		.ascii	"task_background\000"
 277      5F626163 
 277      6B67726F 
 277      756E6400 
 278              	.LC4:
 279 003c 7461736B 		.ascii	"task_fader\000"
 279      5F666164 
 279      657200
 280 0047 00       		.space	1
 281              	.LC5:
 282 0048 7461736B 		.ascii	"task_glower\000"
 282      5F676C6F 
 282      77657200 
 283              		.bss
 284              		.align	2
 285              		.type	EE_th_waswaiting, %object
 286              		.size	EE_th_waswaiting, 16
 287              	EE_th_waswaiting:
 288 0000 00000000 		.space	16
 288      00000000 
 288      00000000 
 288      00000000 
 289              		.type	EE_th_event_waitmask, %object
 290              		.size	EE_th_event_waitmask, 16
 291              	EE_th_event_waitmask:
 292 0010 00000000 		.space	16
 292      00000000 
 292      00000000 
 292      00000000 
 293              		.type	EE_th_event_active, %object
 294              		.size	EE_th_event_active, 16
 295              	EE_th_event_active:
 296 0020 00000000 		.space	16
 296      00000000 
 296      00000000 
 296      00000000 
 297              		.type	EE_rq_free, %object
 298              		.size	EE_rq_free, 4
 299              	EE_rq_free:
 300 0030 00000000 		.space	4
 301              		.type	EE_rq_bitmask, %object
 302              		.size	EE_rq_bitmask, 2
 303              	EE_rq_bitmask:
 304 0034 0000     		.space	2
 305 0036 0000     		.space	2
 306              		.type	EE_sys_ceiling, %object
 307              		.size	EE_sys_ceiling, 4
 308              	EE_sys_ceiling:
 309 0038 00000000 		.space	4
 310              		.type	EE_EVENT_NAME, %object
 311              		.size	EE_EVENT_NAME, 0
ARM GAS  C:\Users\Girish\AppData\Local\Temp\ccBFtgoC.s 			page 7


 312              	EE_EVENT_NAME:
 313              		.type	EE_cortex_mx_active_tos, %object
 314              		.size	EE_cortex_mx_active_tos, 4
 315              	EE_cortex_mx_active_tos:
 316 003c 00000000 		.space	4
 317              		.type	EE_cortex_mx_system_tos, %object
 318              		.size	EE_cortex_mx_system_tos, 4
 319              	EE_cortex_mx_system_tos:
 320 0040 00000000 		.space	4
 321              		.text
 322              	.Letext0:
 323              		.file 1 "Generated_Source\\PSoC5\\ErikaOS_1_common_ee_types.inc"
 324              		.file 2 "Generated_Source\\PSoC5\\ErikaOS_1_cortex_mx_ee_cpu.inc"
 325              		.file 3 "Generated_Source\\PSoC5\\ErikaOS_1_ee_oo_common.inc"
 326              		.file 4 "Generated_Source\\PSoC5\\ErikaOS_1_common_ee_hal_structs.inc"
 327              		.file 5 "Generated_Source\\PSoC5\\ErikaOS_1_eecfg.c"
 328              		.file 6 "Generated_Source\\PSoC5\\ErikaOS_1_ee_oo_intfunc.inc"
 329              		.file 7 "Generated_Source\\PSoC5\\ErikaOS_1_cortex_mx_ee_context.inc"
 330              		.file 8 "Generated_Source\\PSoC5\\ErikaOS_1_common_ee_primitives.inc"
 331              		.section	.debug_info,"",%progbits
 332              	.Ldebug_info0:
 333 0000 8F080000 		.4byte	0x88f
 334 0004 0400     		.2byte	0x4
 335 0006 00000000 		.4byte	.Ldebug_abbrev0
 336 000a 04       		.byte	0x4
 337 000b 01       		.uleb128 0x1
 338 000c C0040000 		.4byte	.LASF111
 339 0010 0C       		.byte	0xc
 340 0011 E4060000 		.4byte	.LASF112
 341 0015 57070000 		.4byte	.LASF113
 342 0019 00000000 		.4byte	.Ldebug_line0
 343 001d 02       		.uleb128 0x2
 344 001e 01       		.byte	0x1
 345 001f 06       		.byte	0x6
 346 0020 0F010000 		.4byte	.LASF0
 347 0024 02       		.uleb128 0x2
 348 0025 01       		.byte	0x1
 349 0026 08       		.byte	0x8
 350 0027 38040000 		.4byte	.LASF1
 351 002b 02       		.uleb128 0x2
 352 002c 02       		.byte	0x2
 353 002d 05       		.byte	0x5
 354 002e 7D040000 		.4byte	.LASF2
 355 0032 02       		.uleb128 0x2
 356 0033 02       		.byte	0x2
 357 0034 07       		.byte	0x7
 358 0035 73020000 		.4byte	.LASF3
 359 0039 02       		.uleb128 0x2
 360 003a 04       		.byte	0x4
 361 003b 05       		.byte	0x5
 362 003c 96010000 		.4byte	.LASF4
 363 0040 02       		.uleb128 0x2
 364 0041 04       		.byte	0x4
 365 0042 07       		.byte	0x7
 366 0043 31020000 		.4byte	.LASF5
 367 0047 02       		.uleb128 0x2
 368 0048 08       		.byte	0x8
ARM GAS  C:\Users\Girish\AppData\Local\Temp\ccBFtgoC.s 			page 8


 369 0049 05       		.byte	0x5
 370 004a 01010000 		.4byte	.LASF6
 371 004e 02       		.uleb128 0x2
 372 004f 08       		.byte	0x8
 373 0050 07       		.byte	0x7
 374 0051 5E000000 		.4byte	.LASF7
 375 0055 03       		.uleb128 0x3
 376 0056 04       		.byte	0x4
 377 0057 05       		.byte	0x5
 378 0058 696E7400 		.ascii	"int\000"
 379 005c 02       		.uleb128 0x2
 380 005d 04       		.byte	0x4
 381 005e 07       		.byte	0x7
 382 005f F9010000 		.4byte	.LASF8
 383 0063 02       		.uleb128 0x2
 384 0064 08       		.byte	0x8
 385 0065 04       		.byte	0x4
 386 0066 86030000 		.4byte	.LASF9
 387 006a 04       		.uleb128 0x4
 388 006b 05040000 		.4byte	.LASF10
 389 006f 01       		.byte	0x1
 390 0070 52       		.byte	0x52
 391 0071 32000000 		.4byte	0x32
 392 0075 04       		.uleb128 0x4
 393 0076 C9060000 		.4byte	.LASF11
 394 007a 01       		.byte	0x1
 395 007b 53       		.byte	0x53
 396 007c 55000000 		.4byte	0x55
 397 0080 04       		.uleb128 0x4
 398 0081 BF060000 		.4byte	.LASF12
 399 0085 01       		.byte	0x1
 400 0086 54       		.byte	0x54
 401 0087 5C000000 		.4byte	0x5c
 402 008b 04       		.uleb128 0x4
 403 008c 3D070000 		.4byte	.LASF13
 404 0090 01       		.byte	0x1
 405 0091 64       		.byte	0x64
 406 0092 96000000 		.4byte	0x96
 407 0096 05       		.uleb128 0x5
 408 0097 04       		.byte	0x4
 409 0098 06       		.uleb128 0x6
 410 0099 04       		.byte	0x4
 411 009a 9E000000 		.4byte	0x9e
 412 009e 07       		.uleb128 0x7
 413 009f 04       		.uleb128 0x4
 414 00a0 09030000 		.4byte	.LASF14
 415 00a4 01       		.byte	0x1
 416 00a5 70       		.byte	0x70
 417 00a6 98000000 		.4byte	0x98
 418 00aa 04       		.uleb128 0x4
 419 00ab 5A050000 		.4byte	.LASF15
 420 00af 01       		.byte	0x1
 421 00b0 73       		.byte	0x73
 422 00b1 98000000 		.4byte	0x98
 423 00b5 04       		.uleb128 0x4
 424 00b6 06020000 		.4byte	.LASF16
 425 00ba 02       		.byte	0x2
ARM GAS  C:\Users\Girish\AppData\Local\Temp\ccBFtgoC.s 			page 9


 426 00bb 4D       		.byte	0x4d
 427 00bc 80000000 		.4byte	0x80
 428 00c0 04       		.uleb128 0x4
 429 00c1 A8030000 		.4byte	.LASF17
 430 00c5 02       		.byte	0x2
 431 00c6 4E       		.byte	0x4e
 432 00c7 75000000 		.4byte	0x75
 433 00cb 04       		.uleb128 0x4
 434 00cc B1070000 		.4byte	.LASF18
 435 00d0 02       		.byte	0x2
 436 00d1 4F       		.byte	0x4f
 437 00d2 80000000 		.4byte	0x80
 438 00d6 04       		.uleb128 0x4
 439 00d7 3D000000 		.4byte	.LASF19
 440 00db 02       		.byte	0x2
 441 00dc 54       		.byte	0x54
 442 00dd B5000000 		.4byte	0xb5
 443 00e1 04       		.uleb128 0x4
 444 00e2 EC010000 		.4byte	.LASF20
 445 00e6 02       		.byte	0x2
 446 00e7 78       		.byte	0x78
 447 00e8 75000000 		.4byte	0x75
 448 00ec 08       		.uleb128 0x8
 449 00ed B3000000 		.4byte	.LASF61
 450 00f1 04       		.byte	0x4
 451 00f2 04       		.byte	0x4
 452 00f3 4D       		.byte	0x4d
 453 00f4 05010000 		.4byte	0x105
 454 00f8 09       		.uleb128 0x9
 455 00f9 29070000 		.4byte	.LASF28
 456 00fd 04       		.byte	0x4
 457 00fe 4E       		.byte	0x4e
 458 00ff 8B000000 		.4byte	0x8b
 459 0103 00       		.byte	0
 460 0104 00       		.byte	0
 461 0105 0A       		.uleb128 0xa
 462 0106 6D030000 		.4byte	.LASF21
 463 010a 03       		.byte	0x3
 464 010b 1101     		.2byte	0x111
 465 010d 6A000000 		.4byte	0x6a
 466 0111 0A       		.uleb128 0xa
 467 0112 AA000000 		.4byte	.LASF22
 468 0116 03       		.byte	0x3
 469 0117 F701     		.2byte	0x1f7
 470 0119 E1000000 		.4byte	0xe1
 471 011d 0A       		.uleb128 0xa
 472 011e 32010000 		.4byte	.LASF23
 473 0122 03       		.byte	0x3
 474 0123 2C02     		.2byte	0x22c
 475 0125 B5000000 		.4byte	0xb5
 476 0129 0A       		.uleb128 0xa
 477 012a 1D000000 		.4byte	.LASF24
 478 012e 03       		.byte	0x3
 479 012f 3502     		.2byte	0x235
 480 0131 B5000000 		.4byte	0xb5
 481 0135 0A       		.uleb128 0xa
 482 0136 B3050000 		.4byte	.LASF25
ARM GAS  C:\Users\Girish\AppData\Local\Temp\ccBFtgoC.s 			page 10


 483 013a 03       		.byte	0x3
 484 013b 5D02     		.2byte	0x25d
 485 013d B5000000 		.4byte	0xb5
 486 0141 0A       		.uleb128 0xa
 487 0142 32000000 		.4byte	.LASF26
 488 0146 03       		.byte	0x3
 489 0147 6302     		.2byte	0x263
 490 0149 B5000000 		.4byte	0xb5
 491 014d 0A       		.uleb128 0xa
 492 014e 1A030000 		.4byte	.LASF27
 493 0152 03       		.byte	0x3
 494 0153 6C02     		.2byte	0x26c
 495 0155 B5000000 		.4byte	0xb5
 496 0159 0B       		.uleb128 0xb
 497 015a 0C       		.byte	0xc
 498 015b 03       		.byte	0x3
 499 015c 7202     		.2byte	0x272
 500 015e 8A010000 		.4byte	0x18a
 501 0162 0C       		.uleb128 0xc
 502 0163 BA000000 		.4byte	.LASF29
 503 0167 03       		.byte	0x3
 504 0168 7302     		.2byte	0x273
 505 016a 29010000 		.4byte	0x129
 506 016e 00       		.byte	0
 507 016f 0C       		.uleb128 0xc
 508 0170 B0030000 		.4byte	.LASF30
 509 0174 03       		.byte	0x3
 510 0175 7402     		.2byte	0x274
 511 0177 29010000 		.4byte	0x129
 512 017b 04       		.byte	0x4
 513 017c 0C       		.uleb128 0xc
 514 017d E3010000 		.4byte	.LASF31
 515 0181 03       		.byte	0x3
 516 0182 7502     		.2byte	0x275
 517 0184 29010000 		.4byte	0x129
 518 0188 08       		.byte	0x8
 519 0189 00       		.byte	0
 520 018a 0A       		.uleb128 0xa
 521 018b A9040000 		.4byte	.LASF32
 522 018f 03       		.byte	0x3
 523 0190 7A02     		.2byte	0x27a
 524 0192 59010000 		.4byte	0x159
 525 0196 0B       		.uleb128 0xb
 526 0197 08       		.byte	0x8
 527 0198 03       		.byte	0x3
 528 0199 7D02     		.2byte	0x27d
 529 019b BA010000 		.4byte	0x1ba
 530 019f 0C       		.uleb128 0xc
 531 01a0 F3010000 		.4byte	.LASF33
 532 01a4 03       		.byte	0x3
 533 01a5 7E02     		.2byte	0x27e
 534 01a7 29010000 		.4byte	0x129
 535 01ab 00       		.byte	0
 536 01ac 0C       		.uleb128 0xc
 537 01ad AD050000 		.4byte	.LASF34
 538 01b1 03       		.byte	0x3
 539 01b2 7F02     		.2byte	0x27f
ARM GAS  C:\Users\Girish\AppData\Local\Temp\ccBFtgoC.s 			page 11


 540 01b4 35010000 		.4byte	0x135
 541 01b8 04       		.byte	0x4
 542 01b9 00       		.byte	0
 543 01ba 0A       		.uleb128 0xa
 544 01bb 73010000 		.4byte	.LASF35
 545 01bf 03       		.byte	0x3
 546 01c0 8002     		.2byte	0x280
 547 01c2 96010000 		.4byte	0x196
 548 01c6 0D       		.uleb128 0xd
 549 01c7 01       		.byte	0x1
 550 01c8 24000000 		.4byte	0x24
 551 01cc 03       		.byte	0x3
 552 01cd 8A02     		.2byte	0x28a
 553 01cf E0010000 		.4byte	0x1e0
 554 01d3 0E       		.uleb128 0xe
 555 01d4 46040000 		.4byte	.LASF36
 556 01d8 00       		.byte	0
 557 01d9 0E       		.uleb128 0xe
 558 01da 0F040000 		.4byte	.LASF37
 559 01de 01       		.byte	0x1
 560 01df 00       		.byte	0
 561 01e0 0A       		.uleb128 0xa
 562 01e1 9E020000 		.4byte	.LASF38
 563 01e5 03       		.byte	0x3
 564 01e6 8D02     		.2byte	0x28d
 565 01e8 C6010000 		.4byte	0x1c6
 566 01ec 0A       		.uleb128 0xa
 567 01ed CA020000 		.4byte	.LASF39
 568 01f1 03       		.byte	0x3
 569 01f2 9002     		.2byte	0x290
 570 01f4 E0010000 		.4byte	0x1e0
 571 01f8 0B       		.uleb128 0xb
 572 01f9 0C       		.byte	0xc
 573 01fa 03       		.byte	0x3
 574 01fb 9402     		.2byte	0x294
 575 01fd 27020000 		.4byte	0x227
 576 0201 0F       		.uleb128 0xf
 577 0202 6300     		.ascii	"c\000"
 578 0204 03       		.byte	0x3
 579 0205 9602     		.2byte	0x296
 580 0207 4D010000 		.4byte	0x14d
 581 020b 00       		.byte	0
 582 020c 0C       		.uleb128 0xc
 583 020d 0A060000 		.4byte	.LASF40
 584 0211 03       		.byte	0x3
 585 0212 9802     		.2byte	0x298
 586 0214 35010000 		.4byte	0x135
 587 0218 04       		.byte	0x4
 588 0219 0C       		.uleb128 0xc
 589 021a 6E020000 		.4byte	.LASF41
 590 021e 03       		.byte	0x3
 591 021f 9A02     		.2byte	0x29a
 592 0221 EC010000 		.4byte	0x1ec
 593 0225 08       		.byte	0x8
 594 0226 00       		.byte	0
 595 0227 0A       		.uleb128 0xa
 596 0228 7B000000 		.4byte	.LASF42
ARM GAS  C:\Users\Girish\AppData\Local\Temp\ccBFtgoC.s 			page 12


 597 022c 03       		.byte	0x3
 598 022d 9B02     		.2byte	0x29b
 599 022f F8010000 		.4byte	0x1f8
 600 0233 0B       		.uleb128 0xb
 601 0234 10       		.byte	0x10
 602 0235 03       		.byte	0x3
 603 0236 9F02     		.2byte	0x29f
 604 0238 71020000 		.4byte	0x271
 605 023c 0C       		.uleb128 0xc
 606 023d BD030000 		.4byte	.LASF43
 607 0241 03       		.byte	0x3
 608 0242 A002     		.2byte	0x2a0
 609 0244 D6000000 		.4byte	0xd6
 610 0248 00       		.byte	0
 611 0249 0C       		.uleb128 0xc
 612 024a 20070000 		.4byte	.LASF44
 613 024e 03       		.byte	0x3
 614 024f A102     		.2byte	0x2a1
 615 0251 29010000 		.4byte	0x129
 616 0255 04       		.byte	0x4
 617 0256 0C       		.uleb128 0xc
 618 0257 75000000 		.4byte	.LASF45
 619 025b 03       		.byte	0x3
 620 025c A202     		.2byte	0x2a2
 621 025e 29010000 		.4byte	0x129
 622 0262 08       		.byte	0x8
 623 0263 0C       		.uleb128 0xc
 624 0264 00000000 		.4byte	.LASF46
 625 0268 03       		.byte	0x3
 626 0269 A302     		.2byte	0x2a3
 627 026b 35010000 		.4byte	0x135
 628 026f 0C       		.byte	0xc
 629 0270 00       		.byte	0
 630 0271 0A       		.uleb128 0xa
 631 0272 C2030000 		.4byte	.LASF47
 632 0276 03       		.byte	0x3
 633 0277 A402     		.2byte	0x2a4
 634 0279 33020000 		.4byte	0x233
 635 027d 0D       		.uleb128 0xd
 636 027e 01       		.byte	0x1
 637 027f 24000000 		.4byte	0x24
 638 0283 03       		.byte	0x3
 639 0284 A702     		.2byte	0x2a7
 640 0286 A3020000 		.4byte	0x2a3
 641 028a 0E       		.uleb128 0xe
 642 028b CA050000 		.4byte	.LASF48
 643 028f 00       		.byte	0
 644 0290 0E       		.uleb128 0xe
 645 0291 12060000 		.4byte	.LASF49
 646 0295 01       		.byte	0x1
 647 0296 0E       		.uleb128 0xe
 648 0297 E9050000 		.4byte	.LASF50
 649 029b 02       		.byte	0x2
 650 029c 0E       		.uleb128 0xe
 651 029d 8C050000 		.4byte	.LASF51
 652 02a1 03       		.byte	0x3
 653 02a2 00       		.byte	0
ARM GAS  C:\Users\Girish\AppData\Local\Temp\ccBFtgoC.s 			page 13


 654 02a3 0A       		.uleb128 0xa
 655 02a4 1B010000 		.4byte	.LASF52
 656 02a8 03       		.byte	0x3
 657 02a9 AC02     		.2byte	0x2ac
 658 02ab 7D020000 		.4byte	0x27d
 659 02af 0A       		.uleb128 0xa
 660 02b0 6E060000 		.4byte	.LASF53
 661 02b4 03       		.byte	0x3
 662 02b5 AF02     		.2byte	0x2af
 663 02b7 A3020000 		.4byte	0x2a3
 664 02bb 0B       		.uleb128 0xb
 665 02bc 14       		.byte	0x14
 666 02bd 03       		.byte	0x3
 667 02be B202     		.2byte	0x2b2
 668 02c0 04030000 		.4byte	0x304
 669 02c4 0C       		.uleb128 0xc
 670 02c5 44060000 		.4byte	.LASF54
 671 02c9 03       		.byte	0x3
 672 02ca B302     		.2byte	0x2b3
 673 02cc AF020000 		.4byte	0x2af
 674 02d0 00       		.byte	0
 675 02d1 0C       		.uleb128 0xc
 676 02d2 31070000 		.4byte	.LASF55
 677 02d6 03       		.byte	0x3
 678 02d7 B402     		.2byte	0x2b4
 679 02d9 11010000 		.4byte	0x111
 680 02dd 04       		.byte	0x4
 681 02de 0C       		.uleb128 0xc
 682 02df 4E050000 		.4byte	.LASF56
 683 02e3 03       		.byte	0x3
 684 02e4 B602     		.2byte	0x2b6
 685 02e6 1D010000 		.4byte	0x11d
 686 02ea 08       		.byte	0x8
 687 02eb 0F       		.uleb128 0xf
 688 02ec 6600     		.ascii	"f\000"
 689 02ee 03       		.byte	0x3
 690 02ef B802     		.2byte	0x2b8
 691 02f1 9F000000 		.4byte	0x9f
 692 02f5 0C       		.byte	0xc
 693 02f6 0C       		.uleb128 0xc
 694 02f7 74040000 		.4byte	.LASF57
 695 02fb 03       		.byte	0x3
 696 02fc BA02     		.2byte	0x2ba
 697 02fe 4D010000 		.4byte	0x14d
 698 0302 10       		.byte	0x10
 699 0303 00       		.byte	0
 700 0304 0A       		.uleb128 0xa
 701 0305 EF030000 		.4byte	.LASF58
 702 0309 03       		.byte	0x3
 703 030a BB02     		.2byte	0x2bb
 704 030c BB020000 		.4byte	0x2bb
 705 0310 0B       		.uleb128 0xb
 706 0311 04       		.byte	0x4
 707 0312 03       		.byte	0x3
 708 0313 BD02     		.2byte	0x2bd
 709 0315 27030000 		.4byte	0x327
 710 0319 0C       		.uleb128 0xc
ARM GAS  C:\Users\Girish\AppData\Local\Temp\ccBFtgoC.s 			page 14


 711 031a 3F030000 		.4byte	.LASF59
 712 031e 03       		.byte	0x3
 713 031f BF02     		.2byte	0x2bf
 714 0321 41010000 		.4byte	0x141
 715 0325 00       		.byte	0
 716 0326 00       		.byte	0
 717 0327 0A       		.uleb128 0xa
 718 0328 0E020000 		.4byte	.LASF60
 719 032c 03       		.byte	0x3
 720 032d C402     		.2byte	0x2c4
 721 032f 10030000 		.4byte	0x310
 722 0333 10       		.uleb128 0x10
 723 0334 54020000 		.4byte	.LASF62
 724 0338 08       		.byte	0x8
 725 0339 03       		.byte	0x3
 726 033a 0E04     		.2byte	0x40e
 727 033c 5A030000 		.4byte	0x35a
 728 0340 0F       		.uleb128 0xf
 729 0341 6E7400   		.ascii	"nt\000"
 730 0344 03       		.byte	0x3
 731 0345 0F04     		.2byte	0x40f
 732 0347 B5000000 		.4byte	0xb5
 733 034b 00       		.byte	0
 734 034c 0C       		.uleb128 0xc
 735 034d 50060000 		.4byte	.LASF63
 736 0351 03       		.byte	0x3
 737 0352 1004     		.2byte	0x410
 738 0354 6A030000 		.4byte	0x36a
 739 0358 04       		.byte	0x4
 740 0359 00       		.byte	0
 741 035a 11       		.uleb128 0x11
 742 035b 65030000 		.4byte	0x365
 743 035f 65030000 		.4byte	0x365
 744 0363 12       		.uleb128 0x12
 745 0364 00       		.byte	0
 746 0365 13       		.uleb128 0x13
 747 0366 E1000000 		.4byte	0xe1
 748 036a 06       		.uleb128 0x6
 749 036b 04       		.byte	0x4
 750 036c 5A030000 		.4byte	0x35a
 751 0370 11       		.uleb128 0x11
 752 0371 65030000 		.4byte	0x365
 753 0375 80030000 		.4byte	0x380
 754 0379 14       		.uleb128 0x14
 755 037a 80030000 		.4byte	0x380
 756 037e 00       		.byte	0
 757 037f 00       		.byte	0
 758 0380 02       		.uleb128 0x2
 759 0381 04       		.byte	0x4
 760 0382 07       		.byte	0x7
 761 0383 7D030000 		.4byte	.LASF64
 762 0387 15       		.uleb128 0x15
 763 0388 CA000000 		.4byte	.LASF114
 764 038c 05       		.byte	0x5
 765 038d 6507     		.2byte	0x765
 766 038f 99030000 		.4byte	0x399
 767 0393 05       		.uleb128 0x5
ARM GAS  C:\Users\Girish\AppData\Local\Temp\ccBFtgoC.s 			page 15


 768 0394 03       		.byte	0x3
 769 0395 08000000 		.4byte	EE_oo_autostart_task_mode_OSDEFAULTAPPMODE
 770 0399 13       		.uleb128 0x13
 771 039a 70030000 		.4byte	0x370
 772 039e 11       		.uleb128 0x11
 773 039f AE030000 		.4byte	0x3ae
 774 03a3 AE030000 		.4byte	0x3ae
 775 03a7 14       		.uleb128 0x14
 776 03a8 80030000 		.4byte	0x380
 777 03ac 03       		.byte	0x3
 778 03ad 00       		.byte	0
 779 03ae 13       		.uleb128 0x13
 780 03af AA000000 		.4byte	0xaa
 781 03b3 16       		.uleb128 0x16
 782 03b4 22060000 		.4byte	.LASF65
 783 03b8 05       		.byte	0x5
 784 03b9 D2       		.byte	0xd2
 785 03ba C4030000 		.4byte	0x3c4
 786 03be 05       		.uleb128 0x5
 787 03bf 03       		.byte	0x3
 788 03c0 00000000 		.4byte	EE_hal_thread_body
 789 03c4 13       		.uleb128 0x13
 790 03c5 9E030000 		.4byte	0x39e
 791 03c9 11       		.uleb128 0x11
 792 03ca D9030000 		.4byte	0x3d9
 793 03ce D9030000 		.4byte	0x3d9
 794 03d2 14       		.uleb128 0x14
 795 03d3 80030000 		.4byte	0x380
 796 03d7 04       		.byte	0x4
 797 03d8 00       		.byte	0
 798 03d9 13       		.uleb128 0x13
 799 03da B5000000 		.4byte	0xb5
 800 03de 16       		.uleb128 0x16
 801 03df 7A050000 		.4byte	.LASF66
 802 03e3 05       		.byte	0x5
 803 03e4 71       		.byte	0x71
 804 03e5 EF030000 		.4byte	0x3ef
 805 03e9 05       		.uleb128 0x5
 806 03ea 03       		.byte	0x3
 807 03eb 00000000 		.4byte	EE_std_thread_tos
 808 03ef 13       		.uleb128 0x13
 809 03f0 C9030000 		.4byte	0x3c9
 810 03f4 11       		.uleb128 0x11
 811 03f5 80000000 		.4byte	0x80
 812 03f9 04040000 		.4byte	0x404
 813 03fd 14       		.uleb128 0x14
 814 03fe 80030000 		.4byte	0x380
 815 0402 03       		.byte	0x3
 816 0403 00       		.byte	0
 817 0404 16       		.uleb128 0x16
 818 0405 D2060000 		.4byte	.LASF67
 819 0409 05       		.byte	0x5
 820 040a ED       		.byte	0xed
 821 040b F4030000 		.4byte	0x3f4
 822 040f 05       		.uleb128 0x5
 823 0410 03       		.byte	0x3
 824 0411 00000000 		.4byte	EE_terminate_data
ARM GAS  C:\Users\Girish\AppData\Local\Temp\ccBFtgoC.s 			page 16


 825 0415 16       		.uleb128 0x16
 826 0416 5A040000 		.4byte	.LASF68
 827 041a 05       		.byte	0x5
 828 041b F0       		.byte	0xf0
 829 041c 26040000 		.4byte	0x426
 830 0420 05       		.uleb128 0x5
 831 0421 03       		.byte	0x3
 832 0422 00000000 		.4byte	EE_terminate_real_th_body
 833 0426 13       		.uleb128 0x13
 834 0427 9E030000 		.4byte	0x39e
 835 042b 11       		.uleb128 0x11
 836 042c EC000000 		.4byte	0xec
 837 0430 3B040000 		.4byte	0x43b
 838 0434 14       		.uleb128 0x14
 839 0435 80030000 		.4byte	0x380
 840 0439 00       		.byte	0
 841 043a 00       		.byte	0
 842 043b 16       		.uleb128 0x16
 843 043c 20040000 		.4byte	.LASF69
 844 0440 05       		.byte	0x5
 845 0441 8D       		.byte	0x8d
 846 0442 2B040000 		.4byte	0x42b
 847 0446 05       		.uleb128 0x5
 848 0447 03       		.byte	0x3
 849 0448 00000000 		.4byte	EE_cortex_mx_system_tos
 850 044c 16       		.uleb128 0x16
 851 044d 5B010000 		.4byte	.LASF70
 852 0451 05       		.byte	0x5
 853 0452 A9       		.byte	0xa9
 854 0453 B5000000 		.4byte	0xb5
 855 0457 05       		.uleb128 0x5
 856 0458 03       		.byte	0x3
 857 0459 00000000 		.4byte	EE_cortex_mx_active_tos
 858 045d 11       		.uleb128 0x11
 859 045e D9030000 		.4byte	0x3d9
 860 0462 6D040000 		.4byte	0x46d
 861 0466 14       		.uleb128 0x14
 862 0467 80030000 		.4byte	0x380
 863 046b 03       		.byte	0x3
 864 046c 00       		.byte	0
 865 046d 17       		.uleb128 0x17
 866 046e D9050000 		.4byte	.LASF71
 867 0472 05       		.byte	0x5
 868 0473 E202     		.2byte	0x2e2
 869 0475 7F040000 		.4byte	0x47f
 870 0479 05       		.uleb128 0x5
 871 047a 03       		.byte	0x3
 872 047b 00000000 		.4byte	EE_th_rnact_max
 873 047f 13       		.uleb128 0x13
 874 0480 5D040000 		.4byte	0x45d
 875 0484 17       		.uleb128 0x17
 876 0485 7D060000 		.4byte	.LASF72
 877 0489 05       		.byte	0x5
 878 048a 0C01     		.2byte	0x10c
 879 048c 96040000 		.4byte	0x496
 880 0490 05       		.uleb128 0x5
 881 0491 03       		.byte	0x3
ARM GAS  C:\Users\Girish\AppData\Local\Temp\ccBFtgoC.s 			page 17


 882 0492 00000000 		.4byte	EE_th_ready_prio
 883 0496 13       		.uleb128 0x13
 884 0497 5D040000 		.4byte	0x45d
 885 049b 17       		.uleb128 0x17
 886 049c E0020000 		.4byte	.LASF73
 887 04a0 05       		.byte	0x5
 888 04a1 4502     		.2byte	0x245
 889 04a3 AD040000 		.4byte	0x4ad
 890 04a7 05       		.uleb128 0x5
 891 04a8 03       		.byte	0x3
 892 04a9 00000000 		.4byte	EE_th_dispatch_prio
 893 04ad 13       		.uleb128 0x13
 894 04ae 5D040000 		.4byte	0x45d
 895 04b2 11       		.uleb128 0x11
 896 04b3 C2040000 		.4byte	0x4c2
 897 04b7 C2040000 		.4byte	0x4c2
 898 04bb 14       		.uleb128 0x14
 899 04bc 80030000 		.4byte	0x380
 900 04c0 03       		.byte	0x3
 901 04c1 00       		.byte	0
 902 04c2 06       		.uleb128 0x6
 903 04c3 04       		.byte	0x4
 904 04c4 CF040000 		.4byte	0x4cf
 905 04c8 02       		.uleb128 0x2
 906 04c9 01       		.byte	0x1
 907 04ca 08       		.byte	0x8
 908 04cb C5050000 		.4byte	.LASF74
 909 04cf 13       		.uleb128 0x13
 910 04d0 C8040000 		.4byte	0x4c8
 911 04d4 17       		.uleb128 0x17
 912 04d5 9C040000 		.4byte	.LASF75
 913 04d9 05       		.byte	0x5
 914 04da 2801     		.2byte	0x128
 915 04dc B2040000 		.4byte	0x4b2
 916 04e0 05       		.uleb128 0x5
 917 04e1 03       		.byte	0x3
 918 04e2 00000000 		.4byte	EE_TASK_NAME
 919 04e6 11       		.uleb128 0x11
 920 04e7 C2040000 		.4byte	0x4c2
 921 04eb F5040000 		.4byte	0x4f5
 922 04ef 18       		.uleb128 0x18
 923 04f0 80030000 		.4byte	0x380
 924 04f4 00       		.byte	0
 925 04f5 17       		.uleb128 0x17
 926 04f6 40010000 		.4byte	.LASF76
 927 04fa 05       		.byte	0x5
 928 04fb 8101     		.2byte	0x181
 929 04fd E6040000 		.4byte	0x4e6
 930 0501 05       		.uleb128 0x5
 931 0502 03       		.byte	0x3
 932 0503 00000000 		.4byte	EE_EVENT_NAME
 933 0507 11       		.uleb128 0x11
 934 0508 C2040000 		.4byte	0x4c2
 935 050c 17050000 		.4byte	0x517
 936 0510 14       		.uleb128 0x14
 937 0511 80030000 		.4byte	0x380
 938 0515 01       		.byte	0x1
ARM GAS  C:\Users\Girish\AppData\Local\Temp\ccBFtgoC.s 			page 18


 939 0516 00       		.byte	0
 940 0517 17       		.uleb128 0x17
 941 0518 23020000 		.4byte	.LASF77
 942 051c 05       		.byte	0x5
 943 051d 3D06     		.2byte	0x63d
 944 051f 07050000 		.4byte	0x507
 945 0523 05       		.uleb128 0x5
 946 0524 03       		.byte	0x3
 947 0525 00000000 		.4byte	EE_ALARM_NAME
 948 0529 11       		.uleb128 0x11
 949 052a 38050000 		.4byte	0x538
 950 052e 38050000 		.4byte	0x538
 951 0532 18       		.uleb128 0x18
 952 0533 80030000 		.4byte	0x380
 953 0537 00       		.byte	0
 954 0538 13       		.uleb128 0x13
 955 0539 40000000 		.4byte	0x40
 956 053d 17       		.uleb128 0x17
 957 053e 8A010000 		.4byte	.LASF78
 958 0542 05       		.byte	0x5
 959 0543 E201     		.2byte	0x1e2
 960 0545 4F050000 		.4byte	0x54f
 961 0549 05       		.uleb128 0x5
 962 054a 03       		.byte	0x3
 963 054b 00000000 		.4byte	EE_EVENT_ID
 964 054f 13       		.uleb128 0x13
 965 0550 29050000 		.4byte	0x529
 966 0554 11       		.uleb128 0x11
 967 0555 38050000 		.4byte	0x538
 968 0559 64050000 		.4byte	0x564
 969 055d 14       		.uleb128 0x14
 970 055e 80030000 		.4byte	0x380
 971 0562 01       		.byte	0x1
 972 0563 00       		.byte	0
 973 0564 17       		.uleb128 0x17
 974 0565 F5000000 		.4byte	.LASF79
 975 0569 05       		.byte	0x5
 976 056a 5906     		.2byte	0x659
 977 056c 76050000 		.4byte	0x576
 978 0570 05       		.uleb128 0x5
 979 0571 03       		.byte	0x3
 980 0572 00000000 		.4byte	EE_ALARM_ID
 981 0576 13       		.uleb128 0x13
 982 0577 54050000 		.4byte	0x554
 983 057b 11       		.uleb128 0x11
 984 057c B5000000 		.4byte	0xb5
 985 0580 8B050000 		.4byte	0x58b
 986 0584 14       		.uleb128 0x14
 987 0585 80030000 		.4byte	0x380
 988 0589 03       		.byte	0x3
 989 058a 00       		.byte	0
 990 058b 17       		.uleb128 0x17
 991 058c BD020000 		.4byte	.LASF80
 992 0590 05       		.byte	0x5
 993 0591 8102     		.2byte	0x281
 994 0593 7B050000 		.4byte	0x57b
 995 0597 05       		.uleb128 0x5
ARM GAS  C:\Users\Girish\AppData\Local\Temp\ccBFtgoC.s 			page 19


 996 0598 03       		.byte	0x3
 997 0599 00000000 		.4byte	EE_th_status
 998 059d 11       		.uleb128 0x11
 999 059e E1000000 		.4byte	0xe1
 1000 05a2 AD050000 		.4byte	0x5ad
 1001 05a6 14       		.uleb128 0x14
 1002 05a7 80030000 		.4byte	0x380
 1003 05ab 03       		.byte	0x3
 1004 05ac 00       		.byte	0
 1005 05ad 17       		.uleb128 0x17
 1006 05ae 4F040000 		.4byte	.LASF81
 1007 05b2 05       		.byte	0x5
 1008 05b3 9D02     		.2byte	0x29d
 1009 05b5 9D050000 		.4byte	0x59d
 1010 05b9 05       		.uleb128 0x5
 1011 05ba 03       		.byte	0x3
 1012 05bb 00000000 		.4byte	EE_th_next
 1013 05bf 17       		.uleb128 0x17
 1014 05c0 8E060000 		.4byte	.LASF82
 1015 05c4 05       		.byte	0x5
 1016 05c5 C702     		.2byte	0x2c7
 1017 05c7 7B050000 		.4byte	0x57b
 1018 05cb 05       		.uleb128 0x5
 1019 05cc 03       		.byte	0x3
 1020 05cd 00000000 		.4byte	EE_th_rnact
 1021 05d1 17       		.uleb128 0x17
 1022 05d2 05000000 		.4byte	.LASF83
 1023 05d6 05       		.byte	0x5
 1024 05d7 7703     		.2byte	0x377
 1025 05d9 9D050000 		.4byte	0x59d
 1026 05dd 05       		.uleb128 0x5
 1027 05de 03       		.byte	0x3
 1028 05df 00000000 		.4byte	EE_th_terminate_nextask
 1029 05e3 17       		.uleb128 0x17
 1030 05e4 26000000 		.4byte	.LASF84
 1031 05e8 05       		.byte	0x5
 1032 05e9 B902     		.2byte	0x2b9
 1033 05eb E1000000 		.4byte	0xe1
 1034 05ef 05       		.uleb128 0x5
 1035 05f0 03       		.byte	0x3
 1036 05f1 00000000 		.4byte	EE_stkfirst
 1037 05f5 17       		.uleb128 0x17
 1038 05f6 35060000 		.4byte	.LASF85
 1039 05fa 05       		.byte	0x5
 1040 05fb BC02     		.2byte	0x2bc
 1041 05fd B5000000 		.4byte	0xb5
 1042 0601 05       		.uleb128 0x5
 1043 0602 03       		.byte	0x3
 1044 0603 00000000 		.4byte	EE_sys_ceiling
 1045 0607 17       		.uleb128 0x17
 1046 0608 9D030000 		.4byte	.LASF86
 1047 060c 05       		.byte	0x5
 1048 060d FD02     		.2byte	0x2fd
 1049 060f 7B050000 		.4byte	0x57b
 1050 0613 05       		.uleb128 0x5
 1051 0614 03       		.byte	0x3
 1052 0615 00000000 		.4byte	EE_rq_link
ARM GAS  C:\Users\Girish\AppData\Local\Temp\ccBFtgoC.s 			page 20


 1053 0619 11       		.uleb128 0x11
 1054 061a C0000000 		.4byte	0xc0
 1055 061e 29060000 		.4byte	0x629
 1056 0622 14       		.uleb128 0x14
 1057 0623 80030000 		.4byte	0x380
 1058 0627 0F       		.byte	0xf
 1059 0628 00       		.byte	0
 1060 0629 17       		.uleb128 0x17
 1061 062a 9F010000 		.4byte	.LASF87
 1062 062e 05       		.byte	0x5
 1063 062f BF02     		.2byte	0x2bf
 1064 0631 19060000 		.4byte	0x619
 1065 0635 05       		.uleb128 0x5
 1066 0636 03       		.byte	0x3
 1067 0637 00000000 		.4byte	EE_rq_queues_head
 1068 063b 17       		.uleb128 0x17
 1069 063c 68050000 		.4byte	.LASF88
 1070 0640 05       		.byte	0x5
 1071 0641 C102     		.2byte	0x2c1
 1072 0643 19060000 		.4byte	0x619
 1073 0647 05       		.uleb128 0x5
 1074 0648 03       		.byte	0x3
 1075 0649 00000000 		.4byte	EE_rq_queues_tail
 1076 064d 11       		.uleb128 0x11
 1077 064e C0000000 		.4byte	0xc0
 1078 0652 5D060000 		.4byte	0x65d
 1079 0656 14       		.uleb128 0x14
 1080 0657 80030000 		.4byte	0x380
 1081 065b 03       		.byte	0x3
 1082 065c 00       		.byte	0
 1083 065d 17       		.uleb128 0x17
 1084 065e 99000000 		.4byte	.LASF89
 1085 0662 05       		.byte	0x5
 1086 0663 1B03     		.2byte	0x31b
 1087 0665 4D060000 		.4byte	0x64d
 1088 0669 05       		.uleb128 0x5
 1089 066a 03       		.byte	0x3
 1090 066b 00000000 		.4byte	EE_rq_pairs_next
 1091 066f 17       		.uleb128 0x17
 1092 0670 9A060000 		.4byte	.LASF90
 1093 0674 05       		.byte	0x5
 1094 0675 7003     		.2byte	0x370
 1095 0677 9D050000 		.4byte	0x59d
 1096 067b 05       		.uleb128 0x5
 1097 067c 03       		.byte	0x3
 1098 067d 00000000 		.4byte	EE_rq_pairs_tid
 1099 0681 17       		.uleb128 0x17
 1100 0682 9F050000 		.4byte	.LASF91
 1101 0686 05       		.byte	0x5
 1102 0687 C402     		.2byte	0x2c4
 1103 0689 05010000 		.4byte	0x105
 1104 068d 05       		.uleb128 0x5
 1105 068e 03       		.byte	0x3
 1106 068f 00000000 		.4byte	EE_rq_bitmask
 1107 0693 17       		.uleb128 0x17
 1108 0694 92030000 		.4byte	.LASF92
 1109 0698 05       		.byte	0x5
ARM GAS  C:\Users\Girish\AppData\Local\Temp\ccBFtgoC.s 			page 21


 1110 0699 7303     		.2byte	0x373
 1111 069b C0000000 		.4byte	0xc0
 1112 069f 05       		.uleb128 0x5
 1113 06a0 03       		.byte	0x3
 1114 06a1 00000000 		.4byte	EE_rq_free
 1115 06a5 17       		.uleb128 0x17
 1116 06a6 0D070000 		.4byte	.LASF93
 1117 06aa 05       		.byte	0x5
 1118 06ab 9A03     		.2byte	0x39a
 1119 06ad 7B050000 		.4byte	0x57b
 1120 06b1 05       		.uleb128 0x5
 1121 06b2 03       		.byte	0x3
 1122 06b3 00000000 		.4byte	EE_th_event_active
 1123 06b7 17       		.uleb128 0x17
 1124 06b8 87040000 		.4byte	.LASF94
 1125 06bc 05       		.byte	0x5
 1126 06bd B603     		.2byte	0x3b6
 1127 06bf 7B050000 		.4byte	0x57b
 1128 06c3 05       		.uleb128 0x5
 1129 06c4 03       		.byte	0x3
 1130 06c5 00000000 		.4byte	EE_th_event_waitmask
 1131 06c9 11       		.uleb128 0x11
 1132 06ca D6000000 		.4byte	0xd6
 1133 06ce D9060000 		.4byte	0x6d9
 1134 06d2 14       		.uleb128 0x14
 1135 06d3 80030000 		.4byte	0x380
 1136 06d7 03       		.byte	0x3
 1137 06d8 00       		.byte	0
 1138 06d9 17       		.uleb128 0x17
 1139 06da 43020000 		.4byte	.LASF95
 1140 06de 05       		.byte	0x5
 1141 06df D203     		.2byte	0x3d2
 1142 06e1 C9060000 		.4byte	0x6c9
 1143 06e5 05       		.uleb128 0x5
 1144 06e6 03       		.byte	0x3
 1145 06e7 00000000 		.4byte	EE_th_waswaiting
 1146 06eb 17       		.uleb128 0x17
 1147 06ec 45070000 		.4byte	.LASF96
 1148 06f0 05       		.byte	0x5
 1149 06f1 EE03     		.2byte	0x3ee
 1150 06f3 FD060000 		.4byte	0x6fd
 1151 06f7 05       		.uleb128 0x5
 1152 06f8 03       		.byte	0x3
 1153 06f9 00000000 		.4byte	EE_th_is_extended
 1154 06fd 13       		.uleb128 0x13
 1155 06fe 5D040000 		.4byte	0x45d
 1156 0702 11       		.uleb128 0x11
 1157 0703 12070000 		.4byte	0x712
 1158 0707 12070000 		.4byte	0x712
 1159 070b 14       		.uleb128 0x14
 1160 070c 80030000 		.4byte	0x380
 1161 0710 00       		.byte	0
 1162 0711 00       		.byte	0
 1163 0712 13       		.uleb128 0x13
 1164 0713 8A010000 		.4byte	0x18a
 1165 0717 17       		.uleb128 0x17
 1166 0718 E0030000 		.4byte	.LASF97
ARM GAS  C:\Users\Girish\AppData\Local\Temp\ccBFtgoC.s 			page 22


 1167 071c 05       		.byte	0x5
 1168 071d FF05     		.2byte	0x5ff
 1169 071f 29070000 		.4byte	0x729
 1170 0723 05       		.uleb128 0x5
 1171 0724 03       		.byte	0x3
 1172 0725 00000000 		.4byte	EE_counter_ROM
 1173 0729 13       		.uleb128 0x13
 1174 072a 02070000 		.4byte	0x702
 1175 072e 11       		.uleb128 0x11
 1176 072f 3E070000 		.4byte	0x73e
 1177 0733 3E070000 		.4byte	0x73e
 1178 0737 14       		.uleb128 0x14
 1179 0738 80030000 		.4byte	0x380
 1180 073c 01       		.byte	0x1
 1181 073d 00       		.byte	0
 1182 073e 13       		.uleb128 0x13
 1183 073f 27020000 		.4byte	0x227
 1184 0743 17       		.uleb128 0x17
 1185 0744 26030000 		.4byte	.LASF98
 1186 0748 05       		.byte	0x5
 1187 0749 9606     		.2byte	0x696
 1188 074b 55070000 		.4byte	0x755
 1189 074f 05       		.uleb128 0x5
 1190 0750 03       		.byte	0x3
 1191 0751 00000000 		.4byte	EE_oo_counter_object_ROM
 1192 0755 13       		.uleb128 0x13
 1193 0756 2E070000 		.4byte	0x72e
 1194 075a 11       		.uleb128 0x11
 1195 075b 6A070000 		.4byte	0x76a
 1196 075f 6A070000 		.4byte	0x76a
 1197 0763 14       		.uleb128 0x14
 1198 0764 80030000 		.4byte	0x380
 1199 0768 01       		.byte	0x1
 1200 0769 00       		.byte	0
 1201 076a 13       		.uleb128 0x13
 1202 076b 04030000 		.4byte	0x304
 1203 076f 17       		.uleb128 0x17
 1204 0770 5C030000 		.4byte	.LASF99
 1205 0774 05       		.byte	0x5
 1206 0775 BA06     		.2byte	0x6ba
 1207 0777 81070000 		.4byte	0x781
 1208 077b 05       		.uleb128 0x5
 1209 077c 03       		.byte	0x3
 1210 077d 00000000 		.4byte	EE_oo_action_ROM
 1211 0781 13       		.uleb128 0x13
 1212 0782 5A070000 		.4byte	0x75a
 1213 0786 11       		.uleb128 0x11
 1214 0787 96070000 		.4byte	0x796
 1215 078b 96070000 		.4byte	0x796
 1216 078f 14       		.uleb128 0x14
 1217 0790 80030000 		.4byte	0x380
 1218 0794 01       		.byte	0x1
 1219 0795 00       		.byte	0
 1220 0796 13       		.uleb128 0x13
 1221 0797 27030000 		.4byte	0x327
 1222 079b 17       		.uleb128 0x17
 1223 079c 4E010000 		.4byte	.LASF100
ARM GAS  C:\Users\Girish\AppData\Local\Temp\ccBFtgoC.s 			page 23


 1224 07a0 05       		.byte	0x5
 1225 07a1 2006     		.2byte	0x620
 1226 07a3 AD070000 		.4byte	0x7ad
 1227 07a7 05       		.uleb128 0x5
 1228 07a8 03       		.byte	0x3
 1229 07a9 00000000 		.4byte	EE_alarm_ROM
 1230 07ad 13       		.uleb128 0x13
 1231 07ae 86070000 		.4byte	0x786
 1232 07b2 11       		.uleb128 0x11
 1233 07b3 BA010000 		.4byte	0x1ba
 1234 07b7 C2070000 		.4byte	0x7c2
 1235 07bb 14       		.uleb128 0x14
 1236 07bc 80030000 		.4byte	0x380
 1237 07c0 00       		.byte	0
 1238 07c1 00       		.byte	0
 1239 07c2 17       		.uleb128 0x17
 1240 07c3 FB050000 		.4byte	.LASF101
 1241 07c7 05       		.byte	0x5
 1242 07c8 0C06     		.2byte	0x60c
 1243 07ca B2070000 		.4byte	0x7b2
 1244 07ce 05       		.uleb128 0x5
 1245 07cf 03       		.byte	0x3
 1246 07d0 00000000 		.4byte	EE_counter_RAM
 1247 07d4 11       		.uleb128 0x11
 1248 07d5 71020000 		.4byte	0x271
 1249 07d9 E4070000 		.4byte	0x7e4
 1250 07dd 14       		.uleb128 0x14
 1251 07de 80030000 		.4byte	0x380
 1252 07e2 01       		.byte	0x1
 1253 07e3 00       		.byte	0
 1254 07e4 17       		.uleb128 0x17
 1255 07e5 55060000 		.4byte	.LASF102
 1256 07e9 05       		.byte	0x5
 1257 07ea B106     		.2byte	0x6b1
 1258 07ec D4070000 		.4byte	0x7d4
 1259 07f0 05       		.uleb128 0x5
 1260 07f1 03       		.byte	0x3
 1261 07f2 00000000 		.4byte	EE_oo_counter_object_RAM
 1262 07f6 11       		.uleb128 0x11
 1263 07f7 06080000 		.4byte	0x806
 1264 07fb 06080000 		.4byte	0x806
 1265 07ff 14       		.uleb128 0x14
 1266 0800 80030000 		.4byte	0x380
 1267 0804 00       		.byte	0
 1268 0805 00       		.byte	0
 1269 0806 13       		.uleb128 0x13
 1270 0807 33030000 		.4byte	0x333
 1271 080b 17       		.uleb128 0x17
 1272 080c B9070000 		.4byte	.LASF103
 1273 0810 05       		.byte	0x5
 1274 0811 9607     		.2byte	0x796
 1275 0813 1D080000 		.4byte	0x81d
 1276 0817 05       		.uleb128 0x5
 1277 0818 03       		.byte	0x3
 1278 0819 00000000 		.4byte	EE_oo_autostart_task_data
 1279 081d 13       		.uleb128 0x13
 1280 081e F6070000 		.4byte	0x7f6
ARM GAS  C:\Users\Girish\AppData\Local\Temp\ccBFtgoC.s 			page 24


 1281 0822 19       		.uleb128 0x19
 1282 0823 86020000 		.4byte	.LASF104
 1283 0827 06       		.byte	0x6
 1284 0828 40       		.byte	0x40
 1285 0829 B5000000 		.4byte	0xb5
 1286 082d 19       		.uleb128 0x19
 1287 082e B1010000 		.4byte	.LASF105
 1288 0832 06       		.byte	0x6
 1289 0833 47       		.byte	0x47
 1290 0834 CB000000 		.4byte	0xcb
 1291 0838 17       		.uleb128 0x17
 1292 0839 49030000 		.4byte	.LASF106
 1293 083d 05       		.byte	0x5
 1294 083e 5C07     		.2byte	0x75c
 1295 0840 B5000000 		.4byte	0xb5
 1296 0844 05       		.uleb128 0x5
 1297 0845 03       		.byte	0x3
 1298 0846 00000000 		.4byte	EE_ApplicationMode
 1299 084a 19       		.uleb128 0x19
 1300 084b CA010000 		.4byte	.LASF107
 1301 084f 07       		.byte	0x7
 1302 0850 48       		.byte	0x48
 1303 0851 E1000000 		.4byte	0xe1
 1304 0855 19       		.uleb128 0x19
 1305 0856 AA060000 		.4byte	.LASF108
 1306 085a 08       		.byte	0x8
 1307 085b 44       		.byte	0x44
 1308 085c B5000000 		.4byte	0xb5
 1309 0860 16       		.uleb128 0x16
 1310 0861 49000000 		.4byte	.LASF109
 1311 0865 05       		.byte	0x5
 1312 0866 AD       		.byte	0xad
 1313 0867 EC000000 		.4byte	0xec
 1314 086b 05       		.uleb128 0x5
 1315 086c 03       		.byte	0x3
 1316 086d 00000000 		.4byte	EE_cortex_mx_IRQ_tos
 1317 0871 11       		.uleb128 0x11
 1318 0872 55000000 		.4byte	0x55
 1319 0876 81080000 		.4byte	0x881
 1320 087a 14       		.uleb128 0x14
 1321 087b 80030000 		.4byte	0x380
 1322 087f 7F       		.byte	0x7f
 1323 0880 00       		.byte	0
 1324 0881 16       		.uleb128 0x16
 1325 0882 F4020000 		.4byte	.LASF110
 1326 0886 05       		.byte	0x5
 1327 0887 32       		.byte	0x32
 1328 0888 71080000 		.4byte	0x871
 1329 088c 05       		.uleb128 0x5
 1330 088d 03       		.byte	0x3
 1331 088e 00000000 		.4byte	EE_cortex_mx_stack_9
 1332 0892 00       		.byte	0
 1333              		.section	.debug_abbrev,"",%progbits
 1334              	.Ldebug_abbrev0:
 1335 0000 01       		.uleb128 0x1
 1336 0001 11       		.uleb128 0x11
 1337 0002 01       		.byte	0x1
ARM GAS  C:\Users\Girish\AppData\Local\Temp\ccBFtgoC.s 			page 25


 1338 0003 25       		.uleb128 0x25
 1339 0004 0E       		.uleb128 0xe
 1340 0005 13       		.uleb128 0x13
 1341 0006 0B       		.uleb128 0xb
 1342 0007 03       		.uleb128 0x3
 1343 0008 0E       		.uleb128 0xe
 1344 0009 1B       		.uleb128 0x1b
 1345 000a 0E       		.uleb128 0xe
 1346 000b 10       		.uleb128 0x10
 1347 000c 17       		.uleb128 0x17
 1348 000d 00       		.byte	0
 1349 000e 00       		.byte	0
 1350 000f 02       		.uleb128 0x2
 1351 0010 24       		.uleb128 0x24
 1352 0011 00       		.byte	0
 1353 0012 0B       		.uleb128 0xb
 1354 0013 0B       		.uleb128 0xb
 1355 0014 3E       		.uleb128 0x3e
 1356 0015 0B       		.uleb128 0xb
 1357 0016 03       		.uleb128 0x3
 1358 0017 0E       		.uleb128 0xe
 1359 0018 00       		.byte	0
 1360 0019 00       		.byte	0
 1361 001a 03       		.uleb128 0x3
 1362 001b 24       		.uleb128 0x24
 1363 001c 00       		.byte	0
 1364 001d 0B       		.uleb128 0xb
 1365 001e 0B       		.uleb128 0xb
 1366 001f 3E       		.uleb128 0x3e
 1367 0020 0B       		.uleb128 0xb
 1368 0021 03       		.uleb128 0x3
 1369 0022 08       		.uleb128 0x8
 1370 0023 00       		.byte	0
 1371 0024 00       		.byte	0
 1372 0025 04       		.uleb128 0x4
 1373 0026 16       		.uleb128 0x16
 1374 0027 00       		.byte	0
 1375 0028 03       		.uleb128 0x3
 1376 0029 0E       		.uleb128 0xe
 1377 002a 3A       		.uleb128 0x3a
 1378 002b 0B       		.uleb128 0xb
 1379 002c 3B       		.uleb128 0x3b
 1380 002d 0B       		.uleb128 0xb
 1381 002e 49       		.uleb128 0x49
 1382 002f 13       		.uleb128 0x13
 1383 0030 00       		.byte	0
 1384 0031 00       		.byte	0
 1385 0032 05       		.uleb128 0x5
 1386 0033 0F       		.uleb128 0xf
 1387 0034 00       		.byte	0
 1388 0035 0B       		.uleb128 0xb
 1389 0036 0B       		.uleb128 0xb
 1390 0037 00       		.byte	0
 1391 0038 00       		.byte	0
 1392 0039 06       		.uleb128 0x6
 1393 003a 0F       		.uleb128 0xf
 1394 003b 00       		.byte	0
ARM GAS  C:\Users\Girish\AppData\Local\Temp\ccBFtgoC.s 			page 26


 1395 003c 0B       		.uleb128 0xb
 1396 003d 0B       		.uleb128 0xb
 1397 003e 49       		.uleb128 0x49
 1398 003f 13       		.uleb128 0x13
 1399 0040 00       		.byte	0
 1400 0041 00       		.byte	0
 1401 0042 07       		.uleb128 0x7
 1402 0043 15       		.uleb128 0x15
 1403 0044 00       		.byte	0
 1404 0045 27       		.uleb128 0x27
 1405 0046 19       		.uleb128 0x19
 1406 0047 00       		.byte	0
 1407 0048 00       		.byte	0
 1408 0049 08       		.uleb128 0x8
 1409 004a 13       		.uleb128 0x13
 1410 004b 01       		.byte	0x1
 1411 004c 03       		.uleb128 0x3
 1412 004d 0E       		.uleb128 0xe
 1413 004e 0B       		.uleb128 0xb
 1414 004f 0B       		.uleb128 0xb
 1415 0050 3A       		.uleb128 0x3a
 1416 0051 0B       		.uleb128 0xb
 1417 0052 3B       		.uleb128 0x3b
 1418 0053 0B       		.uleb128 0xb
 1419 0054 01       		.uleb128 0x1
 1420 0055 13       		.uleb128 0x13
 1421 0056 00       		.byte	0
 1422 0057 00       		.byte	0
 1423 0058 09       		.uleb128 0x9
 1424 0059 0D       		.uleb128 0xd
 1425 005a 00       		.byte	0
 1426 005b 03       		.uleb128 0x3
 1427 005c 0E       		.uleb128 0xe
 1428 005d 3A       		.uleb128 0x3a
 1429 005e 0B       		.uleb128 0xb
 1430 005f 3B       		.uleb128 0x3b
 1431 0060 0B       		.uleb128 0xb
 1432 0061 49       		.uleb128 0x49
 1433 0062 13       		.uleb128 0x13
 1434 0063 38       		.uleb128 0x38
 1435 0064 0B       		.uleb128 0xb
 1436 0065 00       		.byte	0
 1437 0066 00       		.byte	0
 1438 0067 0A       		.uleb128 0xa
 1439 0068 16       		.uleb128 0x16
 1440 0069 00       		.byte	0
 1441 006a 03       		.uleb128 0x3
 1442 006b 0E       		.uleb128 0xe
 1443 006c 3A       		.uleb128 0x3a
 1444 006d 0B       		.uleb128 0xb
 1445 006e 3B       		.uleb128 0x3b
 1446 006f 05       		.uleb128 0x5
 1447 0070 49       		.uleb128 0x49
 1448 0071 13       		.uleb128 0x13
 1449 0072 00       		.byte	0
 1450 0073 00       		.byte	0
 1451 0074 0B       		.uleb128 0xb
ARM GAS  C:\Users\Girish\AppData\Local\Temp\ccBFtgoC.s 			page 27


 1452 0075 13       		.uleb128 0x13
 1453 0076 01       		.byte	0x1
 1454 0077 0B       		.uleb128 0xb
 1455 0078 0B       		.uleb128 0xb
 1456 0079 3A       		.uleb128 0x3a
 1457 007a 0B       		.uleb128 0xb
 1458 007b 3B       		.uleb128 0x3b
 1459 007c 05       		.uleb128 0x5
 1460 007d 01       		.uleb128 0x1
 1461 007e 13       		.uleb128 0x13
 1462 007f 00       		.byte	0
 1463 0080 00       		.byte	0
 1464 0081 0C       		.uleb128 0xc
 1465 0082 0D       		.uleb128 0xd
 1466 0083 00       		.byte	0
 1467 0084 03       		.uleb128 0x3
 1468 0085 0E       		.uleb128 0xe
 1469 0086 3A       		.uleb128 0x3a
 1470 0087 0B       		.uleb128 0xb
 1471 0088 3B       		.uleb128 0x3b
 1472 0089 05       		.uleb128 0x5
 1473 008a 49       		.uleb128 0x49
 1474 008b 13       		.uleb128 0x13
 1475 008c 38       		.uleb128 0x38
 1476 008d 0B       		.uleb128 0xb
 1477 008e 00       		.byte	0
 1478 008f 00       		.byte	0
 1479 0090 0D       		.uleb128 0xd
 1480 0091 04       		.uleb128 0x4
 1481 0092 01       		.byte	0x1
 1482 0093 0B       		.uleb128 0xb
 1483 0094 0B       		.uleb128 0xb
 1484 0095 49       		.uleb128 0x49
 1485 0096 13       		.uleb128 0x13
 1486 0097 3A       		.uleb128 0x3a
 1487 0098 0B       		.uleb128 0xb
 1488 0099 3B       		.uleb128 0x3b
 1489 009a 05       		.uleb128 0x5
 1490 009b 01       		.uleb128 0x1
 1491 009c 13       		.uleb128 0x13
 1492 009d 00       		.byte	0
 1493 009e 00       		.byte	0
 1494 009f 0E       		.uleb128 0xe
 1495 00a0 28       		.uleb128 0x28
 1496 00a1 00       		.byte	0
 1497 00a2 03       		.uleb128 0x3
 1498 00a3 0E       		.uleb128 0xe
 1499 00a4 1C       		.uleb128 0x1c
 1500 00a5 0B       		.uleb128 0xb
 1501 00a6 00       		.byte	0
 1502 00a7 00       		.byte	0
 1503 00a8 0F       		.uleb128 0xf
 1504 00a9 0D       		.uleb128 0xd
 1505 00aa 00       		.byte	0
 1506 00ab 03       		.uleb128 0x3
 1507 00ac 08       		.uleb128 0x8
 1508 00ad 3A       		.uleb128 0x3a
ARM GAS  C:\Users\Girish\AppData\Local\Temp\ccBFtgoC.s 			page 28


 1509 00ae 0B       		.uleb128 0xb
 1510 00af 3B       		.uleb128 0x3b
 1511 00b0 05       		.uleb128 0x5
 1512 00b1 49       		.uleb128 0x49
 1513 00b2 13       		.uleb128 0x13
 1514 00b3 38       		.uleb128 0x38
 1515 00b4 0B       		.uleb128 0xb
 1516 00b5 00       		.byte	0
 1517 00b6 00       		.byte	0
 1518 00b7 10       		.uleb128 0x10
 1519 00b8 13       		.uleb128 0x13
 1520 00b9 01       		.byte	0x1
 1521 00ba 03       		.uleb128 0x3
 1522 00bb 0E       		.uleb128 0xe
 1523 00bc 0B       		.uleb128 0xb
 1524 00bd 0B       		.uleb128 0xb
 1525 00be 3A       		.uleb128 0x3a
 1526 00bf 0B       		.uleb128 0xb
 1527 00c0 3B       		.uleb128 0x3b
 1528 00c1 05       		.uleb128 0x5
 1529 00c2 01       		.uleb128 0x1
 1530 00c3 13       		.uleb128 0x13
 1531 00c4 00       		.byte	0
 1532 00c5 00       		.byte	0
 1533 00c6 11       		.uleb128 0x11
 1534 00c7 01       		.uleb128 0x1
 1535 00c8 01       		.byte	0x1
 1536 00c9 49       		.uleb128 0x49
 1537 00ca 13       		.uleb128 0x13
 1538 00cb 01       		.uleb128 0x1
 1539 00cc 13       		.uleb128 0x13
 1540 00cd 00       		.byte	0
 1541 00ce 00       		.byte	0
 1542 00cf 12       		.uleb128 0x12
 1543 00d0 21       		.uleb128 0x21
 1544 00d1 00       		.byte	0
 1545 00d2 00       		.byte	0
 1546 00d3 00       		.byte	0
 1547 00d4 13       		.uleb128 0x13
 1548 00d5 26       		.uleb128 0x26
 1549 00d6 00       		.byte	0
 1550 00d7 49       		.uleb128 0x49
 1551 00d8 13       		.uleb128 0x13
 1552 00d9 00       		.byte	0
 1553 00da 00       		.byte	0
 1554 00db 14       		.uleb128 0x14
 1555 00dc 21       		.uleb128 0x21
 1556 00dd 00       		.byte	0
 1557 00de 49       		.uleb128 0x49
 1558 00df 13       		.uleb128 0x13
 1559 00e0 2F       		.uleb128 0x2f
 1560 00e1 0B       		.uleb128 0xb
 1561 00e2 00       		.byte	0
 1562 00e3 00       		.byte	0
 1563 00e4 15       		.uleb128 0x15
 1564 00e5 34       		.uleb128 0x34
 1565 00e6 00       		.byte	0
ARM GAS  C:\Users\Girish\AppData\Local\Temp\ccBFtgoC.s 			page 29


 1566 00e7 03       		.uleb128 0x3
 1567 00e8 0E       		.uleb128 0xe
 1568 00e9 3A       		.uleb128 0x3a
 1569 00ea 0B       		.uleb128 0xb
 1570 00eb 3B       		.uleb128 0x3b
 1571 00ec 05       		.uleb128 0x5
 1572 00ed 49       		.uleb128 0x49
 1573 00ee 13       		.uleb128 0x13
 1574 00ef 02       		.uleb128 0x2
 1575 00f0 18       		.uleb128 0x18
 1576 00f1 00       		.byte	0
 1577 00f2 00       		.byte	0
 1578 00f3 16       		.uleb128 0x16
 1579 00f4 34       		.uleb128 0x34
 1580 00f5 00       		.byte	0
 1581 00f6 03       		.uleb128 0x3
 1582 00f7 0E       		.uleb128 0xe
 1583 00f8 3A       		.uleb128 0x3a
 1584 00f9 0B       		.uleb128 0xb
 1585 00fa 3B       		.uleb128 0x3b
 1586 00fb 0B       		.uleb128 0xb
 1587 00fc 49       		.uleb128 0x49
 1588 00fd 13       		.uleb128 0x13
 1589 00fe 3F       		.uleb128 0x3f
 1590 00ff 19       		.uleb128 0x19
 1591 0100 02       		.uleb128 0x2
 1592 0101 18       		.uleb128 0x18
 1593 0102 00       		.byte	0
 1594 0103 00       		.byte	0
 1595 0104 17       		.uleb128 0x17
 1596 0105 34       		.uleb128 0x34
 1597 0106 00       		.byte	0
 1598 0107 03       		.uleb128 0x3
 1599 0108 0E       		.uleb128 0xe
 1600 0109 3A       		.uleb128 0x3a
 1601 010a 0B       		.uleb128 0xb
 1602 010b 3B       		.uleb128 0x3b
 1603 010c 05       		.uleb128 0x5
 1604 010d 49       		.uleb128 0x49
 1605 010e 13       		.uleb128 0x13
 1606 010f 3F       		.uleb128 0x3f
 1607 0110 19       		.uleb128 0x19
 1608 0111 02       		.uleb128 0x2
 1609 0112 18       		.uleb128 0x18
 1610 0113 00       		.byte	0
 1611 0114 00       		.byte	0
 1612 0115 18       		.uleb128 0x18
 1613 0116 21       		.uleb128 0x21
 1614 0117 00       		.byte	0
 1615 0118 49       		.uleb128 0x49
 1616 0119 13       		.uleb128 0x13
 1617 011a 00       		.byte	0
 1618 011b 00       		.byte	0
 1619 011c 19       		.uleb128 0x19
 1620 011d 34       		.uleb128 0x34
 1621 011e 00       		.byte	0
 1622 011f 03       		.uleb128 0x3
ARM GAS  C:\Users\Girish\AppData\Local\Temp\ccBFtgoC.s 			page 30


 1623 0120 0E       		.uleb128 0xe
 1624 0121 3A       		.uleb128 0x3a
 1625 0122 0B       		.uleb128 0xb
 1626 0123 3B       		.uleb128 0x3b
 1627 0124 0B       		.uleb128 0xb
 1628 0125 49       		.uleb128 0x49
 1629 0126 13       		.uleb128 0x13
 1630 0127 3F       		.uleb128 0x3f
 1631 0128 19       		.uleb128 0x19
 1632 0129 3C       		.uleb128 0x3c
 1633 012a 19       		.uleb128 0x19
 1634 012b 00       		.byte	0
 1635 012c 00       		.byte	0
 1636 012d 00       		.byte	0
 1637              		.section	.debug_aranges,"",%progbits
 1638 0000 14000000 		.4byte	0x14
 1639 0004 0200     		.2byte	0x2
 1640 0006 00000000 		.4byte	.Ldebug_info0
 1641 000a 04       		.byte	0x4
 1642 000b 00       		.byte	0
 1643 000c 0000     		.2byte	0
 1644 000e 0000     		.2byte	0
 1645 0010 00000000 		.4byte	0
 1646 0014 00000000 		.4byte	0
 1647              		.section	.debug_line,"",%progbits
 1648              	.Ldebug_line0:
 1649 0000 38010000 		.section	.debug_str,"MS",%progbits,1
 1649      02003201 
 1649      00000201 
 1649      FB0E0D00 
 1649      01010101 
 1650              	.LASF46:
 1651 0000 6E657874 		.ascii	"next\000"
 1651      00
 1652              	.LASF83:
 1653 0005 45455F74 		.ascii	"EE_th_terminate_nextask\000"
 1653      685F7465 
 1653      726D696E 
 1653      6174655F 
 1653      6E657874 
 1654              	.LASF24:
 1655 001d 5469636B 		.ascii	"TickType\000"
 1655      54797065 
 1655      00
 1656              	.LASF84:
 1657 0026 45455F73 		.ascii	"EE_stkfirst\000"
 1657      746B6669 
 1657      72737400 
 1658              	.LASF26:
 1659 0032 41637469 		.ascii	"ActionType\000"
 1659      6F6E5479 
 1659      706500
 1660              	.LASF19:
 1661 003d 45455F54 		.ascii	"EE_TYPEBOOL\000"
 1661      59504542 
 1661      4F4F4C00 
 1662              	.LASF109:
ARM GAS  C:\Users\Girish\AppData\Local\Temp\ccBFtgoC.s 			page 31


 1663 0049 45455F63 		.ascii	"EE_cortex_mx_IRQ_tos\000"
 1663      6F727465 
 1663      785F6D78 
 1663      5F495251 
 1663      5F746F73 
 1664              	.LASF7:
 1665 005e 6C6F6E67 		.ascii	"long long unsigned int\000"
 1665      206C6F6E 
 1665      6720756E 
 1665      7369676E 
 1665      65642069 
 1666              	.LASF45:
 1667 0075 64656C74 		.ascii	"delta\000"
 1667      6100
 1668              	.LASF42:
 1669 007b 45455F6F 		.ascii	"EE_oo_counter_object_ROM_type\000"
 1669      6F5F636F 
 1669      756E7465 
 1669      725F6F62 
 1669      6A656374 
 1670              	.LASF89:
 1671 0099 45455F72 		.ascii	"EE_rq_pairs_next\000"
 1671      715F7061 
 1671      6972735F 
 1671      6E657874 
 1671      00
 1672              	.LASF22:
 1673 00aa 5461736B 		.ascii	"TaskType\000"
 1673      54797065 
 1673      00
 1674              	.LASF61:
 1675 00b3 45455F54 		.ascii	"EE_TOS\000"
 1675      4F5300
 1676              	.LASF29:
 1677 00ba 6D617861 		.ascii	"maxallowedvalue\000"
 1677      6C6C6F77 
 1677      65647661 
 1677      6C756500 
 1678              	.LASF114:
 1679 00ca 45455F6F 		.ascii	"EE_oo_autostart_task_mode_OSDEFAULTAPPMODE\000"
 1679      6F5F6175 
 1679      746F7374 
 1679      6172745F 
 1679      7461736B 
 1680              	.LASF79:
 1681 00f5 45455F41 		.ascii	"EE_ALARM_ID\000"
 1681      4C41524D 
 1681      5F494400 
 1682              	.LASF6:
 1683 0101 6C6F6E67 		.ascii	"long long int\000"
 1683      206C6F6E 
 1683      6720696E 
 1683      7400
 1684              	.LASF0:
 1685 010f 7369676E 		.ascii	"signed char\000"
 1685      65642063 
 1685      68617200 
ARM GAS  C:\Users\Girish\AppData\Local\Temp\ccBFtgoC.s 			page 32


 1686              	.LASF52:
 1687 011b 45455F6F 		.ascii	"EE_oo_action_kind_type\000"
 1687      6F5F6163 
 1687      74696F6E 
 1687      5F6B696E 
 1687      645F7479 
 1688              	.LASF23:
 1689 0132 4576656E 		.ascii	"EventMaskType\000"
 1689      744D6173 
 1689      6B547970 
 1689      6500
 1690              	.LASF76:
 1691 0140 45455F45 		.ascii	"EE_EVENT_NAME\000"
 1691      56454E54 
 1691      5F4E414D 
 1691      4500
 1692              	.LASF100:
 1693 014e 45455F61 		.ascii	"EE_alarm_ROM\000"
 1693      6C61726D 
 1693      5F524F4D 
 1693      00
 1694              	.LASF70:
 1695 015b 45455F63 		.ascii	"EE_cortex_mx_active_tos\000"
 1695      6F727465 
 1695      785F6D78 
 1695      5F616374 
 1695      6976655F 
 1696              	.LASF35:
 1697 0173 45455F6F 		.ascii	"EE_oo_counter_RAM_type\000"
 1697      6F5F636F 
 1697      756E7465 
 1697      725F5241 
 1697      4D5F7479 
 1698              	.LASF78:
 1699 018a 45455F45 		.ascii	"EE_EVENT_ID\000"
 1699      56454E54 
 1699      5F494400 
 1700              	.LASF4:
 1701 0196 6C6F6E67 		.ascii	"long int\000"
 1701      20696E74 
 1701      00
 1702              	.LASF87:
 1703 019f 45455F72 		.ascii	"EE_rq_queues_head\000"
 1703      715F7175 
 1703      65756573 
 1703      5F686561 
 1703      6400
 1704              	.LASF105:
 1705 01b1 45455F6F 		.ascii	"EE_oo_IRQ_suspend_status\000"
 1705      6F5F4952 
 1705      515F7375 
 1705      7370656E 
 1705      645F7374 
 1706              	.LASF107:
 1707 01ca 45455F73 		.ascii	"EE_std_endcycle_next_tid\000"
 1707      74645F65 
 1707      6E646379 
ARM GAS  C:\Users\Girish\AppData\Local\Temp\ccBFtgoC.s 			page 33


 1707      636C655F 
 1707      6E657874 
 1708              	.LASF31:
 1709 01e3 6D696E63 		.ascii	"mincycle\000"
 1709      79636C65 
 1709      00
 1710              	.LASF20:
 1711 01ec 45455F54 		.ascii	"EE_TID\000"
 1711      494400
 1712              	.LASF33:
 1713 01f3 76616C75 		.ascii	"value\000"
 1713      6500
 1714              	.LASF8:
 1715 01f9 756E7369 		.ascii	"unsigned int\000"
 1715      676E6564 
 1715      20696E74 
 1715      00
 1716              	.LASF16:
 1717 0206 45455F55 		.ascii	"EE_UREG\000"
 1717      52454700 
 1718              	.LASF60:
 1719 020e 45455F6F 		.ascii	"EE_oo_alarm_ROM_type\000"
 1719      6F5F616C 
 1719      61726D5F 
 1719      524F4D5F 
 1719      74797065 
 1720              	.LASF77:
 1721 0223 45455F41 		.ascii	"EE_ALARM_NAME\000"
 1721      4C41524D 
 1721      5F4E414D 
 1721      4500
 1722              	.LASF5:
 1723 0231 6C6F6E67 		.ascii	"long unsigned int\000"
 1723      20756E73 
 1723      69676E65 
 1723      6420696E 
 1723      7400
 1724              	.LASF95:
 1725 0243 45455F74 		.ascii	"EE_th_waswaiting\000"
 1725      685F7761 
 1725      73776169 
 1725      74696E67 
 1725      00
 1726              	.LASF62:
 1727 0254 45455F6F 		.ascii	"EE_oo_autostart_task_type\000"
 1727      6F5F6175 
 1727      746F7374 
 1727      6172745F 
 1727      7461736B 
 1728              	.LASF41:
 1729 026e 6B696E64 		.ascii	"kind\000"
 1729      00
 1730              	.LASF3:
 1731 0273 73686F72 		.ascii	"short unsigned int\000"
 1731      7420756E 
 1731      7369676E 
 1731      65642069 
ARM GAS  C:\Users\Girish\AppData\Local\Temp\ccBFtgoC.s 			page 34


 1731      6E7400
 1732              	.LASF104:
 1733 0286 45455F6F 		.ascii	"EE_oo_IRQ_disable_count\000"
 1733      6F5F4952 
 1733      515F6469 
 1733      7361626C 
 1733      655F636F 
 1734              	.LASF38:
 1735 029e 45455F6F 		.ascii	"EE_oo_counter_object_kind_type\000"
 1735      6F5F636F 
 1735      756E7465 
 1735      725F6F62 
 1735      6A656374 
 1736              	.LASF80:
 1737 02bd 45455F74 		.ascii	"EE_th_status\000"
 1737      685F7374 
 1737      61747573 
 1737      00
 1738              	.LASF39:
 1739 02ca 436F756E 		.ascii	"CounterObjectKindType\000"
 1739      7465724F 
 1739      626A6563 
 1739      744B696E 
 1739      64547970 
 1740              	.LASF73:
 1741 02e0 45455F74 		.ascii	"EE_th_dispatch_prio\000"
 1741      685F6469 
 1741      73706174 
 1741      63685F70 
 1741      72696F00 
 1742              	.LASF110:
 1743 02f4 45455F63 		.ascii	"EE_cortex_mx_stack_9\000"
 1743      6F727465 
 1743      785F6D78 
 1743      5F737461 
 1743      636B5F39 
 1744              	.LASF14:
 1745 0309 45455F56 		.ascii	"EE_VOID_CALLBACK\000"
 1745      4F49445F 
 1745      43414C4C 
 1745      4241434B 
 1745      00
 1746              	.LASF27:
 1747 031a 436F756E 		.ascii	"CounterType\000"
 1747      74657254 
 1747      79706500 
 1748              	.LASF98:
 1749 0326 45455F6F 		.ascii	"EE_oo_counter_object_ROM\000"
 1749      6F5F636F 
 1749      756E7465 
 1749      725F6F62 
 1749      6A656374 
 1750              	.LASF59:
 1751 033f 61637469 		.ascii	"action_id\000"
 1751      6F6E5F69 
 1751      6400
 1752              	.LASF106:
ARM GAS  C:\Users\Girish\AppData\Local\Temp\ccBFtgoC.s 			page 35


 1753 0349 45455F41 		.ascii	"EE_ApplicationMode\000"
 1753      70706C69 
 1753      63617469 
 1753      6F6E4D6F 
 1753      646500
 1754              	.LASF99:
 1755 035c 45455F6F 		.ascii	"EE_oo_action_ROM\000"
 1755      6F5F6163 
 1755      74696F6E 
 1755      5F524F4D 
 1755      00
 1756              	.LASF21:
 1757 036d 45455F54 		.ascii	"EE_TYPE_RQ_MASK\000"
 1757      5950455F 
 1757      52515F4D 
 1757      41534B00 
 1758              	.LASF64:
 1759 037d 73697A65 		.ascii	"sizetype\000"
 1759      74797065 
 1759      00
 1760              	.LASF9:
 1761 0386 6C6F6E67 		.ascii	"long double\000"
 1761      20646F75 
 1761      626C6500 
 1762              	.LASF92:
 1763 0392 45455F72 		.ascii	"EE_rq_free\000"
 1763      715F6672 
 1763      656500
 1764              	.LASF86:
 1765 039d 45455F72 		.ascii	"EE_rq_link\000"
 1765      715F6C69 
 1765      6E6B00
 1766              	.LASF17:
 1767 03a8 45455F53 		.ascii	"EE_SREG\000"
 1767      52454700 
 1768              	.LASF30:
 1769 03b0 7469636B 		.ascii	"ticksperbase\000"
 1769      73706572 
 1769      62617365 
 1769      00
 1770              	.LASF43:
 1771 03bd 75736564 		.ascii	"used\000"
 1771      00
 1772              	.LASF47:
 1773 03c2 45455F6F 		.ascii	"EE_oo_counter_object_RAM_type\000"
 1773      6F5F636F 
 1773      756E7465 
 1773      725F6F62 
 1773      6A656374 
 1774              	.LASF97:
 1775 03e0 45455F63 		.ascii	"EE_counter_ROM\000"
 1775      6F756E74 
 1775      65725F52 
 1775      4F4D00
 1776              	.LASF58:
 1777 03ef 45455F6F 		.ascii	"EE_oo_action_ROM_type\000"
 1777      6F5F6163 
ARM GAS  C:\Users\Girish\AppData\Local\Temp\ccBFtgoC.s 			page 36


 1777      74696F6E 
 1777      5F524F4D 
 1777      5F747970 
 1778              	.LASF10:
 1779 0405 45455F55 		.ascii	"EE_UINT16\000"
 1779      494E5431 
 1779      3600
 1780              	.LASF37:
 1781 040f 45455F53 		.ascii	"EE_SCHEDULETABLE\000"
 1781      43484544 
 1781      554C4554 
 1781      41424C45 
 1781      00
 1782              	.LASF69:
 1783 0420 45455F63 		.ascii	"EE_cortex_mx_system_tos\000"
 1783      6F727465 
 1783      785F6D78 
 1783      5F737973 
 1783      74656D5F 
 1784              	.LASF1:
 1785 0438 756E7369 		.ascii	"unsigned char\000"
 1785      676E6564 
 1785      20636861 
 1785      7200
 1786              	.LASF36:
 1787 0446 45455F41 		.ascii	"EE_ALARM\000"
 1787      4C41524D 
 1787      00
 1788              	.LASF81:
 1789 044f 45455F74 		.ascii	"EE_th_next\000"
 1789      685F6E65 
 1789      787400
 1790              	.LASF68:
 1791 045a 45455F74 		.ascii	"EE_terminate_real_th_body\000"
 1791      65726D69 
 1791      6E617465 
 1791      5F726561 
 1791      6C5F7468 
 1792              	.LASF57:
 1793 0474 696E6363 		.ascii	"inccount\000"
 1793      6F756E74 
 1793      00
 1794              	.LASF2:
 1795 047d 73686F72 		.ascii	"short int\000"
 1795      7420696E 
 1795      7400
 1796              	.LASF94:
 1797 0487 45455F74 		.ascii	"EE_th_event_waitmask\000"
 1797      685F6576 
 1797      656E745F 
 1797      77616974 
 1797      6D61736B 
 1798              	.LASF75:
 1799 049c 45455F54 		.ascii	"EE_TASK_NAME\000"
 1799      41534B5F 
 1799      4E414D45 
 1799      00
ARM GAS  C:\Users\Girish\AppData\Local\Temp\ccBFtgoC.s 			page 37


 1800              	.LASF32:
 1801 04a9 45455F6F 		.ascii	"EE_oo_counter_ROM_type\000"
 1801      6F5F636F 
 1801      756E7465 
 1801      725F524F 
 1801      4D5F7479 
 1802              	.LASF111:
 1803 04c0 474E5520 		.ascii	"GNU C11 5.4.1 20160609 (release) [ARM/embedded-5-br"
 1803      43313120 
 1803      352E342E 
 1803      31203230 
 1803      31363036 
 1804 04f3 616E6368 		.ascii	"anch revision 237715] -mcpu=cortex-m3 -mthumb -g -O"
 1804      20726576 
 1804      6973696F 
 1804      6E203233 
 1804      37373135 
 1805 0526 67202D66 		.ascii	"g -ffunction-sections -ffat-lto-objects\000"
 1805      66756E63 
 1805      74696F6E 
 1805      2D736563 
 1805      74696F6E 
 1806              	.LASF56:
 1807 054e 61637469 		.ascii	"action_mask\000"
 1807      6F6E5F6D 
 1807      61736B00 
 1808              	.LASF15:
 1809 055a 45455F54 		.ascii	"EE_THREAD_PTR\000"
 1809      48524541 
 1809      445F5054 
 1809      5200
 1810              	.LASF88:
 1811 0568 45455F72 		.ascii	"EE_rq_queues_tail\000"
 1811      715F7175 
 1811      65756573 
 1811      5F746169 
 1811      6C00
 1812              	.LASF66:
 1813 057a 45455F73 		.ascii	"EE_std_thread_tos\000"
 1813      74645F74 
 1813      68726561 
 1813      645F746F 
 1813      7300
 1814              	.LASF51:
 1815 058c 45455F41 		.ascii	"EE_ACTION_CALLBACK\000"
 1815      4354494F 
 1815      4E5F4341 
 1815      4C4C4241 
 1815      434B00
 1816              	.LASF91:
 1817 059f 45455F72 		.ascii	"EE_rq_bitmask\000"
 1817      715F6269 
 1817      746D6173 
 1817      6B00
 1818              	.LASF34:
 1819 05ad 66697273 		.ascii	"first\000"
 1819      7400
ARM GAS  C:\Users\Girish\AppData\Local\Temp\ccBFtgoC.s 			page 38


 1820              	.LASF25:
 1821 05b3 436F756E 		.ascii	"CounterObjectType\000"
 1821      7465724F 
 1821      626A6563 
 1821      74547970 
 1821      6500
 1822              	.LASF74:
 1823 05c5 63686172 		.ascii	"char\000"
 1823      00
 1824              	.LASF48:
 1825 05ca 45455F41 		.ascii	"EE_ACTION_TASK\000"
 1825      4354494F 
 1825      4E5F5441 
 1825      534B00
 1826              	.LASF71:
 1827 05d9 45455F74 		.ascii	"EE_th_rnact_max\000"
 1827      685F726E 
 1827      6163745F 
 1827      6D617800 
 1828              	.LASF50:
 1829 05e9 45455F41 		.ascii	"EE_ACTION_COUNTER\000"
 1829      4354494F 
 1829      4E5F434F 
 1829      554E5445 
 1829      5200
 1830              	.LASF101:
 1831 05fb 45455F63 		.ascii	"EE_counter_RAM\000"
 1831      6F756E74 
 1831      65725F52 
 1831      414D00
 1832              	.LASF40:
 1833 060a 73706563 		.ascii	"spec_id\000"
 1833      5F696400 
 1834              	.LASF49:
 1835 0612 45455F41 		.ascii	"EE_ACTION_EVENT\000"
 1835      4354494F 
 1835      4E5F4556 
 1835      454E5400 
 1836              	.LASF65:
 1837 0622 45455F68 		.ascii	"EE_hal_thread_body\000"
 1837      616C5F74 
 1837      68726561 
 1837      645F626F 
 1837      647900
 1838              	.LASF85:
 1839 0635 45455F73 		.ascii	"EE_sys_ceiling\000"
 1839      79735F63 
 1839      65696C69 
 1839      6E6700
 1840              	.LASF54:
 1841 0644 61637469 		.ascii	"action_kind\000"
 1841      6F6E5F6B 
 1841      696E6400 
 1842              	.LASF63:
 1843 0650 7461736B 		.ascii	"task\000"
 1843      00
 1844              	.LASF102:
ARM GAS  C:\Users\Girish\AppData\Local\Temp\ccBFtgoC.s 			page 39


 1845 0655 45455F6F 		.ascii	"EE_oo_counter_object_RAM\000"
 1845      6F5F636F 
 1845      756E7465 
 1845      725F6F62 
 1845      6A656374 
 1846              	.LASF53:
 1847 066e 41637469 		.ascii	"ActionKindType\000"
 1847      6F6E4B69 
 1847      6E645479 
 1847      706500
 1848              	.LASF72:
 1849 067d 45455F74 		.ascii	"EE_th_ready_prio\000"
 1849      685F7265 
 1849      6164795F 
 1849      7072696F 
 1849      00
 1850              	.LASF82:
 1851 068e 45455F74 		.ascii	"EE_th_rnact\000"
 1851      685F726E 
 1851      61637400 
 1852              	.LASF90:
 1853 069a 45455F72 		.ascii	"EE_rq_pairs_tid\000"
 1853      715F7061 
 1853      6972735F 
 1853      74696400 
 1854              	.LASF108:
 1855 06aa 45455F49 		.ascii	"EE_IRQ_nesting_level\000"
 1855      52515F6E 
 1855      65737469 
 1855      6E675F6C 
 1855      6576656C 
 1856              	.LASF12:
 1857 06bf 45455F55 		.ascii	"EE_UINT32\000"
 1857      494E5433 
 1857      3200
 1858              	.LASF11:
 1859 06c9 45455F49 		.ascii	"EE_INT32\000"
 1859      4E543332 
 1859      00
 1860              	.LASF67:
 1861 06d2 45455F74 		.ascii	"EE_terminate_data\000"
 1861      65726D69 
 1861      6E617465 
 1861      5F646174 
 1861      6100
 1862              	.LASF112:
 1863 06e4 47656E65 		.ascii	"Generated_Source\\PSoC5\\ErikaOS_1_eecfg.c\000"
 1863      72617465 
 1863      645F536F 
 1863      75726365 
 1863      5C50536F 
 1864              	.LASF93:
 1865 070d 45455F74 		.ascii	"EE_th_event_active\000"
 1865      685F6576 
 1865      656E745F 
 1865      61637469 
 1865      766500
ARM GAS  C:\Users\Girish\AppData\Local\Temp\ccBFtgoC.s 			page 40


 1866              	.LASF44:
 1867 0720 636E7463 		.ascii	"cntcycle\000"
 1867      79636C65 
 1867      00
 1868              	.LASF28:
 1869 0729 5359535F 		.ascii	"SYS_tos\000"
 1869      746F7300 
 1870              	.LASF55:
 1871 0731 61637469 		.ascii	"action_task\000"
 1871      6F6E5F74 
 1871      61736B00 
 1872              	.LASF13:
 1873 073d 45455F41 		.ascii	"EE_ADDR\000"
 1873      44445200 
 1874              	.LASF96:
 1875 0745 45455F74 		.ascii	"EE_th_is_extended\000"
 1875      685F6973 
 1875      5F657874 
 1875      656E6465 
 1875      6400
 1876              	.LASF113:
 1877 0757 433A5C55 		.ascii	"C:\\Users\\Girish\\OneDrive\\Documents\\PSoC Creato"
 1877      73657273 
 1877      5C476972 
 1877      6973685C 
 1877      4F6E6544 
 1878 0785 725C4572 		.ascii	"r\\Erika_OS_WorkSpace\\Erika_LED_Glower.cydsn\000"
 1878      696B615F 
 1878      4F535F57 
 1878      6F726B53 
 1878      70616365 
 1879              	.LASF18:
 1880 07b1 45455F46 		.ascii	"EE_FREG\000"
 1880      52454700 
 1881              	.LASF103:
 1882 07b9 45455F6F 		.ascii	"EE_oo_autostart_task_data\000"
 1882      6F5F6175 
 1882      746F7374 
 1882      6172745F 
 1882      7461736B 
 1883              		.ident	"GCC: (GNU Tools for ARM Embedded Processors) 5.4.1 20160609 (release) [ARM/embedded-5-bran
