ARM GAS  C:\Users\Girish\AppData\Local\Temp\ccKbjNnR.s 			page 1


   1              		.syntax unified
   2              		.cpu cortex-m3
   3              		.fpu softvfp
   4              		.eabi_attribute 20, 1
   5              		.eabi_attribute 21, 1
   6              		.eabi_attribute 23, 3
   7              		.eabi_attribute 24, 1
   8              		.eabi_attribute 25, 1
   9              		.eabi_attribute 26, 1
  10              		.eabi_attribute 30, 1
  11              		.eabi_attribute 34, 1
  12              		.eabi_attribute 18, 4
  13              		.thumb
  14              		.syntax unified
  15              		.file	"fader.c"
  16              		.text
  17              	.Ltext0:
  18              		.cfi_sections	.debug_frame
  19              		.section	.text.Fader_Start,"ax",%progbits
  20              		.align	2
  21              		.global	Fader_Start
  22              		.thumb
  23              		.thumb_func
  24              		.type	Fader_Start, %function
  25              	Fader_Start:
  26              	.LFB110:
  27              		.file 1 "source\\bsw\\fader.c"
   1:source\bsw/fader.c **** /**
   2:source\bsw/fader.c **** * \file <filename>
   3:source\bsw/fader.c **** * \author <author-name>
   4:source\bsw/fader.c **** * \date <date>
   5:source\bsw/fader.c **** *
   6:source\bsw/fader.c **** * \brief <Symbolic File name>
   7:source\bsw/fader.c **** *
   8:source\bsw/fader.c **** * \copyright Copyright ©2016
   9:source\bsw/fader.c **** * Department of electrical engineering and information technology, Hochschule Darmstadt - Universit
  10:source\bsw/fader.c **** * Permission to use, copy, modify, and distribute this software and its documentation for education
  11:source\bsw/fader.c **** * (unless permitted by h_da) and official h_da projects, is hereby granted for enrolled students of
  12:source\bsw/fader.c **** * this paragraph and the following paragraph appear in all copies, modifications, and distributions
  13:source\bsw/fader.c **** * Contact Prof.Dr.-Ing. Peter Fromm, peter.fromm@h-da.de, Birkenweg 8 64295 Darmstadt - GERMANY for
  14:source\bsw/fader.c **** *
  15:source\bsw/fader.c **** * \warning This software is a PROTOTYPE version and is not designed or intended for use in producti
  16:source\bsw/fader.c **** * The user represents and warrants that it will NOT use or redistribute the Software for such purpo
  17:source\bsw/fader.c **** * This prototype is for research purposes only. This software is provided "AS IS," without a warran
  18:source\bsw/fader.c **** */
  19:source\bsw/fader.c **** 
  20:source\bsw/fader.c **** /*****************************************************************************/
  21:source\bsw/fader.c **** /* Include files                                                             */
  22:source\bsw/fader.c **** /*****************************************************************************/
  23:source\bsw/fader.c **** #include "fader.h"
  24:source\bsw/fader.c **** #include "project.h"
  25:source\bsw/fader.c **** /*****************************************************************************/
  26:source\bsw/fader.c **** /* Local pre-processor symbols/macros ('#define')                            */
  27:source\bsw/fader.c **** /*****************************************************************************/
  28:source\bsw/fader.c **** 
  29:source\bsw/fader.c **** /*****************************************************************************/
  30:source\bsw/fader.c **** /* Global variable definitions (declared in header file with 'extern')       */
ARM GAS  C:\Users\Girish\AppData\Local\Temp\ccKbjNnR.s 			page 2


  31:source\bsw/fader.c **** /*****************************************************************************/
  32:source\bsw/fader.c **** 
  33:source\bsw/fader.c **** /*****************************************************************************/
  34:source\bsw/fader.c **** /* Local type definitions ('typedef')                                        */
  35:source\bsw/fader.c **** /*****************************************************************************/
  36:source\bsw/fader.c **** 
  37:source\bsw/fader.c **** /*****************************************************************************/
  38:source\bsw/fader.c **** /* Local variable definitions ('static')                                     */
  39:source\bsw/fader.c **** /*****************************************************************************/
  40:source\bsw/fader.c **** 
  41:source\bsw/fader.c **** 
  42:source\bsw/fader.c **** 
  43:source\bsw/fader.c **** /*****************************************************************************/
  44:source\bsw/fader.c **** /* Local function prototypes ('static')                                      */
  45:source\bsw/fader.c **** /*****************************************************************************/
  46:source\bsw/fader.c **** 
  47:source\bsw/fader.c **** 
  48:source\bsw/fader.c **** /*****************************************************************************/
  49:source\bsw/fader.c **** /* Function implementation - global ('extern') and local ('static')          */
  50:source\bsw/fader.c **** /*****************************************************************************/
  51:source\bsw/fader.c **** 
  52:source\bsw/fader.c **** /**
  53:source\bsw/fader.c ****  * The function starts the PWM for all the LEDs
  54:source\bsw/fader.c ****  * @param no prameter
  55:source\bsw/fader.c ****  * @return RC_SUCCESS if ok
  56:source\bsw/fader.c ****  */
  57:source\bsw/fader.c **** RC_t Fader_Start()
  58:source\bsw/fader.c **** {
  28              		.loc 1 58 0
  29              		.cfi_startproc
  30              		@ args = 0, pretend = 0, frame = 0
  31              		@ frame_needed = 0, uses_anonymous_args = 0
  32              		@ link register save eliminated.
  59:source\bsw/fader.c ****     //PWM_Led_Red_Start();
  60:source\bsw/fader.c ****     //PWM_Led_Yellow_Start();
  61:source\bsw/fader.c ****     //PWM_Led_Green_Start();
  62:source\bsw/fader.c ****     
  63:source\bsw/fader.c ****     return RC_SUCCESS;
  64:source\bsw/fader.c **** }
  33              		.loc 1 64 0
  34 0000 0020     		movs	r0, #0
  35 0002 7047     		bx	lr
  36              		.cfi_endproc
  37              	.LFE110:
  38              		.size	Fader_Start, .-Fader_Start
  39              		.section	.text.Fader_init,"ax",%progbits
  40              		.align	2
  41              		.global	Fader_init
  42              		.thumb
  43              		.thumb_func
  44              		.type	Fader_init, %function
  45              	Fader_init:
  46              	.LFB111:
  65:source\bsw/fader.c **** 
  66:source\bsw/fader.c **** /**
  67:source\bsw/fader.c ****  * Initialize each LEDs to OFF state.
  68:source\bsw/fader.c ****  * @param none
ARM GAS  C:\Users\Girish\AppData\Local\Temp\ccKbjNnR.s 			page 3


  69:source\bsw/fader.c ****  * @return RC_SUCCESS if ok.
  70:source\bsw/fader.c ****  */
  71:source\bsw/fader.c **** RC_t Fader_init()
  72:source\bsw/fader.c **** {
  47              		.loc 1 72 0
  48              		.cfi_startproc
  49              		@ args = 0, pretend = 0, frame = 0
  50              		@ frame_needed = 0, uses_anonymous_args = 0
  51 0000 08B5     		push	{r3, lr}
  52              		.cfi_def_cfa_offset 8
  53              		.cfi_offset 3, -8
  54              		.cfi_offset 14, -4
  73:source\bsw/fader.c ****     PWM1_WriteCompare(0);
  55              		.loc 1 73 0
  56 0002 0020     		movs	r0, #0
  57 0004 FFF7FEFF 		bl	PWM1_WriteCompare
  58              	.LVL0:
  74:source\bsw/fader.c ****     PWM2_WriteCompare(0);
  59              		.loc 1 74 0
  60 0008 0020     		movs	r0, #0
  61 000a FFF7FEFF 		bl	PWM2_WriteCompare
  62              	.LVL1:
  75:source\bsw/fader.c ****     PWM3_WriteCompare(0);
  63              		.loc 1 75 0
  64 000e 0020     		movs	r0, #0
  65 0010 FFF7FEFF 		bl	PWM3_WriteCompare
  66              	.LVL2:
  76:source\bsw/fader.c ****     
  77:source\bsw/fader.c ****     return RC_SUCCESS;
  78:source\bsw/fader.c **** }
  67              		.loc 1 78 0
  68 0014 0020     		movs	r0, #0
  69 0016 08BD     		pop	{r3, pc}
  70              		.cfi_endproc
  71              	.LFE111:
  72              		.size	Fader_init, .-Fader_init
  73              		.section	.text.Fader_LED,"ax",%progbits
  74              		.align	2
  75              		.global	Fader_LED
  76              		.thumb
  77              		.thumb_func
  78              		.type	Fader_LED, %function
  79              	Fader_LED:
  80              	.LFB112:
  79:source\bsw/fader.c **** 
  80:source\bsw/fader.c **** RC_t Fader_LED()
  81:source\bsw/fader.c **** {
  81              		.loc 1 81 0
  82              		.cfi_startproc
  83              		@ args = 0, pretend = 0, frame = 0
  84              		@ frame_needed = 0, uses_anonymous_args = 0
  85 0000 38B5     		push	{r3, r4, r5, lr}
  86              		.cfi_def_cfa_offset 16
  87              		.cfi_offset 3, -16
  88              		.cfi_offset 4, -12
  89              		.cfi_offset 5, -8
  90              		.cfi_offset 14, -4
ARM GAS  C:\Users\Girish\AppData\Local\Temp\ccKbjNnR.s 			page 4


  91              	.LVL3:
  92              	.LBB2:
  82:source\bsw/fader.c ****     for(int i = 0; i < 255; i++)
  93              		.loc 1 82 0
  94 0002 0024     		movs	r4, #0
  95 0004 08E0     		b	.L5
  96              	.LVL4:
  97              	.L6:
  83:source\bsw/fader.c ****     {
  84:source\bsw/fader.c ****         PWM1_Start();
  98              		.loc 1 84 0 discriminator 3
  99 0006 FFF7FEFF 		bl	PWM1_Start
 100              	.LVL5:
  85:source\bsw/fader.c ****         //Turn ON Red LED
  86:source\bsw/fader.c ****         PWM1_WriteCompare(i);
 101              		.loc 1 86 0 discriminator 3
 102 000a E0B2     		uxtb	r0, r4
 103 000c FFF7FEFF 		bl	PWM1_WriteCompare
 104              	.LVL6:
  87:source\bsw/fader.c ****         CyDelay(5);
 105              		.loc 1 87 0 discriminator 3
 106 0010 0520     		movs	r0, #5
 107 0012 FFF7FEFF 		bl	CyDelay
 108              	.LVL7:
  82:source\bsw/fader.c ****     {
 109              		.loc 1 82 0 discriminator 3
 110 0016 0134     		adds	r4, r4, #1
 111              	.LVL8:
 112              	.L5:
  82:source\bsw/fader.c ****     {
 113              		.loc 1 82 0 is_stmt 0 discriminator 1
 114 0018 FE2C     		cmp	r4, #254
 115 001a F4DD     		ble	.L6
 116 001c FF25     		movs	r5, #255
 117 001e 0DE0     		b	.L7
 118              	.LVL9:
 119              	.L8:
 120              	.LBE2:
 121              	.LBB3:
  88:source\bsw/fader.c ****     }
  89:source\bsw/fader.c ****     
  90:source\bsw/fader.c ****     for(int i = 255; i > 0; i--)
  91:source\bsw/fader.c ****     {
  92:source\bsw/fader.c ****         PWM2_Start();
 122              		.loc 1 92 0 is_stmt 1 discriminator 3
 123 0020 FFF7FEFF 		bl	PWM2_Start
 124              	.LVL10:
  93:source\bsw/fader.c ****         //along with Turn OFF Red LED, Turn ON Yellow LED.
  94:source\bsw/fader.c ****         PWM1_WriteCompare(i);
 125              		.loc 1 94 0 discriminator 3
 126 0024 ECB2     		uxtb	r4, r5
 127 0026 2046     		mov	r0, r4
 128 0028 FFF7FEFF 		bl	PWM1_WriteCompare
 129              	.LVL11:
  95:source\bsw/fader.c ****         PWM2_WriteCompare(255-i);
 130              		.loc 1 95 0 discriminator 3
 131 002c E043     		mvns	r0, r4
ARM GAS  C:\Users\Girish\AppData\Local\Temp\ccKbjNnR.s 			page 5


 132 002e C0B2     		uxtb	r0, r0
 133 0030 FFF7FEFF 		bl	PWM2_WriteCompare
 134              	.LVL12:
  96:source\bsw/fader.c ****         CyDelay(5);
 135              		.loc 1 96 0 discriminator 3
 136 0034 0520     		movs	r0, #5
 137 0036 FFF7FEFF 		bl	CyDelay
 138              	.LVL13:
  90:source\bsw/fader.c ****     {
 139              		.loc 1 90 0 discriminator 3
 140 003a 013D     		subs	r5, r5, #1
 141              	.LVL14:
 142              	.L7:
  90:source\bsw/fader.c ****     {
 143              		.loc 1 90 0 is_stmt 0 discriminator 1
 144 003c 002D     		cmp	r5, #0
 145 003e EFDC     		bgt	.L8
 146 0040 0024     		movs	r4, #0
 147 0042 0DE0     		b	.L9
 148              	.LVL15:
 149              	.L10:
 150              	.LBE3:
 151              	.LBB4:
  97:source\bsw/fader.c ****     }
  98:source\bsw/fader.c **** 
  99:source\bsw/fader.c ****     for(int i = 0; i < 255; i++)
 100:source\bsw/fader.c ****     {
 101:source\bsw/fader.c ****         PWM3_Start();
 152              		.loc 1 101 0 is_stmt 1 discriminator 3
 153 0044 FFF7FEFF 		bl	PWM3_Start
 154              	.LVL16:
 102:source\bsw/fader.c ****         //along with Turn OFF Yellow LED, Turn ON Green LED.
 103:source\bsw/fader.c ****         PWM2_WriteCompare(255-i);
 155              		.loc 1 103 0 discriminator 3
 156 0048 E5B2     		uxtb	r5, r4
 157 004a E843     		mvns	r0, r5
 158 004c C0B2     		uxtb	r0, r0
 159 004e FFF7FEFF 		bl	PWM2_WriteCompare
 160              	.LVL17:
 104:source\bsw/fader.c ****         PWM3_WriteCompare(i);
 161              		.loc 1 104 0 discriminator 3
 162 0052 2846     		mov	r0, r5
 163 0054 FFF7FEFF 		bl	PWM3_WriteCompare
 164              	.LVL18:
 105:source\bsw/fader.c ****         CyDelay(5);
 165              		.loc 1 105 0 discriminator 3
 166 0058 0520     		movs	r0, #5
 167 005a FFF7FEFF 		bl	CyDelay
 168              	.LVL19:
  99:source\bsw/fader.c ****     {
 169              		.loc 1 99 0 discriminator 3
 170 005e 0134     		adds	r4, r4, #1
 171              	.LVL20:
 172              	.L9:
  99:source\bsw/fader.c ****     {
 173              		.loc 1 99 0 is_stmt 0 discriminator 1
 174 0060 FE2C     		cmp	r4, #254
ARM GAS  C:\Users\Girish\AppData\Local\Temp\ccKbjNnR.s 			page 6


 175 0062 EFDD     		ble	.L10
 176 0064 FF24     		movs	r4, #255
 177              	.LVL21:
 178 0066 06E0     		b	.L11
 179              	.LVL22:
 180              	.L12:
 181              	.LBE4:
 182              	.LBB5:
 106:source\bsw/fader.c ****     }
 107:source\bsw/fader.c ****     
 108:source\bsw/fader.c ****     for(int i = 255; i > 0; i--)
 109:source\bsw/fader.c ****     {
 110:source\bsw/fader.c ****         //Turn OFF Green LED
 111:source\bsw/fader.c ****         PWM3_WriteCompare(i);
 183              		.loc 1 111 0 is_stmt 1 discriminator 3
 184 0068 E0B2     		uxtb	r0, r4
 185 006a FFF7FEFF 		bl	PWM3_WriteCompare
 186              	.LVL23:
 112:source\bsw/fader.c ****         CyDelay(5);
 187              		.loc 1 112 0 discriminator 3
 188 006e 0520     		movs	r0, #5
 189 0070 FFF7FEFF 		bl	CyDelay
 190              	.LVL24:
 108:source\bsw/fader.c ****     {
 191              		.loc 1 108 0 discriminator 3
 192 0074 013C     		subs	r4, r4, #1
 193              	.LVL25:
 194              	.L11:
 108:source\bsw/fader.c ****     {
 195              		.loc 1 108 0 is_stmt 0 discriminator 1
 196 0076 002C     		cmp	r4, #0
 197 0078 F6DC     		bgt	.L12
 198              	.LBE5:
 113:source\bsw/fader.c ****     }    
 114:source\bsw/fader.c ****     return RC_SUCCESS;
 115:source\bsw/fader.c **** }
 199              		.loc 1 115 0 is_stmt 1
 200 007a 0020     		movs	r0, #0
 201 007c 38BD     		pop	{r3, r4, r5, pc}
 202              		.cfi_endproc
 203              	.LFE112:
 204              		.size	Fader_LED, .-Fader_LED
 205 007e 00BF     		.text
 206              	.Letext0:
 207              		.file 2 "source\\bsw\\global.h"
 208              		.file 3 "c:\\program files (x86)\\cypress\\psoc creator\\4.4\\psoc creator\\import\\gnu\\arm\\5.4.
 209              		.file 4 "c:\\program files (x86)\\cypress\\psoc creator\\4.4\\psoc creator\\import\\gnu\\arm\\5.4.
 210              		.file 5 "Generated_Source\\PSoC5/ErikaOS_1_common_ee_types.inc"
 211              		.file 6 "Generated_Source\\PSoC5/ErikaOS_1_cortex_mx_ee_cpu.inc"
 212              		.file 7 "Generated_Source\\PSoC5/ErikaOS_1_ee_oo_intfunc.inc"
 213              		.file 8 "Generated_Source\\PSoC5/ErikaOS_1_cortex_mx_ee_context.inc"
 214              		.file 9 "Generated_Source\\PSoC5/ErikaOS_1_common_ee_primitives.inc"
 215              		.file 10 "Generated_Source\\PSoC5/core_cm3.h"
 216              		.file 11 "Generated_Source\\PSoC5/PWM1.h"
 217              		.file 12 "Generated_Source\\PSoC5/PWM2.h"
 218              		.file 13 "Generated_Source\\PSoC5/PWM3.h"
 219              		.file 14 "Generated_Source\\PSoC5/CyLib.h"
ARM GAS  C:\Users\Girish\AppData\Local\Temp\ccKbjNnR.s 			page 7


 220              		.section	.debug_info,"",%progbits
 221              	.Ldebug_info0:
 222 0000 D6030000 		.4byte	0x3d6
 223 0004 0400     		.2byte	0x4
 224 0006 00000000 		.4byte	.Ldebug_abbrev0
 225 000a 04       		.byte	0x4
 226 000b 01       		.uleb128 0x1
 227 000c 00030000 		.4byte	.LASF63
 228 0010 0C       		.byte	0xc
 229 0011 C3030000 		.4byte	.LASF64
 230 0015 66020000 		.4byte	.LASF65
 231 0019 00000000 		.4byte	.Ldebug_ranges0+0
 232 001d 00000000 		.4byte	0
 233 0021 00000000 		.4byte	.Ldebug_line0
 234 0025 02       		.uleb128 0x2
 235 0026 01       		.byte	0x1
 236 0027 06       		.byte	0x6
 237 0028 39010000 		.4byte	.LASF0
 238 002c 02       		.uleb128 0x2
 239 002d 01       		.byte	0x1
 240 002e 08       		.byte	0x8
 241 002f 12020000 		.4byte	.LASF1
 242 0033 02       		.uleb128 0x2
 243 0034 02       		.byte	0x2
 244 0035 05       		.byte	0x5
 245 0036 4F000000 		.4byte	.LASF2
 246 003a 02       		.uleb128 0x2
 247 003b 02       		.byte	0x2
 248 003c 07       		.byte	0x7
 249 003d ED020000 		.4byte	.LASF3
 250 0041 02       		.uleb128 0x2
 251 0042 04       		.byte	0x4
 252 0043 05       		.byte	0x5
 253 0044 BA010000 		.4byte	.LASF4
 254 0048 02       		.uleb128 0x2
 255 0049 04       		.byte	0x4
 256 004a 07       		.byte	0x7
 257 004b E9030000 		.4byte	.LASF5
 258 004f 02       		.uleb128 0x2
 259 0050 04       		.byte	0x4
 260 0051 04       		.byte	0x4
 261 0052 50010000 		.4byte	.LASF6
 262 0056 02       		.uleb128 0x2
 263 0057 08       		.byte	0x8
 264 0058 04       		.byte	0x4
 265 0059 4B040000 		.4byte	.LASF7
 266 005d 02       		.uleb128 0x2
 267 005e 08       		.byte	0x8
 268 005f 05       		.byte	0x5
 269 0060 6F010000 		.4byte	.LASF8
 270 0064 02       		.uleb128 0x2
 271 0065 08       		.byte	0x8
 272 0066 07       		.byte	0x7
 273 0067 34020000 		.4byte	.LASF9
 274 006b 02       		.uleb128 0x2
 275 006c 01       		.byte	0x1
 276 006d 08       		.byte	0x8
ARM GAS  C:\Users\Girish\AppData\Local\Temp\ccKbjNnR.s 			page 8


 277 006e 8E030000 		.4byte	.LASF10
 278 0072 03       		.uleb128 0x3
 279 0073 01       		.byte	0x1
 280 0074 25000000 		.4byte	0x25
 281 0078 02       		.byte	0x2
 282 0079 CF       		.byte	0xcf
 283 007a 1B010000 		.4byte	0x11b
 284 007e 04       		.uleb128 0x4
 285 007f 30000000 		.4byte	.LASF11
 286 0083 00       		.byte	0
 287 0084 05       		.uleb128 0x5
 288 0085 5F040000 		.4byte	.LASF12
 289 0089 7F       		.sleb128 -1
 290 008a 05       		.uleb128 0x5
 291 008b C0020000 		.4byte	.LASF13
 292 008f 7E       		.sleb128 -2
 293 0090 05       		.uleb128 0x5
 294 0091 9A000000 		.4byte	.LASF14
 295 0095 7D       		.sleb128 -3
 296 0096 05       		.uleb128 0x5
 297 0097 70040000 		.4byte	.LASF15
 298 009b 7C       		.sleb128 -4
 299 009c 05       		.uleb128 0x5
 300 009d 20040000 		.4byte	.LASF16
 301 00a1 7B       		.sleb128 -5
 302 00a2 05       		.uleb128 0x5
 303 00a3 59000000 		.4byte	.LASF17
 304 00a7 7A       		.sleb128 -6
 305 00a8 05       		.uleb128 0x5
 306 00a9 C3010000 		.4byte	.LASF18
 307 00ad 79       		.sleb128 -7
 308 00ae 05       		.uleb128 0x5
 309 00af 93030000 		.4byte	.LASF19
 310 00b3 78       		.sleb128 -8
 311 00b4 05       		.uleb128 0x5
 312 00b5 CE020000 		.4byte	.LASF20
 313 00b9 77       		.sleb128 -9
 314 00ba 05       		.uleb128 0x5
 315 00bb D5010000 		.4byte	.LASF21
 316 00bf 76       		.sleb128 -10
 317 00c0 05       		.uleb128 0x5
 318 00c1 9D040000 		.4byte	.LASF22
 319 00c5 75       		.sleb128 -11
 320 00c6 05       		.uleb128 0x5
 321 00c7 58020000 		.4byte	.LASF23
 322 00cb 74       		.sleb128 -12
 323 00cc 05       		.uleb128 0x5
 324 00cd 06040000 		.4byte	.LASF24
 325 00d1 73       		.sleb128 -13
 326 00d2 05       		.uleb128 0x5
 327 00d3 1D000000 		.4byte	.LASF25
 328 00d7 72       		.sleb128 -14
 329 00d8 05       		.uleb128 0x5
 330 00d9 3B000000 		.4byte	.LASF26
 331 00dd 71       		.sleb128 -15
 332 00de 05       		.uleb128 0x5
 333 00df E3010000 		.4byte	.LASF27
ARM GAS  C:\Users\Girish\AppData\Local\Temp\ccKbjNnR.s 			page 9


 334 00e3 70       		.sleb128 -16
 335 00e4 05       		.uleb128 0x5
 336 00e5 B0000000 		.4byte	.LASF28
 337 00e9 6F       		.sleb128 -17
 338 00ea 05       		.uleb128 0x5
 339 00eb 6A000000 		.4byte	.LASF29
 340 00ef 6E       		.sleb128 -18
 341 00f0 05       		.uleb128 0x5
 342 00f1 96010000 		.4byte	.LASF30
 343 00f5 6D       		.sleb128 -19
 344 00f6 05       		.uleb128 0x5
 345 00f7 B0030000 		.4byte	.LASF31
 346 00fb 6C       		.sleb128 -20
 347 00fc 05       		.uleb128 0x5
 348 00fd F4010000 		.4byte	.LASF32
 349 0101 6B       		.sleb128 -21
 350 0102 05       		.uleb128 0x5
 351 0103 39040000 		.4byte	.LASF33
 352 0107 6A       		.sleb128 -22
 353 0108 05       		.uleb128 0x5
 354 0109 E2000000 		.4byte	.LASF34
 355 010d 69       		.sleb128 -23
 356 010e 05       		.uleb128 0x5
 357 010f A9010000 		.4byte	.LASF35
 358 0113 68       		.sleb128 -24
 359 0114 05       		.uleb128 0x5
 360 0115 56010000 		.4byte	.LASF36
 361 0119 67       		.sleb128 -25
 362 011a 00       		.byte	0
 363 011b 06       		.uleb128 0x6
 364 011c 98040000 		.4byte	.LASF37
 365 0120 02       		.byte	0x2
 366 0121 EA       		.byte	0xea
 367 0122 72000000 		.4byte	0x72
 368 0126 06       		.uleb128 0x6
 369 0127 2F040000 		.4byte	.LASF38
 370 012b 03       		.byte	0x3
 371 012c 3F       		.byte	0x3f
 372 012d 41000000 		.4byte	0x41
 373 0131 07       		.uleb128 0x7
 374 0132 04       		.byte	0x4
 375 0133 05       		.byte	0x5
 376 0134 696E7400 		.ascii	"int\000"
 377 0138 02       		.uleb128 0x2
 378 0139 04       		.byte	0x4
 379 013a 07       		.byte	0x7
 380 013b 4B020000 		.4byte	.LASF39
 381 013f 06       		.uleb128 0x6
 382 0140 A8030000 		.4byte	.LASF40
 383 0144 04       		.byte	0x4
 384 0145 2C       		.byte	0x2c
 385 0146 26010000 		.4byte	0x126
 386 014a 02       		.uleb128 0x2
 387 014b 08       		.byte	0x8
 388 014c 04       		.byte	0x4
 389 014d 06020000 		.4byte	.LASF41
 390 0151 06       		.uleb128 0x6
ARM GAS  C:\Users\Girish\AppData\Local\Temp\ccKbjNnR.s 			page 10


 391 0152 E4020000 		.4byte	.LASF42
 392 0156 05       		.byte	0x5
 393 0157 53       		.byte	0x53
 394 0158 31010000 		.4byte	0x131
 395 015c 06       		.uleb128 0x6
 396 015d 20020000 		.4byte	.LASF43
 397 0161 05       		.byte	0x5
 398 0162 54       		.byte	0x54
 399 0163 38010000 		.4byte	0x138
 400 0167 06       		.uleb128 0x6
 401 0168 18040000 		.4byte	.LASF44
 402 016c 06       		.byte	0x6
 403 016d 4D       		.byte	0x4d
 404 016e 5C010000 		.4byte	0x15c
 405 0172 06       		.uleb128 0x6
 406 0173 A8000000 		.4byte	.LASF45
 407 0177 06       		.byte	0x6
 408 0178 4F       		.byte	0x4f
 409 0179 5C010000 		.4byte	0x15c
 410 017d 06       		.uleb128 0x6
 411 017e D0000000 		.4byte	.LASF46
 412 0182 06       		.byte	0x6
 413 0183 78       		.byte	0x78
 414 0184 51010000 		.4byte	0x151
 415 0188 02       		.uleb128 0x2
 416 0189 04       		.byte	0x4
 417 018a 07       		.byte	0x7
 418 018b 7F000000 		.4byte	.LASF47
 419 018f 08       		.uleb128 0x8
 420 0190 C4000000 		.4byte	.LASF66
 421 0194 01       		.byte	0x1
 422 0195 39       		.byte	0x39
 423 0196 1B010000 		.4byte	0x11b
 424 019a 00000000 		.4byte	.LFB110
 425 019e 04000000 		.4byte	.LFE110-.LFB110
 426 01a2 01       		.uleb128 0x1
 427 01a3 9C       		.byte	0x9c
 428 01a4 09       		.uleb128 0x9
 429 01a5 00000000 		.4byte	.LASF48
 430 01a9 01       		.byte	0x1
 431 01aa 47       		.byte	0x47
 432 01ab 1B010000 		.4byte	0x11b
 433 01af 00000000 		.4byte	.LFB111
 434 01b3 18000000 		.4byte	.LFE111-.LFB111
 435 01b7 01       		.uleb128 0x1
 436 01b8 9C       		.byte	0x9c
 437 01b9 F3010000 		.4byte	0x1f3
 438 01bd 0A       		.uleb128 0xa
 439 01be 08000000 		.4byte	.LVL0
 440 01c2 8C030000 		.4byte	0x38c
 441 01c6 D0010000 		.4byte	0x1d0
 442 01ca 0B       		.uleb128 0xb
 443 01cb 01       		.uleb128 0x1
 444 01cc 50       		.byte	0x50
 445 01cd 01       		.uleb128 0x1
 446 01ce 30       		.byte	0x30
 447 01cf 00       		.byte	0
ARM GAS  C:\Users\Girish\AppData\Local\Temp\ccKbjNnR.s 			page 11


 448 01d0 0A       		.uleb128 0xa
 449 01d1 0E000000 		.4byte	.LVL1
 450 01d5 97030000 		.4byte	0x397
 451 01d9 E3010000 		.4byte	0x1e3
 452 01dd 0B       		.uleb128 0xb
 453 01de 01       		.uleb128 0x1
 454 01df 50       		.byte	0x50
 455 01e0 01       		.uleb128 0x1
 456 01e1 30       		.byte	0x30
 457 01e2 00       		.byte	0
 458 01e3 0C       		.uleb128 0xc
 459 01e4 14000000 		.4byte	.LVL2
 460 01e8 A2030000 		.4byte	0x3a2
 461 01ec 0B       		.uleb128 0xb
 462 01ed 01       		.uleb128 0x1
 463 01ee 50       		.byte	0x50
 464 01ef 01       		.uleb128 0x1
 465 01f0 30       		.byte	0x30
 466 01f1 00       		.byte	0
 467 01f2 00       		.byte	0
 468 01f3 09       		.uleb128 0x9
 469 01f4 2A020000 		.4byte	.LASF49
 470 01f8 01       		.byte	0x1
 471 01f9 50       		.byte	0x50
 472 01fa 1B010000 		.4byte	0x11b
 473 01fe 00000000 		.4byte	.LFB112
 474 0202 7E000000 		.4byte	.LFE112-.LFB112
 475 0206 01       		.uleb128 0x1
 476 0207 9C       		.byte	0x9c
 477 0208 44030000 		.4byte	0x344
 478 020c 0D       		.uleb128 0xd
 479 020d 02000000 		.4byte	.LBB2
 480 0211 1E000000 		.4byte	.LBE2-.LBB2
 481 0215 53020000 		.4byte	0x253
 482 0219 0E       		.uleb128 0xe
 483 021a 6900     		.ascii	"i\000"
 484 021c 01       		.byte	0x1
 485 021d 52       		.byte	0x52
 486 021e 31010000 		.4byte	0x131
 487 0222 00000000 		.4byte	.LLST0
 488 0226 0F       		.uleb128 0xf
 489 0227 0A000000 		.4byte	.LVL5
 490 022b AD030000 		.4byte	0x3ad
 491 022f 0A       		.uleb128 0xa
 492 0230 10000000 		.4byte	.LVL6
 493 0234 8C030000 		.4byte	0x38c
 494 0238 43020000 		.4byte	0x243
 495 023c 0B       		.uleb128 0xb
 496 023d 01       		.uleb128 0x1
 497 023e 50       		.byte	0x50
 498 023f 02       		.uleb128 0x2
 499 0240 74       		.byte	0x74
 500 0241 00       		.sleb128 0
 501 0242 00       		.byte	0
 502 0243 0C       		.uleb128 0xc
 503 0244 16000000 		.4byte	.LVL7
 504 0248 B8030000 		.4byte	0x3b8
ARM GAS  C:\Users\Girish\AppData\Local\Temp\ccKbjNnR.s 			page 12


 505 024c 0B       		.uleb128 0xb
 506 024d 01       		.uleb128 0x1
 507 024e 50       		.byte	0x50
 508 024f 01       		.uleb128 0x1
 509 0250 35       		.byte	0x35
 510 0251 00       		.byte	0
 511 0252 00       		.byte	0
 512 0253 0D       		.uleb128 0xd
 513 0254 20000000 		.4byte	.LBB3
 514 0258 24000000 		.4byte	.LBE3-.LBB3
 515 025c AF020000 		.4byte	0x2af
 516 0260 0E       		.uleb128 0xe
 517 0261 6900     		.ascii	"i\000"
 518 0263 01       		.byte	0x1
 519 0264 5A       		.byte	0x5a
 520 0265 31010000 		.4byte	0x131
 521 0269 1F000000 		.4byte	.LLST1
 522 026d 0F       		.uleb128 0xf
 523 026e 24000000 		.4byte	.LVL10
 524 0272 C3030000 		.4byte	0x3c3
 525 0276 0A       		.uleb128 0xa
 526 0277 2C000000 		.4byte	.LVL11
 527 027b 8C030000 		.4byte	0x38c
 528 027f 8A020000 		.4byte	0x28a
 529 0283 0B       		.uleb128 0xb
 530 0284 01       		.uleb128 0x1
 531 0285 50       		.byte	0x50
 532 0286 02       		.uleb128 0x2
 533 0287 74       		.byte	0x74
 534 0288 00       		.sleb128 0
 535 0289 00       		.byte	0
 536 028a 0A       		.uleb128 0xa
 537 028b 34000000 		.4byte	.LVL12
 538 028f 97030000 		.4byte	0x397
 539 0293 9F020000 		.4byte	0x29f
 540 0297 0B       		.uleb128 0xb
 541 0298 01       		.uleb128 0x1
 542 0299 50       		.byte	0x50
 543 029a 03       		.uleb128 0x3
 544 029b 74       		.byte	0x74
 545 029c 00       		.sleb128 0
 546 029d 20       		.byte	0x20
 547 029e 00       		.byte	0
 548 029f 0C       		.uleb128 0xc
 549 02a0 3A000000 		.4byte	.LVL13
 550 02a4 B8030000 		.4byte	0x3b8
 551 02a8 0B       		.uleb128 0xb
 552 02a9 01       		.uleb128 0x1
 553 02aa 50       		.byte	0x50
 554 02ab 01       		.uleb128 0x1
 555 02ac 35       		.byte	0x35
 556 02ad 00       		.byte	0
 557 02ae 00       		.byte	0
 558 02af 0D       		.uleb128 0xd
 559 02b0 44000000 		.4byte	.LBB4
 560 02b4 24000000 		.4byte	.LBE4-.LBB4
 561 02b8 0B030000 		.4byte	0x30b
ARM GAS  C:\Users\Girish\AppData\Local\Temp\ccKbjNnR.s 			page 13


 562 02bc 0E       		.uleb128 0xe
 563 02bd 6900     		.ascii	"i\000"
 564 02bf 01       		.byte	0x1
 565 02c0 63       		.byte	0x63
 566 02c1 31010000 		.4byte	0x131
 567 02c5 32000000 		.4byte	.LLST2
 568 02c9 0F       		.uleb128 0xf
 569 02ca 48000000 		.4byte	.LVL16
 570 02ce CE030000 		.4byte	0x3ce
 571 02d2 0A       		.uleb128 0xa
 572 02d3 52000000 		.4byte	.LVL17
 573 02d7 97030000 		.4byte	0x397
 574 02db E7020000 		.4byte	0x2e7
 575 02df 0B       		.uleb128 0xb
 576 02e0 01       		.uleb128 0x1
 577 02e1 50       		.byte	0x50
 578 02e2 03       		.uleb128 0x3
 579 02e3 75       		.byte	0x75
 580 02e4 00       		.sleb128 0
 581 02e5 20       		.byte	0x20
 582 02e6 00       		.byte	0
 583 02e7 0A       		.uleb128 0xa
 584 02e8 58000000 		.4byte	.LVL18
 585 02ec A2030000 		.4byte	0x3a2
 586 02f0 FB020000 		.4byte	0x2fb
 587 02f4 0B       		.uleb128 0xb
 588 02f5 01       		.uleb128 0x1
 589 02f6 50       		.byte	0x50
 590 02f7 02       		.uleb128 0x2
 591 02f8 75       		.byte	0x75
 592 02f9 00       		.sleb128 0
 593 02fa 00       		.byte	0
 594 02fb 0C       		.uleb128 0xc
 595 02fc 5E000000 		.4byte	.LVL19
 596 0300 B8030000 		.4byte	0x3b8
 597 0304 0B       		.uleb128 0xb
 598 0305 01       		.uleb128 0x1
 599 0306 50       		.byte	0x50
 600 0307 01       		.uleb128 0x1
 601 0308 35       		.byte	0x35
 602 0309 00       		.byte	0
 603 030a 00       		.byte	0
 604 030b 10       		.uleb128 0x10
 605 030c 68000000 		.4byte	.LBB5
 606 0310 12000000 		.4byte	.LBE5-.LBB5
 607 0314 11       		.uleb128 0x11
 608 0315 6900     		.ascii	"i\000"
 609 0317 01       		.byte	0x1
 610 0318 6C       		.byte	0x6c
 611 0319 31010000 		.4byte	0x131
 612 031d 01       		.uleb128 0x1
 613 031e 54       		.byte	0x54
 614 031f 0A       		.uleb128 0xa
 615 0320 6E000000 		.4byte	.LVL23
 616 0324 A2030000 		.4byte	0x3a2
 617 0328 33030000 		.4byte	0x333
 618 032c 0B       		.uleb128 0xb
ARM GAS  C:\Users\Girish\AppData\Local\Temp\ccKbjNnR.s 			page 14


 619 032d 01       		.uleb128 0x1
 620 032e 50       		.byte	0x50
 621 032f 02       		.uleb128 0x2
 622 0330 74       		.byte	0x74
 623 0331 00       		.sleb128 0
 624 0332 00       		.byte	0
 625 0333 0C       		.uleb128 0xc
 626 0334 74000000 		.4byte	.LVL24
 627 0338 B8030000 		.4byte	0x3b8
 628 033c 0B       		.uleb128 0xb
 629 033d 01       		.uleb128 0x1
 630 033e 50       		.byte	0x50
 631 033f 01       		.uleb128 0x1
 632 0340 35       		.byte	0x35
 633 0341 00       		.byte	0
 634 0342 00       		.byte	0
 635 0343 00       		.byte	0
 636 0344 12       		.uleb128 0x12
 637 0345 80040000 		.4byte	.LASF50
 638 0349 07       		.byte	0x7
 639 034a 40       		.byte	0x40
 640 034b 67010000 		.4byte	0x167
 641 034f 12       		.uleb128 0x12
 642 0350 7D010000 		.4byte	.LASF51
 643 0354 07       		.byte	0x7
 644 0355 47       		.byte	0x47
 645 0356 72010000 		.4byte	0x172
 646 035a 12       		.uleb128 0x12
 647 035b D6030000 		.4byte	.LASF52
 648 035f 07       		.byte	0x7
 649 0360 4A       		.byte	0x4a
 650 0361 67010000 		.4byte	0x167
 651 0365 12       		.uleb128 0x12
 652 0366 20010000 		.4byte	.LASF53
 653 036a 08       		.byte	0x8
 654 036b 48       		.byte	0x48
 655 036c 7D010000 		.4byte	0x17d
 656 0370 12       		.uleb128 0x12
 657 0371 F9000000 		.4byte	.LASF54
 658 0375 09       		.byte	0x9
 659 0376 44       		.byte	0x44
 660 0377 67010000 		.4byte	0x167
 661 037b 13       		.uleb128 0x13
 662 037c 52040000 		.4byte	.LASF55
 663 0380 0A       		.byte	0xa
 664 0381 1207     		.2byte	0x712
 665 0383 87030000 		.4byte	0x387
 666 0387 14       		.uleb128 0x14
 667 0388 3F010000 		.4byte	0x13f
 668 038c 15       		.uleb128 0x15
 669 038d 0E010000 		.4byte	.LASF56
 670 0391 0E010000 		.4byte	.LASF56
 671 0395 0B       		.byte	0xb
 672 0396 C3       		.byte	0xc3
 673 0397 15       		.uleb128 0x15
 674 0398 88000000 		.4byte	.LASF57
 675 039c 88000000 		.4byte	.LASF57
ARM GAS  C:\Users\Girish\AppData\Local\Temp\ccKbjNnR.s 			page 15


 676 03a0 0C       		.byte	0xc
 677 03a1 C3       		.byte	0xc3
 678 03a2 15       		.uleb128 0x15
 679 03a3 0B000000 		.4byte	.LASF58
 680 03a7 0B000000 		.4byte	.LASF58
 681 03ab 0D       		.byte	0xd
 682 03ac C3       		.byte	0xc3
 683 03ad 15       		.uleb128 0x15
 684 03ae D7000000 		.4byte	.LASF59
 685 03b2 D7000000 		.4byte	.LASF59
 686 03b6 0B       		.byte	0xb
 687 03b7 92       		.byte	0x92
 688 03b8 15       		.uleb128 0x15
 689 03b9 68040000 		.4byte	.LASF60
 690 03bd 68040000 		.4byte	.LASF60
 691 03c1 0E       		.byte	0xe
 692 03c2 76       		.byte	0x76
 693 03c3 15       		.uleb128 0x15
 694 03c4 FB030000 		.4byte	.LASF61
 695 03c8 FB030000 		.4byte	.LASF61
 696 03cc 0C       		.byte	0xc
 697 03cd 92       		.byte	0x92
 698 03ce 15       		.uleb128 0x15
 699 03cf 45010000 		.4byte	.LASF62
 700 03d3 45010000 		.4byte	.LASF62
 701 03d7 0D       		.byte	0xd
 702 03d8 92       		.byte	0x92
 703 03d9 00       		.byte	0
 704              		.section	.debug_abbrev,"",%progbits
 705              	.Ldebug_abbrev0:
 706 0000 01       		.uleb128 0x1
 707 0001 11       		.uleb128 0x11
 708 0002 01       		.byte	0x1
 709 0003 25       		.uleb128 0x25
 710 0004 0E       		.uleb128 0xe
 711 0005 13       		.uleb128 0x13
 712 0006 0B       		.uleb128 0xb
 713 0007 03       		.uleb128 0x3
 714 0008 0E       		.uleb128 0xe
 715 0009 1B       		.uleb128 0x1b
 716 000a 0E       		.uleb128 0xe
 717 000b 55       		.uleb128 0x55
 718 000c 17       		.uleb128 0x17
 719 000d 11       		.uleb128 0x11
 720 000e 01       		.uleb128 0x1
 721 000f 10       		.uleb128 0x10
 722 0010 17       		.uleb128 0x17
 723 0011 00       		.byte	0
 724 0012 00       		.byte	0
 725 0013 02       		.uleb128 0x2
 726 0014 24       		.uleb128 0x24
 727 0015 00       		.byte	0
 728 0016 0B       		.uleb128 0xb
 729 0017 0B       		.uleb128 0xb
 730 0018 3E       		.uleb128 0x3e
 731 0019 0B       		.uleb128 0xb
 732 001a 03       		.uleb128 0x3
ARM GAS  C:\Users\Girish\AppData\Local\Temp\ccKbjNnR.s 			page 16


 733 001b 0E       		.uleb128 0xe
 734 001c 00       		.byte	0
 735 001d 00       		.byte	0
 736 001e 03       		.uleb128 0x3
 737 001f 04       		.uleb128 0x4
 738 0020 01       		.byte	0x1
 739 0021 0B       		.uleb128 0xb
 740 0022 0B       		.uleb128 0xb
 741 0023 49       		.uleb128 0x49
 742 0024 13       		.uleb128 0x13
 743 0025 3A       		.uleb128 0x3a
 744 0026 0B       		.uleb128 0xb
 745 0027 3B       		.uleb128 0x3b
 746 0028 0B       		.uleb128 0xb
 747 0029 01       		.uleb128 0x1
 748 002a 13       		.uleb128 0x13
 749 002b 00       		.byte	0
 750 002c 00       		.byte	0
 751 002d 04       		.uleb128 0x4
 752 002e 28       		.uleb128 0x28
 753 002f 00       		.byte	0
 754 0030 03       		.uleb128 0x3
 755 0031 0E       		.uleb128 0xe
 756 0032 1C       		.uleb128 0x1c
 757 0033 0B       		.uleb128 0xb
 758 0034 00       		.byte	0
 759 0035 00       		.byte	0
 760 0036 05       		.uleb128 0x5
 761 0037 28       		.uleb128 0x28
 762 0038 00       		.byte	0
 763 0039 03       		.uleb128 0x3
 764 003a 0E       		.uleb128 0xe
 765 003b 1C       		.uleb128 0x1c
 766 003c 0D       		.uleb128 0xd
 767 003d 00       		.byte	0
 768 003e 00       		.byte	0
 769 003f 06       		.uleb128 0x6
 770 0040 16       		.uleb128 0x16
 771 0041 00       		.byte	0
 772 0042 03       		.uleb128 0x3
 773 0043 0E       		.uleb128 0xe
 774 0044 3A       		.uleb128 0x3a
 775 0045 0B       		.uleb128 0xb
 776 0046 3B       		.uleb128 0x3b
 777 0047 0B       		.uleb128 0xb
 778 0048 49       		.uleb128 0x49
 779 0049 13       		.uleb128 0x13
 780 004a 00       		.byte	0
 781 004b 00       		.byte	0
 782 004c 07       		.uleb128 0x7
 783 004d 24       		.uleb128 0x24
 784 004e 00       		.byte	0
 785 004f 0B       		.uleb128 0xb
 786 0050 0B       		.uleb128 0xb
 787 0051 3E       		.uleb128 0x3e
 788 0052 0B       		.uleb128 0xb
 789 0053 03       		.uleb128 0x3
ARM GAS  C:\Users\Girish\AppData\Local\Temp\ccKbjNnR.s 			page 17


 790 0054 08       		.uleb128 0x8
 791 0055 00       		.byte	0
 792 0056 00       		.byte	0
 793 0057 08       		.uleb128 0x8
 794 0058 2E       		.uleb128 0x2e
 795 0059 00       		.byte	0
 796 005a 3F       		.uleb128 0x3f
 797 005b 19       		.uleb128 0x19
 798 005c 03       		.uleb128 0x3
 799 005d 0E       		.uleb128 0xe
 800 005e 3A       		.uleb128 0x3a
 801 005f 0B       		.uleb128 0xb
 802 0060 3B       		.uleb128 0x3b
 803 0061 0B       		.uleb128 0xb
 804 0062 49       		.uleb128 0x49
 805 0063 13       		.uleb128 0x13
 806 0064 11       		.uleb128 0x11
 807 0065 01       		.uleb128 0x1
 808 0066 12       		.uleb128 0x12
 809 0067 06       		.uleb128 0x6
 810 0068 40       		.uleb128 0x40
 811 0069 18       		.uleb128 0x18
 812 006a 9742     		.uleb128 0x2117
 813 006c 19       		.uleb128 0x19
 814 006d 00       		.byte	0
 815 006e 00       		.byte	0
 816 006f 09       		.uleb128 0x9
 817 0070 2E       		.uleb128 0x2e
 818 0071 01       		.byte	0x1
 819 0072 3F       		.uleb128 0x3f
 820 0073 19       		.uleb128 0x19
 821 0074 03       		.uleb128 0x3
 822 0075 0E       		.uleb128 0xe
 823 0076 3A       		.uleb128 0x3a
 824 0077 0B       		.uleb128 0xb
 825 0078 3B       		.uleb128 0x3b
 826 0079 0B       		.uleb128 0xb
 827 007a 49       		.uleb128 0x49
 828 007b 13       		.uleb128 0x13
 829 007c 11       		.uleb128 0x11
 830 007d 01       		.uleb128 0x1
 831 007e 12       		.uleb128 0x12
 832 007f 06       		.uleb128 0x6
 833 0080 40       		.uleb128 0x40
 834 0081 18       		.uleb128 0x18
 835 0082 9742     		.uleb128 0x2117
 836 0084 19       		.uleb128 0x19
 837 0085 01       		.uleb128 0x1
 838 0086 13       		.uleb128 0x13
 839 0087 00       		.byte	0
 840 0088 00       		.byte	0
 841 0089 0A       		.uleb128 0xa
 842 008a 898201   		.uleb128 0x4109
 843 008d 01       		.byte	0x1
 844 008e 11       		.uleb128 0x11
 845 008f 01       		.uleb128 0x1
 846 0090 31       		.uleb128 0x31
ARM GAS  C:\Users\Girish\AppData\Local\Temp\ccKbjNnR.s 			page 18


 847 0091 13       		.uleb128 0x13
 848 0092 01       		.uleb128 0x1
 849 0093 13       		.uleb128 0x13
 850 0094 00       		.byte	0
 851 0095 00       		.byte	0
 852 0096 0B       		.uleb128 0xb
 853 0097 8A8201   		.uleb128 0x410a
 854 009a 00       		.byte	0
 855 009b 02       		.uleb128 0x2
 856 009c 18       		.uleb128 0x18
 857 009d 9142     		.uleb128 0x2111
 858 009f 18       		.uleb128 0x18
 859 00a0 00       		.byte	0
 860 00a1 00       		.byte	0
 861 00a2 0C       		.uleb128 0xc
 862 00a3 898201   		.uleb128 0x4109
 863 00a6 01       		.byte	0x1
 864 00a7 11       		.uleb128 0x11
 865 00a8 01       		.uleb128 0x1
 866 00a9 31       		.uleb128 0x31
 867 00aa 13       		.uleb128 0x13
 868 00ab 00       		.byte	0
 869 00ac 00       		.byte	0
 870 00ad 0D       		.uleb128 0xd
 871 00ae 0B       		.uleb128 0xb
 872 00af 01       		.byte	0x1
 873 00b0 11       		.uleb128 0x11
 874 00b1 01       		.uleb128 0x1
 875 00b2 12       		.uleb128 0x12
 876 00b3 06       		.uleb128 0x6
 877 00b4 01       		.uleb128 0x1
 878 00b5 13       		.uleb128 0x13
 879 00b6 00       		.byte	0
 880 00b7 00       		.byte	0
 881 00b8 0E       		.uleb128 0xe
 882 00b9 34       		.uleb128 0x34
 883 00ba 00       		.byte	0
 884 00bb 03       		.uleb128 0x3
 885 00bc 08       		.uleb128 0x8
 886 00bd 3A       		.uleb128 0x3a
 887 00be 0B       		.uleb128 0xb
 888 00bf 3B       		.uleb128 0x3b
 889 00c0 0B       		.uleb128 0xb
 890 00c1 49       		.uleb128 0x49
 891 00c2 13       		.uleb128 0x13
 892 00c3 02       		.uleb128 0x2
 893 00c4 17       		.uleb128 0x17
 894 00c5 00       		.byte	0
 895 00c6 00       		.byte	0
 896 00c7 0F       		.uleb128 0xf
 897 00c8 898201   		.uleb128 0x4109
 898 00cb 00       		.byte	0
 899 00cc 11       		.uleb128 0x11
 900 00cd 01       		.uleb128 0x1
 901 00ce 31       		.uleb128 0x31
 902 00cf 13       		.uleb128 0x13
 903 00d0 00       		.byte	0
ARM GAS  C:\Users\Girish\AppData\Local\Temp\ccKbjNnR.s 			page 19


 904 00d1 00       		.byte	0
 905 00d2 10       		.uleb128 0x10
 906 00d3 0B       		.uleb128 0xb
 907 00d4 01       		.byte	0x1
 908 00d5 11       		.uleb128 0x11
 909 00d6 01       		.uleb128 0x1
 910 00d7 12       		.uleb128 0x12
 911 00d8 06       		.uleb128 0x6
 912 00d9 00       		.byte	0
 913 00da 00       		.byte	0
 914 00db 11       		.uleb128 0x11
 915 00dc 34       		.uleb128 0x34
 916 00dd 00       		.byte	0
 917 00de 03       		.uleb128 0x3
 918 00df 08       		.uleb128 0x8
 919 00e0 3A       		.uleb128 0x3a
 920 00e1 0B       		.uleb128 0xb
 921 00e2 3B       		.uleb128 0x3b
 922 00e3 0B       		.uleb128 0xb
 923 00e4 49       		.uleb128 0x49
 924 00e5 13       		.uleb128 0x13
 925 00e6 02       		.uleb128 0x2
 926 00e7 18       		.uleb128 0x18
 927 00e8 00       		.byte	0
 928 00e9 00       		.byte	0
 929 00ea 12       		.uleb128 0x12
 930 00eb 34       		.uleb128 0x34
 931 00ec 00       		.byte	0
 932 00ed 03       		.uleb128 0x3
 933 00ee 0E       		.uleb128 0xe
 934 00ef 3A       		.uleb128 0x3a
 935 00f0 0B       		.uleb128 0xb
 936 00f1 3B       		.uleb128 0x3b
 937 00f2 0B       		.uleb128 0xb
 938 00f3 49       		.uleb128 0x49
 939 00f4 13       		.uleb128 0x13
 940 00f5 3F       		.uleb128 0x3f
 941 00f6 19       		.uleb128 0x19
 942 00f7 3C       		.uleb128 0x3c
 943 00f8 19       		.uleb128 0x19
 944 00f9 00       		.byte	0
 945 00fa 00       		.byte	0
 946 00fb 13       		.uleb128 0x13
 947 00fc 34       		.uleb128 0x34
 948 00fd 00       		.byte	0
 949 00fe 03       		.uleb128 0x3
 950 00ff 0E       		.uleb128 0xe
 951 0100 3A       		.uleb128 0x3a
 952 0101 0B       		.uleb128 0xb
 953 0102 3B       		.uleb128 0x3b
 954 0103 05       		.uleb128 0x5
 955 0104 49       		.uleb128 0x49
 956 0105 13       		.uleb128 0x13
 957 0106 3F       		.uleb128 0x3f
 958 0107 19       		.uleb128 0x19
 959 0108 3C       		.uleb128 0x3c
 960 0109 19       		.uleb128 0x19
ARM GAS  C:\Users\Girish\AppData\Local\Temp\ccKbjNnR.s 			page 20


 961 010a 00       		.byte	0
 962 010b 00       		.byte	0
 963 010c 14       		.uleb128 0x14
 964 010d 35       		.uleb128 0x35
 965 010e 00       		.byte	0
 966 010f 49       		.uleb128 0x49
 967 0110 13       		.uleb128 0x13
 968 0111 00       		.byte	0
 969 0112 00       		.byte	0
 970 0113 15       		.uleb128 0x15
 971 0114 2E       		.uleb128 0x2e
 972 0115 00       		.byte	0
 973 0116 3F       		.uleb128 0x3f
 974 0117 19       		.uleb128 0x19
 975 0118 3C       		.uleb128 0x3c
 976 0119 19       		.uleb128 0x19
 977 011a 6E       		.uleb128 0x6e
 978 011b 0E       		.uleb128 0xe
 979 011c 03       		.uleb128 0x3
 980 011d 0E       		.uleb128 0xe
 981 011e 3A       		.uleb128 0x3a
 982 011f 0B       		.uleb128 0xb
 983 0120 3B       		.uleb128 0x3b
 984 0121 0B       		.uleb128 0xb
 985 0122 00       		.byte	0
 986 0123 00       		.byte	0
 987 0124 00       		.byte	0
 988              		.section	.debug_loc,"",%progbits
 989              	.Ldebug_loc0:
 990              	.LLST0:
 991 0000 02000000 		.4byte	.LVL3
 992 0004 06000000 		.4byte	.LVL4
 993 0008 0200     		.2byte	0x2
 994 000a 30       		.byte	0x30
 995 000b 9F       		.byte	0x9f
 996 000c 06000000 		.4byte	.LVL4
 997 0010 20000000 		.4byte	.LVL9
 998 0014 0100     		.2byte	0x1
 999 0016 54       		.byte	0x54
 1000 0017 00000000 		.4byte	0
 1001 001b 00000000 		.4byte	0
 1002              	.LLST1:
 1003 001f 20000000 		.4byte	.LVL9
 1004 0023 44000000 		.4byte	.LVL15
 1005 0027 0100     		.2byte	0x1
 1006 0029 55       		.byte	0x55
 1007 002a 00000000 		.4byte	0
 1008 002e 00000000 		.4byte	0
 1009              	.LLST2:
 1010 0032 44000000 		.4byte	.LVL15
 1011 0036 66000000 		.4byte	.LVL21
 1012 003a 0100     		.2byte	0x1
 1013 003c 54       		.byte	0x54
 1014 003d 00000000 		.4byte	0
 1015 0041 00000000 		.4byte	0
 1016              		.section	.debug_aranges,"",%progbits
 1017 0000 2C000000 		.4byte	0x2c
ARM GAS  C:\Users\Girish\AppData\Local\Temp\ccKbjNnR.s 			page 21


 1018 0004 0200     		.2byte	0x2
 1019 0006 00000000 		.4byte	.Ldebug_info0
 1020 000a 04       		.byte	0x4
 1021 000b 00       		.byte	0
 1022 000c 0000     		.2byte	0
 1023 000e 0000     		.2byte	0
 1024 0010 00000000 		.4byte	.LFB110
 1025 0014 04000000 		.4byte	.LFE110-.LFB110
 1026 0018 00000000 		.4byte	.LFB111
 1027 001c 18000000 		.4byte	.LFE111-.LFB111
 1028 0020 00000000 		.4byte	.LFB112
 1029 0024 7E000000 		.4byte	.LFE112-.LFB112
 1030 0028 00000000 		.4byte	0
 1031 002c 00000000 		.4byte	0
 1032              		.section	.debug_ranges,"",%progbits
 1033              	.Ldebug_ranges0:
 1034 0000 00000000 		.4byte	.LFB110
 1035 0004 04000000 		.4byte	.LFE110
 1036 0008 00000000 		.4byte	.LFB111
 1037 000c 18000000 		.4byte	.LFE111
 1038 0010 00000000 		.4byte	.LFB112
 1039 0014 7E000000 		.4byte	.LFE112
 1040 0018 00000000 		.4byte	0
 1041 001c 00000000 		.4byte	0
 1042              		.section	.debug_line,"",%progbits
 1043              	.Ldebug_line0:
 1044 0000 E5020000 		.section	.debug_str,"MS",%progbits,1
 1044      02002E02 
 1044      00000201 
 1044      FB0E0D00 
 1044      01010101 
 1045              	.LASF48:
 1046 0000 46616465 		.ascii	"Fader_init\000"
 1046      725F696E 
 1046      697400
 1047              	.LASF58:
 1048 000b 50574D33 		.ascii	"PWM3_WriteCompare\000"
 1048      5F577269 
 1048      7465436F 
 1048      6D706172 
 1048      6500
 1049              	.LASF25:
 1050 001d 52435F45 		.ascii	"RC_ERROR_READ_ONLY\000"
 1050      52524F52 
 1050      5F524541 
 1050      445F4F4E 
 1050      4C5900
 1051              	.LASF11:
 1052 0030 52435F53 		.ascii	"RC_SUCCESS\000"
 1052      55434345 
 1052      535300
 1053              	.LASF26:
 1054 003b 52435F45 		.ascii	"RC_ERROR_WRITE_ONLY\000"
 1054      52524F52 
 1054      5F575249 
 1054      54455F4F 
 1054      4E4C5900 
ARM GAS  C:\Users\Girish\AppData\Local\Temp\ccKbjNnR.s 			page 22


 1055              	.LASF2:
 1056 004f 73686F72 		.ascii	"short int\000"
 1056      7420696E 
 1056      7400
 1057              	.LASF17:
 1058 0059 52435F45 		.ascii	"RC_ERROR_OVERRUN\000"
 1058      52524F52 
 1058      5F4F5645 
 1058      5252554E 
 1058      00
 1059              	.LASF29:
 1060 006a 52435F45 		.ascii	"RC_ERROR_WRITE_FAILS\000"
 1060      52524F52 
 1060      5F575249 
 1060      54455F46 
 1060      41494C53 
 1061              	.LASF47:
 1062 007f 73697A65 		.ascii	"sizetype\000"
 1062      74797065 
 1062      00
 1063              	.LASF57:
 1064 0088 50574D32 		.ascii	"PWM2_WriteCompare\000"
 1064      5F577269 
 1064      7465436F 
 1064      6D706172 
 1064      6500
 1065              	.LASF14:
 1066 009a 52435F45 		.ascii	"RC_ERROR_ZERO\000"
 1066      52524F52 
 1066      5F5A4552 
 1066      4F00
 1067              	.LASF45:
 1068 00a8 45455F46 		.ascii	"EE_FREG\000"
 1068      52454700 
 1069              	.LASF28:
 1070 00b0 52435F45 		.ascii	"RC_ERROR_READ_FAILS\000"
 1070      52524F52 
 1070      5F524541 
 1070      445F4641 
 1070      494C5300 
 1071              	.LASF66:
 1072 00c4 46616465 		.ascii	"Fader_Start\000"
 1072      725F5374 
 1072      61727400 
 1073              	.LASF46:
 1074 00d0 45455F54 		.ascii	"EE_TID\000"
 1074      494400
 1075              	.LASF59:
 1076 00d7 50574D31 		.ascii	"PWM1_Start\000"
 1076      5F537461 
 1076      727400
 1077              	.LASF34:
 1078 00e2 52435F45 		.ascii	"RC_ERROR_INVALID_STATE\000"
 1078      52524F52 
 1078      5F494E56 
 1078      414C4944 
 1078      5F535441 
ARM GAS  C:\Users\Girish\AppData\Local\Temp\ccKbjNnR.s 			page 23


 1079              	.LASF54:
 1080 00f9 45455F49 		.ascii	"EE_IRQ_nesting_level\000"
 1080      52515F6E 
 1080      65737469 
 1080      6E675F6C 
 1080      6576656C 
 1081              	.LASF56:
 1082 010e 50574D31 		.ascii	"PWM1_WriteCompare\000"
 1082      5F577269 
 1082      7465436F 
 1082      6D706172 
 1082      6500
 1083              	.LASF53:
 1084 0120 45455F73 		.ascii	"EE_std_endcycle_next_tid\000"
 1084      74645F65 
 1084      6E646379 
 1084      636C655F 
 1084      6E657874 
 1085              	.LASF0:
 1086 0139 7369676E 		.ascii	"signed char\000"
 1086      65642063 
 1086      68617200 
 1087              	.LASF62:
 1088 0145 50574D33 		.ascii	"PWM3_Start\000"
 1088      5F537461 
 1088      727400
 1089              	.LASF6:
 1090 0150 666C6F61 		.ascii	"float\000"
 1090      7400
 1091              	.LASF36:
 1092 0156 52435F45 		.ascii	"RC_ERROR_NOT_IMPLEMENTED\000"
 1092      52524F52 
 1092      5F4E4F54 
 1092      5F494D50 
 1092      4C454D45 
 1093              	.LASF8:
 1094 016f 6C6F6E67 		.ascii	"long long int\000"
 1094      206C6F6E 
 1094      6720696E 
 1094      7400
 1095              	.LASF51:
 1096 017d 45455F6F 		.ascii	"EE_oo_IRQ_suspend_status\000"
 1096      6F5F4952 
 1096      515F7375 
 1096      7370656E 
 1096      645F7374 
 1097              	.LASF30:
 1098 0196 52435F45 		.ascii	"RC_ERROR_NOT_MATCH\000"
 1098      52524F52 
 1098      5F4E4F54 
 1098      5F4D4154 
 1098      434800
 1099              	.LASF35:
 1100 01a9 52435F45 		.ascii	"RC_ERROR_UNKNOWN\000"
 1100      52524F52 
 1100      5F554E4B 
 1100      4E4F574E 
ARM GAS  C:\Users\Girish\AppData\Local\Temp\ccKbjNnR.s 			page 24


 1100      00
 1101              	.LASF4:
 1102 01ba 6C6F6E67 		.ascii	"long int\000"
 1102      20696E74 
 1102      00
 1103              	.LASF18:
 1104 01c3 52435F45 		.ascii	"RC_ERROR_UNDERRUN\000"
 1104      52524F52 
 1104      5F554E44 
 1104      45525255 
 1104      4E00
 1105              	.LASF21:
 1106 01d5 52435F45 		.ascii	"RC_ERROR_BUSY\000"
 1106      52524F52 
 1106      5F425553 
 1106      5900
 1107              	.LASF27:
 1108 01e3 52435F45 		.ascii	"RC_ERROR_INVALID\000"
 1108      52524F52 
 1108      5F494E56 
 1108      414C4944 
 1108      00
 1109              	.LASF32:
 1110 01f4 52435F45 		.ascii	"RC_ERROR_BAD_DATA\000"
 1110      52524F52 
 1110      5F424144 
 1110      5F444154 
 1110      4100
 1111              	.LASF41:
 1112 0206 6C6F6E67 		.ascii	"long double\000"
 1112      20646F75 
 1112      626C6500 
 1113              	.LASF1:
 1114 0212 756E7369 		.ascii	"unsigned char\000"
 1114      676E6564 
 1114      20636861 
 1114      7200
 1115              	.LASF43:
 1116 0220 45455F55 		.ascii	"EE_UINT32\000"
 1116      494E5433 
 1116      3200
 1117              	.LASF49:
 1118 022a 46616465 		.ascii	"Fader_LED\000"
 1118      725F4C45 
 1118      4400
 1119              	.LASF9:
 1120 0234 6C6F6E67 		.ascii	"long long unsigned int\000"
 1120      206C6F6E 
 1120      6720756E 
 1120      7369676E 
 1120      65642069 
 1121              	.LASF39:
 1122 024b 756E7369 		.ascii	"unsigned int\000"
 1122      676E6564 
 1122      20696E74 
 1122      00
 1123              	.LASF23:
ARM GAS  C:\Users\Girish\AppData\Local\Temp\ccKbjNnR.s 			page 25


 1124 0258 52435F45 		.ascii	"RC_ERROR_OPEN\000"
 1124      52524F52 
 1124      5F4F5045 
 1124      4E00
 1125              	.LASF65:
 1126 0266 433A5C55 		.ascii	"C:\\Users\\Girish\\OneDrive\\Documents\\PSoC Creato"
 1126      73657273 
 1126      5C476972 
 1126      6973685C 
 1126      4F6E6544 
 1127 0294 725C4572 		.ascii	"r\\Erika_OS_WorkSpace\\Erika_LED_Glower.cydsn\000"
 1127      696B615F 
 1127      4F535F57 
 1127      6F726B53 
 1127      70616365 
 1128              	.LASF13:
 1129 02c0 52435F45 		.ascii	"RC_ERROR_NULL\000"
 1129      52524F52 
 1129      5F4E554C 
 1129      4C00
 1130              	.LASF20:
 1131 02ce 52435F45 		.ascii	"RC_ERROR_BUFFER_EMTPY\000"
 1131      52524F52 
 1131      5F425546 
 1131      4645525F 
 1131      454D5450 
 1132              	.LASF42:
 1133 02e4 45455F49 		.ascii	"EE_INT32\000"
 1133      4E543332 
 1133      00
 1134              	.LASF3:
 1135 02ed 73686F72 		.ascii	"short unsigned int\000"
 1135      7420756E 
 1135      7369676E 
 1135      65642069 
 1135      6E7400
 1136              	.LASF63:
 1137 0300 474E5520 		.ascii	"GNU C11 5.4.1 20160609 (release) [ARM/embedded-5-br"
 1137      43313120 
 1137      352E342E 
 1137      31203230 
 1137      31363036 
 1138 0333 616E6368 		.ascii	"anch revision 237715] -mcpu=cortex-m3 -mthumb -g -O"
 1138      20726576 
 1138      6973696F 
 1138      6E203233 
 1138      37373135 
 1139 0366 67202D66 		.ascii	"g -ffunction-sections -ffat-lto-objects\000"
 1139      66756E63 
 1139      74696F6E 
 1139      2D736563 
 1139      74696F6E 
 1140              	.LASF10:
 1141 038e 63686172 		.ascii	"char\000"
 1141      00
 1142              	.LASF19:
 1143 0393 52435F45 		.ascii	"RC_ERROR_BUFFER_FULL\000"
ARM GAS  C:\Users\Girish\AppData\Local\Temp\ccKbjNnR.s 			page 26


 1143      52524F52 
 1143      5F425546 
 1143      4645525F 
 1143      46554C4C 
 1144              	.LASF40:
 1145 03a8 696E7433 		.ascii	"int32_t\000"
 1145      325F7400 
 1146              	.LASF31:
 1147 03b0 52435F45 		.ascii	"RC_ERROR_BAD_PARAM\000"
 1147      52524F52 
 1147      5F424144 
 1147      5F504152 
 1147      414D00
 1148              	.LASF64:
 1149 03c3 736F7572 		.ascii	"source\\bsw\\fader.c\000"
 1149      63655C62 
 1149      73775C66 
 1149      61646572 
 1149      2E6300
 1150              	.LASF52:
 1151 03d6 45455F41 		.ascii	"EE_ApplicationMode\000"
 1151      70706C69 
 1151      63617469 
 1151      6F6E4D6F 
 1151      646500
 1152              	.LASF5:
 1153 03e9 6C6F6E67 		.ascii	"long unsigned int\000"
 1153      20756E73 
 1153      69676E65 
 1153      6420696E 
 1153      7400
 1154              	.LASF61:
 1155 03fb 50574D32 		.ascii	"PWM2_Start\000"
 1155      5F537461 
 1155      727400
 1156              	.LASF24:
 1157 0406 52435F45 		.ascii	"RC_ERROR_CHECKSUM\000"
 1157      52524F52 
 1157      5F434845 
 1157      434B5355 
 1157      4D00
 1158              	.LASF44:
 1159 0418 45455F55 		.ascii	"EE_UREG\000"
 1159      52454700 
 1160              	.LASF16:
 1161 0420 52435F45 		.ascii	"RC_ERROR_RANGE\000"
 1161      52524F52 
 1161      5F52414E 
 1161      474500
 1162              	.LASF38:
 1163 042f 5F5F696E 		.ascii	"__int32_t\000"
 1163      7433325F 
 1163      7400
 1164              	.LASF33:
 1165 0439 52435F45 		.ascii	"RC_ERROR_CANCELED\000"
 1165      52524F52 
 1165      5F43414E 
ARM GAS  C:\Users\Girish\AppData\Local\Temp\ccKbjNnR.s 			page 27


 1165      43454C45 
 1165      4400
 1166              	.LASF7:
 1167 044b 646F7562 		.ascii	"double\000"
 1167      6C6500
 1168              	.LASF55:
 1169 0452 49544D5F 		.ascii	"ITM_RxBuffer\000"
 1169      52784275 
 1169      66666572 
 1169      00
 1170              	.LASF12:
 1171 045f 52435F45 		.ascii	"RC_ERROR\000"
 1171      52524F52 
 1171      00
 1172              	.LASF60:
 1173 0468 43794465 		.ascii	"CyDelay\000"
 1173      6C617900 
 1174              	.LASF15:
 1175 0470 52435F45 		.ascii	"RC_ERROR_MEMORY\000"
 1175      52524F52 
 1175      5F4D454D 
 1175      4F525900 
 1176              	.LASF50:
 1177 0480 45455F6F 		.ascii	"EE_oo_IRQ_disable_count\000"
 1177      6F5F4952 
 1177      515F6469 
 1177      7361626C 
 1177      655F636F 
 1178              	.LASF37:
 1179 0498 52435F74 		.ascii	"RC_t\000"
 1179      00
 1180              	.LASF22:
 1181 049d 52435F45 		.ascii	"RC_ERROR_TIME_OUT\000"
 1181      52524F52 
 1181      5F54494D 
 1181      455F4F55 
 1181      5400
 1182              		.ident	"GCC: (GNU Tools for ARM Embedded Processors) 5.4.1 20160609 (release) [ARM/embedded-5-bran
