ARM GAS  C:\Users\Girish\AppData\Local\Temp\ccsinAvf.s 			page 1


   1              		.syntax unified
   2              		.cpu cortex-m3
   3              		.fpu softvfp
   4              		.eabi_attribute 20, 1
   5              		.eabi_attribute 21, 1
   6              		.eabi_attribute 23, 3
   7              		.eabi_attribute 24, 1
   8              		.eabi_attribute 25, 1
   9              		.eabi_attribute 26, 1
  10              		.eabi_attribute 30, 1
  11              		.eabi_attribute 34, 1
  12              		.eabi_attribute 18, 4
  13              		.thumb
  14              		.syntax unified
  15              		.file	"cymetadata.c"
  16              		.text
  17              	.Ltext0:
  18              		.cfi_sections	.debug_frame
  19              		.global	cy_metadata
  20              		.global	cy_meta_flashprotect
  21              		.global	cy_meta_wonvl
  22              		.global	cy_meta_custnvl
  23              		.global	cy_meta_configecc
  24              		.section	.cyconfigecc,"a",%progbits
  25              		.align	2
  26              		.type	cy_meta_configecc, %object
  27              		.size	cy_meta_configecc, 1404
  28              	cy_meta_configecc:
  29 0000 02       		.byte	2
  30 0001 52       		.byte	82
  31 0002 00       		.byte	0
  32 0003 40       		.byte	64
  33 0004 03       		.byte	3
  34 0005 64       		.byte	100
  35 0006 00       		.byte	0
  36 0007 40       		.byte	64
  37 0008 03       		.byte	3
  38 0009 65       		.byte	101
  39 000a 00       		.byte	0
  40 000b 40       		.byte	64
  41 000c 57       		.byte	87
  42 000d 02       		.byte	2
  43 000e 01       		.byte	1
  44 000f 40       		.byte	64
  45 0010 2F       		.byte	47
  46 0011 03       		.byte	3
  47 0012 01       		.byte	1
  48 0013 40       		.byte	64
  49 0014 03       		.byte	3
  50 0015 05       		.byte	5
  51 0016 01       		.byte	1
  52 0017 40       		.byte	64
  53 0018 60       		.byte	96
  54 0019 08       		.byte	8
  55 001a 01       		.byte	1
  56 001b 40       		.byte	64
  57 001c 39       		.byte	57
ARM GAS  C:\Users\Girish\AppData\Local\Temp\ccsinAvf.s 			page 2


  58 001d 09       		.byte	9
  59 001e 01       		.byte	1
  60 001f 40       		.byte	64
  61 0020 01       		.byte	1
  62 0021 15       		.byte	21
  63 0022 01       		.byte	1
  64 0023 40       		.byte	64
  65 0024 0C       		.byte	12
  66 0025 18       		.byte	24
  67 0026 01       		.byte	1
  68 0027 40       		.byte	64
  69 0028 43       		.byte	67
  70 0029 19       		.byte	25
  71 002a 01       		.byte	1
  72 002b 40       		.byte	64
  73 002c 4F       		.byte	79
  74 002d 1A       		.byte	26
  75 002e 01       		.byte	1
  76 002f 40       		.byte	64
  77 0030 47       		.byte	71
  78 0031 1B       		.byte	27
  79 0032 01       		.byte	1
  80 0033 40       		.byte	64
  81 0034 02       		.byte	2
  82 0035 40       		.byte	64
  83 0036 01       		.byte	1
  84 0037 40       		.byte	64
  85 0038 04       		.byte	4
  86 0039 41       		.byte	65
  87 003a 01       		.byte	1
  88 003b 40       		.byte	64
  89 003c 04       		.byte	4
  90 003d 42       		.byte	66
  91 003e 01       		.byte	1
  92 003f 40       		.byte	64
  93 0040 01       		.byte	1
  94 0041 43       		.byte	67
  95 0042 01       		.byte	1
  96 0043 40       		.byte	64
  97 0044 02       		.byte	2
  98 0045 45       		.byte	69
  99 0046 01       		.byte	1
 100 0047 40       		.byte	64
 101 0048 01       		.byte	1
 102 0049 46       		.byte	70
 103 004a 01       		.byte	1
 104 004b 40       		.byte	64
 105 004c 04       		.byte	4
 106 004d 47       		.byte	71
 107 004e 01       		.byte	1
 108 004f 40       		.byte	64
 109 0050 01       		.byte	1
 110 0051 48       		.byte	72
 111 0052 01       		.byte	1
 112 0053 40       		.byte	64
 113 0054 03       		.byte	3
 114 0055 49       		.byte	73
ARM GAS  C:\Users\Girish\AppData\Local\Temp\ccsinAvf.s 			page 3


 115 0056 01       		.byte	1
 116 0057 40       		.byte	64
 117 0058 01       		.byte	1
 118 0059 4C       		.byte	76
 119 005a 01       		.byte	1
 120 005b 40       		.byte	64
 121 005c 07       		.byte	7
 122 005d 4D       		.byte	77
 123 005e 01       		.byte	1
 124 005f 40       		.byte	64
 125 0060 05       		.byte	5
 126 0061 50       		.byte	80
 127 0062 01       		.byte	1
 128 0063 40       		.byte	64
 129 0064 01       		.byte	1
 130 0065 51       		.byte	81
 131 0066 01       		.byte	1
 132 0067 40       		.byte	64
 133 0068 00       		.byte	0
 134 0069 40       		.byte	64
 135 006a 11       		.byte	17
 136 006b 01       		.byte	1
 137 006c 82       		.byte	-126
 138 006d 0D       		.byte	13
 139 006e 83       		.byte	-125
 140 006f 0D       		.byte	13
 141 0070 88       		.byte	-120
 142 0071 0F       		.byte	15
 143 0072 89       		.byte	-119
 144 0073 72       		.byte	114
 145 0074 8A       		.byte	-118
 146 0075 38       		.byte	56
 147 0076 8B       		.byte	-117
 148 0077 0D       		.byte	13
 149 0078 07       		.byte	7
 150 0079 01       		.byte	1
 151 007a 16       		.byte	22
 152 007b 04       		.byte	4
 153 007c 1E       		.byte	30
 154 007d 04       		.byte	4
 155 007e 22       		.byte	34
 156 007f 02       		.byte	2
 157 0080 23       		.byte	35
 158 0081 02       		.byte	2
 159 0082 27       		.byte	39
 160 0083 02       		.byte	2
 161 0084 2A       		.byte	42
 162 0085 01       		.byte	1
 163 0086 2B       		.byte	43
 164 0087 01       		.byte	1
 165 0088 30       		.byte	48
 166 0089 01       		.byte	1
 167 008a 31       		.byte	49
 168 008b 02       		.byte	2
 169 008c 32       		.byte	50
 170 008d 02       		.byte	2
 171 008e 34       		.byte	52
ARM GAS  C:\Users\Girish\AppData\Local\Temp\ccsinAvf.s 			page 4


 172 008f 04       		.byte	4
 173 0090 35       		.byte	53
 174 0091 01       		.byte	1
 175 0092 3E       		.byte	62
 176 0093 10       		.byte	16
 177 0094 40       		.byte	64
 178 0095 30       		.byte	48
 179 0096 41       		.byte	65
 180 0097 04       		.byte	4
 181 0098 45       		.byte	69
 182 0099 D0       		.byte	-48
 183 009a 47       		.byte	71
 184 009b 21       		.byte	33
 185 009c 48       		.byte	72
 186 009d 32       		.byte	50
 187 009e 49       		.byte	73
 188 009f FF       		.byte	-1
 189 00a0 4A       		.byte	74
 190 00a1 FF       		.byte	-1
 191 00a2 4B       		.byte	75
 192 00a3 FF       		.byte	-1
 193 00a4 4D       		.byte	77
 194 00a5 A0       		.byte	-96
 195 00a6 4F       		.byte	79
 196 00a7 04       		.byte	4
 197 00a8 50       		.byte	80
 198 00a9 18       		.byte	24
 199 00aa 52       		.byte	82
 200 00ab 80       		.byte	-128
 201 00ac 54       		.byte	84
 202 00ad 05       		.byte	5
 203 00ae 58       		.byte	88
 204 00af 04       		.byte	4
 205 00b0 59       		.byte	89
 206 00b1 04       		.byte	4
 207 00b2 5A       		.byte	90
 208 00b3 04       		.byte	4
 209 00b4 5B       		.byte	91
 210 00b5 04       		.byte	4
 211 00b6 5C       		.byte	92
 212 00b7 11       		.byte	17
 213 00b8 5D       		.byte	93
 214 00b9 11       		.byte	17
 215 00ba 5F       		.byte	95
 216 00bb 01       		.byte	1
 217 00bc 60       		.byte	96
 218 00bd 40       		.byte	64
 219 00be 62       		.byte	98
 220 00bf C0       		.byte	-64
 221 00c0 64       		.byte	100
 222 00c1 40       		.byte	64
 223 00c2 65       		.byte	101
 224 00c3 40       		.byte	64
 225 00c4 66       		.byte	102
 226 00c5 C0       		.byte	-64
 227 00c6 68       		.byte	104
 228 00c7 C0       		.byte	-64
ARM GAS  C:\Users\Girish\AppData\Local\Temp\ccsinAvf.s 			page 5


 229 00c8 6A       		.byte	106
 230 00c9 C0       		.byte	-64
 231 00ca 6C       		.byte	108
 232 00cb C0       		.byte	-64
 233 00cc 6E       		.byte	110
 234 00cd C0       		.byte	-64
 235 00ce 82       		.byte	-126
 236 00cf 02       		.byte	2
 237 00d0 8B       		.byte	-117
 238 00d1 01       		.byte	1
 239 00d2 8D       		.byte	-115
 240 00d3 01       		.byte	1
 241 00d4 91       		.byte	-111
 242 00d5 02       		.byte	2
 243 00d6 92       		.byte	-110
 244 00d7 01       		.byte	1
 245 00d8 96       		.byte	-106
 246 00d9 04       		.byte	4
 247 00da 97       		.byte	-105
 248 00db 02       		.byte	2
 249 00dc 9A       		.byte	-102
 250 00dd 02       		.byte	2
 251 00de B0       		.byte	-80
 252 00df 04       		.byte	4
 253 00e0 B1       		.byte	-79
 254 00e1 02       		.byte	2
 255 00e2 B4       		.byte	-76
 256 00e3 02       		.byte	2
 257 00e4 B6       		.byte	-74
 258 00e5 01       		.byte	1
 259 00e6 B7       		.byte	-73
 260 00e7 01       		.byte	1
 261 00e8 BE       		.byte	-66
 262 00e9 10       		.byte	16
 263 00ea C0       		.byte	-64
 264 00eb 10       		.byte	16
 265 00ec C1       		.byte	-63
 266 00ed 03       		.byte	3
 267 00ee C5       		.byte	-59
 268 00ef D0       		.byte	-48
 269 00f0 C6       		.byte	-58
 270 00f1 10       		.byte	16
 271 00f2 C7       		.byte	-57
 272 00f3 02       		.byte	2
 273 00f4 C8       		.byte	-56
 274 00f5 1A       		.byte	26
 275 00f6 C9       		.byte	-55
 276 00f7 FF       		.byte	-1
 277 00f8 CA       		.byte	-54
 278 00f9 FF       		.byte	-1
 279 00fa CB       		.byte	-53
 280 00fb FF       		.byte	-1
 281 00fc CD       		.byte	-51
 282 00fd A0       		.byte	-96
 283 00fe CF       		.byte	-49
 284 00ff 04       		.byte	4
 285 0100 D0       		.byte	-48
ARM GAS  C:\Users\Girish\AppData\Local\Temp\ccsinAvf.s 			page 6


 286 0101 18       		.byte	24
 287 0102 D2       		.byte	-46
 288 0103 80       		.byte	-128
 289 0104 D4       		.byte	-44
 290 0105 05       		.byte	5
 291 0106 D8       		.byte	-40
 292 0107 04       		.byte	4
 293 0108 D9       		.byte	-39
 294 0109 04       		.byte	4
 295 010a DA       		.byte	-38
 296 010b 04       		.byte	4
 297 010c DB       		.byte	-37
 298 010d 04       		.byte	4
 299 010e DC       		.byte	-36
 300 010f 11       		.byte	17
 301 0110 DD       		.byte	-35
 302 0111 11       		.byte	17
 303 0112 DF       		.byte	-33
 304 0113 01       		.byte	1
 305 0114 E0       		.byte	-32
 306 0115 40       		.byte	64
 307 0116 E2       		.byte	-30
 308 0117 C0       		.byte	-64
 309 0118 E4       		.byte	-28
 310 0119 40       		.byte	64
 311 011a E5       		.byte	-27
 312 011b 40       		.byte	64
 313 011c E6       		.byte	-26
 314 011d C0       		.byte	-64
 315 011e E8       		.byte	-24
 316 011f C0       		.byte	-64
 317 0120 EA       		.byte	-22
 318 0121 C0       		.byte	-64
 319 0122 EC       		.byte	-20
 320 0123 C0       		.byte	-64
 321 0124 EE       		.byte	-18
 322 0125 C0       		.byte	-64
 323 0126 03       		.byte	3
 324 0127 80       		.byte	-128
 325 0128 0B       		.byte	11
 326 0129 68       		.byte	104
 327 012a 0D       		.byte	13
 328 012b 08       		.byte	8
 329 012c 0F       		.byte	15
 330 012d 02       		.byte	2
 331 012e 16       		.byte	22
 332 012f 84       		.byte	-124
 333 0130 18       		.byte	24
 334 0131 40       		.byte	64
 335 0132 1A       		.byte	26
 336 0133 04       		.byte	4
 337 0134 1B       		.byte	27
 338 0135 80       		.byte	-128
 339 0136 1D       		.byte	29
 340 0137 08       		.byte	8
 341 0138 1E       		.byte	30
 342 0139 18       		.byte	24
ARM GAS  C:\Users\Girish\AppData\Local\Temp\ccsinAvf.s 			page 7


 343 013a 1F       		.byte	31
 344 013b 02       		.byte	2
 345 013c 22       		.byte	34
 346 013d 40       		.byte	64
 347 013e 23       		.byte	35
 348 013f 80       		.byte	-128
 349 0140 25       		.byte	37
 350 0141 10       		.byte	16
 351 0142 26       		.byte	38
 352 0143 02       		.byte	2
 353 0144 2E       		.byte	46
 354 0145 10       		.byte	16
 355 0146 2F       		.byte	47
 356 0147 90       		.byte	-112
 357 0148 33       		.byte	51
 358 0149 0A       		.byte	10
 359 014a 38       		.byte	56
 360 014b 40       		.byte	64
 361 014c 3B       		.byte	59
 362 014d 20       		.byte	32
 363 014e 3C       		.byte	60
 364 014f 08       		.byte	8
 365 0150 41       		.byte	65
 366 0151 04       		.byte	4
 367 0152 43       		.byte	67
 368 0153 80       		.byte	-128
 369 0154 45       		.byte	69
 370 0155 0A       		.byte	10
 371 0156 49       		.byte	73
 372 0157 02       		.byte	2
 373 0158 4D       		.byte	77
 374 0159 01       		.byte	1
 375 015a 51       		.byte	81
 376 015b 04       		.byte	4
 377 015c 53       		.byte	83
 378 015d 14       		.byte	20
 379 015e 54       		.byte	84
 380 015f 04       		.byte	4
 381 0160 55       		.byte	85
 382 0161 02       		.byte	2
 383 0162 56       		.byte	86
 384 0163 04       		.byte	4
 385 0164 57       		.byte	87
 386 0165 09       		.byte	9
 387 0166 59       		.byte	89
 388 0167 02       		.byte	2
 389 0168 5A       		.byte	90
 390 0169 84       		.byte	-124
 391 016a 5D       		.byte	93
 392 016b 01       		.byte	1
 393 016c 5E       		.byte	94
 394 016d 08       		.byte	8
 395 016e 5F       		.byte	95
 396 016f 80       		.byte	-128
 397 0170 73       		.byte	115
 398 0171 40       		.byte	64
 399 0172 76       		.byte	118
ARM GAS  C:\Users\Girish\AppData\Local\Temp\ccsinAvf.s 			page 8


 400 0173 80       		.byte	-128
 401 0174 C0       		.byte	-64
 402 0175 08       		.byte	8
 403 0176 C2       		.byte	-62
 404 0177 AE       		.byte	-82
 405 0178 C4       		.byte	-60
 406 0179 50       		.byte	80
 407 017a CA       		.byte	-54
 408 017b E0       		.byte	-32
 409 017c CC       		.byte	-52
 410 017d 03       		.byte	3
 411 017e CE       		.byte	-50
 412 017f 4C       		.byte	76
 413 0180 D0       		.byte	-48
 414 0181 CA       		.byte	-54
 415 0182 D6       		.byte	-42
 416 0183 DB       		.byte	-37
 417 0184 AE       		.byte	-82
 418 0185 02       		.byte	2
 419 0186 B5       		.byte	-75
 420 0187 10       		.byte	16
 421 0188 EE       		.byte	-18
 422 0189 10       		.byte	16
 423 018a 01       		.byte	1
 424 018b 10       		.byte	16
 425 018c 02       		.byte	2
 426 018d 15       		.byte	21
 427 018e 04       		.byte	4
 428 018f 03       		.byte	3
 429 0190 05       		.byte	5
 430 0191 0C       		.byte	12
 431 0192 06       		.byte	6
 432 0193 14       		.byte	20
 433 0194 07       		.byte	7
 434 0195 11       		.byte	17
 435 0196 08       		.byte	8
 436 0197 13       		.byte	19
 437 0198 09       		.byte	9
 438 0199 1C       		.byte	28
 439 019a 0A       		.byte	10
 440 019b 04       		.byte	4
 441 019c 0B       		.byte	11
 442 019d 02       		.byte	2
 443 019e 0D       		.byte	13
 444 019f 14       		.byte	20
 445 01a0 14       		.byte	20
 446 01a1 13       		.byte	19
 447 01a2 16       		.byte	22
 448 01a3 0C       		.byte	12
 449 01a4 19       		.byte	25
 450 01a5 10       		.byte	16
 451 01a6 1B       		.byte	27
 452 01a7 0C       		.byte	12
 453 01a8 1C       		.byte	28
 454 01a9 20       		.byte	32
 455 01aa 1F       		.byte	31
 456 01ab 03       		.byte	3
ARM GAS  C:\Users\Girish\AppData\Local\Temp\ccsinAvf.s 			page 9


 457 01ac 24       		.byte	36
 458 01ad 0A       		.byte	10
 459 01ae 26       		.byte	38
 460 01af 14       		.byte	20
 461 01b0 2D       		.byte	45
 462 01b1 09       		.byte	9
 463 01b2 2E       		.byte	46
 464 01b3 08       		.byte	8
 465 01b4 2F       		.byte	47
 466 01b5 10       		.byte	16
 467 01b6 30       		.byte	48
 468 01b7 10       		.byte	16
 469 01b8 31       		.byte	49
 470 01b9 1F       		.byte	31
 471 01ba 32       		.byte	50
 472 01bb 0F       		.byte	15
 473 01bc 34       		.byte	52
 474 01bd 20       		.byte	32
 475 01be 37       		.byte	55
 476 01bf 1F       		.byte	31
 477 01c0 3A       		.byte	58
 478 01c1 08       		.byte	8
 479 01c2 3E       		.byte	62
 480 01c3 11       		.byte	17
 481 01c4 40       		.byte	64
 482 01c5 34       		.byte	52
 483 01c6 41       		.byte	65
 484 01c7 06       		.byte	6
 485 01c8 45       		.byte	69
 486 01c9 E0       		.byte	-32
 487 01ca 46       		.byte	70
 488 01cb CB       		.byte	-53
 489 01cc 48       		.byte	72
 490 01cd 0E       		.byte	14
 491 01ce 49       		.byte	73
 492 01cf FF       		.byte	-1
 493 01d0 4A       		.byte	74
 494 01d1 FF       		.byte	-1
 495 01d2 4B       		.byte	75
 496 01d3 FF       		.byte	-1
 497 01d4 4E       		.byte	78
 498 01d5 F0       		.byte	-16
 499 01d6 4F       		.byte	79
 500 01d7 44       		.byte	68
 501 01d8 50       		.byte	80
 502 01d9 0C       		.byte	12
 503 01da 54       		.byte	84
 504 01db 01       		.byte	1
 505 01dc 58       		.byte	88
 506 01dd 04       		.byte	4
 507 01de 59       		.byte	89
 508 01df 04       		.byte	4
 509 01e0 5A       		.byte	90
 510 01e1 04       		.byte	4
 511 01e2 5B       		.byte	91
 512 01e3 04       		.byte	4
 513 01e4 5F       		.byte	95
ARM GAS  C:\Users\Girish\AppData\Local\Temp\ccsinAvf.s 			page 10


 514 01e5 01       		.byte	1
 515 01e6 66       		.byte	102
 516 01e7 C0       		.byte	-64
 517 01e8 6A       		.byte	106
 518 01e9 40       		.byte	64
 519 01ea 6B       		.byte	107
 520 01eb 02       		.byte	2
 521 01ec 81       		.byte	-127
 522 01ed 02       		.byte	2
 523 01ee 83       		.byte	-125
 524 01ef 01       		.byte	1
 525 01f0 8B       		.byte	-117
 526 01f1 04       		.byte	4
 527 01f2 8E       		.byte	-114
 528 01f3 02       		.byte	2
 529 01f4 95       		.byte	-107
 530 01f5 03       		.byte	3
 531 01f6 99       		.byte	-103
 532 01f7 03       		.byte	3
 533 01f8 9A       		.byte	-102
 534 01f9 04       		.byte	4
 535 01fa 9C       		.byte	-100
 536 01fb 01       		.byte	1
 537 01fc A2       		.byte	-94
 538 01fd 04       		.byte	4
 539 01fe A3       		.byte	-93
 540 01ff 04       		.byte	4
 541 0200 AA       		.byte	-86
 542 0201 02       		.byte	2
 543 0202 AD       		.byte	-83
 544 0203 01       		.byte	1
 545 0204 AF       		.byte	-81
 546 0205 02       		.byte	2
 547 0206 B0       		.byte	-80
 548 0207 02       		.byte	2
 549 0208 B1       		.byte	-79
 550 0209 03       		.byte	3
 551 020a B2       		.byte	-78
 552 020b 01       		.byte	1
 553 020c B4       		.byte	-76
 554 020d 04       		.byte	4
 555 020e B7       		.byte	-73
 556 020f 04       		.byte	4
 557 0210 BE       		.byte	-66
 558 0211 14       		.byte	20
 559 0212 BF       		.byte	-65
 560 0213 40       		.byte	64
 561 0214 C0       		.byte	-64
 562 0215 40       		.byte	64
 563 0216 C1       		.byte	-63
 564 0217 06       		.byte	6
 565 0218 C5       		.byte	-59
 566 0219 0D       		.byte	13
 567 021a C6       		.byte	-58
 568 021b 20       		.byte	32
 569 021c C7       		.byte	-57
 570 021d 01       		.byte	1
ARM GAS  C:\Users\Girish\AppData\Local\Temp\ccsinAvf.s 			page 11


 571 021e C8       		.byte	-56
 572 021f 19       		.byte	25
 573 0220 C9       		.byte	-55
 574 0221 FF       		.byte	-1
 575 0222 CA       		.byte	-54
 576 0223 FF       		.byte	-1
 577 0224 CB       		.byte	-53
 578 0225 FF       		.byte	-1
 579 0226 CD       		.byte	-51
 580 0227 A0       		.byte	-96
 581 0228 CF       		.byte	-49
 582 0229 04       		.byte	4
 583 022a D0       		.byte	-48
 584 022b 18       		.byte	24
 585 022c D8       		.byte	-40
 586 022d 04       		.byte	4
 587 022e D9       		.byte	-39
 588 022f 04       		.byte	4
 589 0230 DA       		.byte	-38
 590 0231 04       		.byte	4
 591 0232 DC       		.byte	-36
 592 0233 01       		.byte	1
 593 0234 DD       		.byte	-35
 594 0235 01       		.byte	1
 595 0236 DF       		.byte	-33
 596 0237 01       		.byte	1
 597 0238 E0       		.byte	-32
 598 0239 40       		.byte	64
 599 023a E2       		.byte	-30
 600 023b C0       		.byte	-64
 601 023c E4       		.byte	-28
 602 023d 40       		.byte	64
 603 023e E5       		.byte	-27
 604 023f 40       		.byte	64
 605 0240 E6       		.byte	-26
 606 0241 C0       		.byte	-64
 607 0242 E8       		.byte	-24
 608 0243 C0       		.byte	-64
 609 0244 EA       		.byte	-22
 610 0245 C0       		.byte	-64
 611 0246 EC       		.byte	-20
 612 0247 C0       		.byte	-64
 613 0248 EE       		.byte	-18
 614 0249 C0       		.byte	-64
 615 024a 00       		.byte	0
 616 024b 40       		.byte	64
 617 024c 05       		.byte	5
 618 024d 20       		.byte	32
 619 024e 06       		.byte	6
 620 024f 58       		.byte	88
 621 0250 07       		.byte	7
 622 0251 20       		.byte	32
 623 0252 09       		.byte	9
 624 0253 40       		.byte	64
 625 0254 0B       		.byte	11
 626 0255 08       		.byte	8
 627 0256 0C       		.byte	12
ARM GAS  C:\Users\Girish\AppData\Local\Temp\ccsinAvf.s 			page 12


 628 0257 80       		.byte	-128
 629 0258 0E       		.byte	14
 630 0259 20       		.byte	32
 631 025a 12       		.byte	18
 632 025b 08       		.byte	8
 633 025c 13       		.byte	19
 634 025d 02       		.byte	2
 635 025e 15       		.byte	21
 636 025f 40       		.byte	64
 637 0260 16       		.byte	22
 638 0261 20       		.byte	32
 639 0262 18       		.byte	24
 640 0263 04       		.byte	4
 641 0264 1A       		.byte	26
 642 0265 80       		.byte	-128
 643 0266 1B       		.byte	27
 644 0267 08       		.byte	8
 645 0268 1D       		.byte	29
 646 0269 08       		.byte	8
 647 026a 1E       		.byte	30
 648 026b 68       		.byte	104
 649 026c 20       		.byte	32
 650 026d 80       		.byte	-128
 651 026e 21       		.byte	33
 652 026f 01       		.byte	1
 653 0270 22       		.byte	34
 654 0271 80       		.byte	-128
 655 0272 25       		.byte	37
 656 0273 40       		.byte	64
 657 0274 27       		.byte	39
 658 0275 80       		.byte	-128
 659 0276 29       		.byte	41
 660 0277 80       		.byte	-128
 661 0278 2A       		.byte	42
 662 0279 01       		.byte	1
 663 027a 2D       		.byte	45
 664 027b 40       		.byte	64
 665 027c 2F       		.byte	47
 666 027d 01       		.byte	1
 667 027e 33       		.byte	51
 668 027f 14       		.byte	20
 669 0280 36       		.byte	54
 670 0281 10       		.byte	16
 671 0282 37       		.byte	55
 672 0283 80       		.byte	-128
 673 0284 39       		.byte	57
 674 0285 22       		.byte	34
 675 0286 3E       		.byte	62
 676 0287 A8       		.byte	-88
 677 0288 3F       		.byte	63
 678 0289 02       		.byte	2
 679 028a 40       		.byte	64
 680 028b 40       		.byte	64
 681 028c 45       		.byte	69
 682 028d 08       		.byte	8
 683 028e 46       		.byte	70
 684 028f 40       		.byte	64
ARM GAS  C:\Users\Girish\AppData\Local\Temp\ccsinAvf.s 			page 13


 685 0290 49       		.byte	73
 686 0291 04       		.byte	4
 687 0292 4B       		.byte	75
 688 0293 20       		.byte	32
 689 0294 4C       		.byte	76
 690 0295 80       		.byte	-128
 691 0296 4D       		.byte	77
 692 0297 21       		.byte	33
 693 0298 52       		.byte	82
 694 0299 08       		.byte	8
 695 029a 53       		.byte	83
 696 029b 10       		.byte	16
 697 029c 56       		.byte	86
 698 029d 90       		.byte	-112
 699 029e 5D       		.byte	93
 700 029f 01       		.byte	1
 701 02a0 5E       		.byte	94
 702 02a1 48       		.byte	72
 703 02a2 5F       		.byte	95
 704 02a3 20       		.byte	32
 705 02a4 87       		.byte	-121
 706 02a5 08       		.byte	8
 707 02a6 8E       		.byte	-114
 708 02a7 40       		.byte	64
 709 02a8 C0       		.byte	-64
 710 02a9 71       		.byte	113
 711 02aa C2       		.byte	-62
 712 02ab A3       		.byte	-93
 713 02ac C4       		.byte	-60
 714 02ad AA       		.byte	-86
 715 02ae CA       		.byte	-54
 716 02af 19       		.byte	25
 717 02b0 CC       		.byte	-52
 718 02b1 36       		.byte	54
 719 02b2 CE       		.byte	-50
 720 02b3 F5       		.byte	-11
 721 02b4 D0       		.byte	-48
 722 02b5 C1       		.byte	-63
 723 02b6 D2       		.byte	-46
 724 02b7 24       		.byte	36
 725 02b8 D6       		.byte	-42
 726 02b9 F0       		.byte	-16
 727 02ba E4       		.byte	-28
 728 02bb 02       		.byte	2
 729 02bc E6       		.byte	-26
 730 02bd 02       		.byte	2
 731 02be 1A       		.byte	26
 732 02bf 01       		.byte	1
 733 02c0 1F       		.byte	31
 734 02c1 02       		.byte	2
 735 02c2 27       		.byte	39
 736 02c3 02       		.byte	2
 737 02c4 2F       		.byte	47
 738 02c5 01       		.byte	1
 739 02c6 31       		.byte	49
 740 02c7 01       		.byte	1
 741 02c8 35       		.byte	53
ARM GAS  C:\Users\Girish\AppData\Local\Temp\ccsinAvf.s 			page 14


 742 02c9 02       		.byte	2
 743 02ca 36       		.byte	54
 744 02cb 01       		.byte	1
 745 02cc 3F       		.byte	63
 746 02cd 10       		.byte	16
 747 02ce 58       		.byte	88
 748 02cf 04       		.byte	4
 749 02d0 59       		.byte	89
 750 02d1 04       		.byte	4
 751 02d2 5C       		.byte	92
 752 02d3 11       		.byte	17
 753 02d4 5F       		.byte	95
 754 02d5 01       		.byte	1
 755 02d6 00       		.byte	0
 756 02d7 80       		.byte	-128
 757 02d8 01       		.byte	1
 758 02d9 04       		.byte	4
 759 02da 03       		.byte	3
 760 02db 28       		.byte	40
 761 02dc 06       		.byte	6
 762 02dd 04       		.byte	4
 763 02de 07       		.byte	7
 764 02df 04       		.byte	4
 765 02e0 09       		.byte	9
 766 02e1 80       		.byte	-128
 767 02e2 0A       		.byte	10
 768 02e3 64       		.byte	100
 769 02e4 0E       		.byte	14
 770 02e5 08       		.byte	8
 771 02e6 10       		.byte	16
 772 02e7 82       		.byte	-126
 773 02e8 13       		.byte	19
 774 02e9 14       		.byte	20
 775 02ea 18       		.byte	24
 776 02eb 80       		.byte	-128
 777 02ec 19       		.byte	25
 778 02ed 14       		.byte	20
 779 02ee 1A       		.byte	26
 780 02ef 40       		.byte	64
 781 02f0 1B       		.byte	27
 782 02f1 04       		.byte	4
 783 02f2 1E       		.byte	30
 784 02f3 02       		.byte	2
 785 02f4 21       		.byte	33
 786 02f5 14       		.byte	20
 787 02f6 22       		.byte	34
 788 02f7 02       		.byte	2
 789 02f8 23       		.byte	35
 790 02f9 02       		.byte	2
 791 02fa 24       		.byte	36
 792 02fb 40       		.byte	64
 793 02fc 27       		.byte	39
 794 02fd 88       		.byte	-120
 795 02fe 29       		.byte	41
 796 02ff 80       		.byte	-128
 797 0300 2B       		.byte	43
 798 0301 24       		.byte	36
ARM GAS  C:\Users\Girish\AppData\Local\Temp\ccsinAvf.s 			page 15


 799 0302 2E       		.byte	46
 800 0303 80       		.byte	-128
 801 0304 2F       		.byte	47
 802 0305 10       		.byte	16
 803 0306 31       		.byte	49
 804 0307 10       		.byte	16
 805 0308 32       		.byte	50
 806 0309 12       		.byte	18
 807 030a 33       		.byte	51
 808 030b 08       		.byte	8
 809 030c 36       		.byte	54
 810 030d 0C       		.byte	12
 811 030e 37       		.byte	55
 812 030f 80       		.byte	-128
 813 0310 38       		.byte	56
 814 0311 A8       		.byte	-88
 815 0312 3A       		.byte	58
 816 0313 02       		.byte	2
 817 0314 40       		.byte	64
 818 0315 01       		.byte	1
 819 0316 41       		.byte	65
 820 0317 10       		.byte	16
 821 0318 42       		.byte	66
 822 0319 40       		.byte	64
 823 031a 43       		.byte	67
 824 031b 08       		.byte	8
 825 031c 49       		.byte	73
 826 031d 10       		.byte	16
 827 031e 4B       		.byte	75
 828 031f 08       		.byte	8
 829 0320 52       		.byte	82
 830 0321 01       		.byte	1
 831 0322 5A       		.byte	90
 832 0323 02       		.byte	2
 833 0324 68       		.byte	104
 834 0325 01       		.byte	1
 835 0326 6B       		.byte	107
 836 0327 14       		.byte	20
 837 0328 70       		.byte	112
 838 0329 94       		.byte	-108
 839 032a 72       		.byte	114
 840 032b 02       		.byte	2
 841 032c 73       		.byte	115
 842 032d 14       		.byte	20
 843 032e 90       		.byte	-112
 844 032f 04       		.byte	4
 845 0330 93       		.byte	-109
 846 0331 20       		.byte	32
 847 0332 94       		.byte	-108
 848 0333 40       		.byte	64
 849 0334 95       		.byte	-107
 850 0335 20       		.byte	32
 851 0336 97       		.byte	-105
 852 0337 0A       		.byte	10
 853 0338 98       		.byte	-104
 854 0339 02       		.byte	2
 855 033a 9D       		.byte	-99
ARM GAS  C:\Users\Girish\AppData\Local\Temp\ccsinAvf.s 			page 16


 856 033b 80       		.byte	-128
 857 033c 9E       		.byte	-98
 858 033d 69       		.byte	105
 859 033e 9F       		.byte	-97
 860 033f 16       		.byte	22
 861 0340 A0       		.byte	-96
 862 0341 40       		.byte	64
 863 0342 A2       		.byte	-94
 864 0343 98       		.byte	-104
 865 0344 A7       		.byte	-89
 866 0345 01       		.byte	1
 867 0346 B4       		.byte	-76
 868 0347 02       		.byte	2
 869 0348 B5       		.byte	-75
 870 0349 04       		.byte	4
 871 034a C0       		.byte	-64
 872 034b 07       		.byte	7
 873 034c C2       		.byte	-62
 874 034d 4F       		.byte	79
 875 034e C4       		.byte	-60
 876 034f 0F       		.byte	15
 877 0350 CA       		.byte	-54
 878 0351 5E       		.byte	94
 879 0352 CC       		.byte	-52
 880 0353 17       		.byte	23
 881 0354 CE       		.byte	-50
 882 0355 0F       		.byte	15
 883 0356 D0       		.byte	-48
 884 0357 0F       		.byte	15
 885 0358 D2       		.byte	-46
 886 0359 04       		.byte	4
 887 035a D6       		.byte	-42
 888 035b 01       		.byte	1
 889 035c 00       		.byte	0
 890 035d 80       		.byte	-128
 891 035e 04       		.byte	4
 892 035f 9C       		.byte	-100
 893 0360 05       		.byte	5
 894 0361 01       		.byte	1
 895 0362 0A       		.byte	10
 896 0363 03       		.byte	3
 897 0364 0C       		.byte	12
 898 0365 12       		.byte	18
 899 0366 0D       		.byte	13
 900 0367 01       		.byte	1
 901 0368 0E       		.byte	14
 902 0369 44       		.byte	68
 903 036a 10       		.byte	16
 904 036b 03       		.byte	3
 905 036c 14       		.byte	20
 906 036d 03       		.byte	3
 907 036e 15       		.byte	21
 908 036f 01       		.byte	1
 909 0370 18       		.byte	24
 910 0371 07       		.byte	7
 911 0372 19       		.byte	25
 912 0373 01       		.byte	1
ARM GAS  C:\Users\Girish\AppData\Local\Temp\ccsinAvf.s 			page 17


 913 0374 1A       		.byte	26
 914 0375 38       		.byte	56
 915 0376 1E       		.byte	30
 916 0377 03       		.byte	3
 917 0378 26       		.byte	38
 918 0379 03       		.byte	3
 919 037a 28       		.byte	40
 920 037b 9C       		.byte	-100
 921 037c 2C       		.byte	44
 922 037d 09       		.byte	9
 923 037e 2E       		.byte	46
 924 037f 44       		.byte	68
 925 0380 30       		.byte	48
 926 0381 03       		.byte	3
 927 0382 31       		.byte	49
 928 0383 01       		.byte	1
 929 0384 32       		.byte	50
 930 0385 80       		.byte	-128
 931 0386 34       		.byte	52
 932 0387 1C       		.byte	28
 933 0388 36       		.byte	54
 934 0389 60       		.byte	96
 935 038a 3E       		.byte	62
 936 038b 40       		.byte	64
 937 038c 3F       		.byte	63
 938 038d 01       		.byte	1
 939 038e 54       		.byte	84
 940 038f 18       		.byte	24
 941 0390 56       		.byte	86
 942 0391 04       		.byte	4
 943 0392 58       		.byte	88
 944 0393 04       		.byte	4
 945 0394 59       		.byte	89
 946 0395 04       		.byte	4
 947 0396 5B       		.byte	91
 948 0397 04       		.byte	4
 949 0398 5F       		.byte	95
 950 0399 01       		.byte	1
 951 039a 84       		.byte	-124
 952 039b 4C       		.byte	76
 953 039c 86       		.byte	-122
 954 039d 13       		.byte	19
 955 039e 88       		.byte	-120
 956 039f 11       		.byte	17
 957 03a0 8A       		.byte	-118
 958 03a1 0E       		.byte	14
 959 03a2 8E       		.byte	-114
 960 03a3 4C       		.byte	76
 961 03a4 8F       		.byte	-113
 962 03a5 01       		.byte	1
 963 03a6 91       		.byte	-111
 964 03a7 04       		.byte	4
 965 03a8 94       		.byte	-108
 966 03a9 11       		.byte	17
 967 03aa 96       		.byte	-106
 968 03ab 46       		.byte	70
 969 03ac 97       		.byte	-105
ARM GAS  C:\Users\Girish\AppData\Local\Temp\ccsinAvf.s 			page 18


 970 03ad 04       		.byte	4
 971 03ae 99       		.byte	-103
 972 03af 03       		.byte	3
 973 03b0 9E       		.byte	-98
 974 03b1 08       		.byte	8
 975 03b2 A0       		.byte	-96
 976 03b3 20       		.byte	32
 977 03b4 A2       		.byte	-94
 978 03b5 03       		.byte	3
 979 03b6 A5       		.byte	-91
 980 03b7 03       		.byte	3
 981 03b8 A9       		.byte	-87
 982 03b9 02       		.byte	2
 983 03ba B0       		.byte	-80
 984 03bb 30       		.byte	48
 985 03bc B2       		.byte	-78
 986 03bd 0F       		.byte	15
 987 03be B3       		.byte	-77
 988 03bf 03       		.byte	3
 989 03c0 B4       		.byte	-76
 990 03c1 4A       		.byte	74
 991 03c2 B7       		.byte	-73
 992 03c3 04       		.byte	4
 993 03c4 B8       		.byte	-72
 994 03c5 02       		.byte	2
 995 03c6 B9       		.byte	-71
 996 03c7 08       		.byte	8
 997 03c8 BA       		.byte	-70
 998 03c9 28       		.byte	40
 999 03ca BF       		.byte	-65
 1000 03cb 04       		.byte	4
 1001 03cc C0       		.byte	-64
 1002 03cd 02       		.byte	2
 1003 03ce C7       		.byte	-57
 1004 03cf 40       		.byte	64
 1005 03d0 C9       		.byte	-55
 1006 03d1 FF       		.byte	-1
 1007 03d2 CA       		.byte	-54
 1008 03d3 07       		.byte	7
 1009 03d4 CB       		.byte	-53
 1010 03d5 FF       		.byte	-1
 1011 03d6 CC       		.byte	-52
 1012 03d7 40       		.byte	64
 1013 03d8 CD       		.byte	-51
 1014 03d9 20       		.byte	32
 1015 03da CE       		.byte	-50
 1016 03db F0       		.byte	-16
 1017 03dc CF       		.byte	-49
 1018 03dd 05       		.byte	5
 1019 03de D0       		.byte	-48
 1020 03df 08       		.byte	8
 1021 03e0 D2       		.byte	-46
 1022 03e1 80       		.byte	-128
 1023 03e2 D4       		.byte	-44
 1024 03e3 05       		.byte	5
 1025 03e4 D8       		.byte	-40
 1026 03e5 04       		.byte	4
ARM GAS  C:\Users\Girish\AppData\Local\Temp\ccsinAvf.s 			page 19


 1027 03e6 D9       		.byte	-39
 1028 03e7 04       		.byte	4
 1029 03e8 DA       		.byte	-38
 1030 03e9 04       		.byte	4
 1031 03ea DB       		.byte	-37
 1032 03eb 04       		.byte	4
 1033 03ec DC       		.byte	-36
 1034 03ed 10       		.byte	16
 1035 03ee DD       		.byte	-35
 1036 03ef 10       		.byte	16
 1037 03f0 DF       		.byte	-33
 1038 03f1 01       		.byte	1
 1039 03f2 E0       		.byte	-32
 1040 03f3 40       		.byte	64
 1041 03f4 E1       		.byte	-31
 1042 03f5 A8       		.byte	-88
 1043 03f6 E2       		.byte	-30
 1044 03f7 40       		.byte	64
 1045 03f8 E3       		.byte	-29
 1046 03f9 20       		.byte	32
 1047 03fa 00       		.byte	0
 1048 03fb 82       		.byte	-126
 1049 03fc 03       		.byte	3
 1050 03fd 18       		.byte	24
 1051 03fe 04       		.byte	4
 1052 03ff 40       		.byte	64
 1053 0400 06       		.byte	6
 1054 0401 28       		.byte	40
 1055 0402 09       		.byte	9
 1056 0403 80       		.byte	-128
 1057 0404 0A       		.byte	10
 1058 0405 64       		.byte	100
 1059 0406 0E       		.byte	14
 1060 0407 20       		.byte	32
 1061 0408 0F       		.byte	15
 1062 0409 02       		.byte	2
 1063 040a 10       		.byte	16
 1064 040b 02       		.byte	2
 1065 040c 11       		.byte	17
 1066 040d 04       		.byte	4
 1067 040e 12       		.byte	18
 1068 040f 04       		.byte	4
 1069 0410 16       		.byte	22
 1070 0411 40       		.byte	64
 1071 0412 18       		.byte	24
 1072 0413 01       		.byte	1
 1073 0414 19       		.byte	25
 1074 0415 01       		.byte	1
 1075 0416 1A       		.byte	26
 1076 0417 04       		.byte	4
 1077 0418 1B       		.byte	27
 1078 0419 08       		.byte	8
 1079 041a 1C       		.byte	28
 1080 041b 40       		.byte	64
 1081 041c 1F       		.byte	31
 1082 041d 15       		.byte	21
 1083 041e 22       		.byte	34
ARM GAS  C:\Users\Girish\AppData\Local\Temp\ccsinAvf.s 			page 20


 1084 041f 01       		.byte	1
 1085 0420 26       		.byte	38
 1086 0421 40       		.byte	64
 1087 0422 27       		.byte	39
 1088 0423 20       		.byte	32
 1089 0424 2E       		.byte	46
 1090 0425 28       		.byte	40
 1091 0426 2F       		.byte	47
 1092 0427 14       		.byte	20
 1093 0428 31       		.byte	49
 1094 0429 14       		.byte	20
 1095 042a 32       		.byte	50
 1096 042b 10       		.byte	16
 1097 042c 36       		.byte	54
 1098 042d 19       		.byte	25
 1099 042e 38       		.byte	56
 1100 042f 80       		.byte	-128
 1101 0430 39       		.byte	57
 1102 0431 0C       		.byte	12
 1103 0432 3F       		.byte	63
 1104 0433 80       		.byte	-128
 1105 0434 47       		.byte	71
 1106 0435 20       		.byte	32
 1107 0436 56       		.byte	86
 1108 0437 40       		.byte	64
 1109 0438 57       		.byte	87
 1110 0439 41       		.byte	65
 1111 043a 59       		.byte	89
 1112 043b 01       		.byte	1
 1113 043c 5C       		.byte	92
 1114 043d 02       		.byte	2
 1115 043e 5E       		.byte	94
 1116 043f 80       		.byte	-128
 1117 0440 5F       		.byte	95
 1118 0441 08       		.byte	8
 1119 0442 60       		.byte	96
 1120 0443 04       		.byte	4
 1121 0444 62       		.byte	98
 1122 0445 80       		.byte	-128
 1123 0446 63       		.byte	99
 1124 0447 40       		.byte	64
 1125 0448 76       		.byte	118
 1126 0449 80       		.byte	-128
 1127 044a 81       		.byte	-127
 1128 044b 84       		.byte	-124
 1129 044c 87       		.byte	-121
 1130 044d 40       		.byte	64
 1131 044e 88       		.byte	-120
 1132 044f 02       		.byte	2
 1133 0450 89       		.byte	-119
 1134 0451 80       		.byte	-128
 1135 0452 90       		.byte	-112
 1136 0453 84       		.byte	-124
 1137 0454 91       		.byte	-111
 1138 0455 08       		.byte	8
 1139 0456 92       		.byte	-110
 1140 0457 40       		.byte	64
ARM GAS  C:\Users\Girish\AppData\Local\Temp\ccsinAvf.s 			page 21


 1141 0458 94       		.byte	-108
 1142 0459 01       		.byte	1
 1143 045a 95       		.byte	-107
 1144 045b 04       		.byte	4
 1145 045c 96       		.byte	-106
 1146 045d 06       		.byte	6
 1147 045e 97       		.byte	-105
 1148 045f 02       		.byte	2
 1149 0460 98       		.byte	-104
 1150 0461 02       		.byte	2
 1151 0462 99       		.byte	-103
 1152 0463 14       		.byte	20
 1153 0464 9A       		.byte	-102
 1154 0465 04       		.byte	4
 1155 0466 9B       		.byte	-101
 1156 0467 18       		.byte	24
 1157 0468 9D       		.byte	-99
 1158 0469 80       		.byte	-128
 1159 046a 9E       		.byte	-98
 1160 046b E8       		.byte	-24
 1161 046c A0       		.byte	-96
 1162 046d 41       		.byte	65
 1163 046e A2       		.byte	-94
 1164 046f 99       		.byte	-103
 1165 0470 A4       		.byte	-92
 1166 0471 02       		.byte	2
 1167 0472 A5       		.byte	-91
 1168 0473 80       		.byte	-128
 1169 0474 A7       		.byte	-89
 1170 0475 09       		.byte	9
 1171 0476 C0       		.byte	-64
 1172 0477 EF       		.byte	-17
 1173 0478 C2       		.byte	-62
 1174 0479 AF       		.byte	-81
 1175 047a C4       		.byte	-60
 1176 047b 17       		.byte	23
 1177 047c CA       		.byte	-54
 1178 047d 60       		.byte	96
 1179 047e CC       		.byte	-52
 1180 047f E6       		.byte	-26
 1181 0480 CE       		.byte	-50
 1182 0481 1A       		.byte	26
 1183 0482 D0       		.byte	-48
 1184 0483 20       		.byte	32
 1185 0484 D6       		.byte	-42
 1186 0485 D1       		.byte	-47
 1187 0486 D8       		.byte	-40
 1188 0487 0D       		.byte	13
 1189 0488 32       		.byte	50
 1190 0489 20       		.byte	32
 1191 048a CC       		.byte	-52
 1192 048b 10       		.byte	16
 1193 048c 60       		.byte	96
 1194 048d 01       		.byte	1
 1195 048e 66       		.byte	102
 1196 048f 80       		.byte	-128
 1197 0490 A6       		.byte	-90
ARM GAS  C:\Users\Girish\AppData\Local\Temp\ccsinAvf.s 			page 22


 1198 0491 20       		.byte	32
 1199 0492 D6       		.byte	-42
 1200 0493 C0       		.byte	-64
 1201 0494 A6       		.byte	-90
 1202 0495 20       		.byte	32
 1203 0496 AE       		.byte	-82
 1204 0497 80       		.byte	-128
 1205 0498 B4       		.byte	-76
 1206 0499 01       		.byte	1
 1207 049a EA       		.byte	-22
 1208 049b 40       		.byte	64
 1209 049c A6       		.byte	-90
 1210 049d 20       		.byte	32
 1211 049e 5B       		.byte	91
 1212 049f 40       		.byte	64
 1213 04a0 D4       		.byte	-44
 1214 04a1 01       		.byte	1
 1215 04a2 9F       		.byte	-97
 1216 04a3 40       		.byte	64
 1217 04a4 84       		.byte	-124
 1218 04a5 04       		.byte	4
 1219 04a6 8F       		.byte	-113
 1220 04a7 40       		.byte	64
 1221 04a8 9F       		.byte	-97
 1222 04a9 40       		.byte	64
 1223 04aa E0       		.byte	-32
 1224 04ab 08       		.byte	8
 1225 04ac A6       		.byte	-90
 1226 04ad 20       		.byte	32
 1227 04ae 86       		.byte	-122
 1228 04af 20       		.byte	32
 1229 04b0 A6       		.byte	-90
 1230 04b1 20       		.byte	32
 1231 04b2 E6       		.byte	-26
 1232 04b3 40       		.byte	64
 1233 04b4 A0       		.byte	-96
 1234 04b5 04       		.byte	4
 1235 04b6 10       		.byte	16
 1236 04b7 80       		.byte	-128
 1237 04b8 74       		.byte	116
 1238 04b9 04       		.byte	4
 1239 04ba 88       		.byte	-120
 1240 04bb 80       		.byte	-128
 1241 04bc A0       		.byte	-96
 1242 04bd 04       		.byte	4
 1243 04be C4       		.byte	-60
 1244 04bf 08       		.byte	8
 1245 04c0 DE       		.byte	-34
 1246 04c1 04       		.byte	4
 1247 04c2 E6       		.byte	-26
 1248 04c3 01       		.byte	1
 1249 04c4 00       		.byte	0
 1250 04c5 03       		.byte	3
 1251 04c6 08       		.byte	8
 1252 04c7 02       		.byte	2
 1253 04c8 0C       		.byte	12
 1254 04c9 03       		.byte	3
ARM GAS  C:\Users\Girish\AppData\Local\Temp\ccsinAvf.s 			page 23


 1255 04ca 10       		.byte	16
 1256 04cb 03       		.byte	3
 1257 04cc 1C       		.byte	28
 1258 04cd 03       		.byte	3
 1259 04ce 00       		.byte	0
 1260 04cf 03       		.byte	3
 1261 04d0 80       		.byte	-128
 1262 04d1 80       		.byte	-128
 1263 04d2 00       		.byte	0
 1264 04d3 00       		.byte	0
 1265 04d4 40       		.byte	64
 1266 04d5 00       		.byte	0
 1267 04d6 00       		.byte	0
 1268 04d7 00       		.byte	0
 1269 04d8 00       		.byte	0
 1270 04d9 10       		.byte	16
 1271 04da 00       		.byte	0
 1272 04db 00       		.byte	0
 1273 04dc 0C       		.byte	12
 1274 04dd 18       		.byte	24
 1275 04de 13       		.byte	19
 1276 04df 00       		.byte	0
 1277 04e0 00       		.byte	0
 1278 04e1 08       		.byte	8
 1279 04e2 13       		.byte	19
 1280 04e3 00       		.byte	0
 1281 04e4 02       		.byte	2
 1282 04e5 A7       		.byte	-89
 1283 04e6 00       		.byte	0
 1284 04e7 18       		.byte	24
 1285 04e8 13       		.byte	19
 1286 04e9 00       		.byte	0
 1287 04ea 0C       		.byte	12
 1288 04eb 04       		.byte	4
 1289 04ec 1F       		.byte	31
 1290 04ed 00       		.byte	0
 1291 04ee 00       		.byte	0
 1292 04ef 23       		.byte	35
 1293 04f0 03       		.byte	3
 1294 04f1 BF       		.byte	-65
 1295 04f2 00       		.byte	0
 1296 04f3 00       		.byte	0
 1297 04f4 0F       		.byte	15
 1298 04f5 00       		.byte	0
 1299 04f6 10       		.byte	16
 1300 04f7 00       		.byte	0
 1301 04f8 08       		.byte	8
 1302 04f9 00       		.byte	0
 1303 04fa 00       		.byte	0
 1304 04fb 00       		.byte	0
 1305 04fc 04       		.byte	4
 1306 04fd 3C       		.byte	60
 1307 04fe 00       		.byte	0
 1308 04ff 82       		.byte	-126
 1309 0500 0C       		.byte	12
 1310 0501 1C       		.byte	28
 1311 0502 00       		.byte	0
ARM GAS  C:\Users\Girish\AppData\Local\Temp\ccsinAvf.s 			page 24


 1312 0503 A1       		.byte	-95
 1313 0504 01       		.byte	1
 1314 0505 04       		.byte	4
 1315 0506 00       		.byte	0
 1316 0507 40       		.byte	64
 1317 0508 0F       		.byte	15
 1318 0509 40       		.byte	64
 1319 050a 1C       		.byte	28
 1320 050b 1F       		.byte	31
 1321 050c 00       		.byte	0
 1322 050d 38       		.byte	56
 1323 050e 00       		.byte	0
 1324 050f 80       		.byte	-128
 1325 0510 00       		.byte	0
 1326 0511 80       		.byte	-128
 1327 0512 2A       		.byte	42
 1328 0513 08       		.byte	8
 1329 0514 00       		.byte	0
 1330 0515 00       		.byte	0
 1331 0516 00       		.byte	0
 1332 0517 00       		.byte	0
 1333 0518 43       		.byte	67
 1334 0519 06       		.byte	6
 1335 051a 02       		.byte	2
 1336 051b 00       		.byte	0
 1337 051c 01       		.byte	1
 1338 051d 0E       		.byte	14
 1339 051e 00       		.byte	0
 1340 051f C0       		.byte	-64
 1341 0520 21       		.byte	33
 1342 0521 FF       		.byte	-1
 1343 0522 FF       		.byte	-1
 1344 0523 FF       		.byte	-1
 1345 0524 62       		.byte	98
 1346 0525 A0       		.byte	-96
 1347 0526 F0       		.byte	-16
 1348 0527 41       		.byte	65
 1349 0528 0C       		.byte	12
 1350 0529 00       		.byte	0
 1351 052a 00       		.byte	0
 1352 052b 00       		.byte	0
 1353 052c 00       		.byte	0
 1354 052d 00       		.byte	0
 1355 052e 02       		.byte	2
 1356 052f 13       		.byte	19
 1357 0530 04       		.byte	4
 1358 0531 04       		.byte	4
 1359 0532 04       		.byte	4
 1360 0533 04       		.byte	4
 1361 0534 00       		.byte	0
 1362 0535 00       		.byte	0
 1363 0536 00       		.byte	0
 1364 0537 01       		.byte	1
 1365 0538 00       		.byte	0
 1366 0539 00       		.byte	0
 1367 053a 00       		.byte	0
 1368 053b 00       		.byte	0
ARM GAS  C:\Users\Girish\AppData\Local\Temp\ccsinAvf.s 			page 25


 1369 053c 00       		.byte	0
 1370 053d 00       		.byte	0
 1371 053e 40       		.byte	64
 1372 053f 02       		.byte	2
 1373 0540 00       		.byte	0
 1374 0541 10       		.byte	16
 1375 0542 30       		.byte	48
 1376 0543 10       		.byte	16
 1377 0544 00       		.byte	0
 1378 0545 10       		.byte	16
 1379 0546 10       		.byte	16
 1380 0547 12       		.byte	18
 1381 0548 00       		.byte	0
 1382 0549 00       		.byte	0
 1383 054a 00       		.byte	0
 1384 054b 00       		.byte	0
 1385 054c 00       		.byte	0
 1386 054d 00       		.byte	0
 1387 054e 00       		.byte	0
 1388 054f 00       		.byte	0
 1389 0550 00       		.byte	0
 1390 0551 00       		.byte	0
 1391 0552 00       		.byte	0
 1392 0553 00       		.byte	0
 1393 0554 00       		.byte	0
 1394 0555 00       		.byte	0
 1395 0556 00       		.byte	0
 1396 0557 00       		.byte	0
 1397 0558 00       		.byte	0
 1398 0559 C0       		.byte	-64
 1399 055a C0       		.byte	-64
 1400 055b 00       		.byte	0
 1401 055c C0       		.byte	-64
 1402 055d 00       		.byte	0
 1403 055e 00       		.byte	0
 1404 055f 00       		.byte	0
 1405 0560 80       		.byte	-128
 1406 0561 00       		.byte	0
 1407 0562 40       		.byte	64
 1408 0563 80       		.byte	-128
 1409 0564 80       		.byte	-128
 1410 0565 00       		.byte	0
 1411 0566 80       		.byte	-128
 1412 0567 00       		.byte	0
 1413 0568 00       		.byte	0
 1414 0569 00       		.byte	0
 1415 056a 00       		.byte	0
 1416 056b 00       		.byte	0
 1417 056c 00       		.byte	0
 1418 056d 0B       		.byte	11
 1419 056e 0B       		.byte	11
 1420 056f 00       		.byte	0
 1421 0570 00       		.byte	0
 1422 0571 00       		.byte	0
 1423 0572 00       		.byte	0
 1424 0573 00       		.byte	0
 1425 0574 00       		.byte	0
ARM GAS  C:\Users\Girish\AppData\Local\Temp\ccsinAvf.s 			page 26


 1426 0575 21       		.byte	33
 1427 0576 21       		.byte	33
 1428 0577 00       		.byte	0
 1429 0578 01       		.byte	1
 1430 0579 00       		.byte	0
 1431 057a 00       		.byte	0
 1432 057b 00       		.byte	0
 1433              		.section	.cywolatch,"a",%progbits
 1434              		.align	2
 1435              		.type	cy_meta_wonvl, %object
 1436              		.size	cy_meta_wonvl, 4
 1437              	cy_meta_wonvl:
 1438 0000 BC       		.byte	-68
 1439 0001 90       		.byte	-112
 1440 0002 AC       		.byte	-84
 1441 0003 AF       		.byte	-81
 1442              		.section	.cycustnvl,"a",%progbits
 1443              		.align	2
 1444              		.type	cy_meta_custnvl, %object
 1445              		.size	cy_meta_custnvl, 4
 1446              	cy_meta_custnvl:
 1447 0000 00       		.byte	0
 1448 0001 00       		.byte	0
 1449 0002 40       		.byte	64
 1450 0003 05       		.byte	5
 1451              		.section	.cymeta,"a",%progbits
 1452              		.align	2
 1453              		.type	cy_metadata, %object
 1454              		.size	cy_metadata, 12
 1455              	cy_metadata:
 1456 0000 00       		.byte	0
 1457 0001 01       		.byte	1
 1458 0002 2E       		.byte	46
 1459 0003 16       		.byte	22
 1460 0004 10       		.byte	16
 1461 0005 69       		.byte	105
 1462 0006 00       		.byte	0
 1463 0007 01       		.byte	1
 1464 0008 00       		.byte	0
 1465 0009 00       		.byte	0
 1466 000a 00       		.byte	0
 1467 000b 00       		.byte	0
 1468              		.section	.cyflashprotect,"a",%progbits
 1469              		.align	2
 1470              		.type	cy_meta_flashprotect, %object
 1471              		.size	cy_meta_flashprotect, 256
 1472              	cy_meta_flashprotect:
 1473 0000 00000000 		.space	256
 1473      00000000 
 1473      00000000 
 1473      00000000 
 1473      00000000 
 1474              		.text
 1475              	.Letext0:
 1476              		.file 1 "c:\\program files (x86)\\cypress\\psoc creator\\4.4\\psoc creator\\import\\gnu\\arm\\5.4.
 1477              		.file 2 "c:\\program files (x86)\\cypress\\psoc creator\\4.4\\psoc creator\\import\\gnu\\arm\\5.4.
 1478              		.file 3 "Generated_Source\\PSoC5\\cymetadata.c"
ARM GAS  C:\Users\Girish\AppData\Local\Temp\ccsinAvf.s 			page 27


 1479              		.section	.debug_info,"",%progbits
 1480              	.Ldebug_info0:
 1481 0000 32010000 		.4byte	0x132
 1482 0004 0400     		.2byte	0x4
 1483 0006 00000000 		.4byte	.Ldebug_abbrev0
 1484 000a 04       		.byte	0x4
 1485 000b 01       		.uleb128 0x1
 1486 000c 24000000 		.4byte	.LASF17
 1487 0010 0C       		.byte	0xc
 1488 0011 DC010000 		.4byte	.LASF18
 1489 0015 25010000 		.4byte	.LASF19
 1490 0019 00000000 		.4byte	.Ldebug_line0
 1491 001d 02       		.uleb128 0x2
 1492 001e 01       		.byte	0x1
 1493 001f 06       		.byte	0x6
 1494 0020 D0010000 		.4byte	.LASF0
 1495 0024 03       		.uleb128 0x3
 1496 0025 00000000 		.4byte	.LASF9
 1497 0029 01       		.byte	0x1
 1498 002a 1D       		.byte	0x1d
 1499 002b 2F000000 		.4byte	0x2f
 1500 002f 02       		.uleb128 0x2
 1501 0030 01       		.byte	0x1
 1502 0031 08       		.byte	0x8
 1503 0032 16000000 		.4byte	.LASF1
 1504 0036 02       		.uleb128 0x2
 1505 0037 02       		.byte	0x2
 1506 0038 05       		.byte	0x5
 1507 0039 BD010000 		.4byte	.LASF2
 1508 003d 02       		.uleb128 0x2
 1509 003e 02       		.byte	0x2
 1510 003f 07       		.byte	0x7
 1511 0040 C4000000 		.4byte	.LASF3
 1512 0044 02       		.uleb128 0x2
 1513 0045 04       		.byte	0x4
 1514 0046 05       		.byte	0x5
 1515 0047 C7010000 		.4byte	.LASF4
 1516 004b 02       		.uleb128 0x2
 1517 004c 04       		.byte	0x4
 1518 004d 07       		.byte	0x7
 1519 004e B2000000 		.4byte	.LASF5
 1520 0052 02       		.uleb128 0x2
 1521 0053 08       		.byte	0x8
 1522 0054 05       		.byte	0x5
 1523 0055 AF010000 		.4byte	.LASF6
 1524 0059 02       		.uleb128 0x2
 1525 005a 08       		.byte	0x8
 1526 005b 07       		.byte	0x7
 1527 005c 06010000 		.4byte	.LASF7
 1528 0060 04       		.uleb128 0x4
 1529 0061 04       		.byte	0x4
 1530 0062 05       		.byte	0x5
 1531 0063 696E7400 		.ascii	"int\000"
 1532 0067 02       		.uleb128 0x2
 1533 0068 04       		.byte	0x4
 1534 0069 07       		.byte	0x7
 1535 006a F9000000 		.4byte	.LASF8
ARM GAS  C:\Users\Girish\AppData\Local\Temp\ccsinAvf.s 			page 28


 1536 006e 03       		.uleb128 0x3
 1537 006f 1D010000 		.4byte	.LASF10
 1538 0073 02       		.byte	0x2
 1539 0074 18       		.byte	0x18
 1540 0075 24000000 		.4byte	0x24
 1541 0079 05       		.uleb128 0x5
 1542 007a 91000000 		.4byte	0x91
 1543 007e 8A000000 		.4byte	0x8a
 1544 0082 06       		.uleb128 0x6
 1545 0083 8A000000 		.4byte	0x8a
 1546 0087 7B05     		.2byte	0x57b
 1547 0089 00       		.byte	0
 1548 008a 02       		.uleb128 0x2
 1549 008b 04       		.byte	0x4
 1550 008c 07       		.byte	0x7
 1551 008d A6010000 		.4byte	.LASF11
 1552 0091 07       		.uleb128 0x7
 1553 0092 6E000000 		.4byte	0x6e
 1554 0096 08       		.uleb128 0x8
 1555 0097 E7000000 		.4byte	.LASF12
 1556 009b 03       		.byte	0x3
 1557 009c 1F       		.byte	0x1f
 1558 009d A7000000 		.4byte	0xa7
 1559 00a1 05       		.uleb128 0x5
 1560 00a2 03       		.byte	0x3
 1561 00a3 00000000 		.4byte	cy_meta_configecc
 1562 00a7 07       		.uleb128 0x7
 1563 00a8 79000000 		.4byte	0x79
 1564 00ac 05       		.uleb128 0x5
 1565 00ad 91000000 		.4byte	0x91
 1566 00b1 BC000000 		.4byte	0xbc
 1567 00b5 09       		.uleb128 0x9
 1568 00b6 8A000000 		.4byte	0x8a
 1569 00ba 03       		.byte	0x3
 1570 00bb 00       		.byte	0
 1571 00bc 08       		.uleb128 0x8
 1572 00bd D7000000 		.4byte	.LASF13
 1573 00c1 03       		.byte	0x3
 1574 00c2 DC       		.byte	0xdc
 1575 00c3 CD000000 		.4byte	0xcd
 1576 00c7 05       		.uleb128 0x5
 1577 00c8 03       		.byte	0x3
 1578 00c9 00000000 		.4byte	cy_meta_custnvl
 1579 00cd 07       		.uleb128 0x7
 1580 00ce AC000000 		.4byte	0xac
 1581 00d2 08       		.uleb128 0x8
 1582 00d3 98010000 		.4byte	.LASF14
 1583 00d7 03       		.byte	0x3
 1584 00d8 EA       		.byte	0xea
 1585 00d9 E3000000 		.4byte	0xe3
 1586 00dd 05       		.uleb128 0x5
 1587 00de 03       		.byte	0x3
 1588 00df 00000000 		.4byte	cy_meta_wonvl
 1589 00e3 07       		.uleb128 0x7
 1590 00e4 AC000000 		.4byte	0xac
 1591 00e8 05       		.uleb128 0x5
 1592 00e9 91000000 		.4byte	0x91
ARM GAS  C:\Users\Girish\AppData\Local\Temp\ccsinAvf.s 			page 29


 1593 00ed F8000000 		.4byte	0xf8
 1594 00f1 09       		.uleb128 0x9
 1595 00f2 8A000000 		.4byte	0x8a
 1596 00f6 FF       		.byte	0xff
 1597 00f7 00       		.byte	0
 1598 00f8 08       		.uleb128 0x8
 1599 00f9 83010000 		.4byte	.LASF15
 1600 00fd 03       		.byte	0x3
 1601 00fe F8       		.byte	0xf8
 1602 00ff 09010000 		.4byte	0x109
 1603 0103 05       		.uleb128 0x5
 1604 0104 03       		.byte	0x3
 1605 0105 00000000 		.4byte	cy_meta_flashprotect
 1606 0109 07       		.uleb128 0x7
 1607 010a E8000000 		.4byte	0xe8
 1608 010e 05       		.uleb128 0x5
 1609 010f 91000000 		.4byte	0x91
 1610 0113 1E010000 		.4byte	0x11e
 1611 0117 09       		.uleb128 0x9
 1612 0118 8A000000 		.4byte	0x8a
 1613 011c 0B       		.byte	0xb
 1614 011d 00       		.byte	0
 1615 011e 0A       		.uleb128 0xa
 1616 011f 0A000000 		.4byte	.LASF16
 1617 0123 03       		.byte	0x3
 1618 0124 2501     		.2byte	0x125
 1619 0126 30010000 		.4byte	0x130
 1620 012a 05       		.uleb128 0x5
 1621 012b 03       		.byte	0x3
 1622 012c 00000000 		.4byte	cy_metadata
 1623 0130 07       		.uleb128 0x7
 1624 0131 0E010000 		.4byte	0x10e
 1625 0135 00       		.byte	0
 1626              		.section	.debug_abbrev,"",%progbits
 1627              	.Ldebug_abbrev0:
 1628 0000 01       		.uleb128 0x1
 1629 0001 11       		.uleb128 0x11
 1630 0002 01       		.byte	0x1
 1631 0003 25       		.uleb128 0x25
 1632 0004 0E       		.uleb128 0xe
 1633 0005 13       		.uleb128 0x13
 1634 0006 0B       		.uleb128 0xb
 1635 0007 03       		.uleb128 0x3
 1636 0008 0E       		.uleb128 0xe
 1637 0009 1B       		.uleb128 0x1b
 1638 000a 0E       		.uleb128 0xe
 1639 000b 10       		.uleb128 0x10
 1640 000c 17       		.uleb128 0x17
 1641 000d 00       		.byte	0
 1642 000e 00       		.byte	0
 1643 000f 02       		.uleb128 0x2
 1644 0010 24       		.uleb128 0x24
 1645 0011 00       		.byte	0
 1646 0012 0B       		.uleb128 0xb
 1647 0013 0B       		.uleb128 0xb
 1648 0014 3E       		.uleb128 0x3e
 1649 0015 0B       		.uleb128 0xb
ARM GAS  C:\Users\Girish\AppData\Local\Temp\ccsinAvf.s 			page 30


 1650 0016 03       		.uleb128 0x3
 1651 0017 0E       		.uleb128 0xe
 1652 0018 00       		.byte	0
 1653 0019 00       		.byte	0
 1654 001a 03       		.uleb128 0x3
 1655 001b 16       		.uleb128 0x16
 1656 001c 00       		.byte	0
 1657 001d 03       		.uleb128 0x3
 1658 001e 0E       		.uleb128 0xe
 1659 001f 3A       		.uleb128 0x3a
 1660 0020 0B       		.uleb128 0xb
 1661 0021 3B       		.uleb128 0x3b
 1662 0022 0B       		.uleb128 0xb
 1663 0023 49       		.uleb128 0x49
 1664 0024 13       		.uleb128 0x13
 1665 0025 00       		.byte	0
 1666 0026 00       		.byte	0
 1667 0027 04       		.uleb128 0x4
 1668 0028 24       		.uleb128 0x24
 1669 0029 00       		.byte	0
 1670 002a 0B       		.uleb128 0xb
 1671 002b 0B       		.uleb128 0xb
 1672 002c 3E       		.uleb128 0x3e
 1673 002d 0B       		.uleb128 0xb
 1674 002e 03       		.uleb128 0x3
 1675 002f 08       		.uleb128 0x8
 1676 0030 00       		.byte	0
 1677 0031 00       		.byte	0
 1678 0032 05       		.uleb128 0x5
 1679 0033 01       		.uleb128 0x1
 1680 0034 01       		.byte	0x1
 1681 0035 49       		.uleb128 0x49
 1682 0036 13       		.uleb128 0x13
 1683 0037 01       		.uleb128 0x1
 1684 0038 13       		.uleb128 0x13
 1685 0039 00       		.byte	0
 1686 003a 00       		.byte	0
 1687 003b 06       		.uleb128 0x6
 1688 003c 21       		.uleb128 0x21
 1689 003d 00       		.byte	0
 1690 003e 49       		.uleb128 0x49
 1691 003f 13       		.uleb128 0x13
 1692 0040 2F       		.uleb128 0x2f
 1693 0041 05       		.uleb128 0x5
 1694 0042 00       		.byte	0
 1695 0043 00       		.byte	0
 1696 0044 07       		.uleb128 0x7
 1697 0045 26       		.uleb128 0x26
 1698 0046 00       		.byte	0
 1699 0047 49       		.uleb128 0x49
 1700 0048 13       		.uleb128 0x13
 1701 0049 00       		.byte	0
 1702 004a 00       		.byte	0
 1703 004b 08       		.uleb128 0x8
 1704 004c 34       		.uleb128 0x34
 1705 004d 00       		.byte	0
 1706 004e 03       		.uleb128 0x3
ARM GAS  C:\Users\Girish\AppData\Local\Temp\ccsinAvf.s 			page 31


 1707 004f 0E       		.uleb128 0xe
 1708 0050 3A       		.uleb128 0x3a
 1709 0051 0B       		.uleb128 0xb
 1710 0052 3B       		.uleb128 0x3b
 1711 0053 0B       		.uleb128 0xb
 1712 0054 49       		.uleb128 0x49
 1713 0055 13       		.uleb128 0x13
 1714 0056 3F       		.uleb128 0x3f
 1715 0057 19       		.uleb128 0x19
 1716 0058 02       		.uleb128 0x2
 1717 0059 18       		.uleb128 0x18
 1718 005a 00       		.byte	0
 1719 005b 00       		.byte	0
 1720 005c 09       		.uleb128 0x9
 1721 005d 21       		.uleb128 0x21
 1722 005e 00       		.byte	0
 1723 005f 49       		.uleb128 0x49
 1724 0060 13       		.uleb128 0x13
 1725 0061 2F       		.uleb128 0x2f
 1726 0062 0B       		.uleb128 0xb
 1727 0063 00       		.byte	0
 1728 0064 00       		.byte	0
 1729 0065 0A       		.uleb128 0xa
 1730 0066 34       		.uleb128 0x34
 1731 0067 00       		.byte	0
 1732 0068 03       		.uleb128 0x3
 1733 0069 0E       		.uleb128 0xe
 1734 006a 3A       		.uleb128 0x3a
 1735 006b 0B       		.uleb128 0xb
 1736 006c 3B       		.uleb128 0x3b
 1737 006d 05       		.uleb128 0x5
 1738 006e 49       		.uleb128 0x49
 1739 006f 13       		.uleb128 0x13
 1740 0070 3F       		.uleb128 0x3f
 1741 0071 19       		.uleb128 0x19
 1742 0072 02       		.uleb128 0x2
 1743 0073 18       		.uleb128 0x18
 1744 0074 00       		.byte	0
 1745 0075 00       		.byte	0
 1746 0076 00       		.byte	0
 1747              		.section	.debug_aranges,"",%progbits
 1748 0000 14000000 		.4byte	0x14
 1749 0004 0200     		.2byte	0x2
 1750 0006 00000000 		.4byte	.Ldebug_info0
 1751 000a 04       		.byte	0x4
 1752 000b 00       		.byte	0
 1753 000c 0000     		.2byte	0
 1754 000e 0000     		.2byte	0
 1755 0010 00000000 		.4byte	0
 1756 0014 00000000 		.4byte	0
 1757              		.section	.debug_line,"",%progbits
 1758              	.Ldebug_line0:
 1759 0000 3D010000 		.section	.debug_str,"MS",%progbits,1
 1759      02003701 
 1759      00000201 
 1759      FB0E0D00 
 1759      01010101 
ARM GAS  C:\Users\Girish\AppData\Local\Temp\ccsinAvf.s 			page 32


 1760              	.LASF9:
 1761 0000 5F5F7569 		.ascii	"__uint8_t\000"
 1761      6E74385F 
 1761      7400
 1762              	.LASF16:
 1763 000a 63795F6D 		.ascii	"cy_metadata\000"
 1763      65746164 
 1763      61746100 
 1764              	.LASF1:
 1765 0016 756E7369 		.ascii	"unsigned char\000"
 1765      676E6564 
 1765      20636861 
 1765      7200
 1766              	.LASF17:
 1767 0024 474E5520 		.ascii	"GNU C11 5.4.1 20160609 (release) [ARM/embedded-5-br"
 1767      43313120 
 1767      352E342E 
 1767      31203230 
 1767      31363036 
 1768 0057 616E6368 		.ascii	"anch revision 237715] -mcpu=cortex-m3 -mthumb -g -O"
 1768      20726576 
 1768      6973696F 
 1768      6E203233 
 1768      37373135 
 1769 008a 67202D66 		.ascii	"g -ffunction-sections -ffat-lto-objects\000"
 1769      66756E63 
 1769      74696F6E 
 1769      2D736563 
 1769      74696F6E 
 1770              	.LASF5:
 1771 00b2 6C6F6E67 		.ascii	"long unsigned int\000"
 1771      20756E73 
 1771      69676E65 
 1771      6420696E 
 1771      7400
 1772              	.LASF3:
 1773 00c4 73686F72 		.ascii	"short unsigned int\000"
 1773      7420756E 
 1773      7369676E 
 1773      65642069 
 1773      6E7400
 1774              	.LASF13:
 1775 00d7 63795F6D 		.ascii	"cy_meta_custnvl\000"
 1775      6574615F 
 1775      63757374 
 1775      6E766C00 
 1776              	.LASF12:
 1777 00e7 63795F6D 		.ascii	"cy_meta_configecc\000"
 1777      6574615F 
 1777      636F6E66 
 1777      69676563 
 1777      6300
 1778              	.LASF8:
 1779 00f9 756E7369 		.ascii	"unsigned int\000"
 1779      676E6564 
 1779      20696E74 
 1779      00
ARM GAS  C:\Users\Girish\AppData\Local\Temp\ccsinAvf.s 			page 33


 1780              	.LASF7:
 1781 0106 6C6F6E67 		.ascii	"long long unsigned int\000"
 1781      206C6F6E 
 1781      6720756E 
 1781      7369676E 
 1781      65642069 
 1782              	.LASF10:
 1783 011d 75696E74 		.ascii	"uint8_t\000"
 1783      385F7400 
 1784              	.LASF19:
 1785 0125 433A5C55 		.ascii	"C:\\Users\\Girish\\OneDrive\\Documents\\PSoC Creato"
 1785      73657273 
 1785      5C476972 
 1785      6973685C 
 1785      4F6E6544 
 1786 0153 725C4572 		.ascii	"r\\Erika_OS_WorkSpace\\Erika_Arcadian_Fader.cydsn\000"
 1786      696B615F 
 1786      4F535F57 
 1786      6F726B53 
 1786      70616365 
 1787              	.LASF15:
 1788 0183 63795F6D 		.ascii	"cy_meta_flashprotect\000"
 1788      6574615F 
 1788      666C6173 
 1788      6870726F 
 1788      74656374 
 1789              	.LASF14:
 1790 0198 63795F6D 		.ascii	"cy_meta_wonvl\000"
 1790      6574615F 
 1790      776F6E76 
 1790      6C00
 1791              	.LASF11:
 1792 01a6 73697A65 		.ascii	"sizetype\000"
 1792      74797065 
 1792      00
 1793              	.LASF6:
 1794 01af 6C6F6E67 		.ascii	"long long int\000"
 1794      206C6F6E 
 1794      6720696E 
 1794      7400
 1795              	.LASF2:
 1796 01bd 73686F72 		.ascii	"short int\000"
 1796      7420696E 
 1796      7400
 1797              	.LASF4:
 1798 01c7 6C6F6E67 		.ascii	"long int\000"
 1798      20696E74 
 1798      00
 1799              	.LASF0:
 1800 01d0 7369676E 		.ascii	"signed char\000"
 1800      65642063 
 1800      68617200 
 1801              	.LASF18:
 1802 01dc 47656E65 		.ascii	"Generated_Source\\PSoC5\\cymetadata.c\000"
 1802      72617465 
 1802      645F536F 
 1802      75726365 
ARM GAS  C:\Users\Girish\AppData\Local\Temp\ccsinAvf.s 			page 34


 1802      5C50536F 
 1803              		.ident	"GCC: (GNU Tools for ARM Embedded Processors) 5.4.1 20160609 (release) [ARM/embedded-5-bran
