ARM GAS  C:\Users\Girish\AppData\Local\Temp\cccY5O4I.s 			page 1


   1              		.syntax unified
   2              		.cpu cortex-m3
   3              		.fpu softvfp
   4              		.eabi_attribute 20, 1
   5              		.eabi_attribute 21, 1
   6              		.eabi_attribute 23, 3
   7              		.eabi_attribute 24, 1
   8              		.eabi_attribute 25, 1
   9              		.eabi_attribute 26, 1
  10              		.eabi_attribute 30, 1
  11              		.eabi_attribute 34, 1
  12              		.eabi_attribute 18, 4
  13              		.thumb
  14              		.syntax unified
  15              		.file	"ErikaOS_1_eecfg.c"
  16              		.text
  17              	.Ltext0:
  18              		.cfi_sections	.debug_frame
  19              		.global	EE_oo_autostart_task_data
  20              		.comm	EE_ApplicationMode,4,4
  21              		.global	EE_oo_action_ROM
  22              		.comm	EE_oo_counter_object_RAM,32,4
  23              		.global	EE_oo_counter_object_ROM
  24              		.global	EE_ALARM_ID
  25              		.global	EE_ALARM_NAME
  26              		.global	EE_alarm_ROM
  27              		.global	EE_counter_RAM
  28              		.global	EE_counter_ROM
  29              		.global	EE_th_is_extended
  30              		.global	EE_th_waswaiting
  31              		.global	EE_th_event_waitmask
  32              		.global	EE_th_event_active
  33              		.global	EE_th_terminate_nextask
  34              		.global	EE_rq_free
  35              		.comm	EE_rq_pairs_tid,16,4
  36              		.global	EE_rq_pairs_next
  37              		.global	EE_rq_link
  38              		.global	EE_th_rnact_max
  39              		.global	EE_th_rnact
  40              		.global	EE_rq_bitmask
  41              		.global	EE_rq_queues_tail
  42              		.global	EE_rq_queues_head
  43              		.global	EE_sys_ceiling
  44              		.global	EE_stkfirst
  45              		.global	EE_th_next
  46              		.global	EE_th_status
  47              		.global	EE_th_dispatch_prio
  48              		.global	EE_EVENT_ID
  49              		.global	EE_EVENT_NAME
  50              		.global	EE_TASK_NAME
  51              		.global	EE_th_ready_prio
  52              		.global	EE_terminate_real_th_body
  53              		.comm	EE_terminate_data,16,4
  54              		.global	EE_hal_thread_body
  55              		.global	EE_cortex_mx_IRQ_tos
  56              		.global	EE_cortex_mx_active_tos
  57              		.global	EE_cortex_mx_system_tos
ARM GAS  C:\Users\Girish\AppData\Local\Temp\cccY5O4I.s 			page 2


  58              		.global	EE_std_thread_tos
  59              		.comm	EE_cortex_mx_stack_9,512,4
  60              		.section	.rodata
  61              		.align	2
  62              		.type	EE_oo_autostart_task_data, %object
  63              		.size	EE_oo_autostart_task_data, 8
  64              	EE_oo_autostart_task_data:
  65 0000 01000000 		.word	1
  66 0004 08000000 		.word	EE_oo_autostart_task_mode_OSDEFAULTAPPMODE
  67              		.type	EE_oo_autostart_task_mode_OSDEFAULTAPPMODE, %object
  68              		.size	EE_oo_autostart_task_mode_OSDEFAULTAPPMODE, 4
  69              	EE_oo_autostart_task_mode_OSDEFAULTAPPMODE:
  70 0008 00000000 		.space	4
  71              		.type	EE_oo_action_ROM, %object
  72              		.size	EE_oo_action_ROM, 40
  73              	EE_oo_action_ROM:
  74 000c 00       		.byte	0
  75 000d 000000   		.space	3
  76 0010 02000000 		.word	2
  77 0014 00000000 		.word	0
  78 0018 00000000 		.word	0
  79 001c FFFFFFFF 		.word	-1
  80 0020 00       		.byte	0
  81 0021 000000   		.space	3
  82 0024 03000000 		.word	3
  83 0028 00000000 		.word	0
  84 002c 00000000 		.word	0
  85 0030 FFFFFFFF 		.word	-1
  86              		.type	EE_oo_counter_object_ROM, %object
  87              		.size	EE_oo_counter_object_ROM, 24
  88              	EE_oo_counter_object_ROM:
  89 0034 00000000 		.word	0
  90 0038 00000000 		.word	0
  91 003c 00       		.byte	0
  92 003d 000000   		.space	3
  93 0040 00000000 		.word	0
  94 0044 01000000 		.word	1
  95 0048 00       		.byte	0
  96 0049 000000   		.space	3
  97              		.type	EE_ALARM_ID, %object
  98              		.size	EE_ALARM_ID, 8
  99              	EE_ALARM_ID:
 100 004c 00000000 		.word	0
 101 0050 01000000 		.word	1
 102              		.type	EE_alarm_ROM, %object
 103              		.size	EE_alarm_ROM, 8
 104              	EE_alarm_ROM:
 105 0054 00000000 		.word	0
 106 0058 01000000 		.word	1
 107              		.type	EE_counter_ROM, %object
 108              		.size	EE_counter_ROM, 12
 109              	EE_counter_ROM:
 110 005c 10270000 		.word	10000
 111 0060 00000000 		.word	0
 112 0064 01000000 		.word	1
 113              		.type	EE_th_is_extended, %object
 114              		.size	EE_th_is_extended, 16
ARM GAS  C:\Users\Girish\AppData\Local\Temp\cccY5O4I.s 			page 3


 115              	EE_th_is_extended:
 116 0068 00000000 		.space	16
 116      00000000 
 116      00000000 
 116      00000000 
 117              		.type	EE_th_rnact_max, %object
 118              		.size	EE_th_rnact_max, 16
 119              	EE_th_rnact_max:
 120 0078 01000000 		.word	1
 121 007c 01000000 		.word	1
 122 0080 01000000 		.word	1
 123 0084 01000000 		.word	1
 124              		.type	EE_th_dispatch_prio, %object
 125              		.size	EE_th_dispatch_prio, 16
 126              	EE_th_dispatch_prio:
 127 0088 80000000 		.word	128
 128 008c 01000000 		.word	1
 129 0090 40000000 		.word	64
 130 0094 40000000 		.word	64
 131              		.type	EE_EVENT_ID, %object
 132              		.size	EE_EVENT_ID, 0
 133              	EE_EVENT_ID:
 134              		.type	EE_th_ready_prio, %object
 135              		.size	EE_th_ready_prio, 16
 136              	EE_th_ready_prio:
 137 0098 01000000 		.word	1
 138 009c 01000000 		.word	1
 139 00a0 40000000 		.word	64
 140 00a4 40000000 		.word	64
 141              		.type	EE_terminate_real_th_body, %object
 142              		.size	EE_terminate_real_th_body, 16
 143              	EE_terminate_real_th_body:
 144 00a8 00000000 		.word	Functask_init
 145 00ac 00000000 		.word	Functask_background
 146 00b0 00000000 		.word	Functask_fader
 147 00b4 00000000 		.word	Functask_timer
 148              		.type	EE_hal_thread_body, %object
 149              		.size	EE_hal_thread_body, 16
 150              	EE_hal_thread_body:
 151 00b8 00000000 		.word	EE_oo_thread_stub
 152 00bc 00000000 		.word	EE_oo_thread_stub
 153 00c0 00000000 		.word	EE_oo_thread_stub
 154 00c4 00000000 		.word	EE_oo_thread_stub
 155              		.type	EE_std_thread_tos, %object
 156              		.size	EE_std_thread_tos, 20
 157              	EE_std_thread_tos:
 158 00c8 00000000 		.space	20
 158      00000000 
 158      00000000 
 158      00000000 
 158      00000000 
 159              		.data
 160              		.align	2
 161              		.type	EE_ALARM_NAME, %object
 162              		.size	EE_ALARM_NAME, 8
 163              	EE_ALARM_NAME:
 164 0000 00000000 		.word	.LC0
ARM GAS  C:\Users\Girish\AppData\Local\Temp\cccY5O4I.s 			page 4


 165 0004 0C000000 		.word	.LC1
 166              		.type	EE_counter_RAM, %object
 167              		.size	EE_counter_RAM, 8
 168              	EE_counter_RAM:
 169 0008 00000000 		.word	0
 170 000c FFFFFFFF 		.word	-1
 171              		.type	EE_th_terminate_nextask, %object
 172              		.size	EE_th_terminate_nextask, 16
 173              	EE_th_terminate_nextask:
 174 0010 FFFFFFFF 		.word	-1
 175 0014 FFFFFFFF 		.word	-1
 176 0018 FFFFFFFF 		.word	-1
 177 001c FFFFFFFF 		.word	-1
 178              		.type	EE_rq_pairs_next, %object
 179              		.size	EE_rq_pairs_next, 16
 180              	EE_rq_pairs_next:
 181 0020 01000000 		.word	1
 182 0024 02000000 		.word	2
 183 0028 03000000 		.word	3
 184 002c FFFFFFFF 		.word	-1
 185              		.type	EE_rq_link, %object
 186              		.size	EE_rq_link, 16
 187              	EE_rq_link:
 188 0030 00000000 		.word	0
 189 0034 00000000 		.word	0
 190 0038 06000000 		.word	6
 191 003c 06000000 		.word	6
 192              		.type	EE_th_rnact, %object
 193              		.size	EE_th_rnact, 16
 194              	EE_th_rnact:
 195 0040 01000000 		.word	1
 196 0044 01000000 		.word	1
 197 0048 01000000 		.word	1
 198 004c 01000000 		.word	1
 199              		.type	EE_rq_queues_tail, %object
 200              		.size	EE_rq_queues_tail, 64
 201              	EE_rq_queues_tail:
 202 0050 FFFFFFFF 		.word	-1
 203 0054 FFFFFFFF 		.word	-1
 204 0058 FFFFFFFF 		.word	-1
 205 005c FFFFFFFF 		.word	-1
 206 0060 FFFFFFFF 		.word	-1
 207 0064 FFFFFFFF 		.word	-1
 208 0068 FFFFFFFF 		.word	-1
 209 006c FFFFFFFF 		.word	-1
 210 0070 FFFFFFFF 		.word	-1
 211 0074 FFFFFFFF 		.word	-1
 212 0078 FFFFFFFF 		.word	-1
 213 007c FFFFFFFF 		.word	-1
 214 0080 FFFFFFFF 		.word	-1
 215 0084 FFFFFFFF 		.word	-1
 216 0088 FFFFFFFF 		.word	-1
 217 008c FFFFFFFF 		.word	-1
 218              		.type	EE_rq_queues_head, %object
 219              		.size	EE_rq_queues_head, 64
 220              	EE_rq_queues_head:
 221 0090 FFFFFFFF 		.word	-1
ARM GAS  C:\Users\Girish\AppData\Local\Temp\cccY5O4I.s 			page 5


 222 0094 FFFFFFFF 		.word	-1
 223 0098 FFFFFFFF 		.word	-1
 224 009c FFFFFFFF 		.word	-1
 225 00a0 FFFFFFFF 		.word	-1
 226 00a4 FFFFFFFF 		.word	-1
 227 00a8 FFFFFFFF 		.word	-1
 228 00ac FFFFFFFF 		.word	-1
 229 00b0 FFFFFFFF 		.word	-1
 230 00b4 FFFFFFFF 		.word	-1
 231 00b8 FFFFFFFF 		.word	-1
 232 00bc FFFFFFFF 		.word	-1
 233 00c0 FFFFFFFF 		.word	-1
 234 00c4 FFFFFFFF 		.word	-1
 235 00c8 FFFFFFFF 		.word	-1
 236 00cc FFFFFFFF 		.word	-1
 237              		.type	EE_stkfirst, %object
 238              		.size	EE_stkfirst, 4
 239              	EE_stkfirst:
 240 00d0 FFFFFFFF 		.word	-1
 241              		.type	EE_th_next, %object
 242              		.size	EE_th_next, 16
 243              	EE_th_next:
 244 00d4 FFFFFFFF 		.word	-1
 245 00d8 FFFFFFFF 		.word	-1
 246 00dc FFFFFFFF 		.word	-1
 247 00e0 FFFFFFFF 		.word	-1
 248              		.type	EE_th_status, %object
 249              		.size	EE_th_status, 16
 250              	EE_th_status:
 251 00e4 03000000 		.word	3
 252 00e8 03000000 		.word	3
 253 00ec 03000000 		.word	3
 254 00f0 03000000 		.word	3
 255              		.type	EE_TASK_NAME, %object
 256              		.size	EE_TASK_NAME, 16
 257              	EE_TASK_NAME:
 258 00f4 20000000 		.word	.LC2
 259 00f8 2C000000 		.word	.LC3
 260 00fc 3C000000 		.word	.LC4
 261 0100 48000000 		.word	.LC5
 262              		.type	EE_cortex_mx_IRQ_tos, %object
 263              		.size	EE_cortex_mx_IRQ_tos, 4
 264              	EE_cortex_mx_IRQ_tos:
 265 0104 00020000 		.word	EE_cortex_mx_stack_9+512
 266              		.section	.rodata.str1.4,"aMS",%progbits,1
 267              		.align	2
 268              	.LC0:
 269 0000 616C6172 		.ascii	"alarm_init\000"
 269      6D5F696E 
 269      697400
 270 000b 00       		.space	1
 271              	.LC1:
 272 000c 616C6172 		.ascii	"alarm_timer_tick\000"
 272      6D5F7469 
 272      6D65725F 
 272      7469636B 
 272      00
ARM GAS  C:\Users\Girish\AppData\Local\Temp\cccY5O4I.s 			page 6


 273 001d 000000   		.space	3
 274              	.LC2:
 275 0020 7461736B 		.ascii	"task_init\000"
 275      5F696E69 
 275      7400
 276 002a 0000     		.space	2
 277              	.LC3:
 278 002c 7461736B 		.ascii	"task_background\000"
 278      5F626163 
 278      6B67726F 
 278      756E6400 
 279              	.LC4:
 280 003c 7461736B 		.ascii	"task_fader\000"
 280      5F666164 
 280      657200
 281 0047 00       		.space	1
 282              	.LC5:
 283 0048 7461736B 		.ascii	"task_timer\000"
 283      5F74696D 
 283      657200
 284              		.bss
 285              		.align	2
 286              		.type	EE_th_waswaiting, %object
 287              		.size	EE_th_waswaiting, 16
 288              	EE_th_waswaiting:
 289 0000 00000000 		.space	16
 289      00000000 
 289      00000000 
 289      00000000 
 290              		.type	EE_th_event_waitmask, %object
 291              		.size	EE_th_event_waitmask, 16
 292              	EE_th_event_waitmask:
 293 0010 00000000 		.space	16
 293      00000000 
 293      00000000 
 293      00000000 
 294              		.type	EE_th_event_active, %object
 295              		.size	EE_th_event_active, 16
 296              	EE_th_event_active:
 297 0020 00000000 		.space	16
 297      00000000 
 297      00000000 
 297      00000000 
 298              		.type	EE_rq_free, %object
 299              		.size	EE_rq_free, 4
 300              	EE_rq_free:
 301 0030 00000000 		.space	4
 302              		.type	EE_rq_bitmask, %object
 303              		.size	EE_rq_bitmask, 2
 304              	EE_rq_bitmask:
 305 0034 0000     		.space	2
 306 0036 0000     		.space	2
 307              		.type	EE_sys_ceiling, %object
 308              		.size	EE_sys_ceiling, 4
 309              	EE_sys_ceiling:
 310 0038 00000000 		.space	4
 311              		.type	EE_EVENT_NAME, %object
ARM GAS  C:\Users\Girish\AppData\Local\Temp\cccY5O4I.s 			page 7


 312              		.size	EE_EVENT_NAME, 0
 313              	EE_EVENT_NAME:
 314              		.type	EE_cortex_mx_active_tos, %object
 315              		.size	EE_cortex_mx_active_tos, 4
 316              	EE_cortex_mx_active_tos:
 317 003c 00000000 		.space	4
 318              		.type	EE_cortex_mx_system_tos, %object
 319              		.size	EE_cortex_mx_system_tos, 4
 320              	EE_cortex_mx_system_tos:
 321 0040 00000000 		.space	4
 322              		.text
 323              	.Letext0:
 324              		.file 1 "Generated_Source\\PSoC5\\ErikaOS_1_common_ee_types.inc"
 325              		.file 2 "Generated_Source\\PSoC5\\ErikaOS_1_cortex_mx_ee_cpu.inc"
 326              		.file 3 "Generated_Source\\PSoC5\\ErikaOS_1_ee_oo_common.inc"
 327              		.file 4 "Generated_Source\\PSoC5\\ErikaOS_1_common_ee_hal_structs.inc"
 328              		.file 5 "Generated_Source\\PSoC5\\ErikaOS_1_eecfg.c"
 329              		.file 6 "Generated_Source\\PSoC5\\ErikaOS_1_ee_oo_intfunc.inc"
 330              		.file 7 "Generated_Source\\PSoC5\\ErikaOS_1_cortex_mx_ee_context.inc"
 331              		.file 8 "Generated_Source\\PSoC5\\ErikaOS_1_common_ee_primitives.inc"
 332              		.section	.debug_info,"",%progbits
 333              	.Ldebug_info0:
 334 0000 8F080000 		.4byte	0x88f
 335 0004 0400     		.2byte	0x4
 336 0006 00000000 		.4byte	.Ldebug_abbrev0
 337 000a 04       		.byte	0x4
 338 000b 01       		.uleb128 0x1
 339 000c 1E050000 		.4byte	.LASF111
 340 0010 0C       		.byte	0xc
 341 0011 42070000 		.4byte	.LASF112
 342 0015 79030000 		.4byte	.LASF113
 343 0019 00000000 		.4byte	.Ldebug_line0
 344 001d 02       		.uleb128 0x2
 345 001e 01       		.byte	0x1
 346 001f 06       		.byte	0x6
 347 0020 0F010000 		.4byte	.LASF0
 348 0024 02       		.uleb128 0x2
 349 0025 01       		.byte	0x1
 350 0026 08       		.byte	0x8
 351 0027 96040000 		.4byte	.LASF1
 352 002b 02       		.uleb128 0x2
 353 002c 02       		.byte	0x2
 354 002d 05       		.byte	0x5
 355 002e DB040000 		.4byte	.LASF2
 356 0032 02       		.uleb128 0x2
 357 0033 02       		.byte	0x2
 358 0034 07       		.byte	0x7
 359 0035 66020000 		.4byte	.LASF3
 360 0039 02       		.uleb128 0x2
 361 003a 04       		.byte	0x4
 362 003b 05       		.byte	0x5
 363 003c 96010000 		.4byte	.LASF4
 364 0040 02       		.uleb128 0x2
 365 0041 04       		.byte	0x4
 366 0042 07       		.byte	0x7
 367 0043 24020000 		.4byte	.LASF5
 368 0047 02       		.uleb128 0x2
ARM GAS  C:\Users\Girish\AppData\Local\Temp\cccY5O4I.s 			page 8


 369 0048 08       		.byte	0x8
 370 0049 05       		.byte	0x5
 371 004a 01010000 		.4byte	.LASF6
 372 004e 02       		.uleb128 0x2
 373 004f 08       		.byte	0x8
 374 0050 07       		.byte	0x7
 375 0051 5E000000 		.4byte	.LASF7
 376 0055 03       		.uleb128 0x3
 377 0056 04       		.byte	0x4
 378 0057 05       		.byte	0x5
 379 0058 696E7400 		.ascii	"int\000"
 380 005c 02       		.uleb128 0x2
 381 005d 04       		.byte	0x4
 382 005e 07       		.byte	0x7
 383 005f EC010000 		.4byte	.LASF8
 384 0063 02       		.uleb128 0x2
 385 0064 08       		.byte	0x8
 386 0065 04       		.byte	0x4
 387 0066 CA010000 		.4byte	.LASF9
 388 006a 04       		.uleb128 0x4
 389 006b 63040000 		.4byte	.LASF10
 390 006f 01       		.byte	0x1
 391 0070 52       		.byte	0x52
 392 0071 32000000 		.4byte	0x32
 393 0075 04       		.uleb128 0x4
 394 0076 27070000 		.4byte	.LASF11
 395 007a 01       		.byte	0x1
 396 007b 53       		.byte	0x53
 397 007c 55000000 		.4byte	0x55
 398 0080 04       		.uleb128 0x4
 399 0081 1D070000 		.4byte	.LASF12
 400 0085 01       		.byte	0x1
 401 0086 54       		.byte	0x54
 402 0087 5C000000 		.4byte	0x5c
 403 008b 04       		.uleb128 0x4
 404 008c 9B070000 		.4byte	.LASF13
 405 0090 01       		.byte	0x1
 406 0091 64       		.byte	0x64
 407 0092 96000000 		.4byte	0x96
 408 0096 05       		.uleb128 0x5
 409 0097 04       		.byte	0x4
 410 0098 06       		.uleb128 0x6
 411 0099 04       		.byte	0x4
 412 009a 9E000000 		.4byte	0x9e
 413 009e 07       		.uleb128 0x7
 414 009f 04       		.uleb128 0x4
 415 00a0 FC020000 		.4byte	.LASF14
 416 00a4 01       		.byte	0x1
 417 00a5 70       		.byte	0x70
 418 00a6 98000000 		.4byte	0x98
 419 00aa 04       		.uleb128 0x4
 420 00ab B8050000 		.4byte	.LASF15
 421 00af 01       		.byte	0x1
 422 00b0 73       		.byte	0x73
 423 00b1 98000000 		.4byte	0x98
 424 00b5 04       		.uleb128 0x4
 425 00b6 F9010000 		.4byte	.LASF16
ARM GAS  C:\Users\Girish\AppData\Local\Temp\cccY5O4I.s 			page 9


 426 00ba 02       		.byte	0x2
 427 00bb 4D       		.byte	0x4d
 428 00bc 80000000 		.4byte	0x80
 429 00c0 04       		.uleb128 0x4
 430 00c1 ED030000 		.4byte	.LASF17
 431 00c5 02       		.byte	0x2
 432 00c6 4E       		.byte	0x4e
 433 00c7 75000000 		.4byte	0x75
 434 00cb 04       		.uleb128 0x4
 435 00cc B5070000 		.4byte	.LASF18
 436 00d0 02       		.byte	0x2
 437 00d1 4F       		.byte	0x4f
 438 00d2 80000000 		.4byte	0x80
 439 00d6 04       		.uleb128 0x4
 440 00d7 3D000000 		.4byte	.LASF19
 441 00db 02       		.byte	0x2
 442 00dc 54       		.byte	0x54
 443 00dd B5000000 		.4byte	0xb5
 444 00e1 04       		.uleb128 0x4
 445 00e2 DF010000 		.4byte	.LASF20
 446 00e6 02       		.byte	0x2
 447 00e7 78       		.byte	0x78
 448 00e8 75000000 		.4byte	0x75
 449 00ec 08       		.uleb128 0x8
 450 00ed B3000000 		.4byte	.LASF61
 451 00f1 04       		.byte	0x4
 452 00f2 04       		.byte	0x4
 453 00f3 4D       		.byte	0x4d
 454 00f4 05010000 		.4byte	0x105
 455 00f8 09       		.uleb128 0x9
 456 00f9 87070000 		.4byte	.LASF28
 457 00fd 04       		.byte	0x4
 458 00fe 4E       		.byte	0x4e
 459 00ff 8B000000 		.4byte	0x8b
 460 0103 00       		.byte	0
 461 0104 00       		.byte	0
 462 0105 0A       		.uleb128 0xa
 463 0106 60030000 		.4byte	.LASF21
 464 010a 03       		.byte	0x3
 465 010b 1101     		.2byte	0x111
 466 010d 6A000000 		.4byte	0x6a
 467 0111 0A       		.uleb128 0xa
 468 0112 AA000000 		.4byte	.LASF22
 469 0116 03       		.byte	0x3
 470 0117 F701     		.2byte	0x1f7
 471 0119 E1000000 		.4byte	0xe1
 472 011d 0A       		.uleb128 0xa
 473 011e 32010000 		.4byte	.LASF23
 474 0122 03       		.byte	0x3
 475 0123 2C02     		.2byte	0x22c
 476 0125 B5000000 		.4byte	0xb5
 477 0129 0A       		.uleb128 0xa
 478 012a 1D000000 		.4byte	.LASF24
 479 012e 03       		.byte	0x3
 480 012f 3502     		.2byte	0x235
 481 0131 B5000000 		.4byte	0xb5
 482 0135 0A       		.uleb128 0xa
ARM GAS  C:\Users\Girish\AppData\Local\Temp\cccY5O4I.s 			page 10


 483 0136 11060000 		.4byte	.LASF25
 484 013a 03       		.byte	0x3
 485 013b 5D02     		.2byte	0x25d
 486 013d B5000000 		.4byte	0xb5
 487 0141 0A       		.uleb128 0xa
 488 0142 32000000 		.4byte	.LASF26
 489 0146 03       		.byte	0x3
 490 0147 6302     		.2byte	0x263
 491 0149 B5000000 		.4byte	0xb5
 492 014d 0A       		.uleb128 0xa
 493 014e 0D030000 		.4byte	.LASF27
 494 0152 03       		.byte	0x3
 495 0153 6C02     		.2byte	0x26c
 496 0155 B5000000 		.4byte	0xb5
 497 0159 0B       		.uleb128 0xb
 498 015a 0C       		.byte	0xc
 499 015b 03       		.byte	0x3
 500 015c 7202     		.2byte	0x272
 501 015e 8A010000 		.4byte	0x18a
 502 0162 0C       		.uleb128 0xc
 503 0163 BA000000 		.4byte	.LASF29
 504 0167 03       		.byte	0x3
 505 0168 7302     		.2byte	0x273
 506 016a 29010000 		.4byte	0x129
 507 016e 00       		.byte	0
 508 016f 0C       		.uleb128 0xc
 509 0170 0E040000 		.4byte	.LASF30
 510 0174 03       		.byte	0x3
 511 0175 7402     		.2byte	0x274
 512 0177 29010000 		.4byte	0x129
 513 017b 04       		.byte	0x4
 514 017c 0C       		.uleb128 0xc
 515 017d D6010000 		.4byte	.LASF31
 516 0181 03       		.byte	0x3
 517 0182 7502     		.2byte	0x275
 518 0184 29010000 		.4byte	0x129
 519 0188 08       		.byte	0x8
 520 0189 00       		.byte	0
 521 018a 0A       		.uleb128 0xa
 522 018b 07050000 		.4byte	.LASF32
 523 018f 03       		.byte	0x3
 524 0190 7A02     		.2byte	0x27a
 525 0192 59010000 		.4byte	0x159
 526 0196 0B       		.uleb128 0xb
 527 0197 08       		.byte	0x8
 528 0198 03       		.byte	0x3
 529 0199 7D02     		.2byte	0x27d
 530 019b BA010000 		.4byte	0x1ba
 531 019f 0C       		.uleb128 0xc
 532 01a0 E6010000 		.4byte	.LASF33
 533 01a4 03       		.byte	0x3
 534 01a5 7E02     		.2byte	0x27e
 535 01a7 29010000 		.4byte	0x129
 536 01ab 00       		.byte	0
 537 01ac 0C       		.uleb128 0xc
 538 01ad 0B060000 		.4byte	.LASF34
 539 01b1 03       		.byte	0x3
ARM GAS  C:\Users\Girish\AppData\Local\Temp\cccY5O4I.s 			page 11


 540 01b2 7F02     		.2byte	0x27f
 541 01b4 35010000 		.4byte	0x135
 542 01b8 04       		.byte	0x4
 543 01b9 00       		.byte	0
 544 01ba 0A       		.uleb128 0xa
 545 01bb 73010000 		.4byte	.LASF35
 546 01bf 03       		.byte	0x3
 547 01c0 8002     		.2byte	0x280
 548 01c2 96010000 		.4byte	0x196
 549 01c6 0D       		.uleb128 0xd
 550 01c7 01       		.byte	0x1
 551 01c8 24000000 		.4byte	0x24
 552 01cc 03       		.byte	0x3
 553 01cd 8A02     		.2byte	0x28a
 554 01cf E0010000 		.4byte	0x1e0
 555 01d3 0E       		.uleb128 0xe
 556 01d4 A4040000 		.4byte	.LASF36
 557 01d8 00       		.byte	0
 558 01d9 0E       		.uleb128 0xe
 559 01da 6D040000 		.4byte	.LASF37
 560 01de 01       		.byte	0x1
 561 01df 00       		.byte	0
 562 01e0 0A       		.uleb128 0xa
 563 01e1 91020000 		.4byte	.LASF38
 564 01e5 03       		.byte	0x3
 565 01e6 8D02     		.2byte	0x28d
 566 01e8 C6010000 		.4byte	0x1c6
 567 01ec 0A       		.uleb128 0xa
 568 01ed BD020000 		.4byte	.LASF39
 569 01f1 03       		.byte	0x3
 570 01f2 9002     		.2byte	0x290
 571 01f4 E0010000 		.4byte	0x1e0
 572 01f8 0B       		.uleb128 0xb
 573 01f9 0C       		.byte	0xc
 574 01fa 03       		.byte	0x3
 575 01fb 9402     		.2byte	0x294
 576 01fd 27020000 		.4byte	0x227
 577 0201 0F       		.uleb128 0xf
 578 0202 6300     		.ascii	"c\000"
 579 0204 03       		.byte	0x3
 580 0205 9602     		.2byte	0x296
 581 0207 4D010000 		.4byte	0x14d
 582 020b 00       		.byte	0
 583 020c 0C       		.uleb128 0xc
 584 020d 68060000 		.4byte	.LASF40
 585 0211 03       		.byte	0x3
 586 0212 9802     		.2byte	0x298
 587 0214 35010000 		.4byte	0x135
 588 0218 04       		.byte	0x4
 589 0219 0C       		.uleb128 0xc
 590 021a 61020000 		.4byte	.LASF41
 591 021e 03       		.byte	0x3
 592 021f 9A02     		.2byte	0x29a
 593 0221 EC010000 		.4byte	0x1ec
 594 0225 08       		.byte	0x8
 595 0226 00       		.byte	0
 596 0227 0A       		.uleb128 0xa
ARM GAS  C:\Users\Girish\AppData\Local\Temp\cccY5O4I.s 			page 12


 597 0228 7B000000 		.4byte	.LASF42
 598 022c 03       		.byte	0x3
 599 022d 9B02     		.2byte	0x29b
 600 022f F8010000 		.4byte	0x1f8
 601 0233 0B       		.uleb128 0xb
 602 0234 10       		.byte	0x10
 603 0235 03       		.byte	0x3
 604 0236 9F02     		.2byte	0x29f
 605 0238 71020000 		.4byte	0x271
 606 023c 0C       		.uleb128 0xc
 607 023d 1B040000 		.4byte	.LASF43
 608 0241 03       		.byte	0x3
 609 0242 A002     		.2byte	0x2a0
 610 0244 D6000000 		.4byte	0xd6
 611 0248 00       		.byte	0
 612 0249 0C       		.uleb128 0xc
 613 024a 7E070000 		.4byte	.LASF44
 614 024e 03       		.byte	0x3
 615 024f A102     		.2byte	0x2a1
 616 0251 29010000 		.4byte	0x129
 617 0255 04       		.byte	0x4
 618 0256 0C       		.uleb128 0xc
 619 0257 75000000 		.4byte	.LASF45
 620 025b 03       		.byte	0x3
 621 025c A202     		.2byte	0x2a2
 622 025e 29010000 		.4byte	0x129
 623 0262 08       		.byte	0x8
 624 0263 0C       		.uleb128 0xc
 625 0264 00000000 		.4byte	.LASF46
 626 0268 03       		.byte	0x3
 627 0269 A302     		.2byte	0x2a3
 628 026b 35010000 		.4byte	0x135
 629 026f 0C       		.byte	0xc
 630 0270 00       		.byte	0
 631 0271 0A       		.uleb128 0xa
 632 0272 20040000 		.4byte	.LASF47
 633 0276 03       		.byte	0x3
 634 0277 A402     		.2byte	0x2a4
 635 0279 33020000 		.4byte	0x233
 636 027d 0D       		.uleb128 0xd
 637 027e 01       		.byte	0x1
 638 027f 24000000 		.4byte	0x24
 639 0283 03       		.byte	0x3
 640 0284 A702     		.2byte	0x2a7
 641 0286 A3020000 		.4byte	0x2a3
 642 028a 0E       		.uleb128 0xe
 643 028b 28060000 		.4byte	.LASF48
 644 028f 00       		.byte	0
 645 0290 0E       		.uleb128 0xe
 646 0291 70060000 		.4byte	.LASF49
 647 0295 01       		.byte	0x1
 648 0296 0E       		.uleb128 0xe
 649 0297 47060000 		.4byte	.LASF50
 650 029b 02       		.byte	0x2
 651 029c 0E       		.uleb128 0xe
 652 029d EA050000 		.4byte	.LASF51
 653 02a1 03       		.byte	0x3
ARM GAS  C:\Users\Girish\AppData\Local\Temp\cccY5O4I.s 			page 13


 654 02a2 00       		.byte	0
 655 02a3 0A       		.uleb128 0xa
 656 02a4 1B010000 		.4byte	.LASF52
 657 02a8 03       		.byte	0x3
 658 02a9 AC02     		.2byte	0x2ac
 659 02ab 7D020000 		.4byte	0x27d
 660 02af 0A       		.uleb128 0xa
 661 02b0 CC060000 		.4byte	.LASF53
 662 02b4 03       		.byte	0x3
 663 02b5 AF02     		.2byte	0x2af
 664 02b7 A3020000 		.4byte	0x2a3
 665 02bb 0B       		.uleb128 0xb
 666 02bc 14       		.byte	0x14
 667 02bd 03       		.byte	0x3
 668 02be B202     		.2byte	0x2b2
 669 02c0 04030000 		.4byte	0x304
 670 02c4 0C       		.uleb128 0xc
 671 02c5 A2060000 		.4byte	.LASF54
 672 02c9 03       		.byte	0x3
 673 02ca B302     		.2byte	0x2b3
 674 02cc AF020000 		.4byte	0x2af
 675 02d0 00       		.byte	0
 676 02d1 0C       		.uleb128 0xc
 677 02d2 8F070000 		.4byte	.LASF55
 678 02d6 03       		.byte	0x3
 679 02d7 B402     		.2byte	0x2b4
 680 02d9 11010000 		.4byte	0x111
 681 02dd 04       		.byte	0x4
 682 02de 0C       		.uleb128 0xc
 683 02df AC050000 		.4byte	.LASF56
 684 02e3 03       		.byte	0x3
 685 02e4 B602     		.2byte	0x2b6
 686 02e6 1D010000 		.4byte	0x11d
 687 02ea 08       		.byte	0x8
 688 02eb 0F       		.uleb128 0xf
 689 02ec 6600     		.ascii	"f\000"
 690 02ee 03       		.byte	0x3
 691 02ef B802     		.2byte	0x2b8
 692 02f1 9F000000 		.4byte	0x9f
 693 02f5 0C       		.byte	0xc
 694 02f6 0C       		.uleb128 0xc
 695 02f7 D2040000 		.4byte	.LASF57
 696 02fb 03       		.byte	0x3
 697 02fc BA02     		.2byte	0x2ba
 698 02fe 4D010000 		.4byte	0x14d
 699 0302 10       		.byte	0x10
 700 0303 00       		.byte	0
 701 0304 0A       		.uleb128 0xa
 702 0305 4D040000 		.4byte	.LASF58
 703 0309 03       		.byte	0x3
 704 030a BB02     		.2byte	0x2bb
 705 030c BB020000 		.4byte	0x2bb
 706 0310 0B       		.uleb128 0xb
 707 0311 04       		.byte	0x4
 708 0312 03       		.byte	0x3
 709 0313 BD02     		.2byte	0x2bd
 710 0315 27030000 		.4byte	0x327
ARM GAS  C:\Users\Girish\AppData\Local\Temp\cccY5O4I.s 			page 14


 711 0319 0C       		.uleb128 0xc
 712 031a 32030000 		.4byte	.LASF59
 713 031e 03       		.byte	0x3
 714 031f BF02     		.2byte	0x2bf
 715 0321 41010000 		.4byte	0x141
 716 0325 00       		.byte	0
 717 0326 00       		.byte	0
 718 0327 0A       		.uleb128 0xa
 719 0328 01020000 		.4byte	.LASF60
 720 032c 03       		.byte	0x3
 721 032d C402     		.2byte	0x2c4
 722 032f 10030000 		.4byte	0x310
 723 0333 10       		.uleb128 0x10
 724 0334 47020000 		.4byte	.LASF62
 725 0338 08       		.byte	0x8
 726 0339 03       		.byte	0x3
 727 033a 0E04     		.2byte	0x40e
 728 033c 5A030000 		.4byte	0x35a
 729 0340 0F       		.uleb128 0xf
 730 0341 6E7400   		.ascii	"nt\000"
 731 0344 03       		.byte	0x3
 732 0345 0F04     		.2byte	0x40f
 733 0347 B5000000 		.4byte	0xb5
 734 034b 00       		.byte	0
 735 034c 0C       		.uleb128 0xc
 736 034d AE060000 		.4byte	.LASF63
 737 0351 03       		.byte	0x3
 738 0352 1004     		.2byte	0x410
 739 0354 6A030000 		.4byte	0x36a
 740 0358 04       		.byte	0x4
 741 0359 00       		.byte	0
 742 035a 11       		.uleb128 0x11
 743 035b 65030000 		.4byte	0x365
 744 035f 65030000 		.4byte	0x365
 745 0363 12       		.uleb128 0x12
 746 0364 00       		.byte	0
 747 0365 13       		.uleb128 0x13
 748 0366 E1000000 		.4byte	0xe1
 749 036a 06       		.uleb128 0x6
 750 036b 04       		.byte	0x4
 751 036c 5A030000 		.4byte	0x35a
 752 0370 11       		.uleb128 0x11
 753 0371 65030000 		.4byte	0x365
 754 0375 80030000 		.4byte	0x380
 755 0379 14       		.uleb128 0x14
 756 037a 80030000 		.4byte	0x380
 757 037e 00       		.byte	0
 758 037f 00       		.byte	0
 759 0380 02       		.uleb128 0x2
 760 0381 04       		.byte	0x4
 761 0382 07       		.byte	0x7
 762 0383 70030000 		.4byte	.LASF64
 763 0387 15       		.uleb128 0x15
 764 0388 CA000000 		.4byte	.LASF114
 765 038c 05       		.byte	0x5
 766 038d 6507     		.2byte	0x765
 767 038f 99030000 		.4byte	0x399
ARM GAS  C:\Users\Girish\AppData\Local\Temp\cccY5O4I.s 			page 15


 768 0393 05       		.uleb128 0x5
 769 0394 03       		.byte	0x3
 770 0395 08000000 		.4byte	EE_oo_autostart_task_mode_OSDEFAULTAPPMODE
 771 0399 13       		.uleb128 0x13
 772 039a 70030000 		.4byte	0x370
 773 039e 11       		.uleb128 0x11
 774 039f AE030000 		.4byte	0x3ae
 775 03a3 AE030000 		.4byte	0x3ae
 776 03a7 14       		.uleb128 0x14
 777 03a8 80030000 		.4byte	0x380
 778 03ac 03       		.byte	0x3
 779 03ad 00       		.byte	0
 780 03ae 13       		.uleb128 0x13
 781 03af AA000000 		.4byte	0xaa
 782 03b3 16       		.uleb128 0x16
 783 03b4 80060000 		.4byte	.LASF65
 784 03b8 05       		.byte	0x5
 785 03b9 D2       		.byte	0xd2
 786 03ba C4030000 		.4byte	0x3c4
 787 03be 05       		.uleb128 0x5
 788 03bf 03       		.byte	0x3
 789 03c0 00000000 		.4byte	EE_hal_thread_body
 790 03c4 13       		.uleb128 0x13
 791 03c5 9E030000 		.4byte	0x39e
 792 03c9 11       		.uleb128 0x11
 793 03ca D9030000 		.4byte	0x3d9
 794 03ce D9030000 		.4byte	0x3d9
 795 03d2 14       		.uleb128 0x14
 796 03d3 80030000 		.4byte	0x380
 797 03d7 04       		.byte	0x4
 798 03d8 00       		.byte	0
 799 03d9 13       		.uleb128 0x13
 800 03da B5000000 		.4byte	0xb5
 801 03de 16       		.uleb128 0x16
 802 03df D8050000 		.4byte	.LASF66
 803 03e3 05       		.byte	0x5
 804 03e4 71       		.byte	0x71
 805 03e5 EF030000 		.4byte	0x3ef
 806 03e9 05       		.uleb128 0x5
 807 03ea 03       		.byte	0x3
 808 03eb 00000000 		.4byte	EE_std_thread_tos
 809 03ef 13       		.uleb128 0x13
 810 03f0 C9030000 		.4byte	0x3c9
 811 03f4 11       		.uleb128 0x11
 812 03f5 80000000 		.4byte	0x80
 813 03f9 04040000 		.4byte	0x404
 814 03fd 14       		.uleb128 0x14
 815 03fe 80030000 		.4byte	0x380
 816 0402 03       		.byte	0x3
 817 0403 00       		.byte	0
 818 0404 16       		.uleb128 0x16
 819 0405 30070000 		.4byte	.LASF67
 820 0409 05       		.byte	0x5
 821 040a ED       		.byte	0xed
 822 040b F4030000 		.4byte	0x3f4
 823 040f 05       		.uleb128 0x5
 824 0410 03       		.byte	0x3
ARM GAS  C:\Users\Girish\AppData\Local\Temp\cccY5O4I.s 			page 16


 825 0411 00000000 		.4byte	EE_terminate_data
 826 0415 16       		.uleb128 0x16
 827 0416 B8040000 		.4byte	.LASF68
 828 041a 05       		.byte	0x5
 829 041b F0       		.byte	0xf0
 830 041c 26040000 		.4byte	0x426
 831 0420 05       		.uleb128 0x5
 832 0421 03       		.byte	0x3
 833 0422 00000000 		.4byte	EE_terminate_real_th_body
 834 0426 13       		.uleb128 0x13
 835 0427 9E030000 		.4byte	0x39e
 836 042b 11       		.uleb128 0x11
 837 042c EC000000 		.4byte	0xec
 838 0430 3B040000 		.4byte	0x43b
 839 0434 14       		.uleb128 0x14
 840 0435 80030000 		.4byte	0x380
 841 0439 00       		.byte	0
 842 043a 00       		.byte	0
 843 043b 16       		.uleb128 0x16
 844 043c 7E040000 		.4byte	.LASF69
 845 0440 05       		.byte	0x5
 846 0441 8D       		.byte	0x8d
 847 0442 2B040000 		.4byte	0x42b
 848 0446 05       		.uleb128 0x5
 849 0447 03       		.byte	0x3
 850 0448 00000000 		.4byte	EE_cortex_mx_system_tos
 851 044c 16       		.uleb128 0x16
 852 044d 5B010000 		.4byte	.LASF70
 853 0451 05       		.byte	0x5
 854 0452 A9       		.byte	0xa9
 855 0453 B5000000 		.4byte	0xb5
 856 0457 05       		.uleb128 0x5
 857 0458 03       		.byte	0x3
 858 0459 00000000 		.4byte	EE_cortex_mx_active_tos
 859 045d 11       		.uleb128 0x11
 860 045e D9030000 		.4byte	0x3d9
 861 0462 6D040000 		.4byte	0x46d
 862 0466 14       		.uleb128 0x14
 863 0467 80030000 		.4byte	0x380
 864 046b 03       		.byte	0x3
 865 046c 00       		.byte	0
 866 046d 17       		.uleb128 0x17
 867 046e 37060000 		.4byte	.LASF71
 868 0472 05       		.byte	0x5
 869 0473 E202     		.2byte	0x2e2
 870 0475 7F040000 		.4byte	0x47f
 871 0479 05       		.uleb128 0x5
 872 047a 03       		.byte	0x3
 873 047b 00000000 		.4byte	EE_th_rnact_max
 874 047f 13       		.uleb128 0x13
 875 0480 5D040000 		.4byte	0x45d
 876 0484 17       		.uleb128 0x17
 877 0485 DB060000 		.4byte	.LASF72
 878 0489 05       		.byte	0x5
 879 048a 0C01     		.2byte	0x10c
 880 048c 96040000 		.4byte	0x496
 881 0490 05       		.uleb128 0x5
ARM GAS  C:\Users\Girish\AppData\Local\Temp\cccY5O4I.s 			page 17


 882 0491 03       		.byte	0x3
 883 0492 00000000 		.4byte	EE_th_ready_prio
 884 0496 13       		.uleb128 0x13
 885 0497 5D040000 		.4byte	0x45d
 886 049b 17       		.uleb128 0x17
 887 049c D3020000 		.4byte	.LASF73
 888 04a0 05       		.byte	0x5
 889 04a1 4502     		.2byte	0x245
 890 04a3 AD040000 		.4byte	0x4ad
 891 04a7 05       		.uleb128 0x5
 892 04a8 03       		.byte	0x3
 893 04a9 00000000 		.4byte	EE_th_dispatch_prio
 894 04ad 13       		.uleb128 0x13
 895 04ae 5D040000 		.4byte	0x45d
 896 04b2 11       		.uleb128 0x11
 897 04b3 C2040000 		.4byte	0x4c2
 898 04b7 C2040000 		.4byte	0x4c2
 899 04bb 14       		.uleb128 0x14
 900 04bc 80030000 		.4byte	0x380
 901 04c0 03       		.byte	0x3
 902 04c1 00       		.byte	0
 903 04c2 06       		.uleb128 0x6
 904 04c3 04       		.byte	0x4
 905 04c4 CF040000 		.4byte	0x4cf
 906 04c8 02       		.uleb128 0x2
 907 04c9 01       		.byte	0x1
 908 04ca 08       		.byte	0x8
 909 04cb 23060000 		.4byte	.LASF74
 910 04cf 13       		.uleb128 0x13
 911 04d0 C8040000 		.4byte	0x4c8
 912 04d4 17       		.uleb128 0x17
 913 04d5 FA040000 		.4byte	.LASF75
 914 04d9 05       		.byte	0x5
 915 04da 2801     		.2byte	0x128
 916 04dc B2040000 		.4byte	0x4b2
 917 04e0 05       		.uleb128 0x5
 918 04e1 03       		.byte	0x3
 919 04e2 00000000 		.4byte	EE_TASK_NAME
 920 04e6 11       		.uleb128 0x11
 921 04e7 C2040000 		.4byte	0x4c2
 922 04eb F5040000 		.4byte	0x4f5
 923 04ef 18       		.uleb128 0x18
 924 04f0 80030000 		.4byte	0x380
 925 04f4 00       		.byte	0
 926 04f5 17       		.uleb128 0x17
 927 04f6 40010000 		.4byte	.LASF76
 928 04fa 05       		.byte	0x5
 929 04fb 8101     		.2byte	0x181
 930 04fd E6040000 		.4byte	0x4e6
 931 0501 05       		.uleb128 0x5
 932 0502 03       		.byte	0x3
 933 0503 00000000 		.4byte	EE_EVENT_NAME
 934 0507 11       		.uleb128 0x11
 935 0508 C2040000 		.4byte	0x4c2
 936 050c 17050000 		.4byte	0x517
 937 0510 14       		.uleb128 0x14
 938 0511 80030000 		.4byte	0x380
ARM GAS  C:\Users\Girish\AppData\Local\Temp\cccY5O4I.s 			page 18


 939 0515 01       		.byte	0x1
 940 0516 00       		.byte	0
 941 0517 17       		.uleb128 0x17
 942 0518 16020000 		.4byte	.LASF77
 943 051c 05       		.byte	0x5
 944 051d 3D06     		.2byte	0x63d
 945 051f 07050000 		.4byte	0x507
 946 0523 05       		.uleb128 0x5
 947 0524 03       		.byte	0x3
 948 0525 00000000 		.4byte	EE_ALARM_NAME
 949 0529 11       		.uleb128 0x11
 950 052a 38050000 		.4byte	0x538
 951 052e 38050000 		.4byte	0x538
 952 0532 18       		.uleb128 0x18
 953 0533 80030000 		.4byte	0x380
 954 0537 00       		.byte	0
 955 0538 13       		.uleb128 0x13
 956 0539 40000000 		.4byte	0x40
 957 053d 17       		.uleb128 0x17
 958 053e 8A010000 		.4byte	.LASF78
 959 0542 05       		.byte	0x5
 960 0543 E201     		.2byte	0x1e2
 961 0545 4F050000 		.4byte	0x54f
 962 0549 05       		.uleb128 0x5
 963 054a 03       		.byte	0x3
 964 054b 00000000 		.4byte	EE_EVENT_ID
 965 054f 13       		.uleb128 0x13
 966 0550 29050000 		.4byte	0x529
 967 0554 11       		.uleb128 0x11
 968 0555 38050000 		.4byte	0x538
 969 0559 64050000 		.4byte	0x564
 970 055d 14       		.uleb128 0x14
 971 055e 80030000 		.4byte	0x380
 972 0562 01       		.byte	0x1
 973 0563 00       		.byte	0
 974 0564 17       		.uleb128 0x17
 975 0565 F5000000 		.4byte	.LASF79
 976 0569 05       		.byte	0x5
 977 056a 5906     		.2byte	0x659
 978 056c 76050000 		.4byte	0x576
 979 0570 05       		.uleb128 0x5
 980 0571 03       		.byte	0x3
 981 0572 00000000 		.4byte	EE_ALARM_ID
 982 0576 13       		.uleb128 0x13
 983 0577 54050000 		.4byte	0x554
 984 057b 11       		.uleb128 0x11
 985 057c B5000000 		.4byte	0xb5
 986 0580 8B050000 		.4byte	0x58b
 987 0584 14       		.uleb128 0x14
 988 0585 80030000 		.4byte	0x380
 989 0589 03       		.byte	0x3
 990 058a 00       		.byte	0
 991 058b 17       		.uleb128 0x17
 992 058c B0020000 		.4byte	.LASF80
 993 0590 05       		.byte	0x5
 994 0591 8102     		.2byte	0x281
 995 0593 7B050000 		.4byte	0x57b
ARM GAS  C:\Users\Girish\AppData\Local\Temp\cccY5O4I.s 			page 19


 996 0597 05       		.uleb128 0x5
 997 0598 03       		.byte	0x3
 998 0599 00000000 		.4byte	EE_th_status
 999 059d 11       		.uleb128 0x11
 1000 059e E1000000 		.4byte	0xe1
 1001 05a2 AD050000 		.4byte	0x5ad
 1002 05a6 14       		.uleb128 0x14
 1003 05a7 80030000 		.4byte	0x380
 1004 05ab 03       		.byte	0x3
 1005 05ac 00       		.byte	0
 1006 05ad 17       		.uleb128 0x17
 1007 05ae AD040000 		.4byte	.LASF81
 1008 05b2 05       		.byte	0x5
 1009 05b3 9D02     		.2byte	0x29d
 1010 05b5 9D050000 		.4byte	0x59d
 1011 05b9 05       		.uleb128 0x5
 1012 05ba 03       		.byte	0x3
 1013 05bb 00000000 		.4byte	EE_th_next
 1014 05bf 17       		.uleb128 0x17
 1015 05c0 EC060000 		.4byte	.LASF82
 1016 05c4 05       		.byte	0x5
 1017 05c5 C702     		.2byte	0x2c7
 1018 05c7 7B050000 		.4byte	0x57b
 1019 05cb 05       		.uleb128 0x5
 1020 05cc 03       		.byte	0x3
 1021 05cd 00000000 		.4byte	EE_th_rnact
 1022 05d1 17       		.uleb128 0x17
 1023 05d2 05000000 		.4byte	.LASF83
 1024 05d6 05       		.byte	0x5
 1025 05d7 7703     		.2byte	0x377
 1026 05d9 9D050000 		.4byte	0x59d
 1027 05dd 05       		.uleb128 0x5
 1028 05de 03       		.byte	0x3
 1029 05df 00000000 		.4byte	EE_th_terminate_nextask
 1030 05e3 17       		.uleb128 0x17
 1031 05e4 26000000 		.4byte	.LASF84
 1032 05e8 05       		.byte	0x5
 1033 05e9 B902     		.2byte	0x2b9
 1034 05eb E1000000 		.4byte	0xe1
 1035 05ef 05       		.uleb128 0x5
 1036 05f0 03       		.byte	0x3
 1037 05f1 00000000 		.4byte	EE_stkfirst
 1038 05f5 17       		.uleb128 0x17
 1039 05f6 93060000 		.4byte	.LASF85
 1040 05fa 05       		.byte	0x5
 1041 05fb BC02     		.2byte	0x2bc
 1042 05fd B5000000 		.4byte	0xb5
 1043 0601 05       		.uleb128 0x5
 1044 0602 03       		.byte	0x3
 1045 0603 00000000 		.4byte	EE_sys_ceiling
 1046 0607 17       		.uleb128 0x17
 1047 0608 E2030000 		.4byte	.LASF86
 1048 060c 05       		.byte	0x5
 1049 060d FD02     		.2byte	0x2fd
 1050 060f 7B050000 		.4byte	0x57b
 1051 0613 05       		.uleb128 0x5
 1052 0614 03       		.byte	0x3
ARM GAS  C:\Users\Girish\AppData\Local\Temp\cccY5O4I.s 			page 20


 1053 0615 00000000 		.4byte	EE_rq_link
 1054 0619 11       		.uleb128 0x11
 1055 061a C0000000 		.4byte	0xc0
 1056 061e 29060000 		.4byte	0x629
 1057 0622 14       		.uleb128 0x14
 1058 0623 80030000 		.4byte	0x380
 1059 0627 0F       		.byte	0xf
 1060 0628 00       		.byte	0
 1061 0629 17       		.uleb128 0x17
 1062 062a 9F010000 		.4byte	.LASF87
 1063 062e 05       		.byte	0x5
 1064 062f BF02     		.2byte	0x2bf
 1065 0631 19060000 		.4byte	0x619
 1066 0635 05       		.uleb128 0x5
 1067 0636 03       		.byte	0x3
 1068 0637 00000000 		.4byte	EE_rq_queues_head
 1069 063b 17       		.uleb128 0x17
 1070 063c C6050000 		.4byte	.LASF88
 1071 0640 05       		.byte	0x5
 1072 0641 C102     		.2byte	0x2c1
 1073 0643 19060000 		.4byte	0x619
 1074 0647 05       		.uleb128 0x5
 1075 0648 03       		.byte	0x3
 1076 0649 00000000 		.4byte	EE_rq_queues_tail
 1077 064d 11       		.uleb128 0x11
 1078 064e C0000000 		.4byte	0xc0
 1079 0652 5D060000 		.4byte	0x65d
 1080 0656 14       		.uleb128 0x14
 1081 0657 80030000 		.4byte	0x380
 1082 065b 03       		.byte	0x3
 1083 065c 00       		.byte	0
 1084 065d 17       		.uleb128 0x17
 1085 065e 99000000 		.4byte	.LASF89
 1086 0662 05       		.byte	0x5
 1087 0663 1B03     		.2byte	0x31b
 1088 0665 4D060000 		.4byte	0x64d
 1089 0669 05       		.uleb128 0x5
 1090 066a 03       		.byte	0x3
 1091 066b 00000000 		.4byte	EE_rq_pairs_next
 1092 066f 17       		.uleb128 0x17
 1093 0670 F8060000 		.4byte	.LASF90
 1094 0674 05       		.byte	0x5
 1095 0675 7003     		.2byte	0x370
 1096 0677 9D050000 		.4byte	0x59d
 1097 067b 05       		.uleb128 0x5
 1098 067c 03       		.byte	0x3
 1099 067d 00000000 		.4byte	EE_rq_pairs_tid
 1100 0681 17       		.uleb128 0x17
 1101 0682 FD050000 		.4byte	.LASF91
 1102 0686 05       		.byte	0x5
 1103 0687 C402     		.2byte	0x2c4
 1104 0689 05010000 		.4byte	0x105
 1105 068d 05       		.uleb128 0x5
 1106 068e 03       		.byte	0x3
 1107 068f 00000000 		.4byte	EE_rq_bitmask
 1108 0693 17       		.uleb128 0x17
 1109 0694 D7030000 		.4byte	.LASF92
ARM GAS  C:\Users\Girish\AppData\Local\Temp\cccY5O4I.s 			page 21


 1110 0698 05       		.byte	0x5
 1111 0699 7303     		.2byte	0x373
 1112 069b C0000000 		.4byte	0xc0
 1113 069f 05       		.uleb128 0x5
 1114 06a0 03       		.byte	0x3
 1115 06a1 00000000 		.4byte	EE_rq_free
 1116 06a5 17       		.uleb128 0x17
 1117 06a6 6B070000 		.4byte	.LASF93
 1118 06aa 05       		.byte	0x5
 1119 06ab 9A03     		.2byte	0x39a
 1120 06ad 7B050000 		.4byte	0x57b
 1121 06b1 05       		.uleb128 0x5
 1122 06b2 03       		.byte	0x3
 1123 06b3 00000000 		.4byte	EE_th_event_active
 1124 06b7 17       		.uleb128 0x17
 1125 06b8 E5040000 		.4byte	.LASF94
 1126 06bc 05       		.byte	0x5
 1127 06bd B603     		.2byte	0x3b6
 1128 06bf 7B050000 		.4byte	0x57b
 1129 06c3 05       		.uleb128 0x5
 1130 06c4 03       		.byte	0x3
 1131 06c5 00000000 		.4byte	EE_th_event_waitmask
 1132 06c9 11       		.uleb128 0x11
 1133 06ca D6000000 		.4byte	0xd6
 1134 06ce D9060000 		.4byte	0x6d9
 1135 06d2 14       		.uleb128 0x14
 1136 06d3 80030000 		.4byte	0x380
 1137 06d7 03       		.byte	0x3
 1138 06d8 00       		.byte	0
 1139 06d9 17       		.uleb128 0x17
 1140 06da 36020000 		.4byte	.LASF95
 1141 06de 05       		.byte	0x5
 1142 06df D203     		.2byte	0x3d2
 1143 06e1 C9060000 		.4byte	0x6c9
 1144 06e5 05       		.uleb128 0x5
 1145 06e6 03       		.byte	0x3
 1146 06e7 00000000 		.4byte	EE_th_waswaiting
 1147 06eb 17       		.uleb128 0x17
 1148 06ec A3070000 		.4byte	.LASF96
 1149 06f0 05       		.byte	0x5
 1150 06f1 EE03     		.2byte	0x3ee
 1151 06f3 FD060000 		.4byte	0x6fd
 1152 06f7 05       		.uleb128 0x5
 1153 06f8 03       		.byte	0x3
 1154 06f9 00000000 		.4byte	EE_th_is_extended
 1155 06fd 13       		.uleb128 0x13
 1156 06fe 5D040000 		.4byte	0x45d
 1157 0702 11       		.uleb128 0x11
 1158 0703 12070000 		.4byte	0x712
 1159 0707 12070000 		.4byte	0x712
 1160 070b 14       		.uleb128 0x14
 1161 070c 80030000 		.4byte	0x380
 1162 0710 00       		.byte	0
 1163 0711 00       		.byte	0
 1164 0712 13       		.uleb128 0x13
 1165 0713 8A010000 		.4byte	0x18a
 1166 0717 17       		.uleb128 0x17
ARM GAS  C:\Users\Girish\AppData\Local\Temp\cccY5O4I.s 			page 22


 1167 0718 3E040000 		.4byte	.LASF97
 1168 071c 05       		.byte	0x5
 1169 071d FF05     		.2byte	0x5ff
 1170 071f 29070000 		.4byte	0x729
 1171 0723 05       		.uleb128 0x5
 1172 0724 03       		.byte	0x3
 1173 0725 00000000 		.4byte	EE_counter_ROM
 1174 0729 13       		.uleb128 0x13
 1175 072a 02070000 		.4byte	0x702
 1176 072e 11       		.uleb128 0x11
 1177 072f 3E070000 		.4byte	0x73e
 1178 0733 3E070000 		.4byte	0x73e
 1179 0737 14       		.uleb128 0x14
 1180 0738 80030000 		.4byte	0x380
 1181 073c 01       		.byte	0x1
 1182 073d 00       		.byte	0
 1183 073e 13       		.uleb128 0x13
 1184 073f 27020000 		.4byte	0x227
 1185 0743 17       		.uleb128 0x17
 1186 0744 19030000 		.4byte	.LASF98
 1187 0748 05       		.byte	0x5
 1188 0749 9606     		.2byte	0x696
 1189 074b 55070000 		.4byte	0x755
 1190 074f 05       		.uleb128 0x5
 1191 0750 03       		.byte	0x3
 1192 0751 00000000 		.4byte	EE_oo_counter_object_ROM
 1193 0755 13       		.uleb128 0x13
 1194 0756 2E070000 		.4byte	0x72e
 1195 075a 11       		.uleb128 0x11
 1196 075b 6A070000 		.4byte	0x76a
 1197 075f 6A070000 		.4byte	0x76a
 1198 0763 14       		.uleb128 0x14
 1199 0764 80030000 		.4byte	0x380
 1200 0768 01       		.byte	0x1
 1201 0769 00       		.byte	0
 1202 076a 13       		.uleb128 0x13
 1203 076b 04030000 		.4byte	0x304
 1204 076f 17       		.uleb128 0x17
 1205 0770 4F030000 		.4byte	.LASF99
 1206 0774 05       		.byte	0x5
 1207 0775 BA06     		.2byte	0x6ba
 1208 0777 81070000 		.4byte	0x781
 1209 077b 05       		.uleb128 0x5
 1210 077c 03       		.byte	0x3
 1211 077d 00000000 		.4byte	EE_oo_action_ROM
 1212 0781 13       		.uleb128 0x13
 1213 0782 5A070000 		.4byte	0x75a
 1214 0786 11       		.uleb128 0x11
 1215 0787 96070000 		.4byte	0x796
 1216 078b 96070000 		.4byte	0x796
 1217 078f 14       		.uleb128 0x14
 1218 0790 80030000 		.4byte	0x380
 1219 0794 01       		.byte	0x1
 1220 0795 00       		.byte	0
 1221 0796 13       		.uleb128 0x13
 1222 0797 27030000 		.4byte	0x327
 1223 079b 17       		.uleb128 0x17
ARM GAS  C:\Users\Girish\AppData\Local\Temp\cccY5O4I.s 			page 23


 1224 079c 4E010000 		.4byte	.LASF100
 1225 07a0 05       		.byte	0x5
 1226 07a1 2006     		.2byte	0x620
 1227 07a3 AD070000 		.4byte	0x7ad
 1228 07a7 05       		.uleb128 0x5
 1229 07a8 03       		.byte	0x3
 1230 07a9 00000000 		.4byte	EE_alarm_ROM
 1231 07ad 13       		.uleb128 0x13
 1232 07ae 86070000 		.4byte	0x786
 1233 07b2 11       		.uleb128 0x11
 1234 07b3 BA010000 		.4byte	0x1ba
 1235 07b7 C2070000 		.4byte	0x7c2
 1236 07bb 14       		.uleb128 0x14
 1237 07bc 80030000 		.4byte	0x380
 1238 07c0 00       		.byte	0
 1239 07c1 00       		.byte	0
 1240 07c2 17       		.uleb128 0x17
 1241 07c3 59060000 		.4byte	.LASF101
 1242 07c7 05       		.byte	0x5
 1243 07c8 0C06     		.2byte	0x60c
 1244 07ca B2070000 		.4byte	0x7b2
 1245 07ce 05       		.uleb128 0x5
 1246 07cf 03       		.byte	0x3
 1247 07d0 00000000 		.4byte	EE_counter_RAM
 1248 07d4 11       		.uleb128 0x11
 1249 07d5 71020000 		.4byte	0x271
 1250 07d9 E4070000 		.4byte	0x7e4
 1251 07dd 14       		.uleb128 0x14
 1252 07de 80030000 		.4byte	0x380
 1253 07e2 01       		.byte	0x1
 1254 07e3 00       		.byte	0
 1255 07e4 17       		.uleb128 0x17
 1256 07e5 B3060000 		.4byte	.LASF102
 1257 07e9 05       		.byte	0x5
 1258 07ea B106     		.2byte	0x6b1
 1259 07ec D4070000 		.4byte	0x7d4
 1260 07f0 05       		.uleb128 0x5
 1261 07f1 03       		.byte	0x3
 1262 07f2 00000000 		.4byte	EE_oo_counter_object_RAM
 1263 07f6 11       		.uleb128 0x11
 1264 07f7 06080000 		.4byte	0x806
 1265 07fb 06080000 		.4byte	0x806
 1266 07ff 14       		.uleb128 0x14
 1267 0800 80030000 		.4byte	0x380
 1268 0804 00       		.byte	0
 1269 0805 00       		.byte	0
 1270 0806 13       		.uleb128 0x13
 1271 0807 33030000 		.4byte	0x333
 1272 080b 17       		.uleb128 0x17
 1273 080c BD070000 		.4byte	.LASF103
 1274 0810 05       		.byte	0x5
 1275 0811 9607     		.2byte	0x796
 1276 0813 1D080000 		.4byte	0x81d
 1277 0817 05       		.uleb128 0x5
 1278 0818 03       		.byte	0x3
 1279 0819 00000000 		.4byte	EE_oo_autostart_task_data
 1280 081d 13       		.uleb128 0x13
ARM GAS  C:\Users\Girish\AppData\Local\Temp\cccY5O4I.s 			page 24


 1281 081e F6070000 		.4byte	0x7f6
 1282 0822 19       		.uleb128 0x19
 1283 0823 79020000 		.4byte	.LASF104
 1284 0827 06       		.byte	0x6
 1285 0828 40       		.byte	0x40
 1286 0829 B5000000 		.4byte	0xb5
 1287 082d 19       		.uleb128 0x19
 1288 082e B1010000 		.4byte	.LASF105
 1289 0832 06       		.byte	0x6
 1290 0833 47       		.byte	0x47
 1291 0834 CB000000 		.4byte	0xcb
 1292 0838 17       		.uleb128 0x17
 1293 0839 3C030000 		.4byte	.LASF106
 1294 083d 05       		.byte	0x5
 1295 083e 5C07     		.2byte	0x75c
 1296 0840 B5000000 		.4byte	0xb5
 1297 0844 05       		.uleb128 0x5
 1298 0845 03       		.byte	0x3
 1299 0846 00000000 		.4byte	EE_ApplicationMode
 1300 084a 19       		.uleb128 0x19
 1301 084b F5030000 		.4byte	.LASF107
 1302 084f 07       		.byte	0x7
 1303 0850 48       		.byte	0x48
 1304 0851 E1000000 		.4byte	0xe1
 1305 0855 19       		.uleb128 0x19
 1306 0856 08070000 		.4byte	.LASF108
 1307 085a 08       		.byte	0x8
 1308 085b 44       		.byte	0x44
 1309 085c B5000000 		.4byte	0xb5
 1310 0860 16       		.uleb128 0x16
 1311 0861 49000000 		.4byte	.LASF109
 1312 0865 05       		.byte	0x5
 1313 0866 AD       		.byte	0xad
 1314 0867 EC000000 		.4byte	0xec
 1315 086b 05       		.uleb128 0x5
 1316 086c 03       		.byte	0x3
 1317 086d 00000000 		.4byte	EE_cortex_mx_IRQ_tos
 1318 0871 11       		.uleb128 0x11
 1319 0872 55000000 		.4byte	0x55
 1320 0876 81080000 		.4byte	0x881
 1321 087a 14       		.uleb128 0x14
 1322 087b 80030000 		.4byte	0x380
 1323 087f 7F       		.byte	0x7f
 1324 0880 00       		.byte	0
 1325 0881 16       		.uleb128 0x16
 1326 0882 E7020000 		.4byte	.LASF110
 1327 0886 05       		.byte	0x5
 1328 0887 32       		.byte	0x32
 1329 0888 71080000 		.4byte	0x871
 1330 088c 05       		.uleb128 0x5
 1331 088d 03       		.byte	0x3
 1332 088e 00000000 		.4byte	EE_cortex_mx_stack_9
 1333 0892 00       		.byte	0
 1334              		.section	.debug_abbrev,"",%progbits
 1335              	.Ldebug_abbrev0:
 1336 0000 01       		.uleb128 0x1
 1337 0001 11       		.uleb128 0x11
ARM GAS  C:\Users\Girish\AppData\Local\Temp\cccY5O4I.s 			page 25


 1338 0002 01       		.byte	0x1
 1339 0003 25       		.uleb128 0x25
 1340 0004 0E       		.uleb128 0xe
 1341 0005 13       		.uleb128 0x13
 1342 0006 0B       		.uleb128 0xb
 1343 0007 03       		.uleb128 0x3
 1344 0008 0E       		.uleb128 0xe
 1345 0009 1B       		.uleb128 0x1b
 1346 000a 0E       		.uleb128 0xe
 1347 000b 10       		.uleb128 0x10
 1348 000c 17       		.uleb128 0x17
 1349 000d 00       		.byte	0
 1350 000e 00       		.byte	0
 1351 000f 02       		.uleb128 0x2
 1352 0010 24       		.uleb128 0x24
 1353 0011 00       		.byte	0
 1354 0012 0B       		.uleb128 0xb
 1355 0013 0B       		.uleb128 0xb
 1356 0014 3E       		.uleb128 0x3e
 1357 0015 0B       		.uleb128 0xb
 1358 0016 03       		.uleb128 0x3
 1359 0017 0E       		.uleb128 0xe
 1360 0018 00       		.byte	0
 1361 0019 00       		.byte	0
 1362 001a 03       		.uleb128 0x3
 1363 001b 24       		.uleb128 0x24
 1364 001c 00       		.byte	0
 1365 001d 0B       		.uleb128 0xb
 1366 001e 0B       		.uleb128 0xb
 1367 001f 3E       		.uleb128 0x3e
 1368 0020 0B       		.uleb128 0xb
 1369 0021 03       		.uleb128 0x3
 1370 0022 08       		.uleb128 0x8
 1371 0023 00       		.byte	0
 1372 0024 00       		.byte	0
 1373 0025 04       		.uleb128 0x4
 1374 0026 16       		.uleb128 0x16
 1375 0027 00       		.byte	0
 1376 0028 03       		.uleb128 0x3
 1377 0029 0E       		.uleb128 0xe
 1378 002a 3A       		.uleb128 0x3a
 1379 002b 0B       		.uleb128 0xb
 1380 002c 3B       		.uleb128 0x3b
 1381 002d 0B       		.uleb128 0xb
 1382 002e 49       		.uleb128 0x49
 1383 002f 13       		.uleb128 0x13
 1384 0030 00       		.byte	0
 1385 0031 00       		.byte	0
 1386 0032 05       		.uleb128 0x5
 1387 0033 0F       		.uleb128 0xf
 1388 0034 00       		.byte	0
 1389 0035 0B       		.uleb128 0xb
 1390 0036 0B       		.uleb128 0xb
 1391 0037 00       		.byte	0
 1392 0038 00       		.byte	0
 1393 0039 06       		.uleb128 0x6
 1394 003a 0F       		.uleb128 0xf
ARM GAS  C:\Users\Girish\AppData\Local\Temp\cccY5O4I.s 			page 26


 1395 003b 00       		.byte	0
 1396 003c 0B       		.uleb128 0xb
 1397 003d 0B       		.uleb128 0xb
 1398 003e 49       		.uleb128 0x49
 1399 003f 13       		.uleb128 0x13
 1400 0040 00       		.byte	0
 1401 0041 00       		.byte	0
 1402 0042 07       		.uleb128 0x7
 1403 0043 15       		.uleb128 0x15
 1404 0044 00       		.byte	0
 1405 0045 27       		.uleb128 0x27
 1406 0046 19       		.uleb128 0x19
 1407 0047 00       		.byte	0
 1408 0048 00       		.byte	0
 1409 0049 08       		.uleb128 0x8
 1410 004a 13       		.uleb128 0x13
 1411 004b 01       		.byte	0x1
 1412 004c 03       		.uleb128 0x3
 1413 004d 0E       		.uleb128 0xe
 1414 004e 0B       		.uleb128 0xb
 1415 004f 0B       		.uleb128 0xb
 1416 0050 3A       		.uleb128 0x3a
 1417 0051 0B       		.uleb128 0xb
 1418 0052 3B       		.uleb128 0x3b
 1419 0053 0B       		.uleb128 0xb
 1420 0054 01       		.uleb128 0x1
 1421 0055 13       		.uleb128 0x13
 1422 0056 00       		.byte	0
 1423 0057 00       		.byte	0
 1424 0058 09       		.uleb128 0x9
 1425 0059 0D       		.uleb128 0xd
 1426 005a 00       		.byte	0
 1427 005b 03       		.uleb128 0x3
 1428 005c 0E       		.uleb128 0xe
 1429 005d 3A       		.uleb128 0x3a
 1430 005e 0B       		.uleb128 0xb
 1431 005f 3B       		.uleb128 0x3b
 1432 0060 0B       		.uleb128 0xb
 1433 0061 49       		.uleb128 0x49
 1434 0062 13       		.uleb128 0x13
 1435 0063 38       		.uleb128 0x38
 1436 0064 0B       		.uleb128 0xb
 1437 0065 00       		.byte	0
 1438 0066 00       		.byte	0
 1439 0067 0A       		.uleb128 0xa
 1440 0068 16       		.uleb128 0x16
 1441 0069 00       		.byte	0
 1442 006a 03       		.uleb128 0x3
 1443 006b 0E       		.uleb128 0xe
 1444 006c 3A       		.uleb128 0x3a
 1445 006d 0B       		.uleb128 0xb
 1446 006e 3B       		.uleb128 0x3b
 1447 006f 05       		.uleb128 0x5
 1448 0070 49       		.uleb128 0x49
 1449 0071 13       		.uleb128 0x13
 1450 0072 00       		.byte	0
 1451 0073 00       		.byte	0
ARM GAS  C:\Users\Girish\AppData\Local\Temp\cccY5O4I.s 			page 27


 1452 0074 0B       		.uleb128 0xb
 1453 0075 13       		.uleb128 0x13
 1454 0076 01       		.byte	0x1
 1455 0077 0B       		.uleb128 0xb
 1456 0078 0B       		.uleb128 0xb
 1457 0079 3A       		.uleb128 0x3a
 1458 007a 0B       		.uleb128 0xb
 1459 007b 3B       		.uleb128 0x3b
 1460 007c 05       		.uleb128 0x5
 1461 007d 01       		.uleb128 0x1
 1462 007e 13       		.uleb128 0x13
 1463 007f 00       		.byte	0
 1464 0080 00       		.byte	0
 1465 0081 0C       		.uleb128 0xc
 1466 0082 0D       		.uleb128 0xd
 1467 0083 00       		.byte	0
 1468 0084 03       		.uleb128 0x3
 1469 0085 0E       		.uleb128 0xe
 1470 0086 3A       		.uleb128 0x3a
 1471 0087 0B       		.uleb128 0xb
 1472 0088 3B       		.uleb128 0x3b
 1473 0089 05       		.uleb128 0x5
 1474 008a 49       		.uleb128 0x49
 1475 008b 13       		.uleb128 0x13
 1476 008c 38       		.uleb128 0x38
 1477 008d 0B       		.uleb128 0xb
 1478 008e 00       		.byte	0
 1479 008f 00       		.byte	0
 1480 0090 0D       		.uleb128 0xd
 1481 0091 04       		.uleb128 0x4
 1482 0092 01       		.byte	0x1
 1483 0093 0B       		.uleb128 0xb
 1484 0094 0B       		.uleb128 0xb
 1485 0095 49       		.uleb128 0x49
 1486 0096 13       		.uleb128 0x13
 1487 0097 3A       		.uleb128 0x3a
 1488 0098 0B       		.uleb128 0xb
 1489 0099 3B       		.uleb128 0x3b
 1490 009a 05       		.uleb128 0x5
 1491 009b 01       		.uleb128 0x1
 1492 009c 13       		.uleb128 0x13
 1493 009d 00       		.byte	0
 1494 009e 00       		.byte	0
 1495 009f 0E       		.uleb128 0xe
 1496 00a0 28       		.uleb128 0x28
 1497 00a1 00       		.byte	0
 1498 00a2 03       		.uleb128 0x3
 1499 00a3 0E       		.uleb128 0xe
 1500 00a4 1C       		.uleb128 0x1c
 1501 00a5 0B       		.uleb128 0xb
 1502 00a6 00       		.byte	0
 1503 00a7 00       		.byte	0
 1504 00a8 0F       		.uleb128 0xf
 1505 00a9 0D       		.uleb128 0xd
 1506 00aa 00       		.byte	0
 1507 00ab 03       		.uleb128 0x3
 1508 00ac 08       		.uleb128 0x8
ARM GAS  C:\Users\Girish\AppData\Local\Temp\cccY5O4I.s 			page 28


 1509 00ad 3A       		.uleb128 0x3a
 1510 00ae 0B       		.uleb128 0xb
 1511 00af 3B       		.uleb128 0x3b
 1512 00b0 05       		.uleb128 0x5
 1513 00b1 49       		.uleb128 0x49
 1514 00b2 13       		.uleb128 0x13
 1515 00b3 38       		.uleb128 0x38
 1516 00b4 0B       		.uleb128 0xb
 1517 00b5 00       		.byte	0
 1518 00b6 00       		.byte	0
 1519 00b7 10       		.uleb128 0x10
 1520 00b8 13       		.uleb128 0x13
 1521 00b9 01       		.byte	0x1
 1522 00ba 03       		.uleb128 0x3
 1523 00bb 0E       		.uleb128 0xe
 1524 00bc 0B       		.uleb128 0xb
 1525 00bd 0B       		.uleb128 0xb
 1526 00be 3A       		.uleb128 0x3a
 1527 00bf 0B       		.uleb128 0xb
 1528 00c0 3B       		.uleb128 0x3b
 1529 00c1 05       		.uleb128 0x5
 1530 00c2 01       		.uleb128 0x1
 1531 00c3 13       		.uleb128 0x13
 1532 00c4 00       		.byte	0
 1533 00c5 00       		.byte	0
 1534 00c6 11       		.uleb128 0x11
 1535 00c7 01       		.uleb128 0x1
 1536 00c8 01       		.byte	0x1
 1537 00c9 49       		.uleb128 0x49
 1538 00ca 13       		.uleb128 0x13
 1539 00cb 01       		.uleb128 0x1
 1540 00cc 13       		.uleb128 0x13
 1541 00cd 00       		.byte	0
 1542 00ce 00       		.byte	0
 1543 00cf 12       		.uleb128 0x12
 1544 00d0 21       		.uleb128 0x21
 1545 00d1 00       		.byte	0
 1546 00d2 00       		.byte	0
 1547 00d3 00       		.byte	0
 1548 00d4 13       		.uleb128 0x13
 1549 00d5 26       		.uleb128 0x26
 1550 00d6 00       		.byte	0
 1551 00d7 49       		.uleb128 0x49
 1552 00d8 13       		.uleb128 0x13
 1553 00d9 00       		.byte	0
 1554 00da 00       		.byte	0
 1555 00db 14       		.uleb128 0x14
 1556 00dc 21       		.uleb128 0x21
 1557 00dd 00       		.byte	0
 1558 00de 49       		.uleb128 0x49
 1559 00df 13       		.uleb128 0x13
 1560 00e0 2F       		.uleb128 0x2f
 1561 00e1 0B       		.uleb128 0xb
 1562 00e2 00       		.byte	0
 1563 00e3 00       		.byte	0
 1564 00e4 15       		.uleb128 0x15
 1565 00e5 34       		.uleb128 0x34
ARM GAS  C:\Users\Girish\AppData\Local\Temp\cccY5O4I.s 			page 29


 1566 00e6 00       		.byte	0
 1567 00e7 03       		.uleb128 0x3
 1568 00e8 0E       		.uleb128 0xe
 1569 00e9 3A       		.uleb128 0x3a
 1570 00ea 0B       		.uleb128 0xb
 1571 00eb 3B       		.uleb128 0x3b
 1572 00ec 05       		.uleb128 0x5
 1573 00ed 49       		.uleb128 0x49
 1574 00ee 13       		.uleb128 0x13
 1575 00ef 02       		.uleb128 0x2
 1576 00f0 18       		.uleb128 0x18
 1577 00f1 00       		.byte	0
 1578 00f2 00       		.byte	0
 1579 00f3 16       		.uleb128 0x16
 1580 00f4 34       		.uleb128 0x34
 1581 00f5 00       		.byte	0
 1582 00f6 03       		.uleb128 0x3
 1583 00f7 0E       		.uleb128 0xe
 1584 00f8 3A       		.uleb128 0x3a
 1585 00f9 0B       		.uleb128 0xb
 1586 00fa 3B       		.uleb128 0x3b
 1587 00fb 0B       		.uleb128 0xb
 1588 00fc 49       		.uleb128 0x49
 1589 00fd 13       		.uleb128 0x13
 1590 00fe 3F       		.uleb128 0x3f
 1591 00ff 19       		.uleb128 0x19
 1592 0100 02       		.uleb128 0x2
 1593 0101 18       		.uleb128 0x18
 1594 0102 00       		.byte	0
 1595 0103 00       		.byte	0
 1596 0104 17       		.uleb128 0x17
 1597 0105 34       		.uleb128 0x34
 1598 0106 00       		.byte	0
 1599 0107 03       		.uleb128 0x3
 1600 0108 0E       		.uleb128 0xe
 1601 0109 3A       		.uleb128 0x3a
 1602 010a 0B       		.uleb128 0xb
 1603 010b 3B       		.uleb128 0x3b
 1604 010c 05       		.uleb128 0x5
 1605 010d 49       		.uleb128 0x49
 1606 010e 13       		.uleb128 0x13
 1607 010f 3F       		.uleb128 0x3f
 1608 0110 19       		.uleb128 0x19
 1609 0111 02       		.uleb128 0x2
 1610 0112 18       		.uleb128 0x18
 1611 0113 00       		.byte	0
 1612 0114 00       		.byte	0
 1613 0115 18       		.uleb128 0x18
 1614 0116 21       		.uleb128 0x21
 1615 0117 00       		.byte	0
 1616 0118 49       		.uleb128 0x49
 1617 0119 13       		.uleb128 0x13
 1618 011a 00       		.byte	0
 1619 011b 00       		.byte	0
 1620 011c 19       		.uleb128 0x19
 1621 011d 34       		.uleb128 0x34
 1622 011e 00       		.byte	0
ARM GAS  C:\Users\Girish\AppData\Local\Temp\cccY5O4I.s 			page 30


 1623 011f 03       		.uleb128 0x3
 1624 0120 0E       		.uleb128 0xe
 1625 0121 3A       		.uleb128 0x3a
 1626 0122 0B       		.uleb128 0xb
 1627 0123 3B       		.uleb128 0x3b
 1628 0124 0B       		.uleb128 0xb
 1629 0125 49       		.uleb128 0x49
 1630 0126 13       		.uleb128 0x13
 1631 0127 3F       		.uleb128 0x3f
 1632 0128 19       		.uleb128 0x19
 1633 0129 3C       		.uleb128 0x3c
 1634 012a 19       		.uleb128 0x19
 1635 012b 00       		.byte	0
 1636 012c 00       		.byte	0
 1637 012d 00       		.byte	0
 1638              		.section	.debug_aranges,"",%progbits
 1639 0000 14000000 		.4byte	0x14
 1640 0004 0200     		.2byte	0x2
 1641 0006 00000000 		.4byte	.Ldebug_info0
 1642 000a 04       		.byte	0x4
 1643 000b 00       		.byte	0
 1644 000c 0000     		.2byte	0
 1645 000e 0000     		.2byte	0
 1646 0010 00000000 		.4byte	0
 1647 0014 00000000 		.4byte	0
 1648              		.section	.debug_line,"",%progbits
 1649              	.Ldebug_line0:
 1650 0000 38010000 		.section	.debug_str,"MS",%progbits,1
 1650      02003201 
 1650      00000201 
 1650      FB0E0D00 
 1650      01010101 
 1651              	.LASF46:
 1652 0000 6E657874 		.ascii	"next\000"
 1652      00
 1653              	.LASF83:
 1654 0005 45455F74 		.ascii	"EE_th_terminate_nextask\000"
 1654      685F7465 
 1654      726D696E 
 1654      6174655F 
 1654      6E657874 
 1655              	.LASF24:
 1656 001d 5469636B 		.ascii	"TickType\000"
 1656      54797065 
 1656      00
 1657              	.LASF84:
 1658 0026 45455F73 		.ascii	"EE_stkfirst\000"
 1658      746B6669 
 1658      72737400 
 1659              	.LASF26:
 1660 0032 41637469 		.ascii	"ActionType\000"
 1660      6F6E5479 
 1660      706500
 1661              	.LASF19:
 1662 003d 45455F54 		.ascii	"EE_TYPEBOOL\000"
 1662      59504542 
 1662      4F4F4C00 
ARM GAS  C:\Users\Girish\AppData\Local\Temp\cccY5O4I.s 			page 31


 1663              	.LASF109:
 1664 0049 45455F63 		.ascii	"EE_cortex_mx_IRQ_tos\000"
 1664      6F727465 
 1664      785F6D78 
 1664      5F495251 
 1664      5F746F73 
 1665              	.LASF7:
 1666 005e 6C6F6E67 		.ascii	"long long unsigned int\000"
 1666      206C6F6E 
 1666      6720756E 
 1666      7369676E 
 1666      65642069 
 1667              	.LASF45:
 1668 0075 64656C74 		.ascii	"delta\000"
 1668      6100
 1669              	.LASF42:
 1670 007b 45455F6F 		.ascii	"EE_oo_counter_object_ROM_type\000"
 1670      6F5F636F 
 1670      756E7465 
 1670      725F6F62 
 1670      6A656374 
 1671              	.LASF89:
 1672 0099 45455F72 		.ascii	"EE_rq_pairs_next\000"
 1672      715F7061 
 1672      6972735F 
 1672      6E657874 
 1672      00
 1673              	.LASF22:
 1674 00aa 5461736B 		.ascii	"TaskType\000"
 1674      54797065 
 1674      00
 1675              	.LASF61:
 1676 00b3 45455F54 		.ascii	"EE_TOS\000"
 1676      4F5300
 1677              	.LASF29:
 1678 00ba 6D617861 		.ascii	"maxallowedvalue\000"
 1678      6C6C6F77 
 1678      65647661 
 1678      6C756500 
 1679              	.LASF114:
 1680 00ca 45455F6F 		.ascii	"EE_oo_autostart_task_mode_OSDEFAULTAPPMODE\000"
 1680      6F5F6175 
 1680      746F7374 
 1680      6172745F 
 1680      7461736B 
 1681              	.LASF79:
 1682 00f5 45455F41 		.ascii	"EE_ALARM_ID\000"
 1682      4C41524D 
 1682      5F494400 
 1683              	.LASF6:
 1684 0101 6C6F6E67 		.ascii	"long long int\000"
 1684      206C6F6E 
 1684      6720696E 
 1684      7400
 1685              	.LASF0:
 1686 010f 7369676E 		.ascii	"signed char\000"
 1686      65642063 
ARM GAS  C:\Users\Girish\AppData\Local\Temp\cccY5O4I.s 			page 32


 1686      68617200 
 1687              	.LASF52:
 1688 011b 45455F6F 		.ascii	"EE_oo_action_kind_type\000"
 1688      6F5F6163 
 1688      74696F6E 
 1688      5F6B696E 
 1688      645F7479 
 1689              	.LASF23:
 1690 0132 4576656E 		.ascii	"EventMaskType\000"
 1690      744D6173 
 1690      6B547970 
 1690      6500
 1691              	.LASF76:
 1692 0140 45455F45 		.ascii	"EE_EVENT_NAME\000"
 1692      56454E54 
 1692      5F4E414D 
 1692      4500
 1693              	.LASF100:
 1694 014e 45455F61 		.ascii	"EE_alarm_ROM\000"
 1694      6C61726D 
 1694      5F524F4D 
 1694      00
 1695              	.LASF70:
 1696 015b 45455F63 		.ascii	"EE_cortex_mx_active_tos\000"
 1696      6F727465 
 1696      785F6D78 
 1696      5F616374 
 1696      6976655F 
 1697              	.LASF35:
 1698 0173 45455F6F 		.ascii	"EE_oo_counter_RAM_type\000"
 1698      6F5F636F 
 1698      756E7465 
 1698      725F5241 
 1698      4D5F7479 
 1699              	.LASF78:
 1700 018a 45455F45 		.ascii	"EE_EVENT_ID\000"
 1700      56454E54 
 1700      5F494400 
 1701              	.LASF4:
 1702 0196 6C6F6E67 		.ascii	"long int\000"
 1702      20696E74 
 1702      00
 1703              	.LASF87:
 1704 019f 45455F72 		.ascii	"EE_rq_queues_head\000"
 1704      715F7175 
 1704      65756573 
 1704      5F686561 
 1704      6400
 1705              	.LASF105:
 1706 01b1 45455F6F 		.ascii	"EE_oo_IRQ_suspend_status\000"
 1706      6F5F4952 
 1706      515F7375 
 1706      7370656E 
 1706      645F7374 
 1707              	.LASF9:
 1708 01ca 6C6F6E67 		.ascii	"long double\000"
 1708      20646F75 
ARM GAS  C:\Users\Girish\AppData\Local\Temp\cccY5O4I.s 			page 33


 1708      626C6500 
 1709              	.LASF31:
 1710 01d6 6D696E63 		.ascii	"mincycle\000"
 1710      79636C65 
 1710      00
 1711              	.LASF20:
 1712 01df 45455F54 		.ascii	"EE_TID\000"
 1712      494400
 1713              	.LASF33:
 1714 01e6 76616C75 		.ascii	"value\000"
 1714      6500
 1715              	.LASF8:
 1716 01ec 756E7369 		.ascii	"unsigned int\000"
 1716      676E6564 
 1716      20696E74 
 1716      00
 1717              	.LASF16:
 1718 01f9 45455F55 		.ascii	"EE_UREG\000"
 1718      52454700 
 1719              	.LASF60:
 1720 0201 45455F6F 		.ascii	"EE_oo_alarm_ROM_type\000"
 1720      6F5F616C 
 1720      61726D5F 
 1720      524F4D5F 
 1720      74797065 
 1721              	.LASF77:
 1722 0216 45455F41 		.ascii	"EE_ALARM_NAME\000"
 1722      4C41524D 
 1722      5F4E414D 
 1722      4500
 1723              	.LASF5:
 1724 0224 6C6F6E67 		.ascii	"long unsigned int\000"
 1724      20756E73 
 1724      69676E65 
 1724      6420696E 
 1724      7400
 1725              	.LASF95:
 1726 0236 45455F74 		.ascii	"EE_th_waswaiting\000"
 1726      685F7761 
 1726      73776169 
 1726      74696E67 
 1726      00
 1727              	.LASF62:
 1728 0247 45455F6F 		.ascii	"EE_oo_autostart_task_type\000"
 1728      6F5F6175 
 1728      746F7374 
 1728      6172745F 
 1728      7461736B 
 1729              	.LASF41:
 1730 0261 6B696E64 		.ascii	"kind\000"
 1730      00
 1731              	.LASF3:
 1732 0266 73686F72 		.ascii	"short unsigned int\000"
 1732      7420756E 
 1732      7369676E 
 1732      65642069 
 1732      6E7400
ARM GAS  C:\Users\Girish\AppData\Local\Temp\cccY5O4I.s 			page 34


 1733              	.LASF104:
 1734 0279 45455F6F 		.ascii	"EE_oo_IRQ_disable_count\000"
 1734      6F5F4952 
 1734      515F6469 
 1734      7361626C 
 1734      655F636F 
 1735              	.LASF38:
 1736 0291 45455F6F 		.ascii	"EE_oo_counter_object_kind_type\000"
 1736      6F5F636F 
 1736      756E7465 
 1736      725F6F62 
 1736      6A656374 
 1737              	.LASF80:
 1738 02b0 45455F74 		.ascii	"EE_th_status\000"
 1738      685F7374 
 1738      61747573 
 1738      00
 1739              	.LASF39:
 1740 02bd 436F756E 		.ascii	"CounterObjectKindType\000"
 1740      7465724F 
 1740      626A6563 
 1740      744B696E 
 1740      64547970 
 1741              	.LASF73:
 1742 02d3 45455F74 		.ascii	"EE_th_dispatch_prio\000"
 1742      685F6469 
 1742      73706174 
 1742      63685F70 
 1742      72696F00 
 1743              	.LASF110:
 1744 02e7 45455F63 		.ascii	"EE_cortex_mx_stack_9\000"
 1744      6F727465 
 1744      785F6D78 
 1744      5F737461 
 1744      636B5F39 
 1745              	.LASF14:
 1746 02fc 45455F56 		.ascii	"EE_VOID_CALLBACK\000"
 1746      4F49445F 
 1746      43414C4C 
 1746      4241434B 
 1746      00
 1747              	.LASF27:
 1748 030d 436F756E 		.ascii	"CounterType\000"
 1748      74657254 
 1748      79706500 
 1749              	.LASF98:
 1750 0319 45455F6F 		.ascii	"EE_oo_counter_object_ROM\000"
 1750      6F5F636F 
 1750      756E7465 
 1750      725F6F62 
 1750      6A656374 
 1751              	.LASF59:
 1752 0332 61637469 		.ascii	"action_id\000"
 1752      6F6E5F69 
 1752      6400
 1753              	.LASF106:
 1754 033c 45455F41 		.ascii	"EE_ApplicationMode\000"
ARM GAS  C:\Users\Girish\AppData\Local\Temp\cccY5O4I.s 			page 35


 1754      70706C69 
 1754      63617469 
 1754      6F6E4D6F 
 1754      646500
 1755              	.LASF99:
 1756 034f 45455F6F 		.ascii	"EE_oo_action_ROM\000"
 1756      6F5F6163 
 1756      74696F6E 
 1756      5F524F4D 
 1756      00
 1757              	.LASF21:
 1758 0360 45455F54 		.ascii	"EE_TYPE_RQ_MASK\000"
 1758      5950455F 
 1758      52515F4D 
 1758      41534B00 
 1759              	.LASF64:
 1760 0370 73697A65 		.ascii	"sizetype\000"
 1760      74797065 
 1760      00
 1761              	.LASF113:
 1762 0379 433A5C55 		.ascii	"C:\\Users\\Girish\\OneDrive\\Documents\\PSoC Creato"
 1762      73657273 
 1762      5C476972 
 1762      6973685C 
 1762      4F6E6544 
 1763 03a7 725C4572 		.ascii	"r\\Erika_OS_WorkSpace\\Erika_Arcadian_Fader.cydsn\000"
 1763      696B615F 
 1763      4F535F57 
 1763      6F726B53 
 1763      70616365 
 1764              	.LASF92:
 1765 03d7 45455F72 		.ascii	"EE_rq_free\000"
 1765      715F6672 
 1765      656500
 1766              	.LASF86:
 1767 03e2 45455F72 		.ascii	"EE_rq_link\000"
 1767      715F6C69 
 1767      6E6B00
 1768              	.LASF17:
 1769 03ed 45455F53 		.ascii	"EE_SREG\000"
 1769      52454700 
 1770              	.LASF107:
 1771 03f5 45455F73 		.ascii	"EE_std_endcycle_next_tid\000"
 1771      74645F65 
 1771      6E646379 
 1771      636C655F 
 1771      6E657874 
 1772              	.LASF30:
 1773 040e 7469636B 		.ascii	"ticksperbase\000"
 1773      73706572 
 1773      62617365 
 1773      00
 1774              	.LASF43:
 1775 041b 75736564 		.ascii	"used\000"
 1775      00
 1776              	.LASF47:
 1777 0420 45455F6F 		.ascii	"EE_oo_counter_object_RAM_type\000"
ARM GAS  C:\Users\Girish\AppData\Local\Temp\cccY5O4I.s 			page 36


 1777      6F5F636F 
 1777      756E7465 
 1777      725F6F62 
 1777      6A656374 
 1778              	.LASF97:
 1779 043e 45455F63 		.ascii	"EE_counter_ROM\000"
 1779      6F756E74 
 1779      65725F52 
 1779      4F4D00
 1780              	.LASF58:
 1781 044d 45455F6F 		.ascii	"EE_oo_action_ROM_type\000"
 1781      6F5F6163 
 1781      74696F6E 
 1781      5F524F4D 
 1781      5F747970 
 1782              	.LASF10:
 1783 0463 45455F55 		.ascii	"EE_UINT16\000"
 1783      494E5431 
 1783      3600
 1784              	.LASF37:
 1785 046d 45455F53 		.ascii	"EE_SCHEDULETABLE\000"
 1785      43484544 
 1785      554C4554 
 1785      41424C45 
 1785      00
 1786              	.LASF69:
 1787 047e 45455F63 		.ascii	"EE_cortex_mx_system_tos\000"
 1787      6F727465 
 1787      785F6D78 
 1787      5F737973 
 1787      74656D5F 
 1788              	.LASF1:
 1789 0496 756E7369 		.ascii	"unsigned char\000"
 1789      676E6564 
 1789      20636861 
 1789      7200
 1790              	.LASF36:
 1791 04a4 45455F41 		.ascii	"EE_ALARM\000"
 1791      4C41524D 
 1791      00
 1792              	.LASF81:
 1793 04ad 45455F74 		.ascii	"EE_th_next\000"
 1793      685F6E65 
 1793      787400
 1794              	.LASF68:
 1795 04b8 45455F74 		.ascii	"EE_terminate_real_th_body\000"
 1795      65726D69 
 1795      6E617465 
 1795      5F726561 
 1795      6C5F7468 
 1796              	.LASF57:
 1797 04d2 696E6363 		.ascii	"inccount\000"
 1797      6F756E74 
 1797      00
 1798              	.LASF2:
 1799 04db 73686F72 		.ascii	"short int\000"
 1799      7420696E 
ARM GAS  C:\Users\Girish\AppData\Local\Temp\cccY5O4I.s 			page 37


 1799      7400
 1800              	.LASF94:
 1801 04e5 45455F74 		.ascii	"EE_th_event_waitmask\000"
 1801      685F6576 
 1801      656E745F 
 1801      77616974 
 1801      6D61736B 
 1802              	.LASF75:
 1803 04fa 45455F54 		.ascii	"EE_TASK_NAME\000"
 1803      41534B5F 
 1803      4E414D45 
 1803      00
 1804              	.LASF32:
 1805 0507 45455F6F 		.ascii	"EE_oo_counter_ROM_type\000"
 1805      6F5F636F 
 1805      756E7465 
 1805      725F524F 
 1805      4D5F7479 
 1806              	.LASF111:
 1807 051e 474E5520 		.ascii	"GNU C11 5.4.1 20160609 (release) [ARM/embedded-5-br"
 1807      43313120 
 1807      352E342E 
 1807      31203230 
 1807      31363036 
 1808 0551 616E6368 		.ascii	"anch revision 237715] -mcpu=cortex-m3 -mthumb -g -O"
 1808      20726576 
 1808      6973696F 
 1808      6E203233 
 1808      37373135 
 1809 0584 67202D66 		.ascii	"g -ffunction-sections -ffat-lto-objects\000"
 1809      66756E63 
 1809      74696F6E 
 1809      2D736563 
 1809      74696F6E 
 1810              	.LASF56:
 1811 05ac 61637469 		.ascii	"action_mask\000"
 1811      6F6E5F6D 
 1811      61736B00 
 1812              	.LASF15:
 1813 05b8 45455F54 		.ascii	"EE_THREAD_PTR\000"
 1813      48524541 
 1813      445F5054 
 1813      5200
 1814              	.LASF88:
 1815 05c6 45455F72 		.ascii	"EE_rq_queues_tail\000"
 1815      715F7175 
 1815      65756573 
 1815      5F746169 
 1815      6C00
 1816              	.LASF66:
 1817 05d8 45455F73 		.ascii	"EE_std_thread_tos\000"
 1817      74645F74 
 1817      68726561 
 1817      645F746F 
 1817      7300
 1818              	.LASF51:
 1819 05ea 45455F41 		.ascii	"EE_ACTION_CALLBACK\000"
ARM GAS  C:\Users\Girish\AppData\Local\Temp\cccY5O4I.s 			page 38


 1819      4354494F 
 1819      4E5F4341 
 1819      4C4C4241 
 1819      434B00
 1820              	.LASF91:
 1821 05fd 45455F72 		.ascii	"EE_rq_bitmask\000"
 1821      715F6269 
 1821      746D6173 
 1821      6B00
 1822              	.LASF34:
 1823 060b 66697273 		.ascii	"first\000"
 1823      7400
 1824              	.LASF25:
 1825 0611 436F756E 		.ascii	"CounterObjectType\000"
 1825      7465724F 
 1825      626A6563 
 1825      74547970 
 1825      6500
 1826              	.LASF74:
 1827 0623 63686172 		.ascii	"char\000"
 1827      00
 1828              	.LASF48:
 1829 0628 45455F41 		.ascii	"EE_ACTION_TASK\000"
 1829      4354494F 
 1829      4E5F5441 
 1829      534B00
 1830              	.LASF71:
 1831 0637 45455F74 		.ascii	"EE_th_rnact_max\000"
 1831      685F726E 
 1831      6163745F 
 1831      6D617800 
 1832              	.LASF50:
 1833 0647 45455F41 		.ascii	"EE_ACTION_COUNTER\000"
 1833      4354494F 
 1833      4E5F434F 
 1833      554E5445 
 1833      5200
 1834              	.LASF101:
 1835 0659 45455F63 		.ascii	"EE_counter_RAM\000"
 1835      6F756E74 
 1835      65725F52 
 1835      414D00
 1836              	.LASF40:
 1837 0668 73706563 		.ascii	"spec_id\000"
 1837      5F696400 
 1838              	.LASF49:
 1839 0670 45455F41 		.ascii	"EE_ACTION_EVENT\000"
 1839      4354494F 
 1839      4E5F4556 
 1839      454E5400 
 1840              	.LASF65:
 1841 0680 45455F68 		.ascii	"EE_hal_thread_body\000"
 1841      616C5F74 
 1841      68726561 
 1841      645F626F 
 1841      647900
 1842              	.LASF85:
ARM GAS  C:\Users\Girish\AppData\Local\Temp\cccY5O4I.s 			page 39


 1843 0693 45455F73 		.ascii	"EE_sys_ceiling\000"
 1843      79735F63 
 1843      65696C69 
 1843      6E6700
 1844              	.LASF54:
 1845 06a2 61637469 		.ascii	"action_kind\000"
 1845      6F6E5F6B 
 1845      696E6400 
 1846              	.LASF63:
 1847 06ae 7461736B 		.ascii	"task\000"
 1847      00
 1848              	.LASF102:
 1849 06b3 45455F6F 		.ascii	"EE_oo_counter_object_RAM\000"
 1849      6F5F636F 
 1849      756E7465 
 1849      725F6F62 
 1849      6A656374 
 1850              	.LASF53:
 1851 06cc 41637469 		.ascii	"ActionKindType\000"
 1851      6F6E4B69 
 1851      6E645479 
 1851      706500
 1852              	.LASF72:
 1853 06db 45455F74 		.ascii	"EE_th_ready_prio\000"
 1853      685F7265 
 1853      6164795F 
 1853      7072696F 
 1853      00
 1854              	.LASF82:
 1855 06ec 45455F74 		.ascii	"EE_th_rnact\000"
 1855      685F726E 
 1855      61637400 
 1856              	.LASF90:
 1857 06f8 45455F72 		.ascii	"EE_rq_pairs_tid\000"
 1857      715F7061 
 1857      6972735F 
 1857      74696400 
 1858              	.LASF108:
 1859 0708 45455F49 		.ascii	"EE_IRQ_nesting_level\000"
 1859      52515F6E 
 1859      65737469 
 1859      6E675F6C 
 1859      6576656C 
 1860              	.LASF12:
 1861 071d 45455F55 		.ascii	"EE_UINT32\000"
 1861      494E5433 
 1861      3200
 1862              	.LASF11:
 1863 0727 45455F49 		.ascii	"EE_INT32\000"
 1863      4E543332 
 1863      00
 1864              	.LASF67:
 1865 0730 45455F74 		.ascii	"EE_terminate_data\000"
 1865      65726D69 
 1865      6E617465 
 1865      5F646174 
 1865      6100
ARM GAS  C:\Users\Girish\AppData\Local\Temp\cccY5O4I.s 			page 40


 1866              	.LASF112:
 1867 0742 47656E65 		.ascii	"Generated_Source\\PSoC5\\ErikaOS_1_eecfg.c\000"
 1867      72617465 
 1867      645F536F 
 1867      75726365 
 1867      5C50536F 
 1868              	.LASF93:
 1869 076b 45455F74 		.ascii	"EE_th_event_active\000"
 1869      685F6576 
 1869      656E745F 
 1869      61637469 
 1869      766500
 1870              	.LASF44:
 1871 077e 636E7463 		.ascii	"cntcycle\000"
 1871      79636C65 
 1871      00
 1872              	.LASF28:
 1873 0787 5359535F 		.ascii	"SYS_tos\000"
 1873      746F7300 
 1874              	.LASF55:
 1875 078f 61637469 		.ascii	"action_task\000"
 1875      6F6E5F74 
 1875      61736B00 
 1876              	.LASF13:
 1877 079b 45455F41 		.ascii	"EE_ADDR\000"
 1877      44445200 
 1878              	.LASF96:
 1879 07a3 45455F74 		.ascii	"EE_th_is_extended\000"
 1879      685F6973 
 1879      5F657874 
 1879      656E6465 
 1879      6400
 1880              	.LASF18:
 1881 07b5 45455F46 		.ascii	"EE_FREG\000"
 1881      52454700 
 1882              	.LASF103:
 1883 07bd 45455F6F 		.ascii	"EE_oo_autostart_task_data\000"
 1883      6F5F6175 
 1883      746F7374 
 1883      6172745F 
 1883      7461736B 
 1884              		.ident	"GCC: (GNU Tools for ARM Embedded Processors) 5.4.1 20160609 (release) [ARM/embedded-5-bran
