ARM GAS  C:\Users\Girish\AppData\Local\Temp\ccgHs5gO.s 			page 1


   1              		.syntax unified
   2              		.cpu cortex-m3
   3              		.fpu softvfp
   4              		.eabi_attribute 20, 1
   5              		.eabi_attribute 21, 1
   6              		.eabi_attribute 23, 3
   7              		.eabi_attribute 24, 1
   8              		.eabi_attribute 25, 1
   9              		.eabi_attribute 26, 1
  10              		.eabi_attribute 30, 1
  11              		.eabi_attribute 34, 1
  12              		.eabi_attribute 18, 4
  13              		.thumb
  14              		.syntax unified
  15              		.file	"Button.c"
  16              		.text
  17              	.Ltext0:
  18              		.cfi_sections	.debug_frame
  19              		.section	.text.BUTTON_Init,"ax",%progbits
  20              		.align	2
  21              		.global	BUTTON_Init
  22              		.thumb
  23              		.thumb_func
  24              		.type	BUTTON_Init, %function
  25              	BUTTON_Init:
  26              	.LFB110:
  27              		.file 1 "source\\bsw\\Button.c"
   1:source\bsw/Button.c **** /**
   2:source\bsw/Button.c **** * \file <filename>
   3:source\bsw/Button.c **** * \author <author-name>
   4:source\bsw/Button.c **** * \date <date>
   5:source\bsw/Button.c **** *
   6:source\bsw/Button.c **** * \brief <Symbolic File name>
   7:source\bsw/Button.c **** *
   8:source\bsw/Button.c **** * \copyright Copyright ©2016
   9:source\bsw/Button.c **** * Department of electrical engineering and information technology, Hochschule Darmstadt - Universit
  10:source\bsw/Button.c **** * Permission to use, copy, modify, and distribute this software and its documentation for education
  11:source\bsw/Button.c **** * (unless permitted by h_da) and official h_da projects, is hereby granted for enrolled students of
  12:source\bsw/Button.c **** * this paragraph and the following paragraph appear in all copies, modifications, and distributions
  13:source\bsw/Button.c **** * Contact Prof.Dr.-Ing. Peter Fromm, peter.fromm@h-da.de, Birkenweg 8 64295 Darmstadt - GERMANY for
  14:source\bsw/Button.c **** *
  15:source\bsw/Button.c **** * \warning This software is a PROTOTYPE version and is not designed or intended for use in producti
  16:source\bsw/Button.c **** * The user represents and warrants that it will NOT use or redistribute the Software for such purpo
  17:source\bsw/Button.c **** * This prototype is for research purposes only. This software is provided "AS IS," without a warran
  18:source\bsw/Button.c **** */
  19:source\bsw/Button.c **** 
  20:source\bsw/Button.c **** /*****************************************************************************/
  21:source\bsw/Button.c **** /* Include files                                                             */
  22:source\bsw/Button.c **** /*****************************************************************************/
  23:source\bsw/Button.c **** #include "project.h"
  24:source\bsw/Button.c **** #include "Button.h"
  25:source\bsw/Button.c **** /*****************************************************************************/
  26:source\bsw/Button.c **** /* Local pre-processor symbols/macros ('#define')                            */
  27:source\bsw/Button.c **** /*****************************************************************************/
  28:source\bsw/Button.c **** 
  29:source\bsw/Button.c **** /*****************************************************************************/
  30:source\bsw/Button.c **** /* Global variable definitions (declared in header file with 'extern')       */
ARM GAS  C:\Users\Girish\AppData\Local\Temp\ccgHs5gO.s 			page 2


  31:source\bsw/Button.c **** /*****************************************************************************/
  32:source\bsw/Button.c **** 
  33:source\bsw/Button.c **** /*****************************************************************************/
  34:source\bsw/Button.c **** /* Local type definitions ('typedef')                                        */
  35:source\bsw/Button.c **** /*****************************************************************************/
  36:source\bsw/Button.c **** 
  37:source\bsw/Button.c **** /*****************************************************************************/
  38:source\bsw/Button.c **** /* Local variable definitions ('static')                                     */
  39:source\bsw/Button.c **** /*****************************************************************************/
  40:source\bsw/Button.c **** 
  41:source\bsw/Button.c **** /*****************************************************************************/
  42:source\bsw/Button.c **** /* Local function prototypes ('static')                                      */
  43:source\bsw/Button.c **** /*****************************************************************************/
  44:source\bsw/Button.c **** 
  45:source\bsw/Button.c **** 
  46:source\bsw/Button.c **** /*****************************************************************************/
  47:source\bsw/Button.c **** /* Function implementation - global ('extern') and local ('static')          */
  48:source\bsw/Button.c **** /*****************************************************************************/
  49:source\bsw/Button.c **** 
  50:source\bsw/Button.c **** RC_t BUTTON_Init(cyisraddress address)
  51:source\bsw/Button.c **** {
  28              		.loc 1 51 0
  29              		.cfi_startproc
  30              		@ args = 0, pretend = 0, frame = 0
  31              		@ frame_needed = 0, uses_anonymous_args = 0
  32              	.LVL0:
  52:source\bsw/Button.c ****     if( address != 0) isr_button_StartEx(address);
  33              		.loc 1 52 0
  34 0000 20B1     		cbz	r0, .L4
  51:source\bsw/Button.c ****     if( address != 0) isr_button_StartEx(address);
  35              		.loc 1 51 0 discriminator 1
  36 0002 08B5     		push	{r3, lr}
  37              		.cfi_def_cfa_offset 8
  38              		.cfi_offset 3, -8
  39              		.cfi_offset 14, -4
  40              		.loc 1 52 0 discriminator 1
  41 0004 FFF7FEFF 		bl	isr_button_StartEx
  42              	.LVL1:
  53:source\bsw/Button.c ****     
  54:source\bsw/Button.c ****     return RC_SUCCESS;
  55:source\bsw/Button.c **** }
  43              		.loc 1 55 0 discriminator 1
  44 0008 0020     		movs	r0, #0
  45 000a 08BD     		pop	{r3, pc}
  46              	.LVL2:
  47              	.L4:
  48              		.cfi_def_cfa_offset 0
  49              		.cfi_restore 3
  50              		.cfi_restore 14
  51              		.loc 1 55 0 is_stmt 0
  52 000c 0020     		movs	r0, #0
  53              	.LVL3:
  54 000e 7047     		bx	lr
  55              		.cfi_endproc
  56              	.LFE110:
  57              		.size	BUTTON_Init, .-BUTTON_Init
  58              		.section	.text.BUTTON_IsPressed,"ax",%progbits
ARM GAS  C:\Users\Girish\AppData\Local\Temp\ccgHs5gO.s 			page 3


  59              		.align	2
  60              		.global	BUTTON_IsPressed
  61              		.thumb
  62              		.thumb_func
  63              		.type	BUTTON_IsPressed, %function
  64              	BUTTON_IsPressed:
  65              	.LFB111:
  56:source\bsw/Button.c **** 
  57:source\bsw/Button.c **** boolean_t BUTTON_IsPressed(myButton_t button)
  58:source\bsw/Button.c **** {
  66              		.loc 1 58 0 is_stmt 1
  67              		.cfi_startproc
  68              		@ args = 0, pretend = 0, frame = 0
  69              		@ frame_needed = 0, uses_anonymous_args = 0
  70              	.LVL4:
  71 0000 08B5     		push	{r3, lr}
  72              		.cfi_def_cfa_offset 8
  73              		.cfi_offset 3, -8
  74              		.cfi_offset 14, -4
  75              	.LVL5:
  59:source\bsw/Button.c ****     boolean_t result = FALSE;
  60:source\bsw/Button.c ****     
  61:source\bsw/Button.c ****     switch (button)
  76              		.loc 1 61 0
  77 0002 0328     		cmp	r0, #3
  78 0004 1BD8     		bhi	.L12
  79 0006 DFE800F0 		tbb	[pc, r0]
  80              	.L8:
  81 000a 02       		.byte	(.L7-.L8)/2
  82 000b 08       		.byte	(.L9-.L8)/2
  83 000c 0E       		.byte	(.L10-.L8)/2
  84 000d 14       		.byte	(.L11-.L8)/2
  85              		.p2align 1
  86              	.L7:
  62:source\bsw/Button.c ****     {
  63:source\bsw/Button.c ****         case BUTTON_1 : if (BUTTON_1_Read() == 1) result = TRUE; break;
  87              		.loc 1 63 0
  88 000e FFF7FEFF 		bl	BUTTON_1_Read
  89              	.LVL6:
  90 0012 0128     		cmp	r0, #1
  91 0014 15D0     		beq	.L13
  59:source\bsw/Button.c ****     boolean_t result = FALSE;
  92              		.loc 1 59 0
  93 0016 0020     		movs	r0, #0
  94 0018 08BD     		pop	{r3, pc}
  95              	.LVL7:
  96              	.L9:
  64:source\bsw/Button.c ****         case BUTTON_2 : if (BUTTON_2_Read() == 1) result = TRUE; break;
  97              		.loc 1 64 0
  98 001a FFF7FEFF 		bl	BUTTON_2_Read
  99              	.LVL8:
 100 001e 0128     		cmp	r0, #1
 101 0020 11D0     		beq	.L14
  59:source\bsw/Button.c ****     boolean_t result = FALSE;
 102              		.loc 1 59 0
 103 0022 0020     		movs	r0, #0
 104 0024 08BD     		pop	{r3, pc}
ARM GAS  C:\Users\Girish\AppData\Local\Temp\ccgHs5gO.s 			page 4


 105              	.LVL9:
 106              	.L10:
  65:source\bsw/Button.c ****         case BUTTON_3 : if (BUTTON_3_Read() == 1) result = TRUE; break;
 107              		.loc 1 65 0
 108 0026 FFF7FEFF 		bl	BUTTON_3_Read
 109              	.LVL10:
 110 002a 0128     		cmp	r0, #1
 111 002c 0DD0     		beq	.L15
  59:source\bsw/Button.c ****     
 112              		.loc 1 59 0
 113 002e 0020     		movs	r0, #0
 114 0030 08BD     		pop	{r3, pc}
 115              	.LVL11:
 116              	.L11:
  66:source\bsw/Button.c ****         case BUTTON_4 : if (BUTTON_4_Read() == 1) result = TRUE; break;
 117              		.loc 1 66 0
 118 0032 FFF7FEFF 		bl	BUTTON_4_Read
 119              	.LVL12:
 120 0036 0128     		cmp	r0, #1
 121 0038 09D0     		beq	.L16
  59:source\bsw/Button.c ****     
 122              		.loc 1 59 0
 123 003a 0020     		movs	r0, #0
 124 003c 08BD     		pop	{r3, pc}
 125              	.LVL13:
 126              	.L12:
 127 003e 0020     		movs	r0, #0
 128              	.LVL14:
 129 0040 08BD     		pop	{r3, pc}
 130              	.L13:
  63:source\bsw/Button.c ****         case BUTTON_2 : if (BUTTON_2_Read() == 1) result = TRUE; break;
 131              		.loc 1 63 0
 132 0042 0120     		movs	r0, #1
 133 0044 08BD     		pop	{r3, pc}
 134              	.L14:
  64:source\bsw/Button.c ****         case BUTTON_3 : if (BUTTON_3_Read() == 1) result = TRUE; break;
 135              		.loc 1 64 0
 136 0046 0120     		movs	r0, #1
 137 0048 08BD     		pop	{r3, pc}
 138              	.L15:
  65:source\bsw/Button.c ****         case BUTTON_4 : if (BUTTON_4_Read() == 1) result = TRUE; break;
 139              		.loc 1 65 0
 140 004a 0120     		movs	r0, #1
 141 004c 08BD     		pop	{r3, pc}
 142              	.L16:
 143              		.loc 1 66 0
 144 004e 0120     		movs	r0, #1
 145              	.LVL15:
  67:source\bsw/Button.c ****     }
  68:source\bsw/Button.c ****     
  69:source\bsw/Button.c ****     return result;
  70:source\bsw/Button.c **** }...
 146              		.loc 1 70 0
 147 0050 08BD     		pop	{r3, pc}
 148              		.cfi_endproc
 149              	.LFE111:
 150              		.size	BUTTON_IsPressed, .-BUTTON_IsPressed
ARM GAS  C:\Users\Girish\AppData\Local\Temp\ccgHs5gO.s 			page 5


 151 0052 00BF     		.text
 152              	.Letext0:
 153              		.file 2 "c:\\program files (x86)\\cypress\\psoc creator\\4.4\\psoc creator\\import\\gnu\\arm\\5.4.
 154              		.file 3 "c:\\program files (x86)\\cypress\\psoc creator\\4.4\\psoc creator\\import\\gnu\\arm\\5.4.
 155              		.file 4 "Generated_Source\\PSoC5/cytypes.h"
 156              		.file 5 "Generated_Source\\PSoC5/ErikaOS_LEDBlink_common_ee_types.inc"
 157              		.file 6 "Generated_Source\\PSoC5/ErikaOS_LEDBlink_cortex_mx_ee_cpu.inc"
 158              		.file 7 "source\\bsw\\global.h"
 159              		.file 8 "source\\bsw\\Button.h"
 160              		.file 9 "Generated_Source\\PSoC5/ErikaOS_LEDBlink_ee_oo_intfunc.inc"
 161              		.file 10 "Generated_Source\\PSoC5/ErikaOS_LEDBlink_cortex_mx_ee_context.inc"
 162              		.file 11 "Generated_Source\\PSoC5/ErikaOS_LEDBlink_common_ee_primitives.inc"
 163              		.file 12 "Generated_Source\\PSoC5/core_cm3.h"
 164              		.file 13 "Generated_Source\\PSoC5/isr_button.h"
 165              		.file 14 "Generated_Source\\PSoC5/BUTTON_1.h"
 166              		.file 15 "Generated_Source\\PSoC5/BUTTON_2.h"
 167              		.file 16 "Generated_Source\\PSoC5/BUTTON_3.h"
 168              		.file 17 "Generated_Source\\PSoC5/BUTTON_4.h"
 169              		.section	.debug_info,"",%progbits
 170              	.Ldebug_info0:
 171 0000 F3020000 		.4byte	0x2f3
 172 0004 0400     		.2byte	0x4
 173 0006 00000000 		.4byte	.Ldebug_abbrev0
 174 000a 04       		.byte	0x4
 175 000b 01       		.uleb128 0x1
 176 000c 03030000 		.4byte	.LASF70
 177 0010 0C       		.byte	0xc
 178 0011 94020000 		.4byte	.LASF71
 179 0015 25000000 		.4byte	.LASF72
 180 0019 00000000 		.4byte	.Ldebug_ranges0+0
 181 001d 00000000 		.4byte	0
 182 0021 00000000 		.4byte	.Ldebug_line0
 183 0025 02       		.uleb128 0x2
 184 0026 01       		.byte	0x1
 185 0027 06       		.byte	0x6
 186 0028 71020000 		.4byte	.LASF0
 187 002c 02       		.uleb128 0x2
 188 002d 01       		.byte	0x1
 189 002e 08       		.byte	0x8
 190 002f 4A020000 		.4byte	.LASF1
 191 0033 02       		.uleb128 0x2
 192 0034 02       		.byte	0x2
 193 0035 05       		.byte	0x5
 194 0036 91000000 		.4byte	.LASF2
 195 003a 02       		.uleb128 0x2
 196 003b 02       		.byte	0x2
 197 003c 07       		.byte	0x7
 198 003d F0020000 		.4byte	.LASF3
 199 0041 03       		.uleb128 0x3
 200 0042 66040000 		.4byte	.LASF9
 201 0046 02       		.byte	0x2
 202 0047 3F       		.byte	0x3f
 203 0048 4C000000 		.4byte	0x4c
 204 004c 02       		.uleb128 0x2
 205 004d 04       		.byte	0x4
 206 004e 05       		.byte	0x5
 207 004f DA010000 		.4byte	.LASF4
ARM GAS  C:\Users\Girish\AppData\Local\Temp\ccgHs5gO.s 			page 6


 208 0053 02       		.uleb128 0x2
 209 0054 04       		.byte	0x4
 210 0055 07       		.byte	0x7
 211 0056 17040000 		.4byte	.LASF5
 212 005a 02       		.uleb128 0x2
 213 005b 08       		.byte	0x8
 214 005c 05       		.byte	0x5
 215 005d A8010000 		.4byte	.LASF6
 216 0061 02       		.uleb128 0x2
 217 0062 08       		.byte	0x8
 218 0063 07       		.byte	0x7
 219 0064 7D020000 		.4byte	.LASF7
 220 0068 04       		.uleb128 0x4
 221 0069 04       		.byte	0x4
 222 006a 05       		.byte	0x5
 223 006b 696E7400 		.ascii	"int\000"
 224 006f 02       		.uleb128 0x2
 225 0070 04       		.byte	0x4
 226 0071 07       		.byte	0x7
 227 0072 A8020000 		.4byte	.LASF8
 228 0076 03       		.uleb128 0x3
 229 0077 B7030000 		.4byte	.LASF10
 230 007b 03       		.byte	0x3
 231 007c 2C       		.byte	0x2c
 232 007d 41000000 		.4byte	0x41
 233 0081 02       		.uleb128 0x2
 234 0082 04       		.byte	0x4
 235 0083 04       		.byte	0x4
 236 0084 94010000 		.4byte	.LASF11
 237 0088 02       		.uleb128 0x2
 238 0089 08       		.byte	0x8
 239 008a 04       		.byte	0x4
 240 008b 29040000 		.4byte	.LASF12
 241 008f 02       		.uleb128 0x2
 242 0090 01       		.byte	0x1
 243 0091 08       		.byte	0x8
 244 0092 9D030000 		.4byte	.LASF13
 245 0096 05       		.uleb128 0x5
 246 0097 64020000 		.4byte	.LASF14
 247 009b 04       		.byte	0x4
 248 009c A402     		.2byte	0x2a4
 249 009e A2000000 		.4byte	0xa2
 250 00a2 06       		.uleb128 0x6
 251 00a3 04       		.byte	0x4
 252 00a4 A8000000 		.4byte	0xa8
 253 00a8 07       		.uleb128 0x7
 254 00a9 02       		.uleb128 0x2
 255 00aa 08       		.byte	0x8
 256 00ab 04       		.byte	0x4
 257 00ac 58020000 		.4byte	.LASF15
 258 00b0 03       		.uleb128 0x3
 259 00b1 E7020000 		.4byte	.LASF16
 260 00b5 05       		.byte	0x5
 261 00b6 53       		.byte	0x53
 262 00b7 68000000 		.4byte	0x68
 263 00bb 03       		.uleb128 0x3
 264 00bc EE000000 		.4byte	.LASF17
ARM GAS  C:\Users\Girish\AppData\Local\Temp\ccgHs5gO.s 			page 7


 265 00c0 05       		.byte	0x5
 266 00c1 54       		.byte	0x54
 267 00c2 6F000000 		.4byte	0x6f
 268 00c6 03       		.uleb128 0x3
 269 00c7 42040000 		.4byte	.LASF18
 270 00cb 06       		.byte	0x6
 271 00cc 4D       		.byte	0x4d
 272 00cd BB000000 		.4byte	0xbb
 273 00d1 03       		.uleb128 0x3
 274 00d2 D8000000 		.4byte	.LASF19
 275 00d6 06       		.byte	0x6
 276 00d7 4F       		.byte	0x4f
 277 00d8 BB000000 		.4byte	0xbb
 278 00dc 03       		.uleb128 0x3
 279 00dd 11010000 		.4byte	.LASF20
 280 00e1 06       		.byte	0x6
 281 00e2 78       		.byte	0x78
 282 00e3 B0000000 		.4byte	0xb0
 283 00e7 02       		.uleb128 0x2
 284 00e8 04       		.byte	0x4
 285 00e9 07       		.byte	0x7
 286 00ea C1000000 		.4byte	.LASF21
 287 00ee 03       		.uleb128 0x3
 288 00ef 40020000 		.4byte	.LASF22
 289 00f3 07       		.byte	0x7
 290 00f4 9C       		.byte	0x9c
 291 00f5 2C000000 		.4byte	0x2c
 292 00f9 08       		.uleb128 0x8
 293 00fa 01       		.byte	0x1
 294 00fb 25000000 		.4byte	0x25
 295 00ff 07       		.byte	0x7
 296 0100 CF       		.byte	0xcf
 297 0101 A2010000 		.4byte	0x1a2
 298 0105 09       		.uleb128 0x9
 299 0106 1A000000 		.4byte	.LASF23
 300 010a 00       		.byte	0
 301 010b 0A       		.uleb128 0xa
 302 010c B3040000 		.4byte	.LASF24
 303 0110 7F       		.sleb128 -1
 304 0111 0A       		.uleb128 0xa
 305 0112 C3020000 		.4byte	.LASF25
 306 0116 7E       		.sleb128 -2
 307 0117 0A       		.uleb128 0xa
 308 0118 CA000000 		.4byte	.LASF26
 309 011c 7D       		.sleb128 -3
 310 011d 0A       		.uleb128 0xa
 311 011e BC040000 		.4byte	.LASF27
 312 0122 7C       		.sleb128 -4
 313 0123 0A       		.uleb128 0xa
 314 0124 77010000 		.4byte	.LASF28
 315 0128 7B       		.sleb128 -5
 316 0129 0A       		.uleb128 0xa
 317 012a 9B000000 		.4byte	.LASF29
 318 012e 7A       		.sleb128 -6
 319 012f 0A       		.uleb128 0xa
 320 0130 E3010000 		.4byte	.LASF30
 321 0134 79       		.sleb128 -7
ARM GAS  C:\Users\Girish\AppData\Local\Temp\ccgHs5gO.s 			page 8


 322 0135 0A       		.uleb128 0xa
 323 0136 A2030000 		.4byte	.LASF31
 324 013a 78       		.sleb128 -8
 325 013b 0A       		.uleb128 0xa
 326 013c D1020000 		.4byte	.LASF32
 327 0140 77       		.sleb128 -9
 328 0141 0A       		.uleb128 0xa
 329 0142 E0000000 		.4byte	.LASF33
 330 0146 76       		.sleb128 -10
 331 0147 0A       		.uleb128 0xa
 332 0148 E9040000 		.4byte	.LASF34
 333 014c 75       		.sleb128 -11
 334 014d 0A       		.uleb128 0xa
 335 014e B5020000 		.4byte	.LASF35
 336 0152 74       		.sleb128 -12
 337 0153 0A       		.uleb128 0xa
 338 0154 30040000 		.4byte	.LASF36
 339 0158 73       		.sleb128 -13
 340 0159 0A       		.uleb128 0xa
 341 015a 07000000 		.4byte	.LASF37
 342 015e 72       		.sleb128 -14
 343 015f 0A       		.uleb128 0xa
 344 0160 7D000000 		.4byte	.LASF38
 345 0164 71       		.sleb128 -15
 346 0165 0A       		.uleb128 0xa
 347 0166 1D020000 		.4byte	.LASF39
 348 016a 70       		.sleb128 -16
 349 016b 0A       		.uleb128 0xa
 350 016c BF030000 		.4byte	.LASF40
 351 0170 6F       		.sleb128 -17
 352 0171 0A       		.uleb128 0xa
 353 0172 AC000000 		.4byte	.LASF41
 354 0176 6E       		.sleb128 -18
 355 0177 0A       		.uleb128 0xa
 356 0178 B6010000 		.4byte	.LASF42
 357 017c 6D       		.sleb128 -19
 358 017d 0A       		.uleb128 0xa
 359 017e D3030000 		.4byte	.LASF43
 360 0182 6C       		.sleb128 -20
 361 0183 0A       		.uleb128 0xa
 362 0184 2E020000 		.4byte	.LASF44
 363 0188 6B       		.sleb128 -21
 364 0189 0A       		.uleb128 0xa
 365 018a 94040000 		.4byte	.LASF45
 366 018e 6A       		.sleb128 -22
 367 018f 0A       		.uleb128 0xa
 368 0190 18010000 		.4byte	.LASF46
 369 0194 69       		.sleb128 -23
 370 0195 0A       		.uleb128 0xa
 371 0196 C9010000 		.4byte	.LASF47
 372 019a 68       		.sleb128 -24
 373 019b 0A       		.uleb128 0xa
 374 019c F8000000 		.4byte	.LASF48
 375 01a0 67       		.sleb128 -25
 376 01a1 00       		.byte	0
 377 01a2 03       		.uleb128 0x3
 378 01a3 E4040000 		.4byte	.LASF49
ARM GAS  C:\Users\Girish\AppData\Local\Temp\ccgHs5gO.s 			page 9


 379 01a7 07       		.byte	0x7
 380 01a8 EA       		.byte	0xea
 381 01a9 F9000000 		.4byte	0xf9
 382 01ad 0B       		.uleb128 0xb
 383 01ae 55010000 		.4byte	.LASF73
 384 01b2 01       		.byte	0x1
 385 01b3 2C000000 		.4byte	0x2c
 386 01b7 08       		.byte	0x8
 387 01b8 60       		.byte	0x60
 388 01b9 D6010000 		.4byte	0x1d6
 389 01bd 09       		.uleb128 0x9
 390 01be 70040000 		.4byte	.LASF50
 391 01c2 00       		.byte	0
 392 01c3 09       		.uleb128 0x9
 393 01c4 79040000 		.4byte	.LASF51
 394 01c8 01       		.byte	0x1
 395 01c9 09       		.uleb128 0x9
 396 01ca 82040000 		.4byte	.LASF52
 397 01ce 02       		.byte	0x2
 398 01cf 09       		.uleb128 0x9
 399 01d0 8B040000 		.4byte	.LASF53
 400 01d4 03       		.byte	0x3
 401 01d5 00       		.byte	0
 402 01d6 03       		.uleb128 0x3
 403 01d7 0C040000 		.4byte	.LASF54
 404 01db 08       		.byte	0x8
 405 01dc 66       		.byte	0x66
 406 01dd AD010000 		.4byte	0x1ad
 407 01e1 0C       		.uleb128 0xc
 408 01e2 91030000 		.4byte	.LASF55
 409 01e6 01       		.byte	0x1
 410 01e7 32       		.byte	0x32
 411 01e8 A2010000 		.4byte	0x1a2
 412 01ec 00000000 		.4byte	.LFB110
 413 01f0 10000000 		.4byte	.LFE110-.LFB110
 414 01f4 01       		.uleb128 0x1
 415 01f5 9C       		.byte	0x9c
 416 01f6 1B020000 		.4byte	0x21b
 417 01fa 0D       		.uleb128 0xd
 418 01fb F5010000 		.4byte	.LASF57
 419 01ff 01       		.byte	0x1
 420 0200 32       		.byte	0x32
 421 0201 96000000 		.4byte	0x96
 422 0205 00000000 		.4byte	.LLST0
 423 0209 0E       		.uleb128 0xe
 424 020a 08000000 		.4byte	.LVL1
 425 020e BF020000 		.4byte	0x2bf
 426 0212 0F       		.uleb128 0xf
 427 0213 01       		.uleb128 0x1
 428 0214 50       		.byte	0x50
 429 0215 03       		.uleb128 0x3
 430 0216 F3       		.byte	0xf3
 431 0217 01       		.uleb128 0x1
 432 0218 50       		.byte	0x50
 433 0219 00       		.byte	0
 434 021a 00       		.byte	0
 435 021b 0C       		.uleb128 0xc
ARM GAS  C:\Users\Girish\AppData\Local\Temp\ccgHs5gO.s 			page 10


 436 021c 44010000 		.4byte	.LASF56
 437 0220 01       		.byte	0x1
 438 0221 39       		.byte	0x39
 439 0222 EE000000 		.4byte	0xee
 440 0226 00000000 		.4byte	.LFB111
 441 022a 52000000 		.4byte	.LFE111-.LFB111
 442 022e 01       		.uleb128 0x1
 443 022f 9C       		.byte	0x9c
 444 0230 77020000 		.4byte	0x277
 445 0234 0D       		.uleb128 0xd
 446 0235 FD010000 		.4byte	.LASF58
 447 0239 01       		.byte	0x1
 448 023a 39       		.byte	0x39
 449 023b D6010000 		.4byte	0x1d6
 450 023f 3A000000 		.4byte	.LLST1
 451 0243 10       		.uleb128 0x10
 452 0244 00000000 		.4byte	.LASF74
 453 0248 01       		.byte	0x1
 454 0249 3B       		.byte	0x3b
 455 024a EE000000 		.4byte	0xee
 456 024e BF000000 		.4byte	.LLST2
 457 0252 11       		.uleb128 0x11
 458 0253 12000000 		.4byte	.LVL6
 459 0257 CA020000 		.4byte	0x2ca
 460 025b 11       		.uleb128 0x11
 461 025c 1E000000 		.4byte	.LVL8
 462 0260 D5020000 		.4byte	0x2d5
 463 0264 11       		.uleb128 0x11
 464 0265 2A000000 		.4byte	.LVL10
 465 0269 E0020000 		.4byte	0x2e0
 466 026d 11       		.uleb128 0x11
 467 026e 36000000 		.4byte	.LVL12
 468 0272 EB020000 		.4byte	0x2eb
 469 0276 00       		.byte	0
 470 0277 12       		.uleb128 0x12
 471 0278 CC040000 		.4byte	.LASF59
 472 027c 09       		.byte	0x9
 473 027d 40       		.byte	0x40
 474 027e C6000000 		.4byte	0xc6
 475 0282 12       		.uleb128 0x12
 476 0283 04020000 		.4byte	.LASF60
 477 0287 09       		.byte	0x9
 478 0288 47       		.byte	0x47
 479 0289 D1000000 		.4byte	0xd1
 480 028d 12       		.uleb128 0x12
 481 028e F9030000 		.4byte	.LASF61
 482 0292 09       		.byte	0x9
 483 0293 4A       		.byte	0x4a
 484 0294 C6000000 		.4byte	0xc6
 485 0298 12       		.uleb128 0x12
 486 0299 5E010000 		.4byte	.LASF62
 487 029d 0A       		.byte	0xa
 488 029e 48       		.byte	0x48
 489 029f DC000000 		.4byte	0xdc
 490 02a3 12       		.uleb128 0x12
 491 02a4 2F010000 		.4byte	.LASF63
 492 02a8 0B       		.byte	0xb
ARM GAS  C:\Users\Girish\AppData\Local\Temp\ccgHs5gO.s 			page 11


 493 02a9 44       		.byte	0x44
 494 02aa C6000000 		.4byte	0xc6
 495 02ae 13       		.uleb128 0x13
 496 02af A6040000 		.4byte	.LASF64
 497 02b3 0C       		.byte	0xc
 498 02b4 1207     		.2byte	0x712
 499 02b6 BA020000 		.4byte	0x2ba
 500 02ba 14       		.uleb128 0x14
 501 02bb 76000000 		.4byte	0x76
 502 02bf 15       		.uleb128 0x15
 503 02c0 E6030000 		.4byte	.LASF65
 504 02c4 E6030000 		.4byte	.LASF65
 505 02c8 0D       		.byte	0xd
 506 02c9 18       		.byte	0x18
 507 02ca 15       		.uleb128 0x15
 508 02cb 9A010000 		.4byte	.LASF66
 509 02cf 9A010000 		.4byte	.LASF66
 510 02d3 0E       		.byte	0xe
 511 02d4 29       		.byte	0x29
 512 02d5 15       		.uleb128 0x15
 513 02d6 58040000 		.4byte	.LASF67
 514 02da 58040000 		.4byte	.LASF67
 515 02de 0F       		.byte	0xf
 516 02df 29       		.byte	0x29
 517 02e0 15       		.uleb128 0x15
 518 02e1 86010000 		.4byte	.LASF68
 519 02e5 86010000 		.4byte	.LASF68
 520 02e9 10       		.byte	0x10
 521 02ea 29       		.byte	0x29
 522 02eb 15       		.uleb128 0x15
 523 02ec 4A040000 		.4byte	.LASF69
 524 02f0 4A040000 		.4byte	.LASF69
 525 02f4 11       		.byte	0x11
 526 02f5 29       		.byte	0x29
 527 02f6 00       		.byte	0
 528              		.section	.debug_abbrev,"",%progbits
 529              	.Ldebug_abbrev0:
 530 0000 01       		.uleb128 0x1
 531 0001 11       		.uleb128 0x11
 532 0002 01       		.byte	0x1
 533 0003 25       		.uleb128 0x25
 534 0004 0E       		.uleb128 0xe
 535 0005 13       		.uleb128 0x13
 536 0006 0B       		.uleb128 0xb
 537 0007 03       		.uleb128 0x3
 538 0008 0E       		.uleb128 0xe
 539 0009 1B       		.uleb128 0x1b
 540 000a 0E       		.uleb128 0xe
 541 000b 55       		.uleb128 0x55
 542 000c 17       		.uleb128 0x17
 543 000d 11       		.uleb128 0x11
 544 000e 01       		.uleb128 0x1
 545 000f 10       		.uleb128 0x10
 546 0010 17       		.uleb128 0x17
 547 0011 00       		.byte	0
 548 0012 00       		.byte	0
 549 0013 02       		.uleb128 0x2
ARM GAS  C:\Users\Girish\AppData\Local\Temp\ccgHs5gO.s 			page 12


 550 0014 24       		.uleb128 0x24
 551 0015 00       		.byte	0
 552 0016 0B       		.uleb128 0xb
 553 0017 0B       		.uleb128 0xb
 554 0018 3E       		.uleb128 0x3e
 555 0019 0B       		.uleb128 0xb
 556 001a 03       		.uleb128 0x3
 557 001b 0E       		.uleb128 0xe
 558 001c 00       		.byte	0
 559 001d 00       		.byte	0
 560 001e 03       		.uleb128 0x3
 561 001f 16       		.uleb128 0x16
 562 0020 00       		.byte	0
 563 0021 03       		.uleb128 0x3
 564 0022 0E       		.uleb128 0xe
 565 0023 3A       		.uleb128 0x3a
 566 0024 0B       		.uleb128 0xb
 567 0025 3B       		.uleb128 0x3b
 568 0026 0B       		.uleb128 0xb
 569 0027 49       		.uleb128 0x49
 570 0028 13       		.uleb128 0x13
 571 0029 00       		.byte	0
 572 002a 00       		.byte	0
 573 002b 04       		.uleb128 0x4
 574 002c 24       		.uleb128 0x24
 575 002d 00       		.byte	0
 576 002e 0B       		.uleb128 0xb
 577 002f 0B       		.uleb128 0xb
 578 0030 3E       		.uleb128 0x3e
 579 0031 0B       		.uleb128 0xb
 580 0032 03       		.uleb128 0x3
 581 0033 08       		.uleb128 0x8
 582 0034 00       		.byte	0
 583 0035 00       		.byte	0
 584 0036 05       		.uleb128 0x5
 585 0037 16       		.uleb128 0x16
 586 0038 00       		.byte	0
 587 0039 03       		.uleb128 0x3
 588 003a 0E       		.uleb128 0xe
 589 003b 3A       		.uleb128 0x3a
 590 003c 0B       		.uleb128 0xb
 591 003d 3B       		.uleb128 0x3b
 592 003e 05       		.uleb128 0x5
 593 003f 49       		.uleb128 0x49
 594 0040 13       		.uleb128 0x13
 595 0041 00       		.byte	0
 596 0042 00       		.byte	0
 597 0043 06       		.uleb128 0x6
 598 0044 0F       		.uleb128 0xf
 599 0045 00       		.byte	0
 600 0046 0B       		.uleb128 0xb
 601 0047 0B       		.uleb128 0xb
 602 0048 49       		.uleb128 0x49
 603 0049 13       		.uleb128 0x13
 604 004a 00       		.byte	0
 605 004b 00       		.byte	0
 606 004c 07       		.uleb128 0x7
ARM GAS  C:\Users\Girish\AppData\Local\Temp\ccgHs5gO.s 			page 13


 607 004d 15       		.uleb128 0x15
 608 004e 00       		.byte	0
 609 004f 27       		.uleb128 0x27
 610 0050 19       		.uleb128 0x19
 611 0051 00       		.byte	0
 612 0052 00       		.byte	0
 613 0053 08       		.uleb128 0x8
 614 0054 04       		.uleb128 0x4
 615 0055 01       		.byte	0x1
 616 0056 0B       		.uleb128 0xb
 617 0057 0B       		.uleb128 0xb
 618 0058 49       		.uleb128 0x49
 619 0059 13       		.uleb128 0x13
 620 005a 3A       		.uleb128 0x3a
 621 005b 0B       		.uleb128 0xb
 622 005c 3B       		.uleb128 0x3b
 623 005d 0B       		.uleb128 0xb
 624 005e 01       		.uleb128 0x1
 625 005f 13       		.uleb128 0x13
 626 0060 00       		.byte	0
 627 0061 00       		.byte	0
 628 0062 09       		.uleb128 0x9
 629 0063 28       		.uleb128 0x28
 630 0064 00       		.byte	0
 631 0065 03       		.uleb128 0x3
 632 0066 0E       		.uleb128 0xe
 633 0067 1C       		.uleb128 0x1c
 634 0068 0B       		.uleb128 0xb
 635 0069 00       		.byte	0
 636 006a 00       		.byte	0
 637 006b 0A       		.uleb128 0xa
 638 006c 28       		.uleb128 0x28
 639 006d 00       		.byte	0
 640 006e 03       		.uleb128 0x3
 641 006f 0E       		.uleb128 0xe
 642 0070 1C       		.uleb128 0x1c
 643 0071 0D       		.uleb128 0xd
 644 0072 00       		.byte	0
 645 0073 00       		.byte	0
 646 0074 0B       		.uleb128 0xb
 647 0075 04       		.uleb128 0x4
 648 0076 01       		.byte	0x1
 649 0077 03       		.uleb128 0x3
 650 0078 0E       		.uleb128 0xe
 651 0079 0B       		.uleb128 0xb
 652 007a 0B       		.uleb128 0xb
 653 007b 49       		.uleb128 0x49
 654 007c 13       		.uleb128 0x13
 655 007d 3A       		.uleb128 0x3a
 656 007e 0B       		.uleb128 0xb
 657 007f 3B       		.uleb128 0x3b
 658 0080 0B       		.uleb128 0xb
 659 0081 01       		.uleb128 0x1
 660 0082 13       		.uleb128 0x13
 661 0083 00       		.byte	0
 662 0084 00       		.byte	0
 663 0085 0C       		.uleb128 0xc
ARM GAS  C:\Users\Girish\AppData\Local\Temp\ccgHs5gO.s 			page 14


 664 0086 2E       		.uleb128 0x2e
 665 0087 01       		.byte	0x1
 666 0088 3F       		.uleb128 0x3f
 667 0089 19       		.uleb128 0x19
 668 008a 03       		.uleb128 0x3
 669 008b 0E       		.uleb128 0xe
 670 008c 3A       		.uleb128 0x3a
 671 008d 0B       		.uleb128 0xb
 672 008e 3B       		.uleb128 0x3b
 673 008f 0B       		.uleb128 0xb
 674 0090 27       		.uleb128 0x27
 675 0091 19       		.uleb128 0x19
 676 0092 49       		.uleb128 0x49
 677 0093 13       		.uleb128 0x13
 678 0094 11       		.uleb128 0x11
 679 0095 01       		.uleb128 0x1
 680 0096 12       		.uleb128 0x12
 681 0097 06       		.uleb128 0x6
 682 0098 40       		.uleb128 0x40
 683 0099 18       		.uleb128 0x18
 684 009a 9742     		.uleb128 0x2117
 685 009c 19       		.uleb128 0x19
 686 009d 01       		.uleb128 0x1
 687 009e 13       		.uleb128 0x13
 688 009f 00       		.byte	0
 689 00a0 00       		.byte	0
 690 00a1 0D       		.uleb128 0xd
 691 00a2 05       		.uleb128 0x5
 692 00a3 00       		.byte	0
 693 00a4 03       		.uleb128 0x3
 694 00a5 0E       		.uleb128 0xe
 695 00a6 3A       		.uleb128 0x3a
 696 00a7 0B       		.uleb128 0xb
 697 00a8 3B       		.uleb128 0x3b
 698 00a9 0B       		.uleb128 0xb
 699 00aa 49       		.uleb128 0x49
 700 00ab 13       		.uleb128 0x13
 701 00ac 02       		.uleb128 0x2
 702 00ad 17       		.uleb128 0x17
 703 00ae 00       		.byte	0
 704 00af 00       		.byte	0
 705 00b0 0E       		.uleb128 0xe
 706 00b1 898201   		.uleb128 0x4109
 707 00b4 01       		.byte	0x1
 708 00b5 11       		.uleb128 0x11
 709 00b6 01       		.uleb128 0x1
 710 00b7 31       		.uleb128 0x31
 711 00b8 13       		.uleb128 0x13
 712 00b9 00       		.byte	0
 713 00ba 00       		.byte	0
 714 00bb 0F       		.uleb128 0xf
 715 00bc 8A8201   		.uleb128 0x410a
 716 00bf 00       		.byte	0
 717 00c0 02       		.uleb128 0x2
 718 00c1 18       		.uleb128 0x18
 719 00c2 9142     		.uleb128 0x2111
 720 00c4 18       		.uleb128 0x18
ARM GAS  C:\Users\Girish\AppData\Local\Temp\ccgHs5gO.s 			page 15


 721 00c5 00       		.byte	0
 722 00c6 00       		.byte	0
 723 00c7 10       		.uleb128 0x10
 724 00c8 34       		.uleb128 0x34
 725 00c9 00       		.byte	0
 726 00ca 03       		.uleb128 0x3
 727 00cb 0E       		.uleb128 0xe
 728 00cc 3A       		.uleb128 0x3a
 729 00cd 0B       		.uleb128 0xb
 730 00ce 3B       		.uleb128 0x3b
 731 00cf 0B       		.uleb128 0xb
 732 00d0 49       		.uleb128 0x49
 733 00d1 13       		.uleb128 0x13
 734 00d2 02       		.uleb128 0x2
 735 00d3 17       		.uleb128 0x17
 736 00d4 00       		.byte	0
 737 00d5 00       		.byte	0
 738 00d6 11       		.uleb128 0x11
 739 00d7 898201   		.uleb128 0x4109
 740 00da 00       		.byte	0
 741 00db 11       		.uleb128 0x11
 742 00dc 01       		.uleb128 0x1
 743 00dd 31       		.uleb128 0x31
 744 00de 13       		.uleb128 0x13
 745 00df 00       		.byte	0
 746 00e0 00       		.byte	0
 747 00e1 12       		.uleb128 0x12
 748 00e2 34       		.uleb128 0x34
 749 00e3 00       		.byte	0
 750 00e4 03       		.uleb128 0x3
 751 00e5 0E       		.uleb128 0xe
 752 00e6 3A       		.uleb128 0x3a
 753 00e7 0B       		.uleb128 0xb
 754 00e8 3B       		.uleb128 0x3b
 755 00e9 0B       		.uleb128 0xb
 756 00ea 49       		.uleb128 0x49
 757 00eb 13       		.uleb128 0x13
 758 00ec 3F       		.uleb128 0x3f
 759 00ed 19       		.uleb128 0x19
 760 00ee 3C       		.uleb128 0x3c
 761 00ef 19       		.uleb128 0x19
 762 00f0 00       		.byte	0
 763 00f1 00       		.byte	0
 764 00f2 13       		.uleb128 0x13
 765 00f3 34       		.uleb128 0x34
 766 00f4 00       		.byte	0
 767 00f5 03       		.uleb128 0x3
 768 00f6 0E       		.uleb128 0xe
 769 00f7 3A       		.uleb128 0x3a
 770 00f8 0B       		.uleb128 0xb
 771 00f9 3B       		.uleb128 0x3b
 772 00fa 05       		.uleb128 0x5
 773 00fb 49       		.uleb128 0x49
 774 00fc 13       		.uleb128 0x13
 775 00fd 3F       		.uleb128 0x3f
 776 00fe 19       		.uleb128 0x19
 777 00ff 3C       		.uleb128 0x3c
ARM GAS  C:\Users\Girish\AppData\Local\Temp\ccgHs5gO.s 			page 16


 778 0100 19       		.uleb128 0x19
 779 0101 00       		.byte	0
 780 0102 00       		.byte	0
 781 0103 14       		.uleb128 0x14
 782 0104 35       		.uleb128 0x35
 783 0105 00       		.byte	0
 784 0106 49       		.uleb128 0x49
 785 0107 13       		.uleb128 0x13
 786 0108 00       		.byte	0
 787 0109 00       		.byte	0
 788 010a 15       		.uleb128 0x15
 789 010b 2E       		.uleb128 0x2e
 790 010c 00       		.byte	0
 791 010d 3F       		.uleb128 0x3f
 792 010e 19       		.uleb128 0x19
 793 010f 3C       		.uleb128 0x3c
 794 0110 19       		.uleb128 0x19
 795 0111 6E       		.uleb128 0x6e
 796 0112 0E       		.uleb128 0xe
 797 0113 03       		.uleb128 0x3
 798 0114 0E       		.uleb128 0xe
 799 0115 3A       		.uleb128 0x3a
 800 0116 0B       		.uleb128 0xb
 801 0117 3B       		.uleb128 0x3b
 802 0118 0B       		.uleb128 0xb
 803 0119 00       		.byte	0
 804 011a 00       		.byte	0
 805 011b 00       		.byte	0
 806              		.section	.debug_loc,"",%progbits
 807              	.Ldebug_loc0:
 808              	.LLST0:
 809 0000 00000000 		.4byte	.LVL0
 810 0004 07000000 		.4byte	.LVL1-1
 811 0008 0100     		.2byte	0x1
 812 000a 50       		.byte	0x50
 813 000b 07000000 		.4byte	.LVL1-1
 814 000f 0C000000 		.4byte	.LVL2
 815 0013 0400     		.2byte	0x4
 816 0015 F3       		.byte	0xf3
 817 0016 01       		.uleb128 0x1
 818 0017 50       		.byte	0x50
 819 0018 9F       		.byte	0x9f
 820 0019 0C000000 		.4byte	.LVL2
 821 001d 0E000000 		.4byte	.LVL3
 822 0021 0100     		.2byte	0x1
 823 0023 50       		.byte	0x50
 824 0024 0E000000 		.4byte	.LVL3
 825 0028 10000000 		.4byte	.LFE110
 826 002c 0400     		.2byte	0x4
 827 002e F3       		.byte	0xf3
 828 002f 01       		.uleb128 0x1
 829 0030 50       		.byte	0x50
 830 0031 9F       		.byte	0x9f
 831 0032 00000000 		.4byte	0
 832 0036 00000000 		.4byte	0
 833              	.LLST1:
 834 003a 00000000 		.4byte	.LVL4
ARM GAS  C:\Users\Girish\AppData\Local\Temp\ccgHs5gO.s 			page 17


 835 003e 11000000 		.4byte	.LVL6-1
 836 0042 0100     		.2byte	0x1
 837 0044 50       		.byte	0x50
 838 0045 11000000 		.4byte	.LVL6-1
 839 0049 1A000000 		.4byte	.LVL7
 840 004d 0400     		.2byte	0x4
 841 004f F3       		.byte	0xf3
 842 0050 01       		.uleb128 0x1
 843 0051 50       		.byte	0x50
 844 0052 9F       		.byte	0x9f
 845 0053 1A000000 		.4byte	.LVL7
 846 0057 1D000000 		.4byte	.LVL8-1
 847 005b 0100     		.2byte	0x1
 848 005d 50       		.byte	0x50
 849 005e 1D000000 		.4byte	.LVL8-1
 850 0062 26000000 		.4byte	.LVL9
 851 0066 0400     		.2byte	0x4
 852 0068 F3       		.byte	0xf3
 853 0069 01       		.uleb128 0x1
 854 006a 50       		.byte	0x50
 855 006b 9F       		.byte	0x9f
 856 006c 26000000 		.4byte	.LVL9
 857 0070 29000000 		.4byte	.LVL10-1
 858 0074 0100     		.2byte	0x1
 859 0076 50       		.byte	0x50
 860 0077 29000000 		.4byte	.LVL10-1
 861 007b 32000000 		.4byte	.LVL11
 862 007f 0400     		.2byte	0x4
 863 0081 F3       		.byte	0xf3
 864 0082 01       		.uleb128 0x1
 865 0083 50       		.byte	0x50
 866 0084 9F       		.byte	0x9f
 867 0085 32000000 		.4byte	.LVL11
 868 0089 35000000 		.4byte	.LVL12-1
 869 008d 0100     		.2byte	0x1
 870 008f 50       		.byte	0x50
 871 0090 35000000 		.4byte	.LVL12-1
 872 0094 3E000000 		.4byte	.LVL13
 873 0098 0400     		.2byte	0x4
 874 009a F3       		.byte	0xf3
 875 009b 01       		.uleb128 0x1
 876 009c 50       		.byte	0x50
 877 009d 9F       		.byte	0x9f
 878 009e 3E000000 		.4byte	.LVL13
 879 00a2 40000000 		.4byte	.LVL14
 880 00a6 0100     		.2byte	0x1
 881 00a8 50       		.byte	0x50
 882 00a9 40000000 		.4byte	.LVL14
 883 00ad 52000000 		.4byte	.LFE111
 884 00b1 0400     		.2byte	0x4
 885 00b3 F3       		.byte	0xf3
 886 00b4 01       		.uleb128 0x1
 887 00b5 50       		.byte	0x50
 888 00b6 9F       		.byte	0x9f
 889 00b7 00000000 		.4byte	0
 890 00bb 00000000 		.4byte	0
 891              	.LLST2:
ARM GAS  C:\Users\Girish\AppData\Local\Temp\ccgHs5gO.s 			page 18


 892 00bf 02000000 		.4byte	.LVL5
 893 00c3 50000000 		.4byte	.LVL15
 894 00c7 0200     		.2byte	0x2
 895 00c9 30       		.byte	0x30
 896 00ca 9F       		.byte	0x9f
 897 00cb 50000000 		.4byte	.LVL15
 898 00cf 52000000 		.4byte	.LFE111
 899 00d3 0100     		.2byte	0x1
 900 00d5 50       		.byte	0x50
 901 00d6 00000000 		.4byte	0
 902 00da 00000000 		.4byte	0
 903              		.section	.debug_aranges,"",%progbits
 904 0000 24000000 		.4byte	0x24
 905 0004 0200     		.2byte	0x2
 906 0006 00000000 		.4byte	.Ldebug_info0
 907 000a 04       		.byte	0x4
 908 000b 00       		.byte	0
 909 000c 0000     		.2byte	0
 910 000e 0000     		.2byte	0
 911 0010 00000000 		.4byte	.LFB110
 912 0014 10000000 		.4byte	.LFE110-.LFB110
 913 0018 00000000 		.4byte	.LFB111
 914 001c 52000000 		.4byte	.LFE111-.LFB111
 915 0020 00000000 		.4byte	0
 916 0024 00000000 		.4byte	0
 917              		.section	.debug_ranges,"",%progbits
 918              	.Ldebug_ranges0:
 919 0000 00000000 		.4byte	.LFB110
 920 0004 10000000 		.4byte	.LFE110
 921 0008 00000000 		.4byte	.LFB111
 922 000c 52000000 		.4byte	.LFE111
 923 0010 00000000 		.4byte	0
 924 0014 00000000 		.4byte	0
 925              		.section	.debug_line,"",%progbits
 926              	.Ldebug_line0:
 927 0000 D2020000 		.section	.debug_str,"MS",%progbits,1
 927      02008A02 
 927      00000201 
 927      FB0E0D00 
 927      01010101 
 928              	.LASF74:
 929 0000 72657375 		.ascii	"result\000"
 929      6C7400
 930              	.LASF37:
 931 0007 52435F45 		.ascii	"RC_ERROR_READ_ONLY\000"
 931      52524F52 
 931      5F524541 
 931      445F4F4E 
 931      4C5900
 932              	.LASF23:
 933 001a 52435F53 		.ascii	"RC_SUCCESS\000"
 933      55434345 
 933      535300
 934              	.LASF72:
 935 0025 433A5C55 		.ascii	"C:\\Users\\Girish\\OneDrive\\Documents\\PSoC Creato"
 935      73657273 
 935      5C476972 
ARM GAS  C:\Users\Girish\AppData\Local\Temp\ccgHs5gO.s 			page 19


 935      6973685C 
 935      4F6E6544 
 936 0053 725C4572 		.ascii	"r\\Erika_OS_WorkSpace\\Erika_LEDBlink.cydsn\000"
 936      696B615F 
 936      4F535F57 
 936      6F726B53 
 936      70616365 
 937              	.LASF38:
 938 007d 52435F45 		.ascii	"RC_ERROR_WRITE_ONLY\000"
 938      52524F52 
 938      5F575249 
 938      54455F4F 
 938      4E4C5900 
 939              	.LASF2:
 940 0091 73686F72 		.ascii	"short int\000"
 940      7420696E 
 940      7400
 941              	.LASF29:
 942 009b 52435F45 		.ascii	"RC_ERROR_OVERRUN\000"
 942      52524F52 
 942      5F4F5645 
 942      5252554E 
 942      00
 943              	.LASF41:
 944 00ac 52435F45 		.ascii	"RC_ERROR_WRITE_FAILS\000"
 944      52524F52 
 944      5F575249 
 944      54455F46 
 944      41494C53 
 945              	.LASF21:
 946 00c1 73697A65 		.ascii	"sizetype\000"
 946      74797065 
 946      00
 947              	.LASF26:
 948 00ca 52435F45 		.ascii	"RC_ERROR_ZERO\000"
 948      52524F52 
 948      5F5A4552 
 948      4F00
 949              	.LASF19:
 950 00d8 45455F46 		.ascii	"EE_FREG\000"
 950      52454700 
 951              	.LASF33:
 952 00e0 52435F45 		.ascii	"RC_ERROR_BUSY\000"
 952      52524F52 
 952      5F425553 
 952      5900
 953              	.LASF17:
 954 00ee 45455F55 		.ascii	"EE_UINT32\000"
 954      494E5433 
 954      3200
 955              	.LASF48:
 956 00f8 52435F45 		.ascii	"RC_ERROR_NOT_IMPLEMENTED\000"
 956      52524F52 
 956      5F4E4F54 
 956      5F494D50 
 956      4C454D45 
 957              	.LASF20:
ARM GAS  C:\Users\Girish\AppData\Local\Temp\ccgHs5gO.s 			page 20


 958 0111 45455F54 		.ascii	"EE_TID\000"
 958      494400
 959              	.LASF46:
 960 0118 52435F45 		.ascii	"RC_ERROR_INVALID_STATE\000"
 960      52524F52 
 960      5F494E56 
 960      414C4944 
 960      5F535441 
 961              	.LASF63:
 962 012f 45455F49 		.ascii	"EE_IRQ_nesting_level\000"
 962      52515F6E 
 962      65737469 
 962      6E675F6C 
 962      6576656C 
 963              	.LASF56:
 964 0144 42555454 		.ascii	"BUTTON_IsPressed\000"
 964      4F4E5F49 
 964      73507265 
 964      73736564 
 964      00
 965              	.LASF73:
 966 0155 65427574 		.ascii	"eButtton\000"
 966      74746F6E 
 966      00
 967              	.LASF62:
 968 015e 45455F73 		.ascii	"EE_std_endcycle_next_tid\000"
 968      74645F65 
 968      6E646379 
 968      636C655F 
 968      6E657874 
 969              	.LASF28:
 970 0177 52435F45 		.ascii	"RC_ERROR_RANGE\000"
 970      52524F52 
 970      5F52414E 
 970      474500
 971              	.LASF68:
 972 0186 42555454 		.ascii	"BUTTON_3_Read\000"
 972      4F4E5F33 
 972      5F526561 
 972      6400
 973              	.LASF11:
 974 0194 666C6F61 		.ascii	"float\000"
 974      7400
 975              	.LASF66:
 976 019a 42555454 		.ascii	"BUTTON_1_Read\000"
 976      4F4E5F31 
 976      5F526561 
 976      6400
 977              	.LASF6:
 978 01a8 6C6F6E67 		.ascii	"long long int\000"
 978      206C6F6E 
 978      6720696E 
 978      7400
 979              	.LASF42:
 980 01b6 52435F45 		.ascii	"RC_ERROR_NOT_MATCH\000"
 980      52524F52 
 980      5F4E4F54 
ARM GAS  C:\Users\Girish\AppData\Local\Temp\ccgHs5gO.s 			page 21


 980      5F4D4154 
 980      434800
 981              	.LASF47:
 982 01c9 52435F45 		.ascii	"RC_ERROR_UNKNOWN\000"
 982      52524F52 
 982      5F554E4B 
 982      4E4F574E 
 982      00
 983              	.LASF4:
 984 01da 6C6F6E67 		.ascii	"long int\000"
 984      20696E74 
 984      00
 985              	.LASF30:
 986 01e3 52435F45 		.ascii	"RC_ERROR_UNDERRUN\000"
 986      52524F52 
 986      5F554E44 
 986      45525255 
 986      4E00
 987              	.LASF57:
 988 01f5 61646472 		.ascii	"address\000"
 988      65737300 
 989              	.LASF58:
 990 01fd 62757474 		.ascii	"button\000"
 990      6F6E00
 991              	.LASF60:
 992 0204 45455F6F 		.ascii	"EE_oo_IRQ_suspend_status\000"
 992      6F5F4952 
 992      515F7375 
 992      7370656E 
 992      645F7374 
 993              	.LASF39:
 994 021d 52435F45 		.ascii	"RC_ERROR_INVALID\000"
 994      52524F52 
 994      5F494E56 
 994      414C4944 
 994      00
 995              	.LASF44:
 996 022e 52435F45 		.ascii	"RC_ERROR_BAD_DATA\000"
 996      52524F52 
 996      5F424144 
 996      5F444154 
 996      4100
 997              	.LASF22:
 998 0240 626F6F6C 		.ascii	"boolean_t\000"
 998      65616E5F 
 998      7400
 999              	.LASF1:
 1000 024a 756E7369 		.ascii	"unsigned char\000"
 1000      676E6564 
 1000      20636861 
 1000      7200
 1001              	.LASF15:
 1002 0258 6C6F6E67 		.ascii	"long double\000"
 1002      20646F75 
 1002      626C6500 
 1003              	.LASF14:
 1004 0264 63796973 		.ascii	"cyisraddress\000"
ARM GAS  C:\Users\Girish\AppData\Local\Temp\ccgHs5gO.s 			page 22


 1004      72616464 
 1004      72657373 
 1004      00
 1005              	.LASF0:
 1006 0271 7369676E 		.ascii	"signed char\000"
 1006      65642063 
 1006      68617200 
 1007              	.LASF7:
 1008 027d 6C6F6E67 		.ascii	"long long unsigned int\000"
 1008      206C6F6E 
 1008      6720756E 
 1008      7369676E 
 1008      65642069 
 1009              	.LASF71:
 1010 0294 736F7572 		.ascii	"source\\bsw\\Button.c\000"
 1010      63655C62 
 1010      73775C42 
 1010      7574746F 
 1010      6E2E6300 
 1011              	.LASF8:
 1012 02a8 756E7369 		.ascii	"unsigned int\000"
 1012      676E6564 
 1012      20696E74 
 1012      00
 1013              	.LASF35:
 1014 02b5 52435F45 		.ascii	"RC_ERROR_OPEN\000"
 1014      52524F52 
 1014      5F4F5045 
 1014      4E00
 1015              	.LASF25:
 1016 02c3 52435F45 		.ascii	"RC_ERROR_NULL\000"
 1016      52524F52 
 1016      5F4E554C 
 1016      4C00
 1017              	.LASF32:
 1018 02d1 52435F45 		.ascii	"RC_ERROR_BUFFER_EMTPY\000"
 1018      52524F52 
 1018      5F425546 
 1018      4645525F 
 1018      454D5450 
 1019              	.LASF16:
 1020 02e7 45455F49 		.ascii	"EE_INT32\000"
 1020      4E543332 
 1020      00
 1021              	.LASF3:
 1022 02f0 73686F72 		.ascii	"short unsigned int\000"
 1022      7420756E 
 1022      7369676E 
 1022      65642069 
 1022      6E7400
 1023              	.LASF70:
 1024 0303 474E5520 		.ascii	"GNU C11 5.4.1 20160609 (release) [ARM/embedded-5-br"
 1024      43313120 
 1024      352E342E 
 1024      31203230 
 1024      31363036 
 1025 0336 616E6368 		.ascii	"anch revision 237715] -mcpu=cortex-m3 -mthumb -g -O"
ARM GAS  C:\Users\Girish\AppData\Local\Temp\ccgHs5gO.s 			page 23


 1025      20726576 
 1025      6973696F 
 1025      6E203233 
 1025      37373135 
 1026 0369 67202D66 		.ascii	"g -ffunction-sections -ffat-lto-objects\000"
 1026      66756E63 
 1026      74696F6E 
 1026      2D736563 
 1026      74696F6E 
 1027              	.LASF55:
 1028 0391 42555454 		.ascii	"BUTTON_Init\000"
 1028      4F4E5F49 
 1028      6E697400 
 1029              	.LASF13:
 1030 039d 63686172 		.ascii	"char\000"
 1030      00
 1031              	.LASF31:
 1032 03a2 52435F45 		.ascii	"RC_ERROR_BUFFER_FULL\000"
 1032      52524F52 
 1032      5F425546 
 1032      4645525F 
 1032      46554C4C 
 1033              	.LASF10:
 1034 03b7 696E7433 		.ascii	"int32_t\000"
 1034      325F7400 
 1035              	.LASF40:
 1036 03bf 52435F45 		.ascii	"RC_ERROR_READ_FAILS\000"
 1036      52524F52 
 1036      5F524541 
 1036      445F4641 
 1036      494C5300 
 1037              	.LASF43:
 1038 03d3 52435F45 		.ascii	"RC_ERROR_BAD_PARAM\000"
 1038      52524F52 
 1038      5F424144 
 1038      5F504152 
 1038      414D00
 1039              	.LASF65:
 1040 03e6 6973725F 		.ascii	"isr_button_StartEx\000"
 1040      62757474 
 1040      6F6E5F53 
 1040      74617274 
 1040      457800
 1041              	.LASF61:
 1042 03f9 45455F41 		.ascii	"EE_ApplicationMode\000"
 1042      70706C69 
 1042      63617469 
 1042      6F6E4D6F 
 1042      646500
 1043              	.LASF54:
 1044 040c 6D794275 		.ascii	"myButton_t\000"
 1044      74746F6E 
 1044      5F7400
 1045              	.LASF5:
 1046 0417 6C6F6E67 		.ascii	"long unsigned int\000"
 1046      20756E73 
 1046      69676E65 
ARM GAS  C:\Users\Girish\AppData\Local\Temp\ccgHs5gO.s 			page 24


 1046      6420696E 
 1046      7400
 1047              	.LASF12:
 1048 0429 646F7562 		.ascii	"double\000"
 1048      6C6500
 1049              	.LASF36:
 1050 0430 52435F45 		.ascii	"RC_ERROR_CHECKSUM\000"
 1050      52524F52 
 1050      5F434845 
 1050      434B5355 
 1050      4D00
 1051              	.LASF18:
 1052 0442 45455F55 		.ascii	"EE_UREG\000"
 1052      52454700 
 1053              	.LASF69:
 1054 044a 42555454 		.ascii	"BUTTON_4_Read\000"
 1054      4F4E5F34 
 1054      5F526561 
 1054      6400
 1055              	.LASF67:
 1056 0458 42555454 		.ascii	"BUTTON_2_Read\000"
 1056      4F4E5F32 
 1056      5F526561 
 1056      6400
 1057              	.LASF9:
 1058 0466 5F5F696E 		.ascii	"__int32_t\000"
 1058      7433325F 
 1058      7400
 1059              	.LASF50:
 1060 0470 42555454 		.ascii	"BUTTON_1\000"
 1060      4F4E5F31 
 1060      00
 1061              	.LASF51:
 1062 0479 42555454 		.ascii	"BUTTON_2\000"
 1062      4F4E5F32 
 1062      00
 1063              	.LASF52:
 1064 0482 42555454 		.ascii	"BUTTON_3\000"
 1064      4F4E5F33 
 1064      00
 1065              	.LASF53:
 1066 048b 42555454 		.ascii	"BUTTON_4\000"
 1066      4F4E5F34 
 1066      00
 1067              	.LASF45:
 1068 0494 52435F45 		.ascii	"RC_ERROR_CANCELED\000"
 1068      52524F52 
 1068      5F43414E 
 1068      43454C45 
 1068      4400
 1069              	.LASF64:
 1070 04a6 49544D5F 		.ascii	"ITM_RxBuffer\000"
 1070      52784275 
 1070      66666572 
 1070      00
 1071              	.LASF24:
 1072 04b3 52435F45 		.ascii	"RC_ERROR\000"
ARM GAS  C:\Users\Girish\AppData\Local\Temp\ccgHs5gO.s 			page 25


 1072      52524F52 
 1072      00
 1073              	.LASF27:
 1074 04bc 52435F45 		.ascii	"RC_ERROR_MEMORY\000"
 1074      52524F52 
 1074      5F4D454D 
 1074      4F525900 
 1075              	.LASF59:
 1076 04cc 45455F6F 		.ascii	"EE_oo_IRQ_disable_count\000"
 1076      6F5F4952 
 1076      515F6469 
 1076      7361626C 
 1076      655F636F 
 1077              	.LASF49:
 1078 04e4 52435F74 		.ascii	"RC_t\000"
 1078      00
 1079              	.LASF34:
 1080 04e9 52435F45 		.ascii	"RC_ERROR_TIME_OUT\000"
 1080      52524F52 
 1080      5F54494D 
 1080      455F4F55 
 1080      5400
 1081              		.ident	"GCC: (GNU Tools for ARM Embedded Processors) 5.4.1 20160609 (release) [ARM/embedded-5-bran
