ARM GAS  C:\Users\Girish\AppData\Local\Temp\cceu7t7n.s 			page 1


   1              		.syntax unified
   2              		.cpu cortex-m3
   3              		.fpu softvfp
   4              		.eabi_attribute 20, 1
   5              		.eabi_attribute 21, 1
   6              		.eabi_attribute 23, 3
   7              		.eabi_attribute 24, 1
   8              		.eabi_attribute 25, 1
   9              		.eabi_attribute 26, 1
  10              		.eabi_attribute 30, 1
  11              		.eabi_attribute 34, 1
  12              		.eabi_attribute 18, 4
  13              		.thumb
  14              		.syntax unified
  15              		.file	"ErikaOS_LEDBlink_ee_rq_exchg.c"
  16              		.text
  17              	.Ltext0:
  18              		.cfi_sections	.debug_frame
  19              		.section	.text.EE_rq2stk_exchange,"ax",%progbits
  20              		.align	2
  21              		.global	EE_rq2stk_exchange
  22              		.thumb
  23              		.thumb_func
  24              		.type	EE_rq2stk_exchange, %function
  25              	EE_rq2stk_exchange:
  26              	.LFB70:
  27              		.file 1 "Generated_Source\\PSoC5\\ErikaOS_LEDBlink_ee_rq_exchg.c"
   1:Generated_Source\PSoC5/ErikaOS_LEDBlink_ee_rq_exchg.c **** /* ###*B*###
   2:Generated_Source\PSoC5/ErikaOS_LEDBlink_ee_rq_exchg.c ****  * ERIKA Enterprise - a tiny RTOS for small microcontrollers
   3:Generated_Source\PSoC5/ErikaOS_LEDBlink_ee_rq_exchg.c ****  *
   4:Generated_Source\PSoC5/ErikaOS_LEDBlink_ee_rq_exchg.c ****  * Copyright (C) 2002-2008  Evidence Srl
   5:Generated_Source\PSoC5/ErikaOS_LEDBlink_ee_rq_exchg.c ****  *
   6:Generated_Source\PSoC5/ErikaOS_LEDBlink_ee_rq_exchg.c ****  * This file is part of ERIKA Enterprise.
   7:Generated_Source\PSoC5/ErikaOS_LEDBlink_ee_rq_exchg.c ****  *
   8:Generated_Source\PSoC5/ErikaOS_LEDBlink_ee_rq_exchg.c ****  * ERIKA Enterprise is free software; you can redistribute it
   9:Generated_Source\PSoC5/ErikaOS_LEDBlink_ee_rq_exchg.c ****  * and/or modify it under the terms of the GNU General Public License
  10:Generated_Source\PSoC5/ErikaOS_LEDBlink_ee_rq_exchg.c ****  * version 2 as published by the Free Software Foundation, 
  11:Generated_Source\PSoC5/ErikaOS_LEDBlink_ee_rq_exchg.c ****  * (with a special exception described below).
  12:Generated_Source\PSoC5/ErikaOS_LEDBlink_ee_rq_exchg.c ****  *
  13:Generated_Source\PSoC5/ErikaOS_LEDBlink_ee_rq_exchg.c ****  * Linking this code statically or dynamically with other modules is
  14:Generated_Source\PSoC5/ErikaOS_LEDBlink_ee_rq_exchg.c ****  * making a combined work based on this code.  Thus, the terms and
  15:Generated_Source\PSoC5/ErikaOS_LEDBlink_ee_rq_exchg.c ****  * conditions of the GNU General Public License cover the whole
  16:Generated_Source\PSoC5/ErikaOS_LEDBlink_ee_rq_exchg.c ****  * combination.
  17:Generated_Source\PSoC5/ErikaOS_LEDBlink_ee_rq_exchg.c ****  *
  18:Generated_Source\PSoC5/ErikaOS_LEDBlink_ee_rq_exchg.c ****  * As a special exception, the copyright holders of this library give you
  19:Generated_Source\PSoC5/ErikaOS_LEDBlink_ee_rq_exchg.c ****  * permission to link this code with independent modules to produce an
  20:Generated_Source\PSoC5/ErikaOS_LEDBlink_ee_rq_exchg.c ****  * executable, regardless of the license terms of these independent
  21:Generated_Source\PSoC5/ErikaOS_LEDBlink_ee_rq_exchg.c ****  * modules, and to copy and distribute the resulting executable under
  22:Generated_Source\PSoC5/ErikaOS_LEDBlink_ee_rq_exchg.c ****  * terms of your choice, provided that you also meet, for each linked
  23:Generated_Source\PSoC5/ErikaOS_LEDBlink_ee_rq_exchg.c ****  * independent module, the terms and conditions of the license of that
  24:Generated_Source\PSoC5/ErikaOS_LEDBlink_ee_rq_exchg.c ****  * module.  An independent module is a module which is not derived from
  25:Generated_Source\PSoC5/ErikaOS_LEDBlink_ee_rq_exchg.c ****  * or based on this library.  If you modify this code, you may extend
  26:Generated_Source\PSoC5/ErikaOS_LEDBlink_ee_rq_exchg.c ****  * this exception to your version of the code, but you are not
  27:Generated_Source\PSoC5/ErikaOS_LEDBlink_ee_rq_exchg.c ****  * obligated to do so.  If you do not wish to do so, delete this
  28:Generated_Source\PSoC5/ErikaOS_LEDBlink_ee_rq_exchg.c ****  * exception statement from your version.
  29:Generated_Source\PSoC5/ErikaOS_LEDBlink_ee_rq_exchg.c ****  *
  30:Generated_Source\PSoC5/ErikaOS_LEDBlink_ee_rq_exchg.c ****  * ERIKA Enterprise is distributed in the hope that it will be
ARM GAS  C:\Users\Girish\AppData\Local\Temp\cceu7t7n.s 			page 2


  31:Generated_Source\PSoC5/ErikaOS_LEDBlink_ee_rq_exchg.c ****  * useful, but WITHOUT ANY WARRANTY; without even the implied warranty
  32:Generated_Source\PSoC5/ErikaOS_LEDBlink_ee_rq_exchg.c ****  * of MERCHANTABILITY or FITNESS FOR A PARTICULAR PURPOSE.  See the
  33:Generated_Source\PSoC5/ErikaOS_LEDBlink_ee_rq_exchg.c ****  * GNU General Public License version 2 for more details.
  34:Generated_Source\PSoC5/ErikaOS_LEDBlink_ee_rq_exchg.c ****  *
  35:Generated_Source\PSoC5/ErikaOS_LEDBlink_ee_rq_exchg.c ****  * You should have received a copy of the GNU General Public License
  36:Generated_Source\PSoC5/ErikaOS_LEDBlink_ee_rq_exchg.c ****  * version 2 along with ERIKA Enterprise; if not, write to the
  37:Generated_Source\PSoC5/ErikaOS_LEDBlink_ee_rq_exchg.c ****  * Free Software Foundation, Inc., 51 Franklin Street, Fifth Floor,
  38:Generated_Source\PSoC5/ErikaOS_LEDBlink_ee_rq_exchg.c ****  * Boston, MA 02110-1301 USA.
  39:Generated_Source\PSoC5/ErikaOS_LEDBlink_ee_rq_exchg.c ****  * ###*E*### */
  40:Generated_Source\PSoC5/ErikaOS_LEDBlink_ee_rq_exchg.c **** 
  41:Generated_Source\PSoC5/ErikaOS_LEDBlink_ee_rq_exchg.c **** /*
  42:Generated_Source\PSoC5/ErikaOS_LEDBlink_ee_rq_exchg.c ****  * Author: 2002-2004 Paolo Gai
  43:Generated_Source\PSoC5/ErikaOS_LEDBlink_ee_rq_exchg.c ****  * CVS: $Id: ee_rq_exchg.c,v 1.1 2005/07/16 12:23:42 pj Exp $
  44:Generated_Source\PSoC5/ErikaOS_LEDBlink_ee_rq_exchg.c ****  */
  45:Generated_Source\PSoC5/ErikaOS_LEDBlink_ee_rq_exchg.c **** 
  46:Generated_Source\PSoC5/ErikaOS_LEDBlink_ee_rq_exchg.c **** /*
  47:Generated_Source\PSoC5/ErikaOS_LEDBlink_ee_rq_exchg.c ****  * PSoC Port and API Generation
  48:Generated_Source\PSoC5/ErikaOS_LEDBlink_ee_rq_exchg.c ****  * Carlos Fernando Meier Martinez
  49:Generated_Source\PSoC5/ErikaOS_LEDBlink_ee_rq_exchg.c ****  * Hochschule Darmstadt, Germany. 2017.
  50:Generated_Source\PSoC5/ErikaOS_LEDBlink_ee_rq_exchg.c ****  */
  51:Generated_Source\PSoC5/ErikaOS_LEDBlink_ee_rq_exchg.c **** 
  52:Generated_Source\PSoC5/ErikaOS_LEDBlink_ee_rq_exchg.c **** #include "ErikaOS_LEDBlink_ee_internal.inc"
  53:Generated_Source\PSoC5/ErikaOS_LEDBlink_ee_rq_exchg.c **** 
  54:Generated_Source\PSoC5/ErikaOS_LEDBlink_ee_rq_exchg.c **** #ifndef __PRIVATE_RQ2STK_EXCHANGE__
  55:Generated_Source\PSoC5/ErikaOS_LEDBlink_ee_rq_exchg.c **** 
  56:Generated_Source\PSoC5/ErikaOS_LEDBlink_ee_rq_exchg.c **** #if (defined(__OO_BCC1__)) || (defined(__OO_ECC1__))
  57:Generated_Source\PSoC5/ErikaOS_LEDBlink_ee_rq_exchg.c **** EE_TID EE_rq2stk_exchange(void)
  58:Generated_Source\PSoC5/ErikaOS_LEDBlink_ee_rq_exchg.c **** {
  59:Generated_Source\PSoC5/ErikaOS_LEDBlink_ee_rq_exchg.c ****   EE_TID temp;
  60:Generated_Source\PSoC5/ErikaOS_LEDBlink_ee_rq_exchg.c **** 
  61:Generated_Source\PSoC5/ErikaOS_LEDBlink_ee_rq_exchg.c ****   temp = EE_rq_first;
  62:Generated_Source\PSoC5/ErikaOS_LEDBlink_ee_rq_exchg.c ****   
  63:Generated_Source\PSoC5/ErikaOS_LEDBlink_ee_rq_exchg.c ****   /* extract the first task from the ready queue */
  64:Generated_Source\PSoC5/ErikaOS_LEDBlink_ee_rq_exchg.c ****   EE_rq_first = EE_th_next[temp]; 
  65:Generated_Source\PSoC5/ErikaOS_LEDBlink_ee_rq_exchg.c ****   /* insert the extracted task on the topo of the stack */
  66:Generated_Source\PSoC5/ErikaOS_LEDBlink_ee_rq_exchg.c ****   EE_th_next[temp] = EE_stkfirst;
  67:Generated_Source\PSoC5/ErikaOS_LEDBlink_ee_rq_exchg.c ****   EE_stkfirst = temp;
  68:Generated_Source\PSoC5/ErikaOS_LEDBlink_ee_rq_exchg.c **** 
  69:Generated_Source\PSoC5/ErikaOS_LEDBlink_ee_rq_exchg.c ****   return temp;
  70:Generated_Source\PSoC5/ErikaOS_LEDBlink_ee_rq_exchg.c **** }
  71:Generated_Source\PSoC5/ErikaOS_LEDBlink_ee_rq_exchg.c **** #endif
  72:Generated_Source\PSoC5/ErikaOS_LEDBlink_ee_rq_exchg.c **** 
  73:Generated_Source\PSoC5/ErikaOS_LEDBlink_ee_rq_exchg.c **** #if (defined(__OO_BCC2__)) || (defined(__OO_ECC2__))
  74:Generated_Source\PSoC5/ErikaOS_LEDBlink_ee_rq_exchg.c **** EE_TID EE_rq2stk_exchange(void)
  75:Generated_Source\PSoC5/ErikaOS_LEDBlink_ee_rq_exchg.c **** {
  28              		.loc 1 75 0
  29              		.cfi_startproc
  30              		@ args = 0, pretend = 0, frame = 0
  31              		@ frame_needed = 0, uses_anonymous_args = 0
  32              		@ link register save eliminated.
  33 0000 F0B4     		push	{r4, r5, r6, r7}
  34              		.cfi_def_cfa_offset 16
  35              		.cfi_offset 4, -16
  36              		.cfi_offset 5, -12
  37              		.cfi_offset 6, -8
  38              		.cfi_offset 7, -4
  76:Generated_Source\PSoC5/ErikaOS_LEDBlink_ee_rq_exchg.c ****   EE_INT8 x;    /* the first non-empty queue */
ARM GAS  C:\Users\Girish\AppData\Local\Temp\cceu7t7n.s 			page 3


  77:Generated_Source\PSoC5/ErikaOS_LEDBlink_ee_rq_exchg.c ****   EE_TID temp;   /* the TID to be inserted in the top of the stack */
  78:Generated_Source\PSoC5/ErikaOS_LEDBlink_ee_rq_exchg.c ****   EE_TYPEPAIR y; /* used to free the descriptor */
  79:Generated_Source\PSoC5/ErikaOS_LEDBlink_ee_rq_exchg.c **** 
  80:Generated_Source\PSoC5/ErikaOS_LEDBlink_ee_rq_exchg.c **** #if defined(__OO_ECC2__)
  81:Generated_Source\PSoC5/ErikaOS_LEDBlink_ee_rq_exchg.c ****   /* lookup at bits 15-9 */
  82:Generated_Source\PSoC5/ErikaOS_LEDBlink_ee_rq_exchg.c ****   x = EE_rq_lookup[(EE_rq_bitmask & 0xFF00U) >> 8];
  39              		.loc 1 82 0
  40 0002 184B     		ldr	r3, .L6
  41 0004 1988     		ldrh	r1, [r3]
  42 0006 0B0A     		lsrs	r3, r1, #8
  43 0008 174A     		ldr	r2, .L6+4
  44 000a D356     		ldrsb	r3, [r2, r3]
  45              	.LVL0:
  83:Generated_Source\PSoC5/ErikaOS_LEDBlink_ee_rq_exchg.c ****   if (x == (EE_INT8)-1) {
  46              		.loc 1 83 0
  47 000c B3F1FF3F 		cmp	r3, #-1
  48 0010 01D1     		bne	.L2
  84:Generated_Source\PSoC5/ErikaOS_LEDBlink_ee_rq_exchg.c ****     x = EE_rq_lookup[EE_rq_bitmask];
  49              		.loc 1 84 0
  50 0012 5356     		ldrsb	r3, [r2, r1]
  51              	.LVL1:
  52 0014 01E0     		b	.L3
  53              	.L2:
  85:Generated_Source\PSoC5/ErikaOS_LEDBlink_ee_rq_exchg.c ****   } else {
  86:Generated_Source\PSoC5/ErikaOS_LEDBlink_ee_rq_exchg.c ****     x += (EE_INT8)8;
  54              		.loc 1 86 0
  55 0016 0833     		adds	r3, r3, #8
  56              	.LVL2:
  57 0018 5BB2     		sxtb	r3, r3
  58              	.LVL3:
  59              	.L3:
  87:Generated_Source\PSoC5/ErikaOS_LEDBlink_ee_rq_exchg.c ****   }
  88:Generated_Source\PSoC5/ErikaOS_LEDBlink_ee_rq_exchg.c **** #else
  89:Generated_Source\PSoC5/ErikaOS_LEDBlink_ee_rq_exchg.c ****   x = EE_rq_lookup[EE_rq_bitmask];
  90:Generated_Source\PSoC5/ErikaOS_LEDBlink_ee_rq_exchg.c **** #endif
  91:Generated_Source\PSoC5/ErikaOS_LEDBlink_ee_rq_exchg.c **** 
  92:Generated_Source\PSoC5/ErikaOS_LEDBlink_ee_rq_exchg.c ****   /* now x contains the highest priority non-empty queue number */
  93:Generated_Source\PSoC5/ErikaOS_LEDBlink_ee_rq_exchg.c **** 
  94:Generated_Source\PSoC5/ErikaOS_LEDBlink_ee_rq_exchg.c ****   /* get the TID to insert in the stacked queue */
  95:Generated_Source\PSoC5/ErikaOS_LEDBlink_ee_rq_exchg.c ****   temp = EE_rq_pairs_tid[EE_rq_queues_head[x]];
  60              		.loc 1 95 0
  61 001a 144D     		ldr	r5, .L6+8
  62 001c 55F82320 		ldr	r2, [r5, r3, lsl #2]
  63 0020 1348     		ldr	r0, .L6+12
  64 0022 50F82200 		ldr	r0, [r0, r2, lsl #2]
  65              	.LVL4:
  96:Generated_Source\PSoC5/ErikaOS_LEDBlink_ee_rq_exchg.c **** 
  97:Generated_Source\PSoC5/ErikaOS_LEDBlink_ee_rq_exchg.c ****   /* free the descriptor */
  98:Generated_Source\PSoC5/ErikaOS_LEDBlink_ee_rq_exchg.c ****   y = EE_rq_queues_head[x];
  99:Generated_Source\PSoC5/ErikaOS_LEDBlink_ee_rq_exchg.c ****   EE_rq_queues_head[x] = EE_rq_pairs_next[EE_rq_queues_head[x]];
  66              		.loc 1 99 0
  67 0026 134E     		ldr	r6, .L6+16
  68 0028 56F82240 		ldr	r4, [r6, r2, lsl #2]
  69 002c 45F82340 		str	r4, [r5, r3, lsl #2]
 100:Generated_Source\PSoC5/ErikaOS_LEDBlink_ee_rq_exchg.c ****   EE_rq_pairs_next[y] = EE_rq_free;
  70              		.loc 1 100 0
  71 0030 114D     		ldr	r5, .L6+20
ARM GAS  C:\Users\Girish\AppData\Local\Temp\cceu7t7n.s 			page 4


  72 0032 2F68     		ldr	r7, [r5]
  73 0034 46F82270 		str	r7, [r6, r2, lsl #2]
 101:Generated_Source\PSoC5/ErikaOS_LEDBlink_ee_rq_exchg.c ****   EE_rq_free = y;
  74              		.loc 1 101 0
  75 0038 2A60     		str	r2, [r5]
 102:Generated_Source\PSoC5/ErikaOS_LEDBlink_ee_rq_exchg.c ****   
 103:Generated_Source\PSoC5/ErikaOS_LEDBlink_ee_rq_exchg.c ****   if (EE_rq_queues_head[x] == (EE_SREG)-1) {
  76              		.loc 1 103 0
  77 003a B4F1FF3F 		cmp	r4, #-1
  78 003e 09D1     		bne	.L4
 104:Generated_Source\PSoC5/ErikaOS_LEDBlink_ee_rq_exchg.c ****     EE_rq_queues_tail[x] = -1;
  79              		.loc 1 104 0
  80 0040 0E4A     		ldr	r2, .L6+24
  81              	.LVL5:
  82 0042 42F82340 		str	r4, [r2, r3, lsl #2]
 105:Generated_Source\PSoC5/ErikaOS_LEDBlink_ee_rq_exchg.c ****     /* reset the (x)th bit in the bitfield; casts are for MISRA compliance */
 106:Generated_Source\PSoC5/ErikaOS_LEDBlink_ee_rq_exchg.c ****     EE_rq_bitmask &= (EE_TYPE_RQ_MASK)~((EE_TYPE_RQ_MASK)((EE_TYPE_RQ_MASK)1U << x));
  83              		.loc 1 106 0
  84 0046 0122     		movs	r2, #1
  85 0048 02FA03F3 		lsl	r3, r2, r3
  86              	.LVL6:
  87 004c 21EA0301 		bic	r1, r1, r3
  88 0050 044B     		ldr	r3, .L6
  89 0052 1980     		strh	r1, [r3]	@ movhi
  90              	.L4:
 107:Generated_Source\PSoC5/ErikaOS_LEDBlink_ee_rq_exchg.c ****   }
 108:Generated_Source\PSoC5/ErikaOS_LEDBlink_ee_rq_exchg.c **** 
 109:Generated_Source\PSoC5/ErikaOS_LEDBlink_ee_rq_exchg.c ****   /* insert the extracted task on the top of the stack */
 110:Generated_Source\PSoC5/ErikaOS_LEDBlink_ee_rq_exchg.c ****   EE_th_next[temp] = EE_stkfirst;
  91              		.loc 1 110 0
  92 0054 0A4B     		ldr	r3, .L6+28
  93 0056 1968     		ldr	r1, [r3]
  94 0058 0A4A     		ldr	r2, .L6+32
  95 005a 42F82010 		str	r1, [r2, r0, lsl #2]
 111:Generated_Source\PSoC5/ErikaOS_LEDBlink_ee_rq_exchg.c ****   EE_stkfirst = temp;
  96              		.loc 1 111 0
  97 005e 1860     		str	r0, [r3]
 112:Generated_Source\PSoC5/ErikaOS_LEDBlink_ee_rq_exchg.c **** 
 113:Generated_Source\PSoC5/ErikaOS_LEDBlink_ee_rq_exchg.c ****   return temp;
 114:Generated_Source\PSoC5/ErikaOS_LEDBlink_ee_rq_exchg.c **** }
  98              		.loc 1 114 0
  99 0060 F0BC     		pop	{r4, r5, r6, r7}
 100              		.cfi_restore 7
 101              		.cfi_restore 6
 102              		.cfi_restore 5
 103              		.cfi_restore 4
 104              		.cfi_def_cfa_offset 0
 105              	.LVL7:
 106 0062 7047     		bx	lr
 107              	.L7:
 108              		.align	2
 109              	.L6:
 110 0064 00000000 		.word	EE_rq_bitmask
 111 0068 00000000 		.word	EE_rq_lookup
 112 006c 00000000 		.word	EE_rq_queues_head
 113 0070 00000000 		.word	EE_rq_pairs_tid
 114 0074 00000000 		.word	EE_rq_pairs_next
ARM GAS  C:\Users\Girish\AppData\Local\Temp\cceu7t7n.s 			page 5


 115 0078 00000000 		.word	EE_rq_free
 116 007c 00000000 		.word	EE_rq_queues_tail
 117 0080 00000000 		.word	EE_stkfirst
 118 0084 00000000 		.word	EE_th_next
 119              		.cfi_endproc
 120              	.LFE70:
 121              		.size	EE_rq2stk_exchange, .-EE_rq2stk_exchange
 122              		.text
 123              	.Letext0:
 124              		.file 2 "Generated_Source\\PSoC5\\ErikaOS_LEDBlink_common_ee_types.inc"
 125              		.file 3 "Generated_Source\\PSoC5\\ErikaOS_LEDBlink_cortex_mx_ee_cpu.inc"
 126              		.file 4 "Generated_Source\\PSoC5\\ErikaOS_LEDBlink_ee_oo_common.inc"
 127              		.file 5 "Generated_Source\\PSoC5\\ErikaOS_LEDBlink_common_ee_primitives.inc"
 128              		.file 6 "Generated_Source\\PSoC5\\ErikaOS_LEDBlink_cortex_mx_ee_context.inc"
 129              		.file 7 "Generated_Source\\PSoC5\\ErikaOS_LEDBlink_ee_oo_intfunc.inc"
 130              		.file 8 "Generated_Source\\PSoC5\\ErikaOS_LEDBlink_ee_oo_internal.inc"
 131              		.section	.debug_info,"",%progbits
 132              	.Ldebug_info0:
 133 0000 7B040000 		.4byte	0x47b
 134 0004 0400     		.2byte	0x4
 135 0006 00000000 		.4byte	.Ldebug_abbrev0
 136 000a 04       		.byte	0x4
 137 000b 01       		.uleb128 0x1
 138 000c 53040000 		.4byte	.LASF69
 139 0010 0C       		.byte	0xc
 140 0011 72000000 		.4byte	.LASF70
 141 0015 1A000000 		.4byte	.LASF71
 142 0019 00000000 		.4byte	.Ldebug_ranges0+0
 143 001d 00000000 		.4byte	0
 144 0021 00000000 		.4byte	.Ldebug_line0
 145 0025 02       		.uleb128 0x2
 146 0026 01       		.byte	0x1
 147 0027 06       		.byte	0x6
 148 0028 E5020000 		.4byte	.LASF0
 149 002c 02       		.uleb128 0x2
 150 002d 01       		.byte	0x1
 151 002e 08       		.byte	0x8
 152 002f B6020000 		.4byte	.LASF1
 153 0033 02       		.uleb128 0x2
 154 0034 02       		.byte	0x2
 155 0035 05       		.byte	0x5
 156 0036 AD000000 		.4byte	.LASF2
 157 003a 02       		.uleb128 0x2
 158 003b 02       		.byte	0x2
 159 003c 07       		.byte	0x7
 160 003d 43030000 		.4byte	.LASF3
 161 0041 02       		.uleb128 0x2
 162 0042 04       		.byte	0x4
 163 0043 05       		.byte	0x5
 164 0044 FF010000 		.4byte	.LASF4
 165 0048 02       		.uleb128 0x2
 166 0049 04       		.byte	0x4
 167 004a 07       		.byte	0x7
 168 004b A0030000 		.4byte	.LASF5
 169 004f 02       		.uleb128 0x2
 170 0050 08       		.byte	0x8
 171 0051 05       		.byte	0x5
ARM GAS  C:\Users\Girish\AppData\Local\Temp\cceu7t7n.s 			page 6


 172 0052 AF010000 		.4byte	.LASF6
 173 0056 02       		.uleb128 0x2
 174 0057 08       		.byte	0x8
 175 0058 07       		.byte	0x7
 176 0059 F1020000 		.4byte	.LASF7
 177 005d 03       		.uleb128 0x3
 178 005e 04       		.byte	0x4
 179 005f 05       		.byte	0x5
 180 0060 696E7400 		.ascii	"int\000"
 181 0064 02       		.uleb128 0x2
 182 0065 04       		.byte	0x4
 183 0066 07       		.byte	0x7
 184 0067 08030000 		.4byte	.LASF8
 185 006b 02       		.uleb128 0x2
 186 006c 08       		.byte	0x8
 187 006d 04       		.byte	0x4
 188 006e 9B020000 		.4byte	.LASF9
 189 0072 04       		.uleb128 0x4
 190 0073 BD010000 		.4byte	.LASF10
 191 0077 02       		.byte	0x2
 192 0078 3F       		.byte	0x3f
 193 0079 25000000 		.4byte	0x25
 194 007d 04       		.uleb128 0x4
 195 007e 74030000 		.4byte	.LASF11
 196 0082 02       		.byte	0x2
 197 0083 52       		.byte	0x52
 198 0084 3A000000 		.4byte	0x3a
 199 0088 04       		.uleb128 0x4
 200 0089 3A030000 		.4byte	.LASF12
 201 008d 02       		.byte	0x2
 202 008e 53       		.byte	0x53
 203 008f 5D000000 		.4byte	0x5d
 204 0093 04       		.uleb128 0x4
 205 0094 EC000000 		.4byte	.LASF13
 206 0098 02       		.byte	0x2
 207 0099 54       		.byte	0x54
 208 009a 64000000 		.4byte	0x64
 209 009e 04       		.uleb128 0x4
 210 009f 05000000 		.4byte	.LASF14
 211 00a3 03       		.byte	0x3
 212 00a4 4D       		.byte	0x4d
 213 00a5 93000000 		.4byte	0x93
 214 00a9 04       		.uleb128 0x4
 215 00aa DD020000 		.4byte	.LASF15
 216 00ae 03       		.byte	0x3
 217 00af 4E       		.byte	0x4e
 218 00b0 88000000 		.4byte	0x88
 219 00b4 04       		.uleb128 0x4
 220 00b5 CE000000 		.4byte	.LASF16
 221 00b9 03       		.byte	0x3
 222 00ba 4F       		.byte	0x4f
 223 00bb 93000000 		.4byte	0x93
 224 00bf 04       		.uleb128 0x4
 225 00c0 C5030000 		.4byte	.LASF17
 226 00c4 03       		.byte	0x3
 227 00c5 54       		.byte	0x54
 228 00c6 9E000000 		.4byte	0x9e
ARM GAS  C:\Users\Girish\AppData\Local\Temp\cceu7t7n.s 			page 7


 229 00ca 04       		.uleb128 0x4
 230 00cb 19010000 		.4byte	.LASF18
 231 00cf 03       		.byte	0x3
 232 00d0 78       		.byte	0x78
 233 00d1 88000000 		.4byte	0x88
 234 00d5 05       		.uleb128 0x5
 235 00d6 DE010000 		.4byte	.LASF19
 236 00da 04       		.byte	0x4
 237 00db 0801     		.2byte	0x108
 238 00dd 7D000000 		.4byte	0x7d
 239 00e1 05       		.uleb128 0x5
 240 00e2 5E020000 		.4byte	.LASF20
 241 00e6 04       		.byte	0x4
 242 00e7 2C02     		.2byte	0x22c
 243 00e9 9E000000 		.4byte	0x9e
 244 00ed 05       		.uleb128 0x5
 245 00ee 76020000 		.4byte	.LASF21
 246 00f2 04       		.byte	0x4
 247 00f3 5402     		.2byte	0x254
 248 00f5 9E000000 		.4byte	0x9e
 249 00f9 05       		.uleb128 0x5
 250 00fa 09040000 		.4byte	.LASF22
 251 00fe 04       		.byte	0x4
 252 00ff 6302     		.2byte	0x263
 253 0101 9E000000 		.4byte	0x9e
 254 0105 06       		.uleb128 0x6
 255 0106 0C       		.byte	0xc
 256 0107 04       		.byte	0x4
 257 0108 6902     		.2byte	0x269
 258 010a 36010000 		.4byte	0x136
 259 010e 07       		.uleb128 0x7
 260 010f 08020000 		.4byte	.LASF23
 261 0113 04       		.byte	0x4
 262 0114 6A02     		.2byte	0x26a
 263 0116 E1000000 		.4byte	0xe1
 264 011a 00       		.byte	0
 265 011b 07       		.uleb128 0x7
 266 011c 0D000000 		.4byte	.LASF24
 267 0120 04       		.byte	0x4
 268 0121 6B02     		.2byte	0x26b
 269 0123 E1000000 		.4byte	0xe1
 270 0127 04       		.byte	0x4
 271 0128 07       		.uleb128 0x7
 272 0129 20010000 		.4byte	.LASF25
 273 012d 04       		.byte	0x4
 274 012e 6C02     		.2byte	0x26c
 275 0130 E1000000 		.4byte	0xe1
 276 0134 08       		.byte	0x8
 277 0135 00       		.byte	0
 278 0136 05       		.uleb128 0x5
 279 0137 36020000 		.4byte	.LASF26
 280 013b 04       		.byte	0x4
 281 013c 7102     		.2byte	0x271
 282 013e 05010000 		.4byte	0x105
 283 0142 06       		.uleb128 0x6
 284 0143 08       		.byte	0x8
 285 0144 04       		.byte	0x4
ARM GAS  C:\Users\Girish\AppData\Local\Temp\cceu7t7n.s 			page 8


 286 0145 7402     		.2byte	0x274
 287 0147 66010000 		.4byte	0x166
 288 014b 07       		.uleb128 0x7
 289 014c 29010000 		.4byte	.LASF27
 290 0150 04       		.byte	0x4
 291 0151 7502     		.2byte	0x275
 292 0153 E1000000 		.4byte	0xe1
 293 0157 00       		.byte	0
 294 0158 07       		.uleb128 0x7
 295 0159 14050000 		.4byte	.LASF28
 296 015d 04       		.byte	0x4
 297 015e 7602     		.2byte	0x276
 298 0160 ED000000 		.4byte	0xed
 299 0164 04       		.byte	0x4
 300 0165 00       		.byte	0
 301 0166 05       		.uleb128 0x5
 302 0167 98010000 		.4byte	.LASF29
 303 016b 04       		.byte	0x4
 304 016c 7702     		.2byte	0x277
 305 016e 42010000 		.4byte	0x142
 306 0172 08       		.uleb128 0x8
 307 0173 01       		.byte	0x1
 308 0174 2C000000 		.4byte	0x2c
 309 0178 04       		.byte	0x4
 310 0179 8102     		.2byte	0x281
 311 017b 8C010000 		.4byte	0x18c
 312 017f 09       		.uleb128 0x9
 313 0180 FB030000 		.4byte	.LASF30
 314 0184 00       		.byte	0
 315 0185 09       		.uleb128 0x9
 316 0186 EE010000 		.4byte	.LASF31
 317 018a 01       		.byte	0x1
 318 018b 00       		.byte	0
 319 018c 05       		.uleb128 0x5
 320 018d 59010000 		.4byte	.LASF32
 321 0191 04       		.byte	0x4
 322 0192 8402     		.2byte	0x284
 323 0194 72010000 		.4byte	0x172
 324 0198 05       		.uleb128 0x5
 325 0199 D6000000 		.4byte	.LASF33
 326 019d 04       		.byte	0x4
 327 019e 8702     		.2byte	0x287
 328 01a0 8C010000 		.4byte	0x18c
 329 01a4 06       		.uleb128 0x6
 330 01a5 0C       		.byte	0xc
 331 01a6 04       		.byte	0x4
 332 01a7 8B02     		.2byte	0x28b
 333 01a9 D3010000 		.4byte	0x1d3
 334 01ad 0A       		.uleb128 0xa
 335 01ae 6300     		.ascii	"c\000"
 336 01b0 04       		.byte	0x4
 337 01b1 8D02     		.2byte	0x28d
 338 01b3 F9000000 		.4byte	0xf9
 339 01b7 00       		.byte	0
 340 01b8 07       		.uleb128 0x7
 341 01b9 C6000000 		.4byte	.LASF34
 342 01bd 04       		.byte	0x4
ARM GAS  C:\Users\Girish\AppData\Local\Temp\cceu7t7n.s 			page 9


 343 01be 8F02     		.2byte	0x28f
 344 01c0 ED000000 		.4byte	0xed
 345 01c4 04       		.byte	0x4
 346 01c5 07       		.uleb128 0x7
 347 01c6 00000000 		.4byte	.LASF35
 348 01ca 04       		.byte	0x4
 349 01cb 9102     		.2byte	0x291
 350 01cd 98010000 		.4byte	0x198
 351 01d1 08       		.byte	0x8
 352 01d2 00       		.byte	0
 353 01d3 05       		.uleb128 0x5
 354 01d4 56030000 		.4byte	.LASF36
 355 01d8 04       		.byte	0x4
 356 01d9 9202     		.2byte	0x292
 357 01db A4010000 		.4byte	0x1a4
 358 01df 06       		.uleb128 0x6
 359 01e0 10       		.byte	0x10
 360 01e1 04       		.byte	0x4
 361 01e2 9602     		.2byte	0x296
 362 01e4 1D020000 		.4byte	0x21d
 363 01e8 07       		.uleb128 0x7
 364 01e9 04040000 		.4byte	.LASF37
 365 01ed 04       		.byte	0x4
 366 01ee 9702     		.2byte	0x297
 367 01f0 BF000000 		.4byte	0xbf
 368 01f4 00       		.byte	0
 369 01f5 07       		.uleb128 0x7
 370 01f6 E1040000 		.4byte	.LASF38
 371 01fa 04       		.byte	0x4
 372 01fb 9802     		.2byte	0x298
 373 01fd E1000000 		.4byte	0xe1
 374 0201 04       		.byte	0x4
 375 0202 07       		.uleb128 0x7
 376 0203 C0000000 		.4byte	.LASF39
 377 0207 04       		.byte	0x4
 378 0208 9902     		.2byte	0x299
 379 020a E1000000 		.4byte	0xe1
 380 020e 08       		.byte	0x8
 381 020f 07       		.uleb128 0x7
 382 0210 02050000 		.4byte	.LASF40
 383 0214 04       		.byte	0x4
 384 0215 9A02     		.2byte	0x29a
 385 0217 ED000000 		.4byte	0xed
 386 021b 0C       		.byte	0xc
 387 021c 00       		.byte	0
 388 021d 05       		.uleb128 0x5
 389 021e 18020000 		.4byte	.LASF41
 390 0222 04       		.byte	0x4
 391 0223 9B02     		.2byte	0x29b
 392 0225 DF010000 		.4byte	0x1df
 393 0229 0B       		.uleb128 0xb
 394 022a 88020000 		.4byte	.LASF72
 395 022e 01       		.byte	0x1
 396 022f 4A       		.byte	0x4a
 397 0230 CA000000 		.4byte	0xca
 398 0234 00000000 		.4byte	.LFB70
 399 0238 88000000 		.4byte	.LFE70-.LFB70
ARM GAS  C:\Users\Girish\AppData\Local\Temp\cceu7t7n.s 			page 10


 400 023c 01       		.uleb128 0x1
 401 023d 9C       		.byte	0x9c
 402 023e 6A020000 		.4byte	0x26a
 403 0242 0C       		.uleb128 0xc
 404 0243 7800     		.ascii	"x\000"
 405 0245 01       		.byte	0x1
 406 0246 4C       		.byte	0x4c
 407 0247 72000000 		.4byte	0x72
 408 024b 00000000 		.4byte	.LLST0
 409 024f 0D       		.uleb128 0xd
 410 0250 A8000000 		.4byte	.LASF42
 411 0254 01       		.byte	0x1
 412 0255 4D       		.byte	0x4d
 413 0256 CA000000 		.4byte	0xca
 414 025a 01       		.uleb128 0x1
 415 025b 50       		.byte	0x50
 416 025c 0C       		.uleb128 0xc
 417 025d 7900     		.ascii	"y\000"
 418 025f 01       		.byte	0x1
 419 0260 4E       		.byte	0x4e
 420 0261 A9000000 		.4byte	0xa9
 421 0265 2B000000 		.4byte	.LLST1
 422 0269 00       		.byte	0
 423 026a 0E       		.uleb128 0xe
 424 026b 78010000 		.4byte	.LASF43
 425 026f 05       		.byte	0x5
 426 0270 44       		.byte	0x44
 427 0271 9E000000 		.4byte	0x9e
 428 0275 0E       		.uleb128 0xe
 429 0276 21030000 		.4byte	.LASF44
 430 027a 06       		.byte	0x6
 431 027b 48       		.byte	0x48
 432 027c CA000000 		.4byte	0xca
 433 0280 0F       		.uleb128 0xf
 434 0281 97020000 		.4byte	0x297
 435 0285 90020000 		.4byte	0x290
 436 0289 10       		.uleb128 0x10
 437 028a 90020000 		.4byte	0x290
 438 028e 02       		.byte	0x2
 439 028f 00       		.byte	0
 440 0290 02       		.uleb128 0x2
 441 0291 04       		.byte	0x4
 442 0292 07       		.byte	0x7
 443 0293 B7000000 		.4byte	.LASF45
 444 0297 11       		.uleb128 0x11
 445 0298 9E000000 		.4byte	0x9e
 446 029c 0E       		.uleb128 0xe
 447 029d F6000000 		.4byte	.LASF46
 448 02a1 04       		.byte	0x4
 449 02a2 B2       		.byte	0xb2
 450 02a3 A7020000 		.4byte	0x2a7
 451 02a7 11       		.uleb128 0x11
 452 02a8 80020000 		.4byte	0x280
 453 02ac 0E       		.uleb128 0xe
 454 02ad 22040000 		.4byte	.LASF47
 455 02b1 04       		.byte	0x4
 456 02b2 B3       		.byte	0xb3
ARM GAS  C:\Users\Girish\AppData\Local\Temp\cceu7t7n.s 			page 11


 457 02b3 B7020000 		.4byte	0x2b7
 458 02b7 11       		.uleb128 0x11
 459 02b8 80020000 		.4byte	0x280
 460 02bc 0F       		.uleb128 0xf
 461 02bd 9E000000 		.4byte	0x9e
 462 02c1 CC020000 		.4byte	0x2cc
 463 02c5 10       		.uleb128 0x10
 464 02c6 90020000 		.4byte	0x290
 465 02ca 02       		.byte	0x2
 466 02cb 00       		.byte	0
 467 02cc 0E       		.uleb128 0xe
 468 02cd 15040000 		.4byte	.LASF48
 469 02d1 04       		.byte	0x4
 470 02d2 C1       		.byte	0xc1
 471 02d3 BC020000 		.4byte	0x2bc
 472 02d7 0F       		.uleb128 0xf
 473 02d8 CA000000 		.4byte	0xca
 474 02dc E7020000 		.4byte	0x2e7
 475 02e0 10       		.uleb128 0x10
 476 02e1 90020000 		.4byte	0x290
 477 02e5 02       		.byte	0x2
 478 02e6 00       		.byte	0
 479 02e7 0E       		.uleb128 0xe
 480 02e8 36040000 		.4byte	.LASF49
 481 02ec 04       		.byte	0x4
 482 02ed C9       		.byte	0xc9
 483 02ee D7020000 		.4byte	0x2d7
 484 02f2 0E       		.uleb128 0xe
 485 02f3 15030000 		.4byte	.LASF50
 486 02f7 04       		.byte	0x4
 487 02f8 D1       		.byte	0xd1
 488 02f9 BC020000 		.4byte	0x2bc
 489 02fd 0E       		.uleb128 0xe
 490 02fe D1030000 		.4byte	.LASF51
 491 0302 04       		.byte	0x4
 492 0303 D9       		.byte	0xd9
 493 0304 CA000000 		.4byte	0xca
 494 0308 0E       		.uleb128 0xe
 495 0309 67020000 		.4byte	.LASF52
 496 030d 04       		.byte	0x4
 497 030e EE       		.byte	0xee
 498 030f 9E000000 		.4byte	0x9e
 499 0313 0F       		.uleb128 0xf
 500 0314 A9000000 		.4byte	0xa9
 501 0318 23030000 		.4byte	0x323
 502 031c 10       		.uleb128 0x10
 503 031d 90020000 		.4byte	0x290
 504 0321 0F       		.byte	0xf
 505 0322 00       		.byte	0
 506 0323 12       		.uleb128 0x12
 507 0324 07010000 		.4byte	.LASF53
 508 0328 04       		.byte	0x4
 509 0329 1C01     		.2byte	0x11c
 510 032b 13030000 		.4byte	0x313
 511 032f 12       		.uleb128 0x12
 512 0330 41040000 		.4byte	.LASF54
 513 0334 04       		.byte	0x4
ARM GAS  C:\Users\Girish\AppData\Local\Temp\cceu7t7n.s 			page 12


 514 0335 1D01     		.2byte	0x11d
 515 0337 13030000 		.4byte	0x313
 516 033b 0F       		.uleb128 0xf
 517 033c A9000000 		.4byte	0xa9
 518 0340 4B030000 		.4byte	0x34b
 519 0344 10       		.uleb128 0x10
 520 0345 90020000 		.4byte	0x290
 521 0349 09       		.byte	0x9
 522 034a 00       		.byte	0
 523 034b 12       		.uleb128 0x12
 524 034c 4D020000 		.4byte	.LASF55
 525 0350 04       		.byte	0x4
 526 0351 2301     		.2byte	0x123
 527 0353 3B030000 		.4byte	0x33b
 528 0357 0F       		.uleb128 0xf
 529 0358 CA000000 		.4byte	0xca
 530 035c 67030000 		.4byte	0x367
 531 0360 10       		.uleb128 0x10
 532 0361 90020000 		.4byte	0x290
 533 0365 09       		.byte	0x9
 534 0366 00       		.byte	0
 535 0367 12       		.uleb128 0x12
 536 0368 DD030000 		.4byte	.LASF56
 537 036c 04       		.byte	0x4
 538 036d 3301     		.2byte	0x133
 539 036f 57030000 		.4byte	0x357
 540 0373 12       		.uleb128 0x12
 541 0374 ED030000 		.4byte	.LASF57
 542 0378 04       		.byte	0x4
 543 0379 3601     		.2byte	0x136
 544 037b D5000000 		.4byte	0xd5
 545 037f 12       		.uleb128 0x12
 546 0380 8D010000 		.4byte	.LASF58
 547 0384 04       		.byte	0x4
 548 0385 3801     		.2byte	0x138
 549 0387 A9000000 		.4byte	0xa9
 550 038b 12       		.uleb128 0x12
 551 038c B2030000 		.4byte	.LASF59
 552 0390 04       		.byte	0x4
 553 0391 5301     		.2byte	0x153
 554 0393 BC020000 		.4byte	0x2bc
 555 0397 0F       		.uleb128 0xf
 556 0398 BF000000 		.4byte	0xbf
 557 039c A7030000 		.4byte	0x3a7
 558 03a0 10       		.uleb128 0x10
 559 03a1 90020000 		.4byte	0x290
 560 03a5 02       		.byte	0x2
 561 03a6 00       		.byte	0
 562 03a7 12       		.uleb128 0x12
 563 03a8 2F010000 		.4byte	.LASF60
 564 03ac 04       		.byte	0x4
 565 03ad 5E01     		.2byte	0x15e
 566 03af 97030000 		.4byte	0x397
 567 03b3 0F       		.uleb128 0xf
 568 03b4 C3030000 		.4byte	0x3c3
 569 03b8 C3030000 		.4byte	0x3c3
 570 03bc 10       		.uleb128 0x10
ARM GAS  C:\Users\Girish\AppData\Local\Temp\cceu7t7n.s 			page 13


 571 03bd 90020000 		.4byte	0x290
 572 03c1 00       		.byte	0
 573 03c2 00       		.byte	0
 574 03c3 11       		.uleb128 0x11
 575 03c4 36010000 		.4byte	0x136
 576 03c8 12       		.uleb128 0x12
 577 03c9 A7020000 		.4byte	.LASF61
 578 03cd 04       		.byte	0x4
 579 03ce C102     		.2byte	0x2c1
 580 03d0 D4030000 		.4byte	0x3d4
 581 03d4 11       		.uleb128 0x11
 582 03d5 B3030000 		.4byte	0x3b3
 583 03d9 0F       		.uleb128 0xf
 584 03da E9030000 		.4byte	0x3e9
 585 03de E9030000 		.4byte	0x3e9
 586 03e2 10       		.uleb128 0x10
 587 03e3 90020000 		.4byte	0x290
 588 03e7 00       		.byte	0
 589 03e8 00       		.byte	0
 590 03e9 11       		.uleb128 0x11
 591 03ea D3010000 		.4byte	0x1d3
 592 03ee 12       		.uleb128 0x12
 593 03ef 40010000 		.4byte	.LASF62
 594 03f3 04       		.byte	0x4
 595 03f4 D402     		.2byte	0x2d4
 596 03f6 FA030000 		.4byte	0x3fa
 597 03fa 11       		.uleb128 0x11
 598 03fb D9030000 		.4byte	0x3d9
 599 03ff 0F       		.uleb128 0xf
 600 0400 66010000 		.4byte	0x166
 601 0404 0F040000 		.4byte	0x40f
 602 0408 10       		.uleb128 0x10
 603 0409 90020000 		.4byte	0x290
 604 040d 00       		.byte	0
 605 040e 00       		.byte	0
 606 040f 12       		.uleb128 0x12
 607 0410 7E030000 		.4byte	.LASF63
 608 0414 04       		.byte	0x4
 609 0415 F202     		.2byte	0x2f2
 610 0417 FF030000 		.4byte	0x3ff
 611 041b 0F       		.uleb128 0xf
 612 041c 1D020000 		.4byte	0x21d
 613 0420 2B040000 		.4byte	0x42b
 614 0424 10       		.uleb128 0x10
 615 0425 90020000 		.4byte	0x290
 616 0429 00       		.byte	0
 617 042a 00       		.byte	0
 618 042b 12       		.uleb128 0x12
 619 042c C4020000 		.4byte	.LASF64
 620 0430 04       		.byte	0x4
 621 0431 FB02     		.2byte	0x2fb
 622 0433 1B040000 		.4byte	0x41b
 623 0437 0E       		.uleb128 0xe
 624 0438 EA040000 		.4byte	.LASF65
 625 043c 07       		.byte	0x7
 626 043d 40       		.byte	0x40
 627 043e 9E000000 		.4byte	0x9e
ARM GAS  C:\Users\Girish\AppData\Local\Temp\cceu7t7n.s 			page 14


 628 0442 0E       		.uleb128 0xe
 629 0443 C5010000 		.4byte	.LASF66
 630 0447 07       		.byte	0x7
 631 0448 47       		.byte	0x47
 632 0449 B4000000 		.4byte	0xb4
 633 044d 0E       		.uleb128 0xe
 634 044e 8D030000 		.4byte	.LASF67
 635 0452 07       		.byte	0x7
 636 0453 4A       		.byte	0x4a
 637 0454 9E000000 		.4byte	0x9e
 638 0458 0F       		.uleb128 0xf
 639 0459 68040000 		.4byte	0x468
 640 045d 68040000 		.4byte	0x468
 641 0461 10       		.uleb128 0x10
 642 0462 90020000 		.4byte	0x290
 643 0466 FF       		.byte	0xff
 644 0467 00       		.byte	0
 645 0468 11       		.uleb128 0x11
 646 0469 72000000 		.4byte	0x72
 647 046d 12       		.uleb128 0x12
 648 046e 07050000 		.4byte	.LASF68
 649 0472 08       		.byte	0x8
 650 0473 AB01     		.2byte	0x1ab
 651 0475 79040000 		.4byte	0x479
 652 0479 11       		.uleb128 0x11
 653 047a 58040000 		.4byte	0x458
 654 047e 00       		.byte	0
 655              		.section	.debug_abbrev,"",%progbits
 656              	.Ldebug_abbrev0:
 657 0000 01       		.uleb128 0x1
 658 0001 11       		.uleb128 0x11
 659 0002 01       		.byte	0x1
 660 0003 25       		.uleb128 0x25
 661 0004 0E       		.uleb128 0xe
 662 0005 13       		.uleb128 0x13
 663 0006 0B       		.uleb128 0xb
 664 0007 03       		.uleb128 0x3
 665 0008 0E       		.uleb128 0xe
 666 0009 1B       		.uleb128 0x1b
 667 000a 0E       		.uleb128 0xe
 668 000b 55       		.uleb128 0x55
 669 000c 17       		.uleb128 0x17
 670 000d 11       		.uleb128 0x11
 671 000e 01       		.uleb128 0x1
 672 000f 10       		.uleb128 0x10
 673 0010 17       		.uleb128 0x17
 674 0011 00       		.byte	0
 675 0012 00       		.byte	0
 676 0013 02       		.uleb128 0x2
 677 0014 24       		.uleb128 0x24
 678 0015 00       		.byte	0
 679 0016 0B       		.uleb128 0xb
 680 0017 0B       		.uleb128 0xb
 681 0018 3E       		.uleb128 0x3e
 682 0019 0B       		.uleb128 0xb
 683 001a 03       		.uleb128 0x3
 684 001b 0E       		.uleb128 0xe
ARM GAS  C:\Users\Girish\AppData\Local\Temp\cceu7t7n.s 			page 15


 685 001c 00       		.byte	0
 686 001d 00       		.byte	0
 687 001e 03       		.uleb128 0x3
 688 001f 24       		.uleb128 0x24
 689 0020 00       		.byte	0
 690 0021 0B       		.uleb128 0xb
 691 0022 0B       		.uleb128 0xb
 692 0023 3E       		.uleb128 0x3e
 693 0024 0B       		.uleb128 0xb
 694 0025 03       		.uleb128 0x3
 695 0026 08       		.uleb128 0x8
 696 0027 00       		.byte	0
 697 0028 00       		.byte	0
 698 0029 04       		.uleb128 0x4
 699 002a 16       		.uleb128 0x16
 700 002b 00       		.byte	0
 701 002c 03       		.uleb128 0x3
 702 002d 0E       		.uleb128 0xe
 703 002e 3A       		.uleb128 0x3a
 704 002f 0B       		.uleb128 0xb
 705 0030 3B       		.uleb128 0x3b
 706 0031 0B       		.uleb128 0xb
 707 0032 49       		.uleb128 0x49
 708 0033 13       		.uleb128 0x13
 709 0034 00       		.byte	0
 710 0035 00       		.byte	0
 711 0036 05       		.uleb128 0x5
 712 0037 16       		.uleb128 0x16
 713 0038 00       		.byte	0
 714 0039 03       		.uleb128 0x3
 715 003a 0E       		.uleb128 0xe
 716 003b 3A       		.uleb128 0x3a
 717 003c 0B       		.uleb128 0xb
 718 003d 3B       		.uleb128 0x3b
 719 003e 05       		.uleb128 0x5
 720 003f 49       		.uleb128 0x49
 721 0040 13       		.uleb128 0x13
 722 0041 00       		.byte	0
 723 0042 00       		.byte	0
 724 0043 06       		.uleb128 0x6
 725 0044 13       		.uleb128 0x13
 726 0045 01       		.byte	0x1
 727 0046 0B       		.uleb128 0xb
 728 0047 0B       		.uleb128 0xb
 729 0048 3A       		.uleb128 0x3a
 730 0049 0B       		.uleb128 0xb
 731 004a 3B       		.uleb128 0x3b
 732 004b 05       		.uleb128 0x5
 733 004c 01       		.uleb128 0x1
 734 004d 13       		.uleb128 0x13
 735 004e 00       		.byte	0
 736 004f 00       		.byte	0
 737 0050 07       		.uleb128 0x7
 738 0051 0D       		.uleb128 0xd
 739 0052 00       		.byte	0
 740 0053 03       		.uleb128 0x3
 741 0054 0E       		.uleb128 0xe
ARM GAS  C:\Users\Girish\AppData\Local\Temp\cceu7t7n.s 			page 16


 742 0055 3A       		.uleb128 0x3a
 743 0056 0B       		.uleb128 0xb
 744 0057 3B       		.uleb128 0x3b
 745 0058 05       		.uleb128 0x5
 746 0059 49       		.uleb128 0x49
 747 005a 13       		.uleb128 0x13
 748 005b 38       		.uleb128 0x38
 749 005c 0B       		.uleb128 0xb
 750 005d 00       		.byte	0
 751 005e 00       		.byte	0
 752 005f 08       		.uleb128 0x8
 753 0060 04       		.uleb128 0x4
 754 0061 01       		.byte	0x1
 755 0062 0B       		.uleb128 0xb
 756 0063 0B       		.uleb128 0xb
 757 0064 49       		.uleb128 0x49
 758 0065 13       		.uleb128 0x13
 759 0066 3A       		.uleb128 0x3a
 760 0067 0B       		.uleb128 0xb
 761 0068 3B       		.uleb128 0x3b
 762 0069 05       		.uleb128 0x5
 763 006a 01       		.uleb128 0x1
 764 006b 13       		.uleb128 0x13
 765 006c 00       		.byte	0
 766 006d 00       		.byte	0
 767 006e 09       		.uleb128 0x9
 768 006f 28       		.uleb128 0x28
 769 0070 00       		.byte	0
 770 0071 03       		.uleb128 0x3
 771 0072 0E       		.uleb128 0xe
 772 0073 1C       		.uleb128 0x1c
 773 0074 0B       		.uleb128 0xb
 774 0075 00       		.byte	0
 775 0076 00       		.byte	0
 776 0077 0A       		.uleb128 0xa
 777 0078 0D       		.uleb128 0xd
 778 0079 00       		.byte	0
 779 007a 03       		.uleb128 0x3
 780 007b 08       		.uleb128 0x8
 781 007c 3A       		.uleb128 0x3a
 782 007d 0B       		.uleb128 0xb
 783 007e 3B       		.uleb128 0x3b
 784 007f 05       		.uleb128 0x5
 785 0080 49       		.uleb128 0x49
 786 0081 13       		.uleb128 0x13
 787 0082 38       		.uleb128 0x38
 788 0083 0B       		.uleb128 0xb
 789 0084 00       		.byte	0
 790 0085 00       		.byte	0
 791 0086 0B       		.uleb128 0xb
 792 0087 2E       		.uleb128 0x2e
 793 0088 01       		.byte	0x1
 794 0089 3F       		.uleb128 0x3f
 795 008a 19       		.uleb128 0x19
 796 008b 03       		.uleb128 0x3
 797 008c 0E       		.uleb128 0xe
 798 008d 3A       		.uleb128 0x3a
ARM GAS  C:\Users\Girish\AppData\Local\Temp\cceu7t7n.s 			page 17


 799 008e 0B       		.uleb128 0xb
 800 008f 3B       		.uleb128 0x3b
 801 0090 0B       		.uleb128 0xb
 802 0091 27       		.uleb128 0x27
 803 0092 19       		.uleb128 0x19
 804 0093 49       		.uleb128 0x49
 805 0094 13       		.uleb128 0x13
 806 0095 11       		.uleb128 0x11
 807 0096 01       		.uleb128 0x1
 808 0097 12       		.uleb128 0x12
 809 0098 06       		.uleb128 0x6
 810 0099 40       		.uleb128 0x40
 811 009a 18       		.uleb128 0x18
 812 009b 9742     		.uleb128 0x2117
 813 009d 19       		.uleb128 0x19
 814 009e 01       		.uleb128 0x1
 815 009f 13       		.uleb128 0x13
 816 00a0 00       		.byte	0
 817 00a1 00       		.byte	0
 818 00a2 0C       		.uleb128 0xc
 819 00a3 34       		.uleb128 0x34
 820 00a4 00       		.byte	0
 821 00a5 03       		.uleb128 0x3
 822 00a6 08       		.uleb128 0x8
 823 00a7 3A       		.uleb128 0x3a
 824 00a8 0B       		.uleb128 0xb
 825 00a9 3B       		.uleb128 0x3b
 826 00aa 0B       		.uleb128 0xb
 827 00ab 49       		.uleb128 0x49
 828 00ac 13       		.uleb128 0x13
 829 00ad 02       		.uleb128 0x2
 830 00ae 17       		.uleb128 0x17
 831 00af 00       		.byte	0
 832 00b0 00       		.byte	0
 833 00b1 0D       		.uleb128 0xd
 834 00b2 34       		.uleb128 0x34
 835 00b3 00       		.byte	0
 836 00b4 03       		.uleb128 0x3
 837 00b5 0E       		.uleb128 0xe
 838 00b6 3A       		.uleb128 0x3a
 839 00b7 0B       		.uleb128 0xb
 840 00b8 3B       		.uleb128 0x3b
 841 00b9 0B       		.uleb128 0xb
 842 00ba 49       		.uleb128 0x49
 843 00bb 13       		.uleb128 0x13
 844 00bc 02       		.uleb128 0x2
 845 00bd 18       		.uleb128 0x18
 846 00be 00       		.byte	0
 847 00bf 00       		.byte	0
 848 00c0 0E       		.uleb128 0xe
 849 00c1 34       		.uleb128 0x34
 850 00c2 00       		.byte	0
 851 00c3 03       		.uleb128 0x3
 852 00c4 0E       		.uleb128 0xe
 853 00c5 3A       		.uleb128 0x3a
 854 00c6 0B       		.uleb128 0xb
 855 00c7 3B       		.uleb128 0x3b
ARM GAS  C:\Users\Girish\AppData\Local\Temp\cceu7t7n.s 			page 18


 856 00c8 0B       		.uleb128 0xb
 857 00c9 49       		.uleb128 0x49
 858 00ca 13       		.uleb128 0x13
 859 00cb 3F       		.uleb128 0x3f
 860 00cc 19       		.uleb128 0x19
 861 00cd 3C       		.uleb128 0x3c
 862 00ce 19       		.uleb128 0x19
 863 00cf 00       		.byte	0
 864 00d0 00       		.byte	0
 865 00d1 0F       		.uleb128 0xf
 866 00d2 01       		.uleb128 0x1
 867 00d3 01       		.byte	0x1
 868 00d4 49       		.uleb128 0x49
 869 00d5 13       		.uleb128 0x13
 870 00d6 01       		.uleb128 0x1
 871 00d7 13       		.uleb128 0x13
 872 00d8 00       		.byte	0
 873 00d9 00       		.byte	0
 874 00da 10       		.uleb128 0x10
 875 00db 21       		.uleb128 0x21
 876 00dc 00       		.byte	0
 877 00dd 49       		.uleb128 0x49
 878 00de 13       		.uleb128 0x13
 879 00df 2F       		.uleb128 0x2f
 880 00e0 0B       		.uleb128 0xb
 881 00e1 00       		.byte	0
 882 00e2 00       		.byte	0
 883 00e3 11       		.uleb128 0x11
 884 00e4 26       		.uleb128 0x26
 885 00e5 00       		.byte	0
 886 00e6 49       		.uleb128 0x49
 887 00e7 13       		.uleb128 0x13
 888 00e8 00       		.byte	0
 889 00e9 00       		.byte	0
 890 00ea 12       		.uleb128 0x12
 891 00eb 34       		.uleb128 0x34
 892 00ec 00       		.byte	0
 893 00ed 03       		.uleb128 0x3
 894 00ee 0E       		.uleb128 0xe
 895 00ef 3A       		.uleb128 0x3a
 896 00f0 0B       		.uleb128 0xb
 897 00f1 3B       		.uleb128 0x3b
 898 00f2 05       		.uleb128 0x5
 899 00f3 49       		.uleb128 0x49
 900 00f4 13       		.uleb128 0x13
 901 00f5 3F       		.uleb128 0x3f
 902 00f6 19       		.uleb128 0x19
 903 00f7 3C       		.uleb128 0x3c
 904 00f8 19       		.uleb128 0x19
 905 00f9 00       		.byte	0
 906 00fa 00       		.byte	0
 907 00fb 00       		.byte	0
 908              		.section	.debug_loc,"",%progbits
 909              	.Ldebug_loc0:
 910              	.LLST0:
 911 0000 0C000000 		.4byte	.LVL0
 912 0004 18000000 		.4byte	.LVL2
ARM GAS  C:\Users\Girish\AppData\Local\Temp\cceu7t7n.s 			page 19


 913 0008 0100     		.2byte	0x1
 914 000a 53       		.byte	0x53
 915 000b 18000000 		.4byte	.LVL2
 916 000f 1A000000 		.4byte	.LVL3
 917 0013 0300     		.2byte	0x3
 918 0015 73       		.byte	0x73
 919 0016 78       		.sleb128 -8
 920 0017 9F       		.byte	0x9f
 921 0018 1A000000 		.4byte	.LVL3
 922 001c 4C000000 		.4byte	.LVL6
 923 0020 0100     		.2byte	0x1
 924 0022 53       		.byte	0x53
 925 0023 00000000 		.4byte	0
 926 0027 00000000 		.4byte	0
 927              	.LLST1:
 928 002b 26000000 		.4byte	.LVL4
 929 002f 42000000 		.4byte	.LVL5
 930 0033 0100     		.2byte	0x1
 931 0035 52       		.byte	0x52
 932 0036 42000000 		.4byte	.LVL5
 933 003a 62000000 		.4byte	.LVL7
 934 003e 0200     		.2byte	0x2
 935 0040 75       		.byte	0x75
 936 0041 00       		.sleb128 0
 937 0042 00000000 		.4byte	0
 938 0046 00000000 		.4byte	0
 939              		.section	.debug_aranges,"",%progbits
 940 0000 1C000000 		.4byte	0x1c
 941 0004 0200     		.2byte	0x2
 942 0006 00000000 		.4byte	.Ldebug_info0
 943 000a 04       		.byte	0x4
 944 000b 00       		.byte	0
 945 000c 0000     		.2byte	0
 946 000e 0000     		.2byte	0
 947 0010 00000000 		.4byte	.LFB70
 948 0014 88000000 		.4byte	.LFE70-.LFB70
 949 0018 00000000 		.4byte	0
 950 001c 00000000 		.4byte	0
 951              		.section	.debug_ranges,"",%progbits
 952              	.Ldebug_ranges0:
 953 0000 00000000 		.4byte	.LFB70
 954 0004 88000000 		.4byte	.LFE70
 955 0008 00000000 		.4byte	0
 956 000c 00000000 		.4byte	0
 957              		.section	.debug_line,"",%progbits
 958              	.Ldebug_line0:
 959 0000 8F010000 		.section	.debug_str,"MS",%progbits,1
 959      02006901 
 959      00000201 
 959      FB0E0D00 
 959      01010101 
 960              	.LASF35:
 961 0000 6B696E64 		.ascii	"kind\000"
 961      00
 962              	.LASF14:
 963 0005 45455F55 		.ascii	"EE_UREG\000"
 963      52454700 
ARM GAS  C:\Users\Girish\AppData\Local\Temp\cceu7t7n.s 			page 20


 964              	.LASF24:
 965 000d 7469636B 		.ascii	"ticksperbase\000"
 965      73706572 
 965      62617365 
 965      00
 966              	.LASF71:
 967 001a 433A5C55 		.ascii	"C:\\Users\\Girish\\OneDrive\\Documents\\PSoC Creato"
 967      73657273 
 967      5C476972 
 967      6973685C 
 967      4F6E6544 
 968 0048 725C4572 		.ascii	"r\\Erika_OS_WorkSpace\\Erika_LEDBlink.cydsn\000"
 968      696B615F 
 968      4F535F57 
 968      6F726B53 
 968      70616365 
 969              	.LASF70:
 970 0072 47656E65 		.ascii	"Generated_Source\\PSoC5\\ErikaOS_LEDBlink_ee_rq_exc"
 970      72617465 
 970      645F536F 
 970      75726365 
 970      5C50536F 
 971 00a3 68672E63 		.ascii	"hg.c\000"
 971      00
 972              	.LASF42:
 973 00a8 74656D70 		.ascii	"temp\000"
 973      00
 974              	.LASF2:
 975 00ad 73686F72 		.ascii	"short int\000"
 975      7420696E 
 975      7400
 976              	.LASF45:
 977 00b7 73697A65 		.ascii	"sizetype\000"
 977      74797065 
 977      00
 978              	.LASF39:
 979 00c0 64656C74 		.ascii	"delta\000"
 979      6100
 980              	.LASF34:
 981 00c6 73706563 		.ascii	"spec_id\000"
 981      5F696400 
 982              	.LASF16:
 983 00ce 45455F46 		.ascii	"EE_FREG\000"
 983      52454700 
 984              	.LASF33:
 985 00d6 436F756E 		.ascii	"CounterObjectKindType\000"
 985      7465724F 
 985      626A6563 
 985      744B696E 
 985      64547970 
 986              	.LASF13:
 987 00ec 45455F55 		.ascii	"EE_UINT32\000"
 987      494E5433 
 987      3200
 988              	.LASF46:
 989 00f6 45455F74 		.ascii	"EE_th_ready_prio\000"
 989      685F7265 
ARM GAS  C:\Users\Girish\AppData\Local\Temp\cceu7t7n.s 			page 21


 989      6164795F 
 989      7072696F 
 989      00
 990              	.LASF53:
 991 0107 45455F72 		.ascii	"EE_rq_queues_head\000"
 991      715F7175 
 991      65756573 
 991      5F686561 
 991      6400
 992              	.LASF18:
 993 0119 45455F54 		.ascii	"EE_TID\000"
 993      494400
 994              	.LASF25:
 995 0120 6D696E63 		.ascii	"mincycle\000"
 995      79636C65 
 995      00
 996              	.LASF27:
 997 0129 76616C75 		.ascii	"value\000"
 997      6500
 998              	.LASF60:
 999 012f 45455F74 		.ascii	"EE_th_waswaiting\000"
 999      685F7761 
 999      73776169 
 999      74696E67 
 999      00
 1000              	.LASF62:
 1001 0140 45455F6F 		.ascii	"EE_oo_counter_object_ROM\000"
 1001      6F5F636F 
 1001      756E7465 
 1001      725F6F62 
 1001      6A656374 
 1002              	.LASF32:
 1003 0159 45455F6F 		.ascii	"EE_oo_counter_object_kind_type\000"
 1003      6F5F636F 
 1003      756E7465 
 1003      725F6F62 
 1003      6A656374 
 1004              	.LASF43:
 1005 0178 45455F49 		.ascii	"EE_IRQ_nesting_level\000"
 1005      52515F6E 
 1005      65737469 
 1005      6E675F6C 
 1005      6576656C 
 1006              	.LASF58:
 1007 018d 45455F72 		.ascii	"EE_rq_free\000"
 1007      715F6672 
 1007      656500
 1008              	.LASF29:
 1009 0198 45455F6F 		.ascii	"EE_oo_counter_RAM_type\000"
 1009      6F5F636F 
 1009      756E7465 
 1009      725F5241 
 1009      4D5F7479 
 1010              	.LASF6:
 1011 01af 6C6F6E67 		.ascii	"long long int\000"
 1011      206C6F6E 
 1011      6720696E 
ARM GAS  C:\Users\Girish\AppData\Local\Temp\cceu7t7n.s 			page 22


 1011      7400
 1012              	.LASF10:
 1013 01bd 45455F49 		.ascii	"EE_INT8\000"
 1013      4E543800 
 1014              	.LASF66:
 1015 01c5 45455F6F 		.ascii	"EE_oo_IRQ_suspend_status\000"
 1015      6F5F4952 
 1015      515F7375 
 1015      7370656E 
 1015      645F7374 
 1016              	.LASF19:
 1017 01de 45455F54 		.ascii	"EE_TYPE_RQ_MASK\000"
 1017      5950455F 
 1017      52515F4D 
 1017      41534B00 
 1018              	.LASF31:
 1019 01ee 45455F53 		.ascii	"EE_SCHEDULETABLE\000"
 1019      43484544 
 1019      554C4554 
 1019      41424C45 
 1019      00
 1020              	.LASF4:
 1021 01ff 6C6F6E67 		.ascii	"long int\000"
 1021      20696E74 
 1021      00
 1022              	.LASF23:
 1023 0208 6D617861 		.ascii	"maxallowedvalue\000"
 1023      6C6C6F77 
 1023      65647661 
 1023      6C756500 
 1024              	.LASF41:
 1025 0218 45455F6F 		.ascii	"EE_oo_counter_object_RAM_type\000"
 1025      6F5F636F 
 1025      756E7465 
 1025      725F6F62 
 1025      6A656374 
 1026              	.LASF26:
 1027 0236 45455F6F 		.ascii	"EE_oo_counter_ROM_type\000"
 1027      6F5F636F 
 1027      756E7465 
 1027      725F524F 
 1027      4D5F7479 
 1028              	.LASF55:
 1029 024d 45455F72 		.ascii	"EE_rq_pairs_next\000"
 1029      715F7061 
 1029      6972735F 
 1029      6E657874 
 1029      00
 1030              	.LASF20:
 1031 025e 5469636B 		.ascii	"TickType\000"
 1031      54797065 
 1031      00
 1032              	.LASF52:
 1033 0267 45455F73 		.ascii	"EE_sys_ceiling\000"
 1033      79735F63 
 1033      65696C69 
 1033      6E6700
ARM GAS  C:\Users\Girish\AppData\Local\Temp\cceu7t7n.s 			page 23


 1034              	.LASF21:
 1035 0276 436F756E 		.ascii	"CounterObjectType\000"
 1035      7465724F 
 1035      626A6563 
 1035      74547970 
 1035      6500
 1036              	.LASF72:
 1037 0288 45455F72 		.ascii	"EE_rq2stk_exchange\000"
 1037      71327374 
 1037      6B5F6578 
 1037      6368616E 
 1037      676500
 1038              	.LASF9:
 1039 029b 6C6F6E67 		.ascii	"long double\000"
 1039      20646F75 
 1039      626C6500 
 1040              	.LASF61:
 1041 02a7 45455F63 		.ascii	"EE_counter_ROM\000"
 1041      6F756E74 
 1041      65725F52 
 1041      4F4D00
 1042              	.LASF1:
 1043 02b6 756E7369 		.ascii	"unsigned char\000"
 1043      676E6564 
 1043      20636861 
 1043      7200
 1044              	.LASF64:
 1045 02c4 45455F6F 		.ascii	"EE_oo_counter_object_RAM\000"
 1045      6F5F636F 
 1045      756E7465 
 1045      725F6F62 
 1045      6A656374 
 1046              	.LASF15:
 1047 02dd 45455F53 		.ascii	"EE_SREG\000"
 1047      52454700 
 1048              	.LASF0:
 1049 02e5 7369676E 		.ascii	"signed char\000"
 1049      65642063 
 1049      68617200 
 1050              	.LASF7:
 1051 02f1 6C6F6E67 		.ascii	"long long unsigned int\000"
 1051      206C6F6E 
 1051      6720756E 
 1051      7369676E 
 1051      65642069 
 1052              	.LASF8:
 1053 0308 756E7369 		.ascii	"unsigned int\000"
 1053      676E6564 
 1053      20696E74 
 1053      00
 1054              	.LASF50:
 1055 0315 45455F74 		.ascii	"EE_th_rnact\000"
 1055      685F726E 
 1055      61637400 
 1056              	.LASF44:
 1057 0321 45455F73 		.ascii	"EE_std_endcycle_next_tid\000"
 1057      74645F65 
ARM GAS  C:\Users\Girish\AppData\Local\Temp\cceu7t7n.s 			page 24


 1057      6E646379 
 1057      636C655F 
 1057      6E657874 
 1058              	.LASF12:
 1059 033a 45455F49 		.ascii	"EE_INT32\000"
 1059      4E543332 
 1059      00
 1060              	.LASF3:
 1061 0343 73686F72 		.ascii	"short unsigned int\000"
 1061      7420756E 
 1061      7369676E 
 1061      65642069 
 1061      6E7400
 1062              	.LASF36:
 1063 0356 45455F6F 		.ascii	"EE_oo_counter_object_ROM_type\000"
 1063      6F5F636F 
 1063      756E7465 
 1063      725F6F62 
 1063      6A656374 
 1064              	.LASF11:
 1065 0374 45455F55 		.ascii	"EE_UINT16\000"
 1065      494E5431 
 1065      3600
 1066              	.LASF63:
 1067 037e 45455F63 		.ascii	"EE_counter_RAM\000"
 1067      6F756E74 
 1067      65725F52 
 1067      414D00
 1068              	.LASF67:
 1069 038d 45455F41 		.ascii	"EE_ApplicationMode\000"
 1069      70706C69 
 1069      63617469 
 1069      6F6E4D6F 
 1069      646500
 1070              	.LASF5:
 1071 03a0 6C6F6E67 		.ascii	"long unsigned int\000"
 1071      20756E73 
 1071      69676E65 
 1071      6420696E 
 1071      7400
 1072              	.LASF59:
 1073 03b2 45455F74 		.ascii	"EE_th_event_active\000"
 1073      685F6576 
 1073      656E745F 
 1073      61637469 
 1073      766500
 1074              	.LASF17:
 1075 03c5 45455F54 		.ascii	"EE_TYPEBOOL\000"
 1075      59504542 
 1075      4F4F4C00 
 1076              	.LASF51:
 1077 03d1 45455F73 		.ascii	"EE_stkfirst\000"
 1077      746B6669 
 1077      72737400 
 1078              	.LASF56:
 1079 03dd 45455F72 		.ascii	"EE_rq_pairs_tid\000"
 1079      715F7061 
ARM GAS  C:\Users\Girish\AppData\Local\Temp\cceu7t7n.s 			page 25


 1079      6972735F 
 1079      74696400 
 1080              	.LASF57:
 1081 03ed 45455F72 		.ascii	"EE_rq_bitmask\000"
 1081      715F6269 
 1081      746D6173 
 1081      6B00
 1082              	.LASF30:
 1083 03fb 45455F41 		.ascii	"EE_ALARM\000"
 1083      4C41524D 
 1083      00
 1084              	.LASF37:
 1085 0404 75736564 		.ascii	"used\000"
 1085      00
 1086              	.LASF22:
 1087 0409 436F756E 		.ascii	"CounterType\000"
 1087      74657254 
 1087      79706500 
 1088              	.LASF48:
 1089 0415 45455F74 		.ascii	"EE_th_status\000"
 1089      685F7374 
 1089      61747573 
 1089      00
 1090              	.LASF47:
 1091 0422 45455F74 		.ascii	"EE_th_dispatch_prio\000"
 1091      685F6469 
 1091      73706174 
 1091      63685F70 
 1091      72696F00 
 1092              	.LASF49:
 1093 0436 45455F74 		.ascii	"EE_th_next\000"
 1093      685F6E65 
 1093      787400
 1094              	.LASF54:
 1095 0441 45455F72 		.ascii	"EE_rq_queues_tail\000"
 1095      715F7175 
 1095      65756573 
 1095      5F746169 
 1095      6C00
 1096              	.LASF69:
 1097 0453 474E5520 		.ascii	"GNU C11 5.4.1 20160609 (release) [ARM/embedded-5-br"
 1097      43313120 
 1097      352E342E 
 1097      31203230 
 1097      31363036 
 1098 0486 616E6368 		.ascii	"anch revision 237715] -mcpu=cortex-m3 -mthumb -g -O"
 1098      20726576 
 1098      6973696F 
 1098      6E203233 
 1098      37373135 
 1099 04b9 67202D66 		.ascii	"g -ffunction-sections -ffat-lto-objects\000"
 1099      66756E63 
 1099      74696F6E 
 1099      2D736563 
 1099      74696F6E 
 1100              	.LASF38:
 1101 04e1 636E7463 		.ascii	"cntcycle\000"
ARM GAS  C:\Users\Girish\AppData\Local\Temp\cceu7t7n.s 			page 26


 1101      79636C65 
 1101      00
 1102              	.LASF65:
 1103 04ea 45455F6F 		.ascii	"EE_oo_IRQ_disable_count\000"
 1103      6F5F4952 
 1103      515F6469 
 1103      7361626C 
 1103      655F636F 
 1104              	.LASF40:
 1105 0502 6E657874 		.ascii	"next\000"
 1105      00
 1106              	.LASF68:
 1107 0507 45455F72 		.ascii	"EE_rq_lookup\000"
 1107      715F6C6F 
 1107      6F6B7570 
 1107      00
 1108              	.LASF28:
 1109 0514 66697273 		.ascii	"first\000"
 1109      7400
 1110              		.ident	"GCC: (GNU Tools for ARM Embedded Processors) 5.4.1 20160609 (release) [ARM/embedded-5-bran
