ARM GAS  C:\Users\Girish\AppData\Local\Temp\cc6tNS0x.s 			page 1


   1              		.syntax unified
   2              		.cpu cortex-m3
   3              		.fpu softvfp
   4              		.eabi_attribute 20, 1
   5              		.eabi_attribute 21, 1
   6              		.eabi_attribute 23, 3
   7              		.eabi_attribute 24, 1
   8              		.eabi_attribute 25, 1
   9              		.eabi_attribute 26, 1
  10              		.eabi_attribute 30, 1
  11              		.eabi_attribute 34, 1
  12              		.eabi_attribute 18, 4
  13              		.thumb
  14              		.syntax unified
  15              		.file	"ErikaOS_LEDBlink_ee_rq_first.c"
  16              		.text
  17              	.Ltext0:
  18              		.cfi_sections	.debug_frame
  19              		.section	.text.EE_rq_queryfirst,"ax",%progbits
  20              		.align	2
  21              		.global	EE_rq_queryfirst
  22              		.thumb
  23              		.thumb_func
  24              		.type	EE_rq_queryfirst, %function
  25              	EE_rq_queryfirst:
  26              	.LFB70:
  27              		.file 1 "Generated_Source\\PSoC5\\ErikaOS_LEDBlink_ee_rq_first.c"
   1:Generated_Source\PSoC5/ErikaOS_LEDBlink_ee_rq_first.c **** /* ###*B*###
   2:Generated_Source\PSoC5/ErikaOS_LEDBlink_ee_rq_first.c ****  * ERIKA Enterprise - a tiny RTOS for small microcontrollers
   3:Generated_Source\PSoC5/ErikaOS_LEDBlink_ee_rq_first.c ****  *
   4:Generated_Source\PSoC5/ErikaOS_LEDBlink_ee_rq_first.c ****  * Copyright (C) 2002-2008  Evidence Srl
   5:Generated_Source\PSoC5/ErikaOS_LEDBlink_ee_rq_first.c ****  *
   6:Generated_Source\PSoC5/ErikaOS_LEDBlink_ee_rq_first.c ****  * This file is part of ERIKA Enterprise.
   7:Generated_Source\PSoC5/ErikaOS_LEDBlink_ee_rq_first.c ****  *
   8:Generated_Source\PSoC5/ErikaOS_LEDBlink_ee_rq_first.c ****  * ERIKA Enterprise is free software; you can redistribute it
   9:Generated_Source\PSoC5/ErikaOS_LEDBlink_ee_rq_first.c ****  * and/or modify it under the terms of the GNU General Public License
  10:Generated_Source\PSoC5/ErikaOS_LEDBlink_ee_rq_first.c ****  * version 2 as published by the Free Software Foundation, 
  11:Generated_Source\PSoC5/ErikaOS_LEDBlink_ee_rq_first.c ****  * (with a special exception described below).
  12:Generated_Source\PSoC5/ErikaOS_LEDBlink_ee_rq_first.c ****  *
  13:Generated_Source\PSoC5/ErikaOS_LEDBlink_ee_rq_first.c ****  * Linking this code statically or dynamically with other modules is
  14:Generated_Source\PSoC5/ErikaOS_LEDBlink_ee_rq_first.c ****  * making a combined work based on this code.  Thus, the terms and
  15:Generated_Source\PSoC5/ErikaOS_LEDBlink_ee_rq_first.c ****  * conditions of the GNU General Public License cover the whole
  16:Generated_Source\PSoC5/ErikaOS_LEDBlink_ee_rq_first.c ****  * combination.
  17:Generated_Source\PSoC5/ErikaOS_LEDBlink_ee_rq_first.c ****  *
  18:Generated_Source\PSoC5/ErikaOS_LEDBlink_ee_rq_first.c ****  * As a special exception, the copyright holders of this library give you
  19:Generated_Source\PSoC5/ErikaOS_LEDBlink_ee_rq_first.c ****  * permission to link this code with independent modules to produce an
  20:Generated_Source\PSoC5/ErikaOS_LEDBlink_ee_rq_first.c ****  * executable, regardless of the license terms of these independent
  21:Generated_Source\PSoC5/ErikaOS_LEDBlink_ee_rq_first.c ****  * modules, and to copy and distribute the resulting executable under
  22:Generated_Source\PSoC5/ErikaOS_LEDBlink_ee_rq_first.c ****  * terms of your choice, provided that you also meet, for each linked
  23:Generated_Source\PSoC5/ErikaOS_LEDBlink_ee_rq_first.c ****  * independent module, the terms and conditions of the license of that
  24:Generated_Source\PSoC5/ErikaOS_LEDBlink_ee_rq_first.c ****  * module.  An independent module is a module which is not derived from
  25:Generated_Source\PSoC5/ErikaOS_LEDBlink_ee_rq_first.c ****  * or based on this library.  If you modify this code, you may extend
  26:Generated_Source\PSoC5/ErikaOS_LEDBlink_ee_rq_first.c ****  * this exception to your version of the code, but you are not
  27:Generated_Source\PSoC5/ErikaOS_LEDBlink_ee_rq_first.c ****  * obligated to do so.  If you do not wish to do so, delete this
  28:Generated_Source\PSoC5/ErikaOS_LEDBlink_ee_rq_first.c ****  * exception statement from your version.
  29:Generated_Source\PSoC5/ErikaOS_LEDBlink_ee_rq_first.c ****  *
  30:Generated_Source\PSoC5/ErikaOS_LEDBlink_ee_rq_first.c ****  * ERIKA Enterprise is distributed in the hope that it will be
ARM GAS  C:\Users\Girish\AppData\Local\Temp\cc6tNS0x.s 			page 2


  31:Generated_Source\PSoC5/ErikaOS_LEDBlink_ee_rq_first.c ****  * useful, but WITHOUT ANY WARRANTY; without even the implied warranty
  32:Generated_Source\PSoC5/ErikaOS_LEDBlink_ee_rq_first.c ****  * of MERCHANTABILITY or FITNESS FOR A PARTICULAR PURPOSE.  See the
  33:Generated_Source\PSoC5/ErikaOS_LEDBlink_ee_rq_first.c ****  * GNU General Public License version 2 for more details.
  34:Generated_Source\PSoC5/ErikaOS_LEDBlink_ee_rq_first.c ****  *
  35:Generated_Source\PSoC5/ErikaOS_LEDBlink_ee_rq_first.c ****  * You should have received a copy of the GNU General Public License
  36:Generated_Source\PSoC5/ErikaOS_LEDBlink_ee_rq_first.c ****  * version 2 along with ERIKA Enterprise; if not, write to the
  37:Generated_Source\PSoC5/ErikaOS_LEDBlink_ee_rq_first.c ****  * Free Software Foundation, Inc., 51 Franklin Street, Fifth Floor,
  38:Generated_Source\PSoC5/ErikaOS_LEDBlink_ee_rq_first.c ****  * Boston, MA 02110-1301 USA.
  39:Generated_Source\PSoC5/ErikaOS_LEDBlink_ee_rq_first.c ****  * ###*E*### */
  40:Generated_Source\PSoC5/ErikaOS_LEDBlink_ee_rq_first.c **** 
  41:Generated_Source\PSoC5/ErikaOS_LEDBlink_ee_rq_first.c **** /*
  42:Generated_Source\PSoC5/ErikaOS_LEDBlink_ee_rq_first.c ****  * Author: 2002-2004 Paolo Gai
  43:Generated_Source\PSoC5/ErikaOS_LEDBlink_ee_rq_first.c ****  * CVS: $Id: ee_rq_first.c,v 1.1 2005/07/16 12:23:42 pj Exp $
  44:Generated_Source\PSoC5/ErikaOS_LEDBlink_ee_rq_first.c ****  */
  45:Generated_Source\PSoC5/ErikaOS_LEDBlink_ee_rq_first.c **** 
  46:Generated_Source\PSoC5/ErikaOS_LEDBlink_ee_rq_first.c **** /*
  47:Generated_Source\PSoC5/ErikaOS_LEDBlink_ee_rq_first.c ****  * PSoC Port and API Generation
  48:Generated_Source\PSoC5/ErikaOS_LEDBlink_ee_rq_first.c ****  * Carlos Fernando Meier Martinez
  49:Generated_Source\PSoC5/ErikaOS_LEDBlink_ee_rq_first.c ****  * Hochschule Darmstadt, Germany. 2017.
  50:Generated_Source\PSoC5/ErikaOS_LEDBlink_ee_rq_first.c ****  */
  51:Generated_Source\PSoC5/ErikaOS_LEDBlink_ee_rq_first.c **** 
  52:Generated_Source\PSoC5/ErikaOS_LEDBlink_ee_rq_first.c **** #include "ErikaOS_LEDBlink_ee_internal.inc"
  53:Generated_Source\PSoC5/ErikaOS_LEDBlink_ee_rq_first.c **** 
  54:Generated_Source\PSoC5/ErikaOS_LEDBlink_ee_rq_first.c **** #ifndef __PRIVATE_RQ2STK_EXCHANGE__
  55:Generated_Source\PSoC5/ErikaOS_LEDBlink_ee_rq_first.c **** 
  56:Generated_Source\PSoC5/ErikaOS_LEDBlink_ee_rq_first.c **** #if defined(__OO_BCC2__) || defined(__OO_ECC2__)
  57:Generated_Source\PSoC5/ErikaOS_LEDBlink_ee_rq_first.c **** EE_TID EE_rq_queryfirst(void)
  58:Generated_Source\PSoC5/ErikaOS_LEDBlink_ee_rq_first.c **** {
  28              		.loc 1 58 0
  29              		.cfi_startproc
  30              		@ args = 0, pretend = 0, frame = 0
  31              		@ frame_needed = 0, uses_anonymous_args = 0
  32              		@ link register save eliminated.
  59:Generated_Source\PSoC5/ErikaOS_LEDBlink_ee_rq_first.c ****   EE_INT8 x;
  60:Generated_Source\PSoC5/ErikaOS_LEDBlink_ee_rq_first.c **** 
  61:Generated_Source\PSoC5/ErikaOS_LEDBlink_ee_rq_first.c **** #if defined(__OO_ECC2__)
  62:Generated_Source\PSoC5/ErikaOS_LEDBlink_ee_rq_first.c ****   /* lookup at bits 15-9 */
  63:Generated_Source\PSoC5/ErikaOS_LEDBlink_ee_rq_first.c ****   x = EE_rq_lookup[(EE_rq_bitmask & 0xFF00U) >> 8];
  33              		.loc 1 63 0
  34 0000 0C4B     		ldr	r3, .L6
  35 0002 1A88     		ldrh	r2, [r3]
  36 0004 130A     		lsrs	r3, r2, #8
  37 0006 0C49     		ldr	r1, .L6+4
  38 0008 CB56     		ldrsb	r3, [r1, r3]
  39              	.LVL0:
  64:Generated_Source\PSoC5/ErikaOS_LEDBlink_ee_rq_first.c ****   if (x == (EE_INT8)-1) {
  40              		.loc 1 64 0
  41 000a B3F1FF3F 		cmp	r3, #-1
  42 000e 01D1     		bne	.L2
  65:Generated_Source\PSoC5/ErikaOS_LEDBlink_ee_rq_first.c ****     x = EE_rq_lookup[EE_rq_bitmask];
  43              		.loc 1 65 0
  44 0010 8B56     		ldrsb	r3, [r1, r2]
  45              	.LVL1:
  46 0012 01E0     		b	.L3
  47              	.L2:
  66:Generated_Source\PSoC5/ErikaOS_LEDBlink_ee_rq_first.c ****   } else {
  67:Generated_Source\PSoC5/ErikaOS_LEDBlink_ee_rq_first.c ****     x += (EE_INT8)8;
ARM GAS  C:\Users\Girish\AppData\Local\Temp\cc6tNS0x.s 			page 3


  48              		.loc 1 67 0
  49 0014 0833     		adds	r3, r3, #8
  50              	.LVL2:
  51 0016 5BB2     		sxtb	r3, r3
  52              	.LVL3:
  53              	.L3:
  68:Generated_Source\PSoC5/ErikaOS_LEDBlink_ee_rq_first.c ****   }
  69:Generated_Source\PSoC5/ErikaOS_LEDBlink_ee_rq_first.c **** #else
  70:Generated_Source\PSoC5/ErikaOS_LEDBlink_ee_rq_first.c ****   x = EE_rq_lookup[EE_rq_bitmask];
  71:Generated_Source\PSoC5/ErikaOS_LEDBlink_ee_rq_first.c **** #endif
  72:Generated_Source\PSoC5/ErikaOS_LEDBlink_ee_rq_first.c **** 
  73:Generated_Source\PSoC5/ErikaOS_LEDBlink_ee_rq_first.c ****   /* now x contains the highest priority non-empty queue number */
  74:Generated_Source\PSoC5/ErikaOS_LEDBlink_ee_rq_first.c ****   if (x == (EE_INT8)-1) {
  54              		.loc 1 74 0
  55 0018 B3F1FF3F 		cmp	r3, #-1
  56 001c 06D0     		beq	.L5
  75:Generated_Source\PSoC5/ErikaOS_LEDBlink_ee_rq_first.c ****     return EE_NIL;
  76:Generated_Source\PSoC5/ErikaOS_LEDBlink_ee_rq_first.c ****   } else {
  77:Generated_Source\PSoC5/ErikaOS_LEDBlink_ee_rq_first.c ****     return EE_rq_pairs_tid[EE_rq_queues_head[x]];
  57              		.loc 1 77 0
  58 001e 074A     		ldr	r2, .L6+8
  59 0020 52F82320 		ldr	r2, [r2, r3, lsl #2]
  60 0024 064B     		ldr	r3, .L6+12
  61              	.LVL4:
  62 0026 53F82200 		ldr	r0, [r3, r2, lsl #2]
  63 002a 7047     		bx	lr
  64              	.LVL5:
  65              	.L5:
  75:Generated_Source\PSoC5/ErikaOS_LEDBlink_ee_rq_first.c ****     return EE_NIL;
  66              		.loc 1 75 0
  67 002c 4FF0FF30 		mov	r0, #-1
  78:Generated_Source\PSoC5/ErikaOS_LEDBlink_ee_rq_first.c ****   }
  79:Generated_Source\PSoC5/ErikaOS_LEDBlink_ee_rq_first.c **** }
  68              		.loc 1 79 0
  69 0030 7047     		bx	lr
  70              	.L7:
  71 0032 00BF     		.align	2
  72              	.L6:
  73 0034 00000000 		.word	EE_rq_bitmask
  74 0038 00000000 		.word	EE_rq_lookup
  75 003c 00000000 		.word	EE_rq_queues_head
  76 0040 00000000 		.word	EE_rq_pairs_tid
  77              		.cfi_endproc
  78              	.LFE70:
  79              		.size	EE_rq_queryfirst, .-EE_rq_queryfirst
  80              		.text
  81              	.Letext0:
  82              		.file 2 "Generated_Source\\PSoC5\\ErikaOS_LEDBlink_common_ee_types.inc"
  83              		.file 3 "Generated_Source\\PSoC5\\ErikaOS_LEDBlink_cortex_mx_ee_cpu.inc"
  84              		.file 4 "Generated_Source\\PSoC5\\ErikaOS_LEDBlink_ee_oo_common.inc"
  85              		.file 5 "Generated_Source\\PSoC5\\ErikaOS_LEDBlink_common_ee_primitives.inc"
  86              		.file 6 "Generated_Source\\PSoC5\\ErikaOS_LEDBlink_cortex_mx_ee_context.inc"
  87              		.file 7 "Generated_Source\\PSoC5\\ErikaOS_LEDBlink_ee_oo_intfunc.inc"
  88              		.file 8 "Generated_Source\\PSoC5\\ErikaOS_LEDBlink_ee_oo_internal.inc"
  89              		.section	.debug_info,"",%progbits
  90              	.Ldebug_info0:
  91 0000 2D040000 		.4byte	0x42d
ARM GAS  C:\Users\Girish\AppData\Local\Temp\cc6tNS0x.s 			page 4


  92 0004 0400     		.2byte	0x4
  93 0006 00000000 		.4byte	.Ldebug_abbrev0
  94 000a 04       		.byte	0x4
  95 000b 01       		.uleb128 0x1
  96 000c 1E040000 		.4byte	.LASF65
  97 0010 0C       		.byte	0xc
  98 0011 A2030000 		.4byte	.LASF66
  99 0015 1A000000 		.4byte	.LASF67
 100 0019 00000000 		.4byte	.Ldebug_ranges0+0
 101 001d 00000000 		.4byte	0
 102 0021 00000000 		.4byte	.Ldebug_line0
 103 0025 02       		.uleb128 0x2
 104 0026 01       		.byte	0x1
 105 0027 06       		.byte	0x6
 106 0028 8E020000 		.4byte	.LASF0
 107 002c 02       		.uleb128 0x2
 108 002d 01       		.byte	0x1
 109 002e 08       		.byte	0x8
 110 002f 5F020000 		.4byte	.LASF1
 111 0033 02       		.uleb128 0x2
 112 0034 02       		.byte	0x2
 113 0035 05       		.byte	0x5
 114 0036 96000000 		.4byte	.LASF2
 115 003a 02       		.uleb128 0x2
 116 003b 02       		.byte	0x2
 117 003c 07       		.byte	0x7
 118 003d EC020000 		.4byte	.LASF3
 119 0041 02       		.uleb128 0x2
 120 0042 04       		.byte	0x4
 121 0043 05       		.byte	0x5
 122 0044 CC010000 		.4byte	.LASF4
 123 0048 02       		.uleb128 0x2
 124 0049 04       		.byte	0x4
 125 004a 07       		.byte	0x7
 126 004b 5A030000 		.4byte	.LASF5
 127 004f 02       		.uleb128 0x2
 128 0050 08       		.byte	0x8
 129 0051 05       		.byte	0x5
 130 0052 7C010000 		.4byte	.LASF6
 131 0056 02       		.uleb128 0x2
 132 0057 08       		.byte	0x8
 133 0058 07       		.byte	0x7
 134 0059 9A020000 		.4byte	.LASF7
 135 005d 03       		.uleb128 0x3
 136 005e 04       		.byte	0x4
 137 005f 05       		.byte	0x5
 138 0060 696E7400 		.ascii	"int\000"
 139 0064 02       		.uleb128 0x2
 140 0065 04       		.byte	0x4
 141 0066 07       		.byte	0x7
 142 0067 B1020000 		.4byte	.LASF8
 143 006b 02       		.uleb128 0x2
 144 006c 08       		.byte	0x8
 145 006d 04       		.byte	0x4
 146 006e 44020000 		.4byte	.LASF9
 147 0072 04       		.uleb128 0x4
 148 0073 8A010000 		.4byte	.LASF10
ARM GAS  C:\Users\Girish\AppData\Local\Temp\cc6tNS0x.s 			page 5


 149 0077 02       		.byte	0x2
 150 0078 3F       		.byte	0x3f
 151 0079 25000000 		.4byte	0x25
 152 007d 04       		.uleb128 0x4
 153 007e 1D030000 		.4byte	.LASF11
 154 0082 02       		.byte	0x2
 155 0083 52       		.byte	0x52
 156 0084 3A000000 		.4byte	0x3a
 157 0088 04       		.uleb128 0x4
 158 0089 E3020000 		.4byte	.LASF12
 159 008d 02       		.byte	0x2
 160 008e 53       		.byte	0x53
 161 008f 5D000000 		.4byte	0x5d
 162 0093 04       		.uleb128 0x4
 163 0094 D5000000 		.4byte	.LASF13
 164 0098 02       		.byte	0x2
 165 0099 54       		.byte	0x54
 166 009a 64000000 		.4byte	0x64
 167 009e 04       		.uleb128 0x4
 168 009f 05000000 		.4byte	.LASF14
 169 00a3 03       		.byte	0x3
 170 00a4 4D       		.byte	0x4d
 171 00a5 93000000 		.4byte	0x93
 172 00a9 04       		.uleb128 0x4
 173 00aa 86020000 		.4byte	.LASF15
 174 00ae 03       		.byte	0x3
 175 00af 4E       		.byte	0x4e
 176 00b0 88000000 		.4byte	0x88
 177 00b4 04       		.uleb128 0x4
 178 00b5 B7000000 		.4byte	.LASF16
 179 00b9 03       		.byte	0x3
 180 00ba 4F       		.byte	0x4f
 181 00bb 93000000 		.4byte	0x93
 182 00bf 04       		.uleb128 0x4
 183 00c0 6C030000 		.4byte	.LASF17
 184 00c4 03       		.byte	0x3
 185 00c5 54       		.byte	0x54
 186 00c6 9E000000 		.4byte	0x9e
 187 00ca 04       		.uleb128 0x4
 188 00cb 02010000 		.4byte	.LASF18
 189 00cf 03       		.byte	0x3
 190 00d0 78       		.byte	0x78
 191 00d1 88000000 		.4byte	0x88
 192 00d5 05       		.uleb128 0x5
 193 00d6 AB010000 		.4byte	.LASF19
 194 00da 04       		.byte	0x4
 195 00db 0801     		.2byte	0x108
 196 00dd 7D000000 		.4byte	0x7d
 197 00e1 05       		.uleb128 0x5
 198 00e2 1A020000 		.4byte	.LASF20
 199 00e6 04       		.byte	0x4
 200 00e7 2C02     		.2byte	0x22c
 201 00e9 9E000000 		.4byte	0x9e
 202 00ed 05       		.uleb128 0x5
 203 00ee 32020000 		.4byte	.LASF21
 204 00f2 04       		.byte	0x4
 205 00f3 5402     		.2byte	0x254
ARM GAS  C:\Users\Girish\AppData\Local\Temp\cc6tNS0x.s 			page 6


 206 00f5 9E000000 		.4byte	0x9e
 207 00f9 05       		.uleb128 0x5
 208 00fa E6030000 		.4byte	.LASF22
 209 00fe 04       		.byte	0x4
 210 00ff 6302     		.2byte	0x263
 211 0101 9E000000 		.4byte	0x9e
 212 0105 06       		.uleb128 0x6
 213 0106 0C       		.byte	0xc
 214 0107 04       		.byte	0x4
 215 0108 6902     		.2byte	0x269
 216 010a 36010000 		.4byte	0x136
 217 010e 07       		.uleb128 0x7
 218 010f D5010000 		.4byte	.LASF23
 219 0113 04       		.byte	0x4
 220 0114 6A02     		.2byte	0x26a
 221 0116 E1000000 		.4byte	0xe1
 222 011a 00       		.byte	0
 223 011b 07       		.uleb128 0x7
 224 011c 0D000000 		.4byte	.LASF24
 225 0120 04       		.byte	0x4
 226 0121 6B02     		.2byte	0x26b
 227 0123 E1000000 		.4byte	0xe1
 228 0127 04       		.byte	0x4
 229 0128 07       		.uleb128 0x7
 230 0129 09010000 		.4byte	.LASF25
 231 012d 04       		.byte	0x4
 232 012e 6C02     		.2byte	0x26c
 233 0130 E1000000 		.4byte	0xe1
 234 0134 08       		.byte	0x8
 235 0135 00       		.byte	0
 236 0136 05       		.uleb128 0x5
 237 0137 03020000 		.4byte	.LASF26
 238 013b 04       		.byte	0x4
 239 013c 7102     		.2byte	0x271
 240 013e 05010000 		.4byte	0x105
 241 0142 06       		.uleb128 0x6
 242 0143 08       		.byte	0x8
 243 0144 04       		.byte	0x4
 244 0145 7402     		.2byte	0x274
 245 0147 66010000 		.4byte	0x166
 246 014b 07       		.uleb128 0x7
 247 014c 12010000 		.4byte	.LASF27
 248 0150 04       		.byte	0x4
 249 0151 7502     		.2byte	0x275
 250 0153 E1000000 		.4byte	0xe1
 251 0157 00       		.byte	0
 252 0158 07       		.uleb128 0x7
 253 0159 DF040000 		.4byte	.LASF28
 254 015d 04       		.byte	0x4
 255 015e 7602     		.2byte	0x276
 256 0160 ED000000 		.4byte	0xed
 257 0164 04       		.byte	0x4
 258 0165 00       		.byte	0
 259 0166 05       		.uleb128 0x5
 260 0167 65010000 		.4byte	.LASF29
 261 016b 04       		.byte	0x4
 262 016c 7702     		.2byte	0x277
ARM GAS  C:\Users\Girish\AppData\Local\Temp\cc6tNS0x.s 			page 7


 263 016e 42010000 		.4byte	0x142
 264 0172 08       		.uleb128 0x8
 265 0173 01       		.byte	0x1
 266 0174 2C000000 		.4byte	0x2c
 267 0178 04       		.byte	0x4
 268 0179 8102     		.2byte	0x281
 269 017b 8C010000 		.4byte	0x18c
 270 017f 09       		.uleb128 0x9
 271 0180 D8030000 		.4byte	.LASF30
 272 0184 00       		.byte	0
 273 0185 09       		.uleb128 0x9
 274 0186 BB010000 		.4byte	.LASF31
 275 018a 01       		.byte	0x1
 276 018b 00       		.byte	0
 277 018c 05       		.uleb128 0x5
 278 018d 31010000 		.4byte	.LASF32
 279 0191 04       		.byte	0x4
 280 0192 8402     		.2byte	0x284
 281 0194 72010000 		.4byte	0x172
 282 0198 05       		.uleb128 0x5
 283 0199 BF000000 		.4byte	.LASF33
 284 019d 04       		.byte	0x4
 285 019e 8702     		.2byte	0x287
 286 01a0 8C010000 		.4byte	0x18c
 287 01a4 06       		.uleb128 0x6
 288 01a5 0C       		.byte	0xc
 289 01a6 04       		.byte	0x4
 290 01a7 8B02     		.2byte	0x28b
 291 01a9 D3010000 		.4byte	0x1d3
 292 01ad 0A       		.uleb128 0xa
 293 01ae 6300     		.ascii	"c\000"
 294 01b0 04       		.byte	0x4
 295 01b1 8D02     		.2byte	0x28d
 296 01b3 F9000000 		.4byte	0xf9
 297 01b7 00       		.byte	0
 298 01b8 07       		.uleb128 0x7
 299 01b9 AF000000 		.4byte	.LASF34
 300 01bd 04       		.byte	0x4
 301 01be 8F02     		.2byte	0x28f
 302 01c0 ED000000 		.4byte	0xed
 303 01c4 04       		.byte	0x4
 304 01c5 07       		.uleb128 0x7
 305 01c6 00000000 		.4byte	.LASF35
 306 01ca 04       		.byte	0x4
 307 01cb 9102     		.2byte	0x291
 308 01cd 98010000 		.4byte	0x198
 309 01d1 08       		.byte	0x8
 310 01d2 00       		.byte	0
 311 01d3 05       		.uleb128 0x5
 312 01d4 FF020000 		.4byte	.LASF36
 313 01d8 04       		.byte	0x4
 314 01d9 9202     		.2byte	0x292
 315 01db A4010000 		.4byte	0x1a4
 316 01df 06       		.uleb128 0x6
 317 01e0 10       		.byte	0x10
 318 01e1 04       		.byte	0x4
 319 01e2 9602     		.2byte	0x296
ARM GAS  C:\Users\Girish\AppData\Local\Temp\cc6tNS0x.s 			page 8


 320 01e4 1D020000 		.4byte	0x21d
 321 01e8 07       		.uleb128 0x7
 322 01e9 E1030000 		.4byte	.LASF37
 323 01ed 04       		.byte	0x4
 324 01ee 9702     		.2byte	0x297
 325 01f0 BF000000 		.4byte	0xbf
 326 01f4 00       		.byte	0
 327 01f5 07       		.uleb128 0x7
 328 01f6 AC040000 		.4byte	.LASF38
 329 01fa 04       		.byte	0x4
 330 01fb 9802     		.2byte	0x298
 331 01fd E1000000 		.4byte	0xe1
 332 0201 04       		.byte	0x4
 333 0202 07       		.uleb128 0x7
 334 0203 A9000000 		.4byte	.LASF39
 335 0207 04       		.byte	0x4
 336 0208 9902     		.2byte	0x299
 337 020a E1000000 		.4byte	0xe1
 338 020e 08       		.byte	0x8
 339 020f 07       		.uleb128 0x7
 340 0210 CD040000 		.4byte	.LASF40
 341 0214 04       		.byte	0x4
 342 0215 9A02     		.2byte	0x29a
 343 0217 ED000000 		.4byte	0xed
 344 021b 0C       		.byte	0xc
 345 021c 00       		.byte	0
 346 021d 05       		.uleb128 0x5
 347 021e E5010000 		.4byte	.LASF41
 348 0222 04       		.byte	0x4
 349 0223 9B02     		.2byte	0x29b
 350 0225 DF010000 		.4byte	0x1df
 351 0229 0B       		.uleb128 0xb
 352 022a 27030000 		.4byte	.LASF68
 353 022e 01       		.byte	0x1
 354 022f 39       		.byte	0x39
 355 0230 CA000000 		.4byte	0xca
 356 0234 00000000 		.4byte	.LFB70
 357 0238 44000000 		.4byte	.LFE70-.LFB70
 358 023c 01       		.uleb128 0x1
 359 023d 9C       		.byte	0x9c
 360 023e 50020000 		.4byte	0x250
 361 0242 0C       		.uleb128 0xc
 362 0243 7800     		.ascii	"x\000"
 363 0245 01       		.byte	0x1
 364 0246 3B       		.byte	0x3b
 365 0247 72000000 		.4byte	0x72
 366 024b 00000000 		.4byte	.LLST0
 367 024f 00       		.byte	0
 368 0250 0D       		.uleb128 0xd
 369 0251 50010000 		.4byte	.LASF42
 370 0255 05       		.byte	0x5
 371 0256 44       		.byte	0x44
 372 0257 9E000000 		.4byte	0x9e
 373 025b 0D       		.uleb128 0xd
 374 025c CA020000 		.4byte	.LASF43
 375 0260 06       		.byte	0x6
 376 0261 48       		.byte	0x48
ARM GAS  C:\Users\Girish\AppData\Local\Temp\cc6tNS0x.s 			page 9


 377 0262 CA000000 		.4byte	0xca
 378 0266 0E       		.uleb128 0xe
 379 0267 7D020000 		.4byte	0x27d
 380 026b 76020000 		.4byte	0x276
 381 026f 0F       		.uleb128 0xf
 382 0270 76020000 		.4byte	0x276
 383 0274 02       		.byte	0x2
 384 0275 00       		.byte	0
 385 0276 02       		.uleb128 0x2
 386 0277 04       		.byte	0x4
 387 0278 07       		.byte	0x7
 388 0279 A0000000 		.4byte	.LASF44
 389 027d 10       		.uleb128 0x10
 390 027e 9E000000 		.4byte	0x9e
 391 0282 0D       		.uleb128 0xd
 392 0283 DF000000 		.4byte	.LASF45
 393 0287 04       		.byte	0x4
 394 0288 B2       		.byte	0xb2
 395 0289 8D020000 		.4byte	0x28d
 396 028d 10       		.uleb128 0x10
 397 028e 66020000 		.4byte	0x266
 398 0292 0D       		.uleb128 0xd
 399 0293 FF030000 		.4byte	.LASF46
 400 0297 04       		.byte	0x4
 401 0298 B3       		.byte	0xb3
 402 0299 9D020000 		.4byte	0x29d
 403 029d 10       		.uleb128 0x10
 404 029e 66020000 		.4byte	0x266
 405 02a2 0E       		.uleb128 0xe
 406 02a3 9E000000 		.4byte	0x9e
 407 02a7 B2020000 		.4byte	0x2b2
 408 02ab 0F       		.uleb128 0xf
 409 02ac 76020000 		.4byte	0x276
 410 02b0 02       		.byte	0x2
 411 02b1 00       		.byte	0
 412 02b2 0D       		.uleb128 0xd
 413 02b3 F2030000 		.4byte	.LASF47
 414 02b7 04       		.byte	0x4
 415 02b8 C1       		.byte	0xc1
 416 02b9 A2020000 		.4byte	0x2a2
 417 02bd 0E       		.uleb128 0xe
 418 02be CA000000 		.4byte	0xca
 419 02c2 CD020000 		.4byte	0x2cd
 420 02c6 0F       		.uleb128 0xf
 421 02c7 76020000 		.4byte	0x276
 422 02cb 02       		.byte	0x2
 423 02cc 00       		.byte	0
 424 02cd 0D       		.uleb128 0xd
 425 02ce 13040000 		.4byte	.LASF48
 426 02d2 04       		.byte	0x4
 427 02d3 C9       		.byte	0xc9
 428 02d4 BD020000 		.4byte	0x2bd
 429 02d8 0D       		.uleb128 0xd
 430 02d9 BE020000 		.4byte	.LASF49
 431 02dd 04       		.byte	0x4
 432 02de D1       		.byte	0xd1
 433 02df A2020000 		.4byte	0x2a2
ARM GAS  C:\Users\Girish\AppData\Local\Temp\cc6tNS0x.s 			page 10


 434 02e3 0D       		.uleb128 0xd
 435 02e4 78030000 		.4byte	.LASF50
 436 02e8 04       		.byte	0x4
 437 02e9 D9       		.byte	0xd9
 438 02ea CA000000 		.4byte	0xca
 439 02ee 0D       		.uleb128 0xd
 440 02ef 23020000 		.4byte	.LASF51
 441 02f3 04       		.byte	0x4
 442 02f4 EE       		.byte	0xee
 443 02f5 9E000000 		.4byte	0x9e
 444 02f9 0E       		.uleb128 0xe
 445 02fa A9000000 		.4byte	0xa9
 446 02fe 09030000 		.4byte	0x309
 447 0302 0F       		.uleb128 0xf
 448 0303 76020000 		.4byte	0x276
 449 0307 0F       		.byte	0xf
 450 0308 00       		.byte	0
 451 0309 11       		.uleb128 0x11
 452 030a F0000000 		.4byte	.LASF52
 453 030e 04       		.byte	0x4
 454 030f 1C01     		.2byte	0x11c
 455 0311 F9020000 		.4byte	0x2f9
 456 0315 0E       		.uleb128 0xe
 457 0316 CA000000 		.4byte	0xca
 458 031a 25030000 		.4byte	0x325
 459 031e 0F       		.uleb128 0xf
 460 031f 76020000 		.4byte	0x276
 461 0323 09       		.byte	0x9
 462 0324 00       		.byte	0
 463 0325 11       		.uleb128 0x11
 464 0326 84030000 		.4byte	.LASF53
 465 032a 04       		.byte	0x4
 466 032b 3301     		.2byte	0x133
 467 032d 15030000 		.4byte	0x315
 468 0331 11       		.uleb128 0x11
 469 0332 94030000 		.4byte	.LASF54
 470 0336 04       		.byte	0x4
 471 0337 3601     		.2byte	0x136
 472 0339 D5000000 		.4byte	0xd5
 473 033d 11       		.uleb128 0x11
 474 033e 72000000 		.4byte	.LASF55
 475 0342 04       		.byte	0x4
 476 0343 5301     		.2byte	0x153
 477 0345 A2020000 		.4byte	0x2a2
 478 0349 0E       		.uleb128 0xe
 479 034a BF000000 		.4byte	0xbf
 480 034e 59030000 		.4byte	0x359
 481 0352 0F       		.uleb128 0xf
 482 0353 76020000 		.4byte	0x276
 483 0357 02       		.byte	0x2
 484 0358 00       		.byte	0
 485 0359 11       		.uleb128 0x11
 486 035a 85000000 		.4byte	.LASF56
 487 035e 04       		.byte	0x4
 488 035f 5E01     		.2byte	0x15e
 489 0361 49030000 		.4byte	0x349
 490 0365 0E       		.uleb128 0xe
ARM GAS  C:\Users\Girish\AppData\Local\Temp\cc6tNS0x.s 			page 11


 491 0366 75030000 		.4byte	0x375
 492 036a 75030000 		.4byte	0x375
 493 036e 0F       		.uleb128 0xf
 494 036f 76020000 		.4byte	0x276
 495 0373 00       		.byte	0
 496 0374 00       		.byte	0
 497 0375 10       		.uleb128 0x10
 498 0376 36010000 		.4byte	0x136
 499 037a 11       		.uleb128 0x11
 500 037b 50020000 		.4byte	.LASF57
 501 037f 04       		.byte	0x4
 502 0380 C102     		.2byte	0x2c1
 503 0382 86030000 		.4byte	0x386
 504 0386 10       		.uleb128 0x10
 505 0387 65030000 		.4byte	0x365
 506 038b 0E       		.uleb128 0xe
 507 038c 9B030000 		.4byte	0x39b
 508 0390 9B030000 		.4byte	0x39b
 509 0394 0F       		.uleb128 0xf
 510 0395 76020000 		.4byte	0x276
 511 0399 00       		.byte	0
 512 039a 00       		.byte	0
 513 039b 10       		.uleb128 0x10
 514 039c D3010000 		.4byte	0x1d3
 515 03a0 11       		.uleb128 0x11
 516 03a1 18010000 		.4byte	.LASF58
 517 03a5 04       		.byte	0x4
 518 03a6 D402     		.2byte	0x2d4
 519 03a8 AC030000 		.4byte	0x3ac
 520 03ac 10       		.uleb128 0x10
 521 03ad 8B030000 		.4byte	0x38b
 522 03b1 0E       		.uleb128 0xe
 523 03b2 66010000 		.4byte	0x166
 524 03b6 C1030000 		.4byte	0x3c1
 525 03ba 0F       		.uleb128 0xf
 526 03bb 76020000 		.4byte	0x276
 527 03bf 00       		.byte	0
 528 03c0 00       		.byte	0
 529 03c1 11       		.uleb128 0x11
 530 03c2 38030000 		.4byte	.LASF59
 531 03c6 04       		.byte	0x4
 532 03c7 F202     		.2byte	0x2f2
 533 03c9 B1030000 		.4byte	0x3b1
 534 03cd 0E       		.uleb128 0xe
 535 03ce 1D020000 		.4byte	0x21d
 536 03d2 DD030000 		.4byte	0x3dd
 537 03d6 0F       		.uleb128 0xf
 538 03d7 76020000 		.4byte	0x276
 539 03db 00       		.byte	0
 540 03dc 00       		.byte	0
 541 03dd 11       		.uleb128 0x11
 542 03de 6D020000 		.4byte	.LASF60
 543 03e2 04       		.byte	0x4
 544 03e3 FB02     		.2byte	0x2fb
 545 03e5 CD030000 		.4byte	0x3cd
 546 03e9 0D       		.uleb128 0xd
 547 03ea B5040000 		.4byte	.LASF61
ARM GAS  C:\Users\Girish\AppData\Local\Temp\cc6tNS0x.s 			page 12


 548 03ee 07       		.byte	0x7
 549 03ef 40       		.byte	0x40
 550 03f0 9E000000 		.4byte	0x9e
 551 03f4 0D       		.uleb128 0xd
 552 03f5 92010000 		.4byte	.LASF62
 553 03f9 07       		.byte	0x7
 554 03fa 47       		.byte	0x47
 555 03fb B4000000 		.4byte	0xb4
 556 03ff 0D       		.uleb128 0xd
 557 0400 47030000 		.4byte	.LASF63
 558 0404 07       		.byte	0x7
 559 0405 4A       		.byte	0x4a
 560 0406 9E000000 		.4byte	0x9e
 561 040a 0E       		.uleb128 0xe
 562 040b 1A040000 		.4byte	0x41a
 563 040f 1A040000 		.4byte	0x41a
 564 0413 0F       		.uleb128 0xf
 565 0414 76020000 		.4byte	0x276
 566 0418 FF       		.byte	0xff
 567 0419 00       		.byte	0
 568 041a 10       		.uleb128 0x10
 569 041b 72000000 		.4byte	0x72
 570 041f 11       		.uleb128 0x11
 571 0420 D2040000 		.4byte	.LASF64
 572 0424 08       		.byte	0x8
 573 0425 AB01     		.2byte	0x1ab
 574 0427 2B040000 		.4byte	0x42b
 575 042b 10       		.uleb128 0x10
 576 042c 0A040000 		.4byte	0x40a
 577 0430 00       		.byte	0
 578              		.section	.debug_abbrev,"",%progbits
 579              	.Ldebug_abbrev0:
 580 0000 01       		.uleb128 0x1
 581 0001 11       		.uleb128 0x11
 582 0002 01       		.byte	0x1
 583 0003 25       		.uleb128 0x25
 584 0004 0E       		.uleb128 0xe
 585 0005 13       		.uleb128 0x13
 586 0006 0B       		.uleb128 0xb
 587 0007 03       		.uleb128 0x3
 588 0008 0E       		.uleb128 0xe
 589 0009 1B       		.uleb128 0x1b
 590 000a 0E       		.uleb128 0xe
 591 000b 55       		.uleb128 0x55
 592 000c 17       		.uleb128 0x17
 593 000d 11       		.uleb128 0x11
 594 000e 01       		.uleb128 0x1
 595 000f 10       		.uleb128 0x10
 596 0010 17       		.uleb128 0x17
 597 0011 00       		.byte	0
 598 0012 00       		.byte	0
 599 0013 02       		.uleb128 0x2
 600 0014 24       		.uleb128 0x24
 601 0015 00       		.byte	0
 602 0016 0B       		.uleb128 0xb
 603 0017 0B       		.uleb128 0xb
 604 0018 3E       		.uleb128 0x3e
ARM GAS  C:\Users\Girish\AppData\Local\Temp\cc6tNS0x.s 			page 13


 605 0019 0B       		.uleb128 0xb
 606 001a 03       		.uleb128 0x3
 607 001b 0E       		.uleb128 0xe
 608 001c 00       		.byte	0
 609 001d 00       		.byte	0
 610 001e 03       		.uleb128 0x3
 611 001f 24       		.uleb128 0x24
 612 0020 00       		.byte	0
 613 0021 0B       		.uleb128 0xb
 614 0022 0B       		.uleb128 0xb
 615 0023 3E       		.uleb128 0x3e
 616 0024 0B       		.uleb128 0xb
 617 0025 03       		.uleb128 0x3
 618 0026 08       		.uleb128 0x8
 619 0027 00       		.byte	0
 620 0028 00       		.byte	0
 621 0029 04       		.uleb128 0x4
 622 002a 16       		.uleb128 0x16
 623 002b 00       		.byte	0
 624 002c 03       		.uleb128 0x3
 625 002d 0E       		.uleb128 0xe
 626 002e 3A       		.uleb128 0x3a
 627 002f 0B       		.uleb128 0xb
 628 0030 3B       		.uleb128 0x3b
 629 0031 0B       		.uleb128 0xb
 630 0032 49       		.uleb128 0x49
 631 0033 13       		.uleb128 0x13
 632 0034 00       		.byte	0
 633 0035 00       		.byte	0
 634 0036 05       		.uleb128 0x5
 635 0037 16       		.uleb128 0x16
 636 0038 00       		.byte	0
 637 0039 03       		.uleb128 0x3
 638 003a 0E       		.uleb128 0xe
 639 003b 3A       		.uleb128 0x3a
 640 003c 0B       		.uleb128 0xb
 641 003d 3B       		.uleb128 0x3b
 642 003e 05       		.uleb128 0x5
 643 003f 49       		.uleb128 0x49
 644 0040 13       		.uleb128 0x13
 645 0041 00       		.byte	0
 646 0042 00       		.byte	0
 647 0043 06       		.uleb128 0x6
 648 0044 13       		.uleb128 0x13
 649 0045 01       		.byte	0x1
 650 0046 0B       		.uleb128 0xb
 651 0047 0B       		.uleb128 0xb
 652 0048 3A       		.uleb128 0x3a
 653 0049 0B       		.uleb128 0xb
 654 004a 3B       		.uleb128 0x3b
 655 004b 05       		.uleb128 0x5
 656 004c 01       		.uleb128 0x1
 657 004d 13       		.uleb128 0x13
 658 004e 00       		.byte	0
 659 004f 00       		.byte	0
 660 0050 07       		.uleb128 0x7
 661 0051 0D       		.uleb128 0xd
ARM GAS  C:\Users\Girish\AppData\Local\Temp\cc6tNS0x.s 			page 14


 662 0052 00       		.byte	0
 663 0053 03       		.uleb128 0x3
 664 0054 0E       		.uleb128 0xe
 665 0055 3A       		.uleb128 0x3a
 666 0056 0B       		.uleb128 0xb
 667 0057 3B       		.uleb128 0x3b
 668 0058 05       		.uleb128 0x5
 669 0059 49       		.uleb128 0x49
 670 005a 13       		.uleb128 0x13
 671 005b 38       		.uleb128 0x38
 672 005c 0B       		.uleb128 0xb
 673 005d 00       		.byte	0
 674 005e 00       		.byte	0
 675 005f 08       		.uleb128 0x8
 676 0060 04       		.uleb128 0x4
 677 0061 01       		.byte	0x1
 678 0062 0B       		.uleb128 0xb
 679 0063 0B       		.uleb128 0xb
 680 0064 49       		.uleb128 0x49
 681 0065 13       		.uleb128 0x13
 682 0066 3A       		.uleb128 0x3a
 683 0067 0B       		.uleb128 0xb
 684 0068 3B       		.uleb128 0x3b
 685 0069 05       		.uleb128 0x5
 686 006a 01       		.uleb128 0x1
 687 006b 13       		.uleb128 0x13
 688 006c 00       		.byte	0
 689 006d 00       		.byte	0
 690 006e 09       		.uleb128 0x9
 691 006f 28       		.uleb128 0x28
 692 0070 00       		.byte	0
 693 0071 03       		.uleb128 0x3
 694 0072 0E       		.uleb128 0xe
 695 0073 1C       		.uleb128 0x1c
 696 0074 0B       		.uleb128 0xb
 697 0075 00       		.byte	0
 698 0076 00       		.byte	0
 699 0077 0A       		.uleb128 0xa
 700 0078 0D       		.uleb128 0xd
 701 0079 00       		.byte	0
 702 007a 03       		.uleb128 0x3
 703 007b 08       		.uleb128 0x8
 704 007c 3A       		.uleb128 0x3a
 705 007d 0B       		.uleb128 0xb
 706 007e 3B       		.uleb128 0x3b
 707 007f 05       		.uleb128 0x5
 708 0080 49       		.uleb128 0x49
 709 0081 13       		.uleb128 0x13
 710 0082 38       		.uleb128 0x38
 711 0083 0B       		.uleb128 0xb
 712 0084 00       		.byte	0
 713 0085 00       		.byte	0
 714 0086 0B       		.uleb128 0xb
 715 0087 2E       		.uleb128 0x2e
 716 0088 01       		.byte	0x1
 717 0089 3F       		.uleb128 0x3f
 718 008a 19       		.uleb128 0x19
ARM GAS  C:\Users\Girish\AppData\Local\Temp\cc6tNS0x.s 			page 15


 719 008b 03       		.uleb128 0x3
 720 008c 0E       		.uleb128 0xe
 721 008d 3A       		.uleb128 0x3a
 722 008e 0B       		.uleb128 0xb
 723 008f 3B       		.uleb128 0x3b
 724 0090 0B       		.uleb128 0xb
 725 0091 27       		.uleb128 0x27
 726 0092 19       		.uleb128 0x19
 727 0093 49       		.uleb128 0x49
 728 0094 13       		.uleb128 0x13
 729 0095 11       		.uleb128 0x11
 730 0096 01       		.uleb128 0x1
 731 0097 12       		.uleb128 0x12
 732 0098 06       		.uleb128 0x6
 733 0099 40       		.uleb128 0x40
 734 009a 18       		.uleb128 0x18
 735 009b 9742     		.uleb128 0x2117
 736 009d 19       		.uleb128 0x19
 737 009e 01       		.uleb128 0x1
 738 009f 13       		.uleb128 0x13
 739 00a0 00       		.byte	0
 740 00a1 00       		.byte	0
 741 00a2 0C       		.uleb128 0xc
 742 00a3 34       		.uleb128 0x34
 743 00a4 00       		.byte	0
 744 00a5 03       		.uleb128 0x3
 745 00a6 08       		.uleb128 0x8
 746 00a7 3A       		.uleb128 0x3a
 747 00a8 0B       		.uleb128 0xb
 748 00a9 3B       		.uleb128 0x3b
 749 00aa 0B       		.uleb128 0xb
 750 00ab 49       		.uleb128 0x49
 751 00ac 13       		.uleb128 0x13
 752 00ad 02       		.uleb128 0x2
 753 00ae 17       		.uleb128 0x17
 754 00af 00       		.byte	0
 755 00b0 00       		.byte	0
 756 00b1 0D       		.uleb128 0xd
 757 00b2 34       		.uleb128 0x34
 758 00b3 00       		.byte	0
 759 00b4 03       		.uleb128 0x3
 760 00b5 0E       		.uleb128 0xe
 761 00b6 3A       		.uleb128 0x3a
 762 00b7 0B       		.uleb128 0xb
 763 00b8 3B       		.uleb128 0x3b
 764 00b9 0B       		.uleb128 0xb
 765 00ba 49       		.uleb128 0x49
 766 00bb 13       		.uleb128 0x13
 767 00bc 3F       		.uleb128 0x3f
 768 00bd 19       		.uleb128 0x19
 769 00be 3C       		.uleb128 0x3c
 770 00bf 19       		.uleb128 0x19
 771 00c0 00       		.byte	0
 772 00c1 00       		.byte	0
 773 00c2 0E       		.uleb128 0xe
 774 00c3 01       		.uleb128 0x1
 775 00c4 01       		.byte	0x1
ARM GAS  C:\Users\Girish\AppData\Local\Temp\cc6tNS0x.s 			page 16


 776 00c5 49       		.uleb128 0x49
 777 00c6 13       		.uleb128 0x13
 778 00c7 01       		.uleb128 0x1
 779 00c8 13       		.uleb128 0x13
 780 00c9 00       		.byte	0
 781 00ca 00       		.byte	0
 782 00cb 0F       		.uleb128 0xf
 783 00cc 21       		.uleb128 0x21
 784 00cd 00       		.byte	0
 785 00ce 49       		.uleb128 0x49
 786 00cf 13       		.uleb128 0x13
 787 00d0 2F       		.uleb128 0x2f
 788 00d1 0B       		.uleb128 0xb
 789 00d2 00       		.byte	0
 790 00d3 00       		.byte	0
 791 00d4 10       		.uleb128 0x10
 792 00d5 26       		.uleb128 0x26
 793 00d6 00       		.byte	0
 794 00d7 49       		.uleb128 0x49
 795 00d8 13       		.uleb128 0x13
 796 00d9 00       		.byte	0
 797 00da 00       		.byte	0
 798 00db 11       		.uleb128 0x11
 799 00dc 34       		.uleb128 0x34
 800 00dd 00       		.byte	0
 801 00de 03       		.uleb128 0x3
 802 00df 0E       		.uleb128 0xe
 803 00e0 3A       		.uleb128 0x3a
 804 00e1 0B       		.uleb128 0xb
 805 00e2 3B       		.uleb128 0x3b
 806 00e3 05       		.uleb128 0x5
 807 00e4 49       		.uleb128 0x49
 808 00e5 13       		.uleb128 0x13
 809 00e6 3F       		.uleb128 0x3f
 810 00e7 19       		.uleb128 0x19
 811 00e8 3C       		.uleb128 0x3c
 812 00e9 19       		.uleb128 0x19
 813 00ea 00       		.byte	0
 814 00eb 00       		.byte	0
 815 00ec 00       		.byte	0
 816              		.section	.debug_loc,"",%progbits
 817              	.Ldebug_loc0:
 818              	.LLST0:
 819 0000 0A000000 		.4byte	.LVL0
 820 0004 16000000 		.4byte	.LVL2
 821 0008 0100     		.2byte	0x1
 822 000a 53       		.byte	0x53
 823 000b 16000000 		.4byte	.LVL2
 824 000f 18000000 		.4byte	.LVL3
 825 0013 0300     		.2byte	0x3
 826 0015 73       		.byte	0x73
 827 0016 78       		.sleb128 -8
 828 0017 9F       		.byte	0x9f
 829 0018 18000000 		.4byte	.LVL3
 830 001c 26000000 		.4byte	.LVL4
 831 0020 0100     		.2byte	0x1
 832 0022 53       		.byte	0x53
ARM GAS  C:\Users\Girish\AppData\Local\Temp\cc6tNS0x.s 			page 17


 833 0023 2C000000 		.4byte	.LVL5
 834 0027 44000000 		.4byte	.LFE70
 835 002b 0100     		.2byte	0x1
 836 002d 53       		.byte	0x53
 837 002e 00000000 		.4byte	0
 838 0032 00000000 		.4byte	0
 839              		.section	.debug_aranges,"",%progbits
 840 0000 1C000000 		.4byte	0x1c
 841 0004 0200     		.2byte	0x2
 842 0006 00000000 		.4byte	.Ldebug_info0
 843 000a 04       		.byte	0x4
 844 000b 00       		.byte	0
 845 000c 0000     		.2byte	0
 846 000e 0000     		.2byte	0
 847 0010 00000000 		.4byte	.LFB70
 848 0014 44000000 		.4byte	.LFE70-.LFB70
 849 0018 00000000 		.4byte	0
 850 001c 00000000 		.4byte	0
 851              		.section	.debug_ranges,"",%progbits
 852              	.Ldebug_ranges0:
 853 0000 00000000 		.4byte	.LFB70
 854 0004 44000000 		.4byte	.LFE70
 855 0008 00000000 		.4byte	0
 856 000c 00000000 		.4byte	0
 857              		.section	.debug_line,"",%progbits
 858              	.Ldebug_line0:
 859 0000 86010000 		.section	.debug_str,"MS",%progbits,1
 859      02006901 
 859      00000201 
 859      FB0E0D00 
 859      01010101 
 860              	.LASF35:
 861 0000 6B696E64 		.ascii	"kind\000"
 861      00
 862              	.LASF14:
 863 0005 45455F55 		.ascii	"EE_UREG\000"
 863      52454700 
 864              	.LASF24:
 865 000d 7469636B 		.ascii	"ticksperbase\000"
 865      73706572 
 865      62617365 
 865      00
 866              	.LASF67:
 867 001a 433A5C55 		.ascii	"C:\\Users\\Girish\\OneDrive\\Documents\\PSoC Creato"
 867      73657273 
 867      5C476972 
 867      6973685C 
 867      4F6E6544 
 868 0048 725C4572 		.ascii	"r\\Erika_OS_WorkSpace\\Erika_LEDBlink.cydsn\000"
 868      696B615F 
 868      4F535F57 
 868      6F726B53 
 868      70616365 
 869              	.LASF55:
 870 0072 45455F74 		.ascii	"EE_th_event_active\000"
 870      685F6576 
 870      656E745F 
ARM GAS  C:\Users\Girish\AppData\Local\Temp\cc6tNS0x.s 			page 18


 870      61637469 
 870      766500
 871              	.LASF56:
 872 0085 45455F74 		.ascii	"EE_th_waswaiting\000"
 872      685F7761 
 872      73776169 
 872      74696E67 
 872      00
 873              	.LASF2:
 874 0096 73686F72 		.ascii	"short int\000"
 874      7420696E 
 874      7400
 875              	.LASF44:
 876 00a0 73697A65 		.ascii	"sizetype\000"
 876      74797065 
 876      00
 877              	.LASF39:
 878 00a9 64656C74 		.ascii	"delta\000"
 878      6100
 879              	.LASF34:
 880 00af 73706563 		.ascii	"spec_id\000"
 880      5F696400 
 881              	.LASF16:
 882 00b7 45455F46 		.ascii	"EE_FREG\000"
 882      52454700 
 883              	.LASF33:
 884 00bf 436F756E 		.ascii	"CounterObjectKindType\000"
 884      7465724F 
 884      626A6563 
 884      744B696E 
 884      64547970 
 885              	.LASF13:
 886 00d5 45455F55 		.ascii	"EE_UINT32\000"
 886      494E5433 
 886      3200
 887              	.LASF45:
 888 00df 45455F74 		.ascii	"EE_th_ready_prio\000"
 888      685F7265 
 888      6164795F 
 888      7072696F 
 888      00
 889              	.LASF52:
 890 00f0 45455F72 		.ascii	"EE_rq_queues_head\000"
 890      715F7175 
 890      65756573 
 890      5F686561 
 890      6400
 891              	.LASF18:
 892 0102 45455F54 		.ascii	"EE_TID\000"
 892      494400
 893              	.LASF25:
 894 0109 6D696E63 		.ascii	"mincycle\000"
 894      79636C65 
 894      00
 895              	.LASF27:
 896 0112 76616C75 		.ascii	"value\000"
 896      6500
ARM GAS  C:\Users\Girish\AppData\Local\Temp\cc6tNS0x.s 			page 19


 897              	.LASF58:
 898 0118 45455F6F 		.ascii	"EE_oo_counter_object_ROM\000"
 898      6F5F636F 
 898      756E7465 
 898      725F6F62 
 898      6A656374 
 899              	.LASF32:
 900 0131 45455F6F 		.ascii	"EE_oo_counter_object_kind_type\000"
 900      6F5F636F 
 900      756E7465 
 900      725F6F62 
 900      6A656374 
 901              	.LASF42:
 902 0150 45455F49 		.ascii	"EE_IRQ_nesting_level\000"
 902      52515F6E 
 902      65737469 
 902      6E675F6C 
 902      6576656C 
 903              	.LASF29:
 904 0165 45455F6F 		.ascii	"EE_oo_counter_RAM_type\000"
 904      6F5F636F 
 904      756E7465 
 904      725F5241 
 904      4D5F7479 
 905              	.LASF6:
 906 017c 6C6F6E67 		.ascii	"long long int\000"
 906      206C6F6E 
 906      6720696E 
 906      7400
 907              	.LASF10:
 908 018a 45455F49 		.ascii	"EE_INT8\000"
 908      4E543800 
 909              	.LASF62:
 910 0192 45455F6F 		.ascii	"EE_oo_IRQ_suspend_status\000"
 910      6F5F4952 
 910      515F7375 
 910      7370656E 
 910      645F7374 
 911              	.LASF19:
 912 01ab 45455F54 		.ascii	"EE_TYPE_RQ_MASK\000"
 912      5950455F 
 912      52515F4D 
 912      41534B00 
 913              	.LASF31:
 914 01bb 45455F53 		.ascii	"EE_SCHEDULETABLE\000"
 914      43484544 
 914      554C4554 
 914      41424C45 
 914      00
 915              	.LASF4:
 916 01cc 6C6F6E67 		.ascii	"long int\000"
 916      20696E74 
 916      00
 917              	.LASF23:
 918 01d5 6D617861 		.ascii	"maxallowedvalue\000"
 918      6C6C6F77 
 918      65647661 
ARM GAS  C:\Users\Girish\AppData\Local\Temp\cc6tNS0x.s 			page 20


 918      6C756500 
 919              	.LASF41:
 920 01e5 45455F6F 		.ascii	"EE_oo_counter_object_RAM_type\000"
 920      6F5F636F 
 920      756E7465 
 920      725F6F62 
 920      6A656374 
 921              	.LASF26:
 922 0203 45455F6F 		.ascii	"EE_oo_counter_ROM_type\000"
 922      6F5F636F 
 922      756E7465 
 922      725F524F 
 922      4D5F7479 
 923              	.LASF20:
 924 021a 5469636B 		.ascii	"TickType\000"
 924      54797065 
 924      00
 925              	.LASF51:
 926 0223 45455F73 		.ascii	"EE_sys_ceiling\000"
 926      79735F63 
 926      65696C69 
 926      6E6700
 927              	.LASF21:
 928 0232 436F756E 		.ascii	"CounterObjectType\000"
 928      7465724F 
 928      626A6563 
 928      74547970 
 928      6500
 929              	.LASF9:
 930 0244 6C6F6E67 		.ascii	"long double\000"
 930      20646F75 
 930      626C6500 
 931              	.LASF57:
 932 0250 45455F63 		.ascii	"EE_counter_ROM\000"
 932      6F756E74 
 932      65725F52 
 932      4F4D00
 933              	.LASF1:
 934 025f 756E7369 		.ascii	"unsigned char\000"
 934      676E6564 
 934      20636861 
 934      7200
 935              	.LASF60:
 936 026d 45455F6F 		.ascii	"EE_oo_counter_object_RAM\000"
 936      6F5F636F 
 936      756E7465 
 936      725F6F62 
 936      6A656374 
 937              	.LASF15:
 938 0286 45455F53 		.ascii	"EE_SREG\000"
 938      52454700 
 939              	.LASF0:
 940 028e 7369676E 		.ascii	"signed char\000"
 940      65642063 
 940      68617200 
 941              	.LASF7:
 942 029a 6C6F6E67 		.ascii	"long long unsigned int\000"
ARM GAS  C:\Users\Girish\AppData\Local\Temp\cc6tNS0x.s 			page 21


 942      206C6F6E 
 942      6720756E 
 942      7369676E 
 942      65642069 
 943              	.LASF8:
 944 02b1 756E7369 		.ascii	"unsigned int\000"
 944      676E6564 
 944      20696E74 
 944      00
 945              	.LASF49:
 946 02be 45455F74 		.ascii	"EE_th_rnact\000"
 946      685F726E 
 946      61637400 
 947              	.LASF43:
 948 02ca 45455F73 		.ascii	"EE_std_endcycle_next_tid\000"
 948      74645F65 
 948      6E646379 
 948      636C655F 
 948      6E657874 
 949              	.LASF12:
 950 02e3 45455F49 		.ascii	"EE_INT32\000"
 950      4E543332 
 950      00
 951              	.LASF3:
 952 02ec 73686F72 		.ascii	"short unsigned int\000"
 952      7420756E 
 952      7369676E 
 952      65642069 
 952      6E7400
 953              	.LASF36:
 954 02ff 45455F6F 		.ascii	"EE_oo_counter_object_ROM_type\000"
 954      6F5F636F 
 954      756E7465 
 954      725F6F62 
 954      6A656374 
 955              	.LASF11:
 956 031d 45455F55 		.ascii	"EE_UINT16\000"
 956      494E5431 
 956      3600
 957              	.LASF68:
 958 0327 45455F72 		.ascii	"EE_rq_queryfirst\000"
 958      715F7175 
 958      65727966 
 958      69727374 
 958      00
 959              	.LASF59:
 960 0338 45455F63 		.ascii	"EE_counter_RAM\000"
 960      6F756E74 
 960      65725F52 
 960      414D00
 961              	.LASF63:
 962 0347 45455F41 		.ascii	"EE_ApplicationMode\000"
 962      70706C69 
 962      63617469 
 962      6F6E4D6F 
 962      646500
 963              	.LASF5:
ARM GAS  C:\Users\Girish\AppData\Local\Temp\cc6tNS0x.s 			page 22


 964 035a 6C6F6E67 		.ascii	"long unsigned int\000"
 964      20756E73 
 964      69676E65 
 964      6420696E 
 964      7400
 965              	.LASF17:
 966 036c 45455F54 		.ascii	"EE_TYPEBOOL\000"
 966      59504542 
 966      4F4F4C00 
 967              	.LASF50:
 968 0378 45455F73 		.ascii	"EE_stkfirst\000"
 968      746B6669 
 968      72737400 
 969              	.LASF53:
 970 0384 45455F72 		.ascii	"EE_rq_pairs_tid\000"
 970      715F7061 
 970      6972735F 
 970      74696400 
 971              	.LASF54:
 972 0394 45455F72 		.ascii	"EE_rq_bitmask\000"
 972      715F6269 
 972      746D6173 
 972      6B00
 973              	.LASF66:
 974 03a2 47656E65 		.ascii	"Generated_Source\\PSoC5\\ErikaOS_LEDBlink_ee_rq_fir"
 974      72617465 
 974      645F536F 
 974      75726365 
 974      5C50536F 
 975 03d3 73742E63 		.ascii	"st.c\000"
 975      00
 976              	.LASF30:
 977 03d8 45455F41 		.ascii	"EE_ALARM\000"
 977      4C41524D 
 977      00
 978              	.LASF37:
 979 03e1 75736564 		.ascii	"used\000"
 979      00
 980              	.LASF22:
 981 03e6 436F756E 		.ascii	"CounterType\000"
 981      74657254 
 981      79706500 
 982              	.LASF47:
 983 03f2 45455F74 		.ascii	"EE_th_status\000"
 983      685F7374 
 983      61747573 
 983      00
 984              	.LASF46:
 985 03ff 45455F74 		.ascii	"EE_th_dispatch_prio\000"
 985      685F6469 
 985      73706174 
 985      63685F70 
 985      72696F00 
 986              	.LASF48:
 987 0413 45455F74 		.ascii	"EE_th_next\000"
 987      685F6E65 
 987      787400
ARM GAS  C:\Users\Girish\AppData\Local\Temp\cc6tNS0x.s 			page 23


 988              	.LASF65:
 989 041e 474E5520 		.ascii	"GNU C11 5.4.1 20160609 (release) [ARM/embedded-5-br"
 989      43313120 
 989      352E342E 
 989      31203230 
 989      31363036 
 990 0451 616E6368 		.ascii	"anch revision 237715] -mcpu=cortex-m3 -mthumb -g -O"
 990      20726576 
 990      6973696F 
 990      6E203233 
 990      37373135 
 991 0484 67202D66 		.ascii	"g -ffunction-sections -ffat-lto-objects\000"
 991      66756E63 
 991      74696F6E 
 991      2D736563 
 991      74696F6E 
 992              	.LASF38:
 993 04ac 636E7463 		.ascii	"cntcycle\000"
 993      79636C65 
 993      00
 994              	.LASF61:
 995 04b5 45455F6F 		.ascii	"EE_oo_IRQ_disable_count\000"
 995      6F5F4952 
 995      515F6469 
 995      7361626C 
 995      655F636F 
 996              	.LASF40:
 997 04cd 6E657874 		.ascii	"next\000"
 997      00
 998              	.LASF64:
 999 04d2 45455F72 		.ascii	"EE_rq_lookup\000"
 999      715F6C6F 
 999      6F6B7570 
 999      00
 1000              	.LASF28:
 1001 04df 66697273 		.ascii	"first\000"
 1001      7400
 1002              		.ident	"GCC: (GNU Tools for ARM Embedded Processors) 5.4.1 20160609 (release) [ARM/embedded-5-bran
