ARM GAS  C:\Users\Girish\AppData\Local\Temp\cciMP1wL.s 			page 1


   1              		.syntax unified
   2              		.cpu cortex-m3
   3              		.fpu softvfp
   4              		.eabi_attribute 20, 1
   5              		.eabi_attribute 21, 1
   6              		.eabi_attribute 23, 3
   7              		.eabi_attribute 24, 1
   8              		.eabi_attribute 25, 1
   9              		.eabi_attribute 26, 1
  10              		.eabi_attribute 30, 1
  11              		.eabi_attribute 34, 1
  12              		.eabi_attribute 18, 4
  13              		.thumb
  14              		.syntax unified
  15              		.file	"ErikaOS_LEDBlink_ee_rq_inser.c"
  16              		.text
  17              	.Ltext0:
  18              		.cfi_sections	.debug_frame
  19              		.section	.text.EE_rq_insert,"ax",%progbits
  20              		.align	2
  21              		.global	EE_rq_insert
  22              		.thumb
  23              		.thumb_func
  24              		.type	EE_rq_insert, %function
  25              	EE_rq_insert:
  26              	.LFB70:
  27              		.file 1 "Generated_Source\\PSoC5\\ErikaOS_LEDBlink_ee_rq_inser.c"
   1:Generated_Source\PSoC5/ErikaOS_LEDBlink_ee_rq_inser.c **** /* ###*B*###
   2:Generated_Source\PSoC5/ErikaOS_LEDBlink_ee_rq_inser.c ****  * ERIKA Enterprise - a tiny RTOS for small microcontrollers
   3:Generated_Source\PSoC5/ErikaOS_LEDBlink_ee_rq_inser.c ****  *
   4:Generated_Source\PSoC5/ErikaOS_LEDBlink_ee_rq_inser.c ****  * Copyright (C) 2002-2008  Evidence Srl
   5:Generated_Source\PSoC5/ErikaOS_LEDBlink_ee_rq_inser.c ****  *
   6:Generated_Source\PSoC5/ErikaOS_LEDBlink_ee_rq_inser.c ****  * This file is part of ERIKA Enterprise.
   7:Generated_Source\PSoC5/ErikaOS_LEDBlink_ee_rq_inser.c ****  *
   8:Generated_Source\PSoC5/ErikaOS_LEDBlink_ee_rq_inser.c ****  * ERIKA Enterprise is free software; you can redistribute it
   9:Generated_Source\PSoC5/ErikaOS_LEDBlink_ee_rq_inser.c ****  * and/or modify it under the terms of the GNU General Public License
  10:Generated_Source\PSoC5/ErikaOS_LEDBlink_ee_rq_inser.c ****  * version 2 as published by the Free Software Foundation, 
  11:Generated_Source\PSoC5/ErikaOS_LEDBlink_ee_rq_inser.c ****  * (with a special exception described below).
  12:Generated_Source\PSoC5/ErikaOS_LEDBlink_ee_rq_inser.c ****  *
  13:Generated_Source\PSoC5/ErikaOS_LEDBlink_ee_rq_inser.c ****  * Linking this code statically or dynamically with other modules is
  14:Generated_Source\PSoC5/ErikaOS_LEDBlink_ee_rq_inser.c ****  * making a combined work based on this code.  Thus, the terms and
  15:Generated_Source\PSoC5/ErikaOS_LEDBlink_ee_rq_inser.c ****  * conditions of the GNU General Public License cover the whole
  16:Generated_Source\PSoC5/ErikaOS_LEDBlink_ee_rq_inser.c ****  * combination.
  17:Generated_Source\PSoC5/ErikaOS_LEDBlink_ee_rq_inser.c ****  *
  18:Generated_Source\PSoC5/ErikaOS_LEDBlink_ee_rq_inser.c ****  * As a special exception, the copyright holders of this library give you
  19:Generated_Source\PSoC5/ErikaOS_LEDBlink_ee_rq_inser.c ****  * permission to link this code with independent modules to produce an
  20:Generated_Source\PSoC5/ErikaOS_LEDBlink_ee_rq_inser.c ****  * executable, regardless of the license terms of these independent
  21:Generated_Source\PSoC5/ErikaOS_LEDBlink_ee_rq_inser.c ****  * modules, and to copy and distribute the resulting executable under
  22:Generated_Source\PSoC5/ErikaOS_LEDBlink_ee_rq_inser.c ****  * terms of your choice, provided that you also meet, for each linked
  23:Generated_Source\PSoC5/ErikaOS_LEDBlink_ee_rq_inser.c ****  * independent module, the terms and conditions of the license of that
  24:Generated_Source\PSoC5/ErikaOS_LEDBlink_ee_rq_inser.c ****  * module.  An independent module is a module which is not derived from
  25:Generated_Source\PSoC5/ErikaOS_LEDBlink_ee_rq_inser.c ****  * or based on this library.  If you modify this code, you may extend
  26:Generated_Source\PSoC5/ErikaOS_LEDBlink_ee_rq_inser.c ****  * this exception to your version of the code, but you are not
  27:Generated_Source\PSoC5/ErikaOS_LEDBlink_ee_rq_inser.c ****  * obligated to do so.  If you do not wish to do so, delete this
  28:Generated_Source\PSoC5/ErikaOS_LEDBlink_ee_rq_inser.c ****  * exception statement from your version.
  29:Generated_Source\PSoC5/ErikaOS_LEDBlink_ee_rq_inser.c ****  *
  30:Generated_Source\PSoC5/ErikaOS_LEDBlink_ee_rq_inser.c ****  * ERIKA Enterprise is distributed in the hope that it will be
ARM GAS  C:\Users\Girish\AppData\Local\Temp\cciMP1wL.s 			page 2


  31:Generated_Source\PSoC5/ErikaOS_LEDBlink_ee_rq_inser.c ****  * useful, but WITHOUT ANY WARRANTY; without even the implied warranty
  32:Generated_Source\PSoC5/ErikaOS_LEDBlink_ee_rq_inser.c ****  * of MERCHANTABILITY or FITNESS FOR A PARTICULAR PURPOSE.  See the
  33:Generated_Source\PSoC5/ErikaOS_LEDBlink_ee_rq_inser.c ****  * GNU General Public License version 2 for more details.
  34:Generated_Source\PSoC5/ErikaOS_LEDBlink_ee_rq_inser.c ****  *
  35:Generated_Source\PSoC5/ErikaOS_LEDBlink_ee_rq_inser.c ****  * You should have received a copy of the GNU General Public License
  36:Generated_Source\PSoC5/ErikaOS_LEDBlink_ee_rq_inser.c ****  * version 2 along with ERIKA Enterprise; if not, write to the
  37:Generated_Source\PSoC5/ErikaOS_LEDBlink_ee_rq_inser.c ****  * Free Software Foundation, Inc., 51 Franklin Street, Fifth Floor,
  38:Generated_Source\PSoC5/ErikaOS_LEDBlink_ee_rq_inser.c ****  * Boston, MA 02110-1301 USA.
  39:Generated_Source\PSoC5/ErikaOS_LEDBlink_ee_rq_inser.c ****  * ###*E*### */
  40:Generated_Source\PSoC5/ErikaOS_LEDBlink_ee_rq_inser.c **** 
  41:Generated_Source\PSoC5/ErikaOS_LEDBlink_ee_rq_inser.c **** /*
  42:Generated_Source\PSoC5/ErikaOS_LEDBlink_ee_rq_inser.c ****  * Author: 2002-2004 Paolo Gai
  43:Generated_Source\PSoC5/ErikaOS_LEDBlink_ee_rq_inser.c ****  * CVS: $Id: ee_rq_inser.c,v 1.1 2005/07/16 12:23:42 pj Exp $
  44:Generated_Source\PSoC5/ErikaOS_LEDBlink_ee_rq_inser.c ****  */
  45:Generated_Source\PSoC5/ErikaOS_LEDBlink_ee_rq_inser.c **** 
  46:Generated_Source\PSoC5/ErikaOS_LEDBlink_ee_rq_inser.c **** /*
  47:Generated_Source\PSoC5/ErikaOS_LEDBlink_ee_rq_inser.c ****  * PSoC Port and API Generation
  48:Generated_Source\PSoC5/ErikaOS_LEDBlink_ee_rq_inser.c ****  * Carlos Fernando Meier Martinez
  49:Generated_Source\PSoC5/ErikaOS_LEDBlink_ee_rq_inser.c ****  * Hochschule Darmstadt, Germany. 2017.
  50:Generated_Source\PSoC5/ErikaOS_LEDBlink_ee_rq_inser.c ****  */
  51:Generated_Source\PSoC5/ErikaOS_LEDBlink_ee_rq_inser.c **** 
  52:Generated_Source\PSoC5/ErikaOS_LEDBlink_ee_rq_inser.c **** #include "ErikaOS_LEDBlink_ee_internal.inc"
  53:Generated_Source\PSoC5/ErikaOS_LEDBlink_ee_rq_inser.c **** 
  54:Generated_Source\PSoC5/ErikaOS_LEDBlink_ee_rq_inser.c **** #ifndef __PRIVATE_RQ_INSERT__
  55:Generated_Source\PSoC5/ErikaOS_LEDBlink_ee_rq_inser.c **** 
  56:Generated_Source\PSoC5/ErikaOS_LEDBlink_ee_rq_inser.c **** #if (defined(__OO_BCC1__)) || (defined(__OO_ECC1__))
  57:Generated_Source\PSoC5/ErikaOS_LEDBlink_ee_rq_inser.c **** /* this function inserts a task into the ready queue */
  58:Generated_Source\PSoC5/ErikaOS_LEDBlink_ee_rq_inser.c **** void EE_rq_insert(EE_TID t)
  59:Generated_Source\PSoC5/ErikaOS_LEDBlink_ee_rq_inser.c **** {
  60:Generated_Source\PSoC5/ErikaOS_LEDBlink_ee_rq_inser.c ****   EE_TYPEPRIO prio;
  61:Generated_Source\PSoC5/ErikaOS_LEDBlink_ee_rq_inser.c ****   EE_TID p,q;
  62:Generated_Source\PSoC5/ErikaOS_LEDBlink_ee_rq_inser.c **** 
  63:Generated_Source\PSoC5/ErikaOS_LEDBlink_ee_rq_inser.c ****   p = EE_NIL;
  64:Generated_Source\PSoC5/ErikaOS_LEDBlink_ee_rq_inser.c ****   q = EE_rq_first;
  65:Generated_Source\PSoC5/ErikaOS_LEDBlink_ee_rq_inser.c ****   prio = EE_th_ready_prio[t];
  66:Generated_Source\PSoC5/ErikaOS_LEDBlink_ee_rq_inser.c **** 
  67:Generated_Source\PSoC5/ErikaOS_LEDBlink_ee_rq_inser.c ****   while ((q != EE_NIL) && (prio <= EE_th_ready_prio[q])) {
  68:Generated_Source\PSoC5/ErikaOS_LEDBlink_ee_rq_inser.c ****     p = q;
  69:Generated_Source\PSoC5/ErikaOS_LEDBlink_ee_rq_inser.c ****     q = EE_th_next[q];
  70:Generated_Source\PSoC5/ErikaOS_LEDBlink_ee_rq_inser.c ****   }
  71:Generated_Source\PSoC5/ErikaOS_LEDBlink_ee_rq_inser.c **** 
  72:Generated_Source\PSoC5/ErikaOS_LEDBlink_ee_rq_inser.c ****   if (p != EE_NIL) {
  73:Generated_Source\PSoC5/ErikaOS_LEDBlink_ee_rq_inser.c ****     EE_th_next[p] = t;
  74:Generated_Source\PSoC5/ErikaOS_LEDBlink_ee_rq_inser.c ****   } else {
  75:Generated_Source\PSoC5/ErikaOS_LEDBlink_ee_rq_inser.c ****     EE_rq_first = t;
  76:Generated_Source\PSoC5/ErikaOS_LEDBlink_ee_rq_inser.c ****   }
  77:Generated_Source\PSoC5/ErikaOS_LEDBlink_ee_rq_inser.c **** 
  78:Generated_Source\PSoC5/ErikaOS_LEDBlink_ee_rq_inser.c ****   EE_th_next[t] = q;
  79:Generated_Source\PSoC5/ErikaOS_LEDBlink_ee_rq_inser.c **** }
  80:Generated_Source\PSoC5/ErikaOS_LEDBlink_ee_rq_inser.c **** #endif
  81:Generated_Source\PSoC5/ErikaOS_LEDBlink_ee_rq_inser.c **** 
  82:Generated_Source\PSoC5/ErikaOS_LEDBlink_ee_rq_inser.c **** #if (defined(__OO_BCC2__)) || (defined(__OO_ECC2__))
  83:Generated_Source\PSoC5/ErikaOS_LEDBlink_ee_rq_inser.c **** void EE_rq_insert(EE_TID t)
  84:Generated_Source\PSoC5/ErikaOS_LEDBlink_ee_rq_inser.c **** {
  28              		.loc 1 84 0
  29              		.cfi_startproc
  30              		@ args = 0, pretend = 0, frame = 0
ARM GAS  C:\Users\Girish\AppData\Local\Temp\cciMP1wL.s 			page 3


  31              		@ frame_needed = 0, uses_anonymous_args = 0
  32              		@ link register save eliminated.
  33              	.LVL0:
  34 0000 30B4     		push	{r4, r5}
  35              		.cfi_def_cfa_offset 8
  36              		.cfi_offset 4, -8
  37              		.cfi_offset 5, -4
  85:Generated_Source\PSoC5/ErikaOS_LEDBlink_ee_rq_inser.c ****   EE_TYPEPAIR temp;
  86:Generated_Source\PSoC5/ErikaOS_LEDBlink_ee_rq_inser.c ****   EE_TYPEPRIO p;
  87:Generated_Source\PSoC5/ErikaOS_LEDBlink_ee_rq_inser.c ****   
  88:Generated_Source\PSoC5/ErikaOS_LEDBlink_ee_rq_inser.c ****   p = EE_rq_link[t];
  38              		.loc 1 88 0
  39 0002 144B     		ldr	r3, .L5
  40 0004 53F82020 		ldr	r2, [r3, r0, lsl #2]
  41              	.LVL1:
  89:Generated_Source\PSoC5/ErikaOS_LEDBlink_ee_rq_inser.c **** 
  90:Generated_Source\PSoC5/ErikaOS_LEDBlink_ee_rq_inser.c ****   /* take a free pair */
  91:Generated_Source\PSoC5/ErikaOS_LEDBlink_ee_rq_inser.c ****   temp = EE_rq_free;
  42              		.loc 1 91 0
  43 0008 134C     		ldr	r4, .L5+4
  44 000a 2368     		ldr	r3, [r4]
  45              	.LVL2:
  92:Generated_Source\PSoC5/ErikaOS_LEDBlink_ee_rq_inser.c ****   EE_rq_free = EE_rq_pairs_next[EE_rq_free];
  46              		.loc 1 92 0
  47 000c 1349     		ldr	r1, .L5+8
  48 000e 51F82350 		ldr	r5, [r1, r3, lsl #2]
  49 0012 2560     		str	r5, [r4]
  93:Generated_Source\PSoC5/ErikaOS_LEDBlink_ee_rq_inser.c **** 
  94:Generated_Source\PSoC5/ErikaOS_LEDBlink_ee_rq_inser.c ****   /* fill it with the TID */
  95:Generated_Source\PSoC5/ErikaOS_LEDBlink_ee_rq_inser.c ****   EE_rq_pairs_tid[temp] = t;
  50              		.loc 1 95 0
  51 0014 124C     		ldr	r4, .L5+12
  52 0016 44F82300 		str	r0, [r4, r3, lsl #2]
  96:Generated_Source\PSoC5/ErikaOS_LEDBlink_ee_rq_inser.c ****   EE_rq_pairs_next[temp] = -1;
  53              		.loc 1 96 0
  54 001a 4FF0FF34 		mov	r4, #-1
  55 001e 41F82340 		str	r4, [r1, r3, lsl #2]
  97:Generated_Source\PSoC5/ErikaOS_LEDBlink_ee_rq_inser.c **** 
  98:Generated_Source\PSoC5/ErikaOS_LEDBlink_ee_rq_inser.c ****   /* put it at the tail of its priority queue */
  99:Generated_Source\PSoC5/ErikaOS_LEDBlink_ee_rq_inser.c ****   if (EE_rq_queues_tail[p] == (EE_SREG)-1) {
  56              		.loc 1 99 0
  57 0022 1049     		ldr	r1, .L5+16
  58 0024 51F82210 		ldr	r1, [r1, r2, lsl #2]
  59 0028 A142     		cmp	r1, r4
  60 002a 0AD1     		bne	.L2
 100:Generated_Source\PSoC5/ErikaOS_LEDBlink_ee_rq_inser.c ****     /* no tasks in this priority queue */
 101:Generated_Source\PSoC5/ErikaOS_LEDBlink_ee_rq_inser.c ****     /* set the bit field to say that a task is in the right queue */
 102:Generated_Source\PSoC5/ErikaOS_LEDBlink_ee_rq_inser.c ****     EE_rq_bitmask |= (EE_TYPE_RQ_MASK)EE_th_ready_prio[t];
  61              		.loc 1 102 0
  62 002c 0E49     		ldr	r1, .L5+20
  63 002e 51F82040 		ldr	r4, [r1, r0, lsl #2]
  64 0032 0E48     		ldr	r0, .L5+24
  65              	.LVL3:
  66 0034 0188     		ldrh	r1, [r0]
  67 0036 2143     		orrs	r1, r1, r4
  68 0038 0180     		strh	r1, [r0]	@ movhi
 103:Generated_Source\PSoC5/ErikaOS_LEDBlink_ee_rq_inser.c ****     EE_rq_queues_head[p] = temp;
ARM GAS  C:\Users\Girish\AppData\Local\Temp\cciMP1wL.s 			page 4


  69              		.loc 1 103 0
  70 003a 0D49     		ldr	r1, .L5+28
  71 003c 41F82230 		str	r3, [r1, r2, lsl #2]
  72 0040 02E0     		b	.L3
  73              	.LVL4:
  74              	.L2:
 104:Generated_Source\PSoC5/ErikaOS_LEDBlink_ee_rq_inser.c ****   } else {
 105:Generated_Source\PSoC5/ErikaOS_LEDBlink_ee_rq_inser.c ****     EE_rq_pairs_next[EE_rq_queues_tail[p]] = temp;
  75              		.loc 1 105 0
  76 0042 0648     		ldr	r0, .L5+8
  77              	.LVL5:
  78 0044 40F82130 		str	r3, [r0, r1, lsl #2]
  79              	.L3:
 106:Generated_Source\PSoC5/ErikaOS_LEDBlink_ee_rq_inser.c ****   }
 107:Generated_Source\PSoC5/ErikaOS_LEDBlink_ee_rq_inser.c ****   EE_rq_queues_tail[p] = temp;
  80              		.loc 1 107 0
  81 0048 0649     		ldr	r1, .L5+16
  82 004a 41F82230 		str	r3, [r1, r2, lsl #2]
 108:Generated_Source\PSoC5/ErikaOS_LEDBlink_ee_rq_inser.c **** }
  83              		.loc 1 108 0
  84 004e 30BC     		pop	{r4, r5}
  85              		.cfi_restore 5
  86              		.cfi_restore 4
  87              		.cfi_def_cfa_offset 0
  88 0050 7047     		bx	lr
  89              	.L6:
  90 0052 00BF     		.align	2
  91              	.L5:
  92 0054 00000000 		.word	EE_rq_link
  93 0058 00000000 		.word	EE_rq_free
  94 005c 00000000 		.word	EE_rq_pairs_next
  95 0060 00000000 		.word	EE_rq_pairs_tid
  96 0064 00000000 		.word	EE_rq_queues_tail
  97 0068 00000000 		.word	EE_th_ready_prio
  98 006c 00000000 		.word	EE_rq_bitmask
  99 0070 00000000 		.word	EE_rq_queues_head
 100              		.cfi_endproc
 101              	.LFE70:
 102              		.size	EE_rq_insert, .-EE_rq_insert
 103              		.text
 104              	.Letext0:
 105              		.file 2 "Generated_Source\\PSoC5\\ErikaOS_LEDBlink_common_ee_types.inc"
 106              		.file 3 "Generated_Source\\PSoC5\\ErikaOS_LEDBlink_cortex_mx_ee_cpu.inc"
 107              		.file 4 "Generated_Source\\PSoC5\\ErikaOS_LEDBlink_ee_oo_common.inc"
 108              		.file 5 "Generated_Source\\PSoC5\\ErikaOS_LEDBlink_common_ee_primitives.inc"
 109              		.file 6 "Generated_Source\\PSoC5\\ErikaOS_LEDBlink_cortex_mx_ee_context.inc"
 110              		.file 7 "Generated_Source\\PSoC5\\ErikaOS_LEDBlink_ee_oo_intfunc.inc"
 111              		.file 8 "Generated_Source\\PSoC5\\ErikaOS_LEDBlink_ee_oo_internal.inc"
 112              		.section	.debug_info,"",%progbits
 113              	.Ldebug_info0:
 114 0000 81040000 		.4byte	0x481
 115 0004 0400     		.2byte	0x4
 116 0006 00000000 		.4byte	.Ldebug_abbrev0
 117 000a 04       		.byte	0x4
 118 000b 01       		.uleb128 0x1
 119 000c 58040000 		.4byte	.LASF70
 120 0010 0C       		.byte	0xc
ARM GAS  C:\Users\Girish\AppData\Local\Temp\cciMP1wL.s 			page 5


 121 0011 F3010000 		.4byte	.LASF71
 122 0015 28000000 		.4byte	.LASF72
 123 0019 00000000 		.4byte	.Ldebug_ranges0+0
 124 001d 00000000 		.4byte	0
 125 0021 00000000 		.4byte	.Ldebug_line0
 126 0025 02       		.uleb128 0x2
 127 0026 01       		.byte	0x1
 128 0027 06       		.byte	0x6
 129 0028 F3020000 		.4byte	.LASF0
 130 002c 02       		.uleb128 0x2
 131 002d 01       		.byte	0x1
 132 002e 08       		.byte	0x8
 133 002f C4020000 		.4byte	.LASF1
 134 0033 02       		.uleb128 0x2
 135 0034 02       		.byte	0x2
 136 0035 05       		.byte	0x5
 137 0036 98000000 		.4byte	.LASF2
 138 003a 02       		.uleb128 0x2
 139 003b 02       		.byte	0x2
 140 003c 07       		.byte	0x7
 141 003d 51030000 		.4byte	.LASF3
 142 0041 02       		.uleb128 0x2
 143 0042 04       		.byte	0x4
 144 0043 05       		.byte	0x5
 145 0044 EA010000 		.4byte	.LASF4
 146 0048 02       		.uleb128 0x2
 147 0049 04       		.byte	0x4
 148 004a 07       		.byte	0x7
 149 004b C6030000 		.4byte	.LASF5
 150 004f 02       		.uleb128 0x2
 151 0050 08       		.byte	0x8
 152 0051 05       		.byte	0x5
 153 0052 9A010000 		.4byte	.LASF6
 154 0056 02       		.uleb128 0x2
 155 0057 08       		.byte	0x8
 156 0058 07       		.byte	0x7
 157 0059 FF020000 		.4byte	.LASF7
 158 005d 03       		.uleb128 0x3
 159 005e 04       		.byte	0x4
 160 005f 05       		.byte	0x5
 161 0060 696E7400 		.ascii	"int\000"
 162 0064 02       		.uleb128 0x2
 163 0065 04       		.byte	0x4
 164 0066 07       		.byte	0x7
 165 0067 16030000 		.4byte	.LASF8
 166 006b 02       		.uleb128 0x2
 167 006c 08       		.byte	0x8
 168 006d 04       		.byte	0x4
 169 006e A9020000 		.4byte	.LASF9
 170 0072 04       		.uleb128 0x4
 171 0073 A8010000 		.4byte	.LASF10
 172 0077 02       		.byte	0x2
 173 0078 3F       		.byte	0x3f
 174 0079 25000000 		.4byte	0x25
 175 007d 04       		.uleb128 0x4
 176 007e 8F030000 		.4byte	.LASF11
 177 0082 02       		.byte	0x2
ARM GAS  C:\Users\Girish\AppData\Local\Temp\cciMP1wL.s 			page 6


 178 0083 52       		.byte	0x52
 179 0084 3A000000 		.4byte	0x3a
 180 0088 04       		.uleb128 0x4
 181 0089 48030000 		.4byte	.LASF12
 182 008d 02       		.byte	0x2
 183 008e 53       		.byte	0x53
 184 008f 5D000000 		.4byte	0x5d
 185 0093 04       		.uleb128 0x4
 186 0094 D7000000 		.4byte	.LASF13
 187 0098 02       		.byte	0x2
 188 0099 54       		.byte	0x54
 189 009a 64000000 		.4byte	0x64
 190 009e 04       		.uleb128 0x4
 191 009f 13000000 		.4byte	.LASF14
 192 00a3 03       		.byte	0x3
 193 00a4 4D       		.byte	0x4d
 194 00a5 93000000 		.4byte	0x93
 195 00a9 04       		.uleb128 0x4
 196 00aa EB020000 		.4byte	.LASF15
 197 00ae 03       		.byte	0x3
 198 00af 4E       		.byte	0x4e
 199 00b0 88000000 		.4byte	0x88
 200 00b4 04       		.uleb128 0x4
 201 00b5 B9000000 		.4byte	.LASF16
 202 00b9 03       		.byte	0x3
 203 00ba 4F       		.byte	0x4f
 204 00bb 93000000 		.4byte	0x93
 205 00bf 04       		.uleb128 0x4
 206 00c0 D8030000 		.4byte	.LASF17
 207 00c4 03       		.byte	0x3
 208 00c5 54       		.byte	0x54
 209 00c6 9E000000 		.4byte	0x9e
 210 00ca 04       		.uleb128 0x4
 211 00cb 04010000 		.4byte	.LASF18
 212 00cf 03       		.byte	0x3
 213 00d0 78       		.byte	0x78
 214 00d1 88000000 		.4byte	0x88
 215 00d5 05       		.uleb128 0x5
 216 00d6 C9010000 		.4byte	.LASF19
 217 00da 04       		.byte	0x4
 218 00db 0801     		.2byte	0x108
 219 00dd 7D000000 		.4byte	0x7d
 220 00e1 05       		.uleb128 0x5
 221 00e2 7F020000 		.4byte	.LASF20
 222 00e6 04       		.byte	0x4
 223 00e7 2C02     		.2byte	0x22c
 224 00e9 9E000000 		.4byte	0x9e
 225 00ed 05       		.uleb128 0x5
 226 00ee 97020000 		.4byte	.LASF21
 227 00f2 04       		.byte	0x4
 228 00f3 5402     		.2byte	0x254
 229 00f5 9E000000 		.4byte	0x9e
 230 00f9 05       		.uleb128 0x5
 231 00fa 0E040000 		.4byte	.LASF22
 232 00fe 04       		.byte	0x4
 233 00ff 6302     		.2byte	0x263
 234 0101 9E000000 		.4byte	0x9e
ARM GAS  C:\Users\Girish\AppData\Local\Temp\cciMP1wL.s 			page 7


 235 0105 06       		.uleb128 0x6
 236 0106 0C       		.byte	0xc
 237 0107 04       		.byte	0x4
 238 0108 6902     		.2byte	0x269
 239 010a 36010000 		.4byte	0x136
 240 010e 07       		.uleb128 0x7
 241 010f 29020000 		.4byte	.LASF23
 242 0113 04       		.byte	0x4
 243 0114 6A02     		.2byte	0x26a
 244 0116 E1000000 		.4byte	0xe1
 245 011a 00       		.byte	0
 246 011b 07       		.uleb128 0x7
 247 011c 1B000000 		.4byte	.LASF24
 248 0120 04       		.byte	0x4
 249 0121 6B02     		.2byte	0x26b
 250 0123 E1000000 		.4byte	0xe1
 251 0127 04       		.byte	0x4
 252 0128 07       		.uleb128 0x7
 253 0129 0B010000 		.4byte	.LASF25
 254 012d 04       		.byte	0x4
 255 012e 6C02     		.2byte	0x26c
 256 0130 E1000000 		.4byte	0xe1
 257 0134 08       		.byte	0x8
 258 0135 00       		.byte	0
 259 0136 05       		.uleb128 0x5
 260 0137 57020000 		.4byte	.LASF26
 261 013b 04       		.byte	0x4
 262 013c 7102     		.2byte	0x271
 263 013e 05010000 		.4byte	0x105
 264 0142 06       		.uleb128 0x6
 265 0143 08       		.byte	0x8
 266 0144 04       		.byte	0x4
 267 0145 7402     		.2byte	0x274
 268 0147 66010000 		.4byte	0x166
 269 014b 07       		.uleb128 0x7
 270 014c 14010000 		.4byte	.LASF27
 271 0150 04       		.byte	0x4
 272 0151 7502     		.2byte	0x275
 273 0153 E1000000 		.4byte	0xe1
 274 0157 00       		.byte	0
 275 0158 07       		.uleb128 0x7
 276 0159 19050000 		.4byte	.LASF28
 277 015d 04       		.byte	0x4
 278 015e 7602     		.2byte	0x276
 279 0160 ED000000 		.4byte	0xed
 280 0164 04       		.byte	0x4
 281 0165 00       		.byte	0
 282 0166 05       		.uleb128 0x5
 283 0167 83010000 		.4byte	.LASF29
 284 016b 04       		.byte	0x4
 285 016c 7702     		.2byte	0x277
 286 016e 42010000 		.4byte	0x142
 287 0172 08       		.uleb128 0x8
 288 0173 01       		.byte	0x1
 289 0174 2C000000 		.4byte	0x2c
 290 0178 04       		.byte	0x4
 291 0179 8102     		.2byte	0x281
ARM GAS  C:\Users\Girish\AppData\Local\Temp\cciMP1wL.s 			page 8


 292 017b 8C010000 		.4byte	0x18c
 293 017f 09       		.uleb128 0x9
 294 0180 00040000 		.4byte	.LASF30
 295 0184 00       		.byte	0
 296 0185 09       		.uleb128 0x9
 297 0186 D9010000 		.4byte	.LASF31
 298 018a 01       		.byte	0x1
 299 018b 00       		.byte	0
 300 018c 05       		.uleb128 0x5
 301 018d 44010000 		.4byte	.LASF32
 302 0191 04       		.byte	0x4
 303 0192 8402     		.2byte	0x284
 304 0194 72010000 		.4byte	0x172
 305 0198 05       		.uleb128 0x5
 306 0199 C1000000 		.4byte	.LASF33
 307 019d 04       		.byte	0x4
 308 019e 8702     		.2byte	0x287
 309 01a0 8C010000 		.4byte	0x18c
 310 01a4 06       		.uleb128 0x6
 311 01a5 0C       		.byte	0xc
 312 01a6 04       		.byte	0x4
 313 01a7 8B02     		.2byte	0x28b
 314 01a9 D3010000 		.4byte	0x1d3
 315 01ad 0A       		.uleb128 0xa
 316 01ae 6300     		.ascii	"c\000"
 317 01b0 04       		.byte	0x4
 318 01b1 8D02     		.2byte	0x28d
 319 01b3 F9000000 		.4byte	0xf9
 320 01b7 00       		.byte	0
 321 01b8 07       		.uleb128 0x7
 322 01b9 B1000000 		.4byte	.LASF34
 323 01bd 04       		.byte	0x4
 324 01be 8F02     		.2byte	0x28f
 325 01c0 ED000000 		.4byte	0xed
 326 01c4 04       		.byte	0x4
 327 01c5 07       		.uleb128 0x7
 328 01c6 00000000 		.4byte	.LASF35
 329 01ca 04       		.byte	0x4
 330 01cb 9102     		.2byte	0x291
 331 01cd 98010000 		.4byte	0x198
 332 01d1 08       		.byte	0x8
 333 01d2 00       		.byte	0
 334 01d3 05       		.uleb128 0x5
 335 01d4 64030000 		.4byte	.LASF36
 336 01d8 04       		.byte	0x4
 337 01d9 9202     		.2byte	0x292
 338 01db A4010000 		.4byte	0x1a4
 339 01df 06       		.uleb128 0x6
 340 01e0 10       		.byte	0x10
 341 01e1 04       		.byte	0x4
 342 01e2 9602     		.2byte	0x296
 343 01e4 1D020000 		.4byte	0x21d
 344 01e8 07       		.uleb128 0x7
 345 01e9 09040000 		.4byte	.LASF37
 346 01ed 04       		.byte	0x4
 347 01ee 9702     		.2byte	0x297
 348 01f0 BF000000 		.4byte	0xbf
ARM GAS  C:\Users\Girish\AppData\Local\Temp\cciMP1wL.s 			page 9


 349 01f4 00       		.byte	0
 350 01f5 07       		.uleb128 0x7
 351 01f6 E6040000 		.4byte	.LASF38
 352 01fa 04       		.byte	0x4
 353 01fb 9802     		.2byte	0x298
 354 01fd E1000000 		.4byte	0xe1
 355 0201 04       		.byte	0x4
 356 0202 07       		.uleb128 0x7
 357 0203 AB000000 		.4byte	.LASF39
 358 0207 04       		.byte	0x4
 359 0208 9902     		.2byte	0x299
 360 020a E1000000 		.4byte	0xe1
 361 020e 08       		.byte	0x8
 362 020f 07       		.uleb128 0x7
 363 0210 07050000 		.4byte	.LASF40
 364 0214 04       		.byte	0x4
 365 0215 9A02     		.2byte	0x29a
 366 0217 ED000000 		.4byte	0xed
 367 021b 0C       		.byte	0xc
 368 021c 00       		.byte	0
 369 021d 05       		.uleb128 0x5
 370 021e 39020000 		.4byte	.LASF41
 371 0222 04       		.byte	0x4
 372 0223 9B02     		.2byte	0x29b
 373 0225 DF010000 		.4byte	0x1df
 374 0229 0B       		.uleb128 0xb
 375 022a 82030000 		.4byte	.LASF73
 376 022e 01       		.byte	0x1
 377 022f 53       		.byte	0x53
 378 0230 00000000 		.4byte	.LFB70
 379 0234 74000000 		.4byte	.LFE70-.LFB70
 380 0238 01       		.uleb128 0x1
 381 0239 9C       		.byte	0x9c
 382 023a 64020000 		.4byte	0x264
 383 023e 0C       		.uleb128 0xc
 384 023f 7400     		.ascii	"t\000"
 385 0241 01       		.byte	0x1
 386 0242 53       		.byte	0x53
 387 0243 CA000000 		.4byte	0xca
 388 0247 00000000 		.4byte	.LLST0
 389 024b 0D       		.uleb128 0xd
 390 024c 93000000 		.4byte	.LASF42
 391 0250 01       		.byte	0x1
 392 0251 55       		.byte	0x55
 393 0252 A9000000 		.4byte	0xa9
 394 0256 01       		.uleb128 0x1
 395 0257 53       		.byte	0x53
 396 0258 0E       		.uleb128 0xe
 397 0259 7000     		.ascii	"p\000"
 398 025b 01       		.byte	0x1
 399 025c 56       		.byte	0x56
 400 025d 9E000000 		.4byte	0x9e
 401 0261 01       		.uleb128 0x1
 402 0262 52       		.byte	0x52
 403 0263 00       		.byte	0
 404 0264 0F       		.uleb128 0xf
 405 0265 63010000 		.4byte	.LASF43
ARM GAS  C:\Users\Girish\AppData\Local\Temp\cciMP1wL.s 			page 10


 406 0269 05       		.byte	0x5
 407 026a 44       		.byte	0x44
 408 026b 9E000000 		.4byte	0x9e
 409 026f 0F       		.uleb128 0xf
 410 0270 2F030000 		.4byte	.LASF44
 411 0274 06       		.byte	0x6
 412 0275 48       		.byte	0x48
 413 0276 CA000000 		.4byte	0xca
 414 027a 10       		.uleb128 0x10
 415 027b 91020000 		.4byte	0x291
 416 027f 8A020000 		.4byte	0x28a
 417 0283 11       		.uleb128 0x11
 418 0284 8A020000 		.4byte	0x28a
 419 0288 02       		.byte	0x2
 420 0289 00       		.byte	0
 421 028a 02       		.uleb128 0x2
 422 028b 04       		.byte	0x4
 423 028c 07       		.byte	0x7
 424 028d A2000000 		.4byte	.LASF45
 425 0291 12       		.uleb128 0x12
 426 0292 9E000000 		.4byte	0x9e
 427 0296 0F       		.uleb128 0xf
 428 0297 E1000000 		.4byte	.LASF46
 429 029b 04       		.byte	0x4
 430 029c B2       		.byte	0xb2
 431 029d A1020000 		.4byte	0x2a1
 432 02a1 12       		.uleb128 0x12
 433 02a2 7A020000 		.4byte	0x27a
 434 02a6 0F       		.uleb128 0xf
 435 02a7 27040000 		.4byte	.LASF47
 436 02ab 04       		.byte	0x4
 437 02ac B3       		.byte	0xb3
 438 02ad B1020000 		.4byte	0x2b1
 439 02b1 12       		.uleb128 0x12
 440 02b2 7A020000 		.4byte	0x27a
 441 02b6 10       		.uleb128 0x10
 442 02b7 9E000000 		.4byte	0x9e
 443 02bb C6020000 		.4byte	0x2c6
 444 02bf 11       		.uleb128 0x11
 445 02c0 8A020000 		.4byte	0x28a
 446 02c4 02       		.byte	0x2
 447 02c5 00       		.byte	0
 448 02c6 0F       		.uleb128 0xf
 449 02c7 1A040000 		.4byte	.LASF48
 450 02cb 04       		.byte	0x4
 451 02cc C1       		.byte	0xc1
 452 02cd B6020000 		.4byte	0x2b6
 453 02d1 10       		.uleb128 0x10
 454 02d2 CA000000 		.4byte	0xca
 455 02d6 E1020000 		.4byte	0x2e1
 456 02da 11       		.uleb128 0x11
 457 02db 8A020000 		.4byte	0x28a
 458 02df 02       		.byte	0x2
 459 02e0 00       		.byte	0
 460 02e1 0F       		.uleb128 0xf
 461 02e2 3B040000 		.4byte	.LASF49
 462 02e6 04       		.byte	0x4
ARM GAS  C:\Users\Girish\AppData\Local\Temp\cciMP1wL.s 			page 11


 463 02e7 C9       		.byte	0xc9
 464 02e8 D1020000 		.4byte	0x2d1
 465 02ec 0F       		.uleb128 0xf
 466 02ed 23030000 		.4byte	.LASF50
 467 02f1 04       		.byte	0x4
 468 02f2 D1       		.byte	0xd1
 469 02f3 B6020000 		.4byte	0x2b6
 470 02f7 0F       		.uleb128 0xf
 471 02f8 E4030000 		.4byte	.LASF51
 472 02fc 04       		.byte	0x4
 473 02fd D9       		.byte	0xd9
 474 02fe CA000000 		.4byte	0xca
 475 0302 0F       		.uleb128 0xf
 476 0303 88020000 		.4byte	.LASF52
 477 0307 04       		.byte	0x4
 478 0308 EE       		.byte	0xee
 479 0309 9E000000 		.4byte	0x9e
 480 030d 13       		.uleb128 0x13
 481 030e 99030000 		.4byte	.LASF53
 482 0312 04       		.byte	0x4
 483 0313 1801     		.2byte	0x118
 484 0315 B6020000 		.4byte	0x2b6
 485 0319 10       		.uleb128 0x10
 486 031a A9000000 		.4byte	0xa9
 487 031e 29030000 		.4byte	0x329
 488 0322 11       		.uleb128 0x11
 489 0323 8A020000 		.4byte	0x28a
 490 0327 0F       		.byte	0xf
 491 0328 00       		.byte	0
 492 0329 13       		.uleb128 0x13
 493 032a F2000000 		.4byte	.LASF54
 494 032e 04       		.byte	0x4
 495 032f 1C01     		.2byte	0x11c
 496 0331 19030000 		.4byte	0x319
 497 0335 13       		.uleb128 0x13
 498 0336 46040000 		.4byte	.LASF55
 499 033a 04       		.byte	0x4
 500 033b 1D01     		.2byte	0x11d
 501 033d 19030000 		.4byte	0x319
 502 0341 10       		.uleb128 0x10
 503 0342 A9000000 		.4byte	0xa9
 504 0346 51030000 		.4byte	0x351
 505 034a 11       		.uleb128 0x11
 506 034b 8A020000 		.4byte	0x28a
 507 034f 09       		.byte	0x9
 508 0350 00       		.byte	0
 509 0351 13       		.uleb128 0x13
 510 0352 6E020000 		.4byte	.LASF56
 511 0356 04       		.byte	0x4
 512 0357 2301     		.2byte	0x123
 513 0359 41030000 		.4byte	0x341
 514 035d 10       		.uleb128 0x10
 515 035e CA000000 		.4byte	0xca
 516 0362 6D030000 		.4byte	0x36d
 517 0366 11       		.uleb128 0x11
 518 0367 8A020000 		.4byte	0x28a
 519 036b 09       		.byte	0x9
ARM GAS  C:\Users\Girish\AppData\Local\Temp\cciMP1wL.s 			page 12


 520 036c 00       		.byte	0
 521 036d 13       		.uleb128 0x13
 522 036e F0030000 		.4byte	.LASF57
 523 0372 04       		.byte	0x4
 524 0373 3301     		.2byte	0x133
 525 0375 5D030000 		.4byte	0x35d
 526 0379 13       		.uleb128 0x13
 527 037a 05000000 		.4byte	.LASF58
 528 037e 04       		.byte	0x4
 529 037f 3601     		.2byte	0x136
 530 0381 D5000000 		.4byte	0xd5
 531 0385 13       		.uleb128 0x13
 532 0386 78010000 		.4byte	.LASF59
 533 038a 04       		.byte	0x4
 534 038b 3801     		.2byte	0x138
 535 038d A9000000 		.4byte	0xa9
 536 0391 13       		.uleb128 0x13
 537 0392 80000000 		.4byte	.LASF60
 538 0396 04       		.byte	0x4
 539 0397 5301     		.2byte	0x153
 540 0399 B6020000 		.4byte	0x2b6
 541 039d 10       		.uleb128 0x10
 542 039e BF000000 		.4byte	0xbf
 543 03a2 AD030000 		.4byte	0x3ad
 544 03a6 11       		.uleb128 0x11
 545 03a7 8A020000 		.4byte	0x28a
 546 03ab 02       		.byte	0x2
 547 03ac 00       		.byte	0
 548 03ad 13       		.uleb128 0x13
 549 03ae 1A010000 		.4byte	.LASF61
 550 03b2 04       		.byte	0x4
 551 03b3 5E01     		.2byte	0x15e
 552 03b5 9D030000 		.4byte	0x39d
 553 03b9 10       		.uleb128 0x10
 554 03ba C9030000 		.4byte	0x3c9
 555 03be C9030000 		.4byte	0x3c9
 556 03c2 11       		.uleb128 0x11
 557 03c3 8A020000 		.4byte	0x28a
 558 03c7 00       		.byte	0
 559 03c8 00       		.byte	0
 560 03c9 12       		.uleb128 0x12
 561 03ca 36010000 		.4byte	0x136
 562 03ce 13       		.uleb128 0x13
 563 03cf B5020000 		.4byte	.LASF62
 564 03d3 04       		.byte	0x4
 565 03d4 C102     		.2byte	0x2c1
 566 03d6 DA030000 		.4byte	0x3da
 567 03da 12       		.uleb128 0x12
 568 03db B9030000 		.4byte	0x3b9
 569 03df 10       		.uleb128 0x10
 570 03e0 EF030000 		.4byte	0x3ef
 571 03e4 EF030000 		.4byte	0x3ef
 572 03e8 11       		.uleb128 0x11
 573 03e9 8A020000 		.4byte	0x28a
 574 03ed 00       		.byte	0
 575 03ee 00       		.byte	0
 576 03ef 12       		.uleb128 0x12
ARM GAS  C:\Users\Girish\AppData\Local\Temp\cciMP1wL.s 			page 13


 577 03f0 D3010000 		.4byte	0x1d3
 578 03f4 13       		.uleb128 0x13
 579 03f5 2B010000 		.4byte	.LASF63
 580 03f9 04       		.byte	0x4
 581 03fa D402     		.2byte	0x2d4
 582 03fc 00040000 		.4byte	0x400
 583 0400 12       		.uleb128 0x12
 584 0401 DF030000 		.4byte	0x3df
 585 0405 10       		.uleb128 0x10
 586 0406 66010000 		.4byte	0x166
 587 040a 15040000 		.4byte	0x415
 588 040e 11       		.uleb128 0x11
 589 040f 8A020000 		.4byte	0x28a
 590 0413 00       		.byte	0
 591 0414 00       		.byte	0
 592 0415 13       		.uleb128 0x13
 593 0416 A4030000 		.4byte	.LASF64
 594 041a 04       		.byte	0x4
 595 041b F202     		.2byte	0x2f2
 596 041d 05040000 		.4byte	0x405
 597 0421 10       		.uleb128 0x10
 598 0422 1D020000 		.4byte	0x21d
 599 0426 31040000 		.4byte	0x431
 600 042a 11       		.uleb128 0x11
 601 042b 8A020000 		.4byte	0x28a
 602 042f 00       		.byte	0
 603 0430 00       		.byte	0
 604 0431 13       		.uleb128 0x13
 605 0432 D2020000 		.4byte	.LASF65
 606 0436 04       		.byte	0x4
 607 0437 FB02     		.2byte	0x2fb
 608 0439 21040000 		.4byte	0x421
 609 043d 0F       		.uleb128 0xf
 610 043e EF040000 		.4byte	.LASF66
 611 0442 07       		.byte	0x7
 612 0443 40       		.byte	0x40
 613 0444 9E000000 		.4byte	0x9e
 614 0448 0F       		.uleb128 0xf
 615 0449 B0010000 		.4byte	.LASF67
 616 044d 07       		.byte	0x7
 617 044e 47       		.byte	0x47
 618 044f B4000000 		.4byte	0xb4
 619 0453 0F       		.uleb128 0xf
 620 0454 B3030000 		.4byte	.LASF68
 621 0458 07       		.byte	0x7
 622 0459 4A       		.byte	0x4a
 623 045a 9E000000 		.4byte	0x9e
 624 045e 10       		.uleb128 0x10
 625 045f 6E040000 		.4byte	0x46e
 626 0463 6E040000 		.4byte	0x46e
 627 0467 11       		.uleb128 0x11
 628 0468 8A020000 		.4byte	0x28a
 629 046c FF       		.byte	0xff
 630 046d 00       		.byte	0
 631 046e 12       		.uleb128 0x12
 632 046f 72000000 		.4byte	0x72
 633 0473 13       		.uleb128 0x13
ARM GAS  C:\Users\Girish\AppData\Local\Temp\cciMP1wL.s 			page 14


 634 0474 0C050000 		.4byte	.LASF69
 635 0478 08       		.byte	0x8
 636 0479 AB01     		.2byte	0x1ab
 637 047b 7F040000 		.4byte	0x47f
 638 047f 12       		.uleb128 0x12
 639 0480 5E040000 		.4byte	0x45e
 640 0484 00       		.byte	0
 641              		.section	.debug_abbrev,"",%progbits
 642              	.Ldebug_abbrev0:
 643 0000 01       		.uleb128 0x1
 644 0001 11       		.uleb128 0x11
 645 0002 01       		.byte	0x1
 646 0003 25       		.uleb128 0x25
 647 0004 0E       		.uleb128 0xe
 648 0005 13       		.uleb128 0x13
 649 0006 0B       		.uleb128 0xb
 650 0007 03       		.uleb128 0x3
 651 0008 0E       		.uleb128 0xe
 652 0009 1B       		.uleb128 0x1b
 653 000a 0E       		.uleb128 0xe
 654 000b 55       		.uleb128 0x55
 655 000c 17       		.uleb128 0x17
 656 000d 11       		.uleb128 0x11
 657 000e 01       		.uleb128 0x1
 658 000f 10       		.uleb128 0x10
 659 0010 17       		.uleb128 0x17
 660 0011 00       		.byte	0
 661 0012 00       		.byte	0
 662 0013 02       		.uleb128 0x2
 663 0014 24       		.uleb128 0x24
 664 0015 00       		.byte	0
 665 0016 0B       		.uleb128 0xb
 666 0017 0B       		.uleb128 0xb
 667 0018 3E       		.uleb128 0x3e
 668 0019 0B       		.uleb128 0xb
 669 001a 03       		.uleb128 0x3
 670 001b 0E       		.uleb128 0xe
 671 001c 00       		.byte	0
 672 001d 00       		.byte	0
 673 001e 03       		.uleb128 0x3
 674 001f 24       		.uleb128 0x24
 675 0020 00       		.byte	0
 676 0021 0B       		.uleb128 0xb
 677 0022 0B       		.uleb128 0xb
 678 0023 3E       		.uleb128 0x3e
 679 0024 0B       		.uleb128 0xb
 680 0025 03       		.uleb128 0x3
 681 0026 08       		.uleb128 0x8
 682 0027 00       		.byte	0
 683 0028 00       		.byte	0
 684 0029 04       		.uleb128 0x4
 685 002a 16       		.uleb128 0x16
 686 002b 00       		.byte	0
 687 002c 03       		.uleb128 0x3
 688 002d 0E       		.uleb128 0xe
 689 002e 3A       		.uleb128 0x3a
 690 002f 0B       		.uleb128 0xb
ARM GAS  C:\Users\Girish\AppData\Local\Temp\cciMP1wL.s 			page 15


 691 0030 3B       		.uleb128 0x3b
 692 0031 0B       		.uleb128 0xb
 693 0032 49       		.uleb128 0x49
 694 0033 13       		.uleb128 0x13
 695 0034 00       		.byte	0
 696 0035 00       		.byte	0
 697 0036 05       		.uleb128 0x5
 698 0037 16       		.uleb128 0x16
 699 0038 00       		.byte	0
 700 0039 03       		.uleb128 0x3
 701 003a 0E       		.uleb128 0xe
 702 003b 3A       		.uleb128 0x3a
 703 003c 0B       		.uleb128 0xb
 704 003d 3B       		.uleb128 0x3b
 705 003e 05       		.uleb128 0x5
 706 003f 49       		.uleb128 0x49
 707 0040 13       		.uleb128 0x13
 708 0041 00       		.byte	0
 709 0042 00       		.byte	0
 710 0043 06       		.uleb128 0x6
 711 0044 13       		.uleb128 0x13
 712 0045 01       		.byte	0x1
 713 0046 0B       		.uleb128 0xb
 714 0047 0B       		.uleb128 0xb
 715 0048 3A       		.uleb128 0x3a
 716 0049 0B       		.uleb128 0xb
 717 004a 3B       		.uleb128 0x3b
 718 004b 05       		.uleb128 0x5
 719 004c 01       		.uleb128 0x1
 720 004d 13       		.uleb128 0x13
 721 004e 00       		.byte	0
 722 004f 00       		.byte	0
 723 0050 07       		.uleb128 0x7
 724 0051 0D       		.uleb128 0xd
 725 0052 00       		.byte	0
 726 0053 03       		.uleb128 0x3
 727 0054 0E       		.uleb128 0xe
 728 0055 3A       		.uleb128 0x3a
 729 0056 0B       		.uleb128 0xb
 730 0057 3B       		.uleb128 0x3b
 731 0058 05       		.uleb128 0x5
 732 0059 49       		.uleb128 0x49
 733 005a 13       		.uleb128 0x13
 734 005b 38       		.uleb128 0x38
 735 005c 0B       		.uleb128 0xb
 736 005d 00       		.byte	0
 737 005e 00       		.byte	0
 738 005f 08       		.uleb128 0x8
 739 0060 04       		.uleb128 0x4
 740 0061 01       		.byte	0x1
 741 0062 0B       		.uleb128 0xb
 742 0063 0B       		.uleb128 0xb
 743 0064 49       		.uleb128 0x49
 744 0065 13       		.uleb128 0x13
 745 0066 3A       		.uleb128 0x3a
 746 0067 0B       		.uleb128 0xb
 747 0068 3B       		.uleb128 0x3b
ARM GAS  C:\Users\Girish\AppData\Local\Temp\cciMP1wL.s 			page 16


 748 0069 05       		.uleb128 0x5
 749 006a 01       		.uleb128 0x1
 750 006b 13       		.uleb128 0x13
 751 006c 00       		.byte	0
 752 006d 00       		.byte	0
 753 006e 09       		.uleb128 0x9
 754 006f 28       		.uleb128 0x28
 755 0070 00       		.byte	0
 756 0071 03       		.uleb128 0x3
 757 0072 0E       		.uleb128 0xe
 758 0073 1C       		.uleb128 0x1c
 759 0074 0B       		.uleb128 0xb
 760 0075 00       		.byte	0
 761 0076 00       		.byte	0
 762 0077 0A       		.uleb128 0xa
 763 0078 0D       		.uleb128 0xd
 764 0079 00       		.byte	0
 765 007a 03       		.uleb128 0x3
 766 007b 08       		.uleb128 0x8
 767 007c 3A       		.uleb128 0x3a
 768 007d 0B       		.uleb128 0xb
 769 007e 3B       		.uleb128 0x3b
 770 007f 05       		.uleb128 0x5
 771 0080 49       		.uleb128 0x49
 772 0081 13       		.uleb128 0x13
 773 0082 38       		.uleb128 0x38
 774 0083 0B       		.uleb128 0xb
 775 0084 00       		.byte	0
 776 0085 00       		.byte	0
 777 0086 0B       		.uleb128 0xb
 778 0087 2E       		.uleb128 0x2e
 779 0088 01       		.byte	0x1
 780 0089 3F       		.uleb128 0x3f
 781 008a 19       		.uleb128 0x19
 782 008b 03       		.uleb128 0x3
 783 008c 0E       		.uleb128 0xe
 784 008d 3A       		.uleb128 0x3a
 785 008e 0B       		.uleb128 0xb
 786 008f 3B       		.uleb128 0x3b
 787 0090 0B       		.uleb128 0xb
 788 0091 27       		.uleb128 0x27
 789 0092 19       		.uleb128 0x19
 790 0093 11       		.uleb128 0x11
 791 0094 01       		.uleb128 0x1
 792 0095 12       		.uleb128 0x12
 793 0096 06       		.uleb128 0x6
 794 0097 40       		.uleb128 0x40
 795 0098 18       		.uleb128 0x18
 796 0099 9742     		.uleb128 0x2117
 797 009b 19       		.uleb128 0x19
 798 009c 01       		.uleb128 0x1
 799 009d 13       		.uleb128 0x13
 800 009e 00       		.byte	0
 801 009f 00       		.byte	0
 802 00a0 0C       		.uleb128 0xc
 803 00a1 05       		.uleb128 0x5
 804 00a2 00       		.byte	0
ARM GAS  C:\Users\Girish\AppData\Local\Temp\cciMP1wL.s 			page 17


 805 00a3 03       		.uleb128 0x3
 806 00a4 08       		.uleb128 0x8
 807 00a5 3A       		.uleb128 0x3a
 808 00a6 0B       		.uleb128 0xb
 809 00a7 3B       		.uleb128 0x3b
 810 00a8 0B       		.uleb128 0xb
 811 00a9 49       		.uleb128 0x49
 812 00aa 13       		.uleb128 0x13
 813 00ab 02       		.uleb128 0x2
 814 00ac 17       		.uleb128 0x17
 815 00ad 00       		.byte	0
 816 00ae 00       		.byte	0
 817 00af 0D       		.uleb128 0xd
 818 00b0 34       		.uleb128 0x34
 819 00b1 00       		.byte	0
 820 00b2 03       		.uleb128 0x3
 821 00b3 0E       		.uleb128 0xe
 822 00b4 3A       		.uleb128 0x3a
 823 00b5 0B       		.uleb128 0xb
 824 00b6 3B       		.uleb128 0x3b
 825 00b7 0B       		.uleb128 0xb
 826 00b8 49       		.uleb128 0x49
 827 00b9 13       		.uleb128 0x13
 828 00ba 02       		.uleb128 0x2
 829 00bb 18       		.uleb128 0x18
 830 00bc 00       		.byte	0
 831 00bd 00       		.byte	0
 832 00be 0E       		.uleb128 0xe
 833 00bf 34       		.uleb128 0x34
 834 00c0 00       		.byte	0
 835 00c1 03       		.uleb128 0x3
 836 00c2 08       		.uleb128 0x8
 837 00c3 3A       		.uleb128 0x3a
 838 00c4 0B       		.uleb128 0xb
 839 00c5 3B       		.uleb128 0x3b
 840 00c6 0B       		.uleb128 0xb
 841 00c7 49       		.uleb128 0x49
 842 00c8 13       		.uleb128 0x13
 843 00c9 02       		.uleb128 0x2
 844 00ca 18       		.uleb128 0x18
 845 00cb 00       		.byte	0
 846 00cc 00       		.byte	0
 847 00cd 0F       		.uleb128 0xf
 848 00ce 34       		.uleb128 0x34
 849 00cf 00       		.byte	0
 850 00d0 03       		.uleb128 0x3
 851 00d1 0E       		.uleb128 0xe
 852 00d2 3A       		.uleb128 0x3a
 853 00d3 0B       		.uleb128 0xb
 854 00d4 3B       		.uleb128 0x3b
 855 00d5 0B       		.uleb128 0xb
 856 00d6 49       		.uleb128 0x49
 857 00d7 13       		.uleb128 0x13
 858 00d8 3F       		.uleb128 0x3f
 859 00d9 19       		.uleb128 0x19
 860 00da 3C       		.uleb128 0x3c
 861 00db 19       		.uleb128 0x19
ARM GAS  C:\Users\Girish\AppData\Local\Temp\cciMP1wL.s 			page 18


 862 00dc 00       		.byte	0
 863 00dd 00       		.byte	0
 864 00de 10       		.uleb128 0x10
 865 00df 01       		.uleb128 0x1
 866 00e0 01       		.byte	0x1
 867 00e1 49       		.uleb128 0x49
 868 00e2 13       		.uleb128 0x13
 869 00e3 01       		.uleb128 0x1
 870 00e4 13       		.uleb128 0x13
 871 00e5 00       		.byte	0
 872 00e6 00       		.byte	0
 873 00e7 11       		.uleb128 0x11
 874 00e8 21       		.uleb128 0x21
 875 00e9 00       		.byte	0
 876 00ea 49       		.uleb128 0x49
 877 00eb 13       		.uleb128 0x13
 878 00ec 2F       		.uleb128 0x2f
 879 00ed 0B       		.uleb128 0xb
 880 00ee 00       		.byte	0
 881 00ef 00       		.byte	0
 882 00f0 12       		.uleb128 0x12
 883 00f1 26       		.uleb128 0x26
 884 00f2 00       		.byte	0
 885 00f3 49       		.uleb128 0x49
 886 00f4 13       		.uleb128 0x13
 887 00f5 00       		.byte	0
 888 00f6 00       		.byte	0
 889 00f7 13       		.uleb128 0x13
 890 00f8 34       		.uleb128 0x34
 891 00f9 00       		.byte	0
 892 00fa 03       		.uleb128 0x3
 893 00fb 0E       		.uleb128 0xe
 894 00fc 3A       		.uleb128 0x3a
 895 00fd 0B       		.uleb128 0xb
 896 00fe 3B       		.uleb128 0x3b
 897 00ff 05       		.uleb128 0x5
 898 0100 49       		.uleb128 0x49
 899 0101 13       		.uleb128 0x13
 900 0102 3F       		.uleb128 0x3f
 901 0103 19       		.uleb128 0x19
 902 0104 3C       		.uleb128 0x3c
 903 0105 19       		.uleb128 0x19
 904 0106 00       		.byte	0
 905 0107 00       		.byte	0
 906 0108 00       		.byte	0
 907              		.section	.debug_loc,"",%progbits
 908              	.Ldebug_loc0:
 909              	.LLST0:
 910 0000 00000000 		.4byte	.LVL0
 911 0004 34000000 		.4byte	.LVL3
 912 0008 0100     		.2byte	0x1
 913 000a 50       		.byte	0x50
 914 000b 42000000 		.4byte	.LVL4
 915 000f 44000000 		.4byte	.LVL5
 916 0013 0100     		.2byte	0x1
 917 0015 50       		.byte	0x50
 918 0016 00000000 		.4byte	0
ARM GAS  C:\Users\Girish\AppData\Local\Temp\cciMP1wL.s 			page 19


 919 001a 00000000 		.4byte	0
 920              		.section	.debug_aranges,"",%progbits
 921 0000 1C000000 		.4byte	0x1c
 922 0004 0200     		.2byte	0x2
 923 0006 00000000 		.4byte	.Ldebug_info0
 924 000a 04       		.byte	0x4
 925 000b 00       		.byte	0
 926 000c 0000     		.2byte	0
 927 000e 0000     		.2byte	0
 928 0010 00000000 		.4byte	.LFB70
 929 0014 74000000 		.4byte	.LFE70-.LFB70
 930 0018 00000000 		.4byte	0
 931 001c 00000000 		.4byte	0
 932              		.section	.debug_ranges,"",%progbits
 933              	.Ldebug_ranges0:
 934 0000 00000000 		.4byte	.LFB70
 935 0004 74000000 		.4byte	.LFE70
 936 0008 00000000 		.4byte	0
 937 000c 00000000 		.4byte	0
 938              		.section	.debug_line,"",%progbits
 939              	.Ldebug_line0:
 940 0000 8A010000 		.section	.debug_str,"MS",%progbits,1
 940      02006901 
 940      00000201 
 940      FB0E0D00 
 940      01010101 
 941              	.LASF35:
 942 0000 6B696E64 		.ascii	"kind\000"
 942      00
 943              	.LASF58:
 944 0005 45455F72 		.ascii	"EE_rq_bitmask\000"
 944      715F6269 
 944      746D6173 
 944      6B00
 945              	.LASF14:
 946 0013 45455F55 		.ascii	"EE_UREG\000"
 946      52454700 
 947              	.LASF24:
 948 001b 7469636B 		.ascii	"ticksperbase\000"
 948      73706572 
 948      62617365 
 948      00
 949              	.LASF72:
 950 0028 433A5C55 		.ascii	"C:\\Users\\Girish\\OneDrive\\Documents\\PSoC Creato"
 950      73657273 
 950      5C476972 
 950      6973685C 
 950      4F6E6544 
 951 0056 725C4572 		.ascii	"r\\Erika_OS_WorkSpace\\Erika_LEDBlink.cydsn\000"
 951      696B615F 
 951      4F535F57 
 951      6F726B53 
 951      70616365 
 952              	.LASF60:
 953 0080 45455F74 		.ascii	"EE_th_event_active\000"
 953      685F6576 
 953      656E745F 
ARM GAS  C:\Users\Girish\AppData\Local\Temp\cciMP1wL.s 			page 20


 953      61637469 
 953      766500
 954              	.LASF42:
 955 0093 74656D70 		.ascii	"temp\000"
 955      00
 956              	.LASF2:
 957 0098 73686F72 		.ascii	"short int\000"
 957      7420696E 
 957      7400
 958              	.LASF45:
 959 00a2 73697A65 		.ascii	"sizetype\000"
 959      74797065 
 959      00
 960              	.LASF39:
 961 00ab 64656C74 		.ascii	"delta\000"
 961      6100
 962              	.LASF34:
 963 00b1 73706563 		.ascii	"spec_id\000"
 963      5F696400 
 964              	.LASF16:
 965 00b9 45455F46 		.ascii	"EE_FREG\000"
 965      52454700 
 966              	.LASF33:
 967 00c1 436F756E 		.ascii	"CounterObjectKindType\000"
 967      7465724F 
 967      626A6563 
 967      744B696E 
 967      64547970 
 968              	.LASF13:
 969 00d7 45455F55 		.ascii	"EE_UINT32\000"
 969      494E5433 
 969      3200
 970              	.LASF46:
 971 00e1 45455F74 		.ascii	"EE_th_ready_prio\000"
 971      685F7265 
 971      6164795F 
 971      7072696F 
 971      00
 972              	.LASF54:
 973 00f2 45455F72 		.ascii	"EE_rq_queues_head\000"
 973      715F7175 
 973      65756573 
 973      5F686561 
 973      6400
 974              	.LASF18:
 975 0104 45455F54 		.ascii	"EE_TID\000"
 975      494400
 976              	.LASF25:
 977 010b 6D696E63 		.ascii	"mincycle\000"
 977      79636C65 
 977      00
 978              	.LASF27:
 979 0114 76616C75 		.ascii	"value\000"
 979      6500
 980              	.LASF61:
 981 011a 45455F74 		.ascii	"EE_th_waswaiting\000"
 981      685F7761 
ARM GAS  C:\Users\Girish\AppData\Local\Temp\cciMP1wL.s 			page 21


 981      73776169 
 981      74696E67 
 981      00
 982              	.LASF63:
 983 012b 45455F6F 		.ascii	"EE_oo_counter_object_ROM\000"
 983      6F5F636F 
 983      756E7465 
 983      725F6F62 
 983      6A656374 
 984              	.LASF32:
 985 0144 45455F6F 		.ascii	"EE_oo_counter_object_kind_type\000"
 985      6F5F636F 
 985      756E7465 
 985      725F6F62 
 985      6A656374 
 986              	.LASF43:
 987 0163 45455F49 		.ascii	"EE_IRQ_nesting_level\000"
 987      52515F6E 
 987      65737469 
 987      6E675F6C 
 987      6576656C 
 988              	.LASF59:
 989 0178 45455F72 		.ascii	"EE_rq_free\000"
 989      715F6672 
 989      656500
 990              	.LASF29:
 991 0183 45455F6F 		.ascii	"EE_oo_counter_RAM_type\000"
 991      6F5F636F 
 991      756E7465 
 991      725F5241 
 991      4D5F7479 
 992              	.LASF6:
 993 019a 6C6F6E67 		.ascii	"long long int\000"
 993      206C6F6E 
 993      6720696E 
 993      7400
 994              	.LASF10:
 995 01a8 45455F49 		.ascii	"EE_INT8\000"
 995      4E543800 
 996              	.LASF67:
 997 01b0 45455F6F 		.ascii	"EE_oo_IRQ_suspend_status\000"
 997      6F5F4952 
 997      515F7375 
 997      7370656E 
 997      645F7374 
 998              	.LASF19:
 999 01c9 45455F54 		.ascii	"EE_TYPE_RQ_MASK\000"
 999      5950455F 
 999      52515F4D 
 999      41534B00 
 1000              	.LASF31:
 1001 01d9 45455F53 		.ascii	"EE_SCHEDULETABLE\000"
 1001      43484544 
 1001      554C4554 
 1001      41424C45 
 1001      00
 1002              	.LASF4:
ARM GAS  C:\Users\Girish\AppData\Local\Temp\cciMP1wL.s 			page 22


 1003 01ea 6C6F6E67 		.ascii	"long int\000"
 1003      20696E74 
 1003      00
 1004              	.LASF71:
 1005 01f3 47656E65 		.ascii	"Generated_Source\\PSoC5\\ErikaOS_LEDBlink_ee_rq_ins"
 1005      72617465 
 1005      645F536F 
 1005      75726365 
 1005      5C50536F 
 1006 0224 65722E63 		.ascii	"er.c\000"
 1006      00
 1007              	.LASF23:
 1008 0229 6D617861 		.ascii	"maxallowedvalue\000"
 1008      6C6C6F77 
 1008      65647661 
 1008      6C756500 
 1009              	.LASF41:
 1010 0239 45455F6F 		.ascii	"EE_oo_counter_object_RAM_type\000"
 1010      6F5F636F 
 1010      756E7465 
 1010      725F6F62 
 1010      6A656374 
 1011              	.LASF26:
 1012 0257 45455F6F 		.ascii	"EE_oo_counter_ROM_type\000"
 1012      6F5F636F 
 1012      756E7465 
 1012      725F524F 
 1012      4D5F7479 
 1013              	.LASF56:
 1014 026e 45455F72 		.ascii	"EE_rq_pairs_next\000"
 1014      715F7061 
 1014      6972735F 
 1014      6E657874 
 1014      00
 1015              	.LASF20:
 1016 027f 5469636B 		.ascii	"TickType\000"
 1016      54797065 
 1016      00
 1017              	.LASF52:
 1018 0288 45455F73 		.ascii	"EE_sys_ceiling\000"
 1018      79735F63 
 1018      65696C69 
 1018      6E6700
 1019              	.LASF21:
 1020 0297 436F756E 		.ascii	"CounterObjectType\000"
 1020      7465724F 
 1020      626A6563 
 1020      74547970 
 1020      6500
 1021              	.LASF9:
 1022 02a9 6C6F6E67 		.ascii	"long double\000"
 1022      20646F75 
 1022      626C6500 
 1023              	.LASF62:
 1024 02b5 45455F63 		.ascii	"EE_counter_ROM\000"
 1024      6F756E74 
 1024      65725F52 
ARM GAS  C:\Users\Girish\AppData\Local\Temp\cciMP1wL.s 			page 23


 1024      4F4D00
 1025              	.LASF1:
 1026 02c4 756E7369 		.ascii	"unsigned char\000"
 1026      676E6564 
 1026      20636861 
 1026      7200
 1027              	.LASF65:
 1028 02d2 45455F6F 		.ascii	"EE_oo_counter_object_RAM\000"
 1028      6F5F636F 
 1028      756E7465 
 1028      725F6F62 
 1028      6A656374 
 1029              	.LASF15:
 1030 02eb 45455F53 		.ascii	"EE_SREG\000"
 1030      52454700 
 1031              	.LASF0:
 1032 02f3 7369676E 		.ascii	"signed char\000"
 1032      65642063 
 1032      68617200 
 1033              	.LASF7:
 1034 02ff 6C6F6E67 		.ascii	"long long unsigned int\000"
 1034      206C6F6E 
 1034      6720756E 
 1034      7369676E 
 1034      65642069 
 1035              	.LASF8:
 1036 0316 756E7369 		.ascii	"unsigned int\000"
 1036      676E6564 
 1036      20696E74 
 1036      00
 1037              	.LASF50:
 1038 0323 45455F74 		.ascii	"EE_th_rnact\000"
 1038      685F726E 
 1038      61637400 
 1039              	.LASF44:
 1040 032f 45455F73 		.ascii	"EE_std_endcycle_next_tid\000"
 1040      74645F65 
 1040      6E646379 
 1040      636C655F 
 1040      6E657874 
 1041              	.LASF12:
 1042 0348 45455F49 		.ascii	"EE_INT32\000"
 1042      4E543332 
 1042      00
 1043              	.LASF3:
 1044 0351 73686F72 		.ascii	"short unsigned int\000"
 1044      7420756E 
 1044      7369676E 
 1044      65642069 
 1044      6E7400
 1045              	.LASF36:
 1046 0364 45455F6F 		.ascii	"EE_oo_counter_object_ROM_type\000"
 1046      6F5F636F 
 1046      756E7465 
 1046      725F6F62 
 1046      6A656374 
 1047              	.LASF73:
ARM GAS  C:\Users\Girish\AppData\Local\Temp\cciMP1wL.s 			page 24


 1048 0382 45455F72 		.ascii	"EE_rq_insert\000"
 1048      715F696E 
 1048      73657274 
 1048      00
 1049              	.LASF11:
 1050 038f 45455F55 		.ascii	"EE_UINT16\000"
 1050      494E5431 
 1050      3600
 1051              	.LASF53:
 1052 0399 45455F72 		.ascii	"EE_rq_link\000"
 1052      715F6C69 
 1052      6E6B00
 1053              	.LASF64:
 1054 03a4 45455F63 		.ascii	"EE_counter_RAM\000"
 1054      6F756E74 
 1054      65725F52 
 1054      414D00
 1055              	.LASF68:
 1056 03b3 45455F41 		.ascii	"EE_ApplicationMode\000"
 1056      70706C69 
 1056      63617469 
 1056      6F6E4D6F 
 1056      646500
 1057              	.LASF5:
 1058 03c6 6C6F6E67 		.ascii	"long unsigned int\000"
 1058      20756E73 
 1058      69676E65 
 1058      6420696E 
 1058      7400
 1059              	.LASF17:
 1060 03d8 45455F54 		.ascii	"EE_TYPEBOOL\000"
 1060      59504542 
 1060      4F4F4C00 
 1061              	.LASF51:
 1062 03e4 45455F73 		.ascii	"EE_stkfirst\000"
 1062      746B6669 
 1062      72737400 
 1063              	.LASF57:
 1064 03f0 45455F72 		.ascii	"EE_rq_pairs_tid\000"
 1064      715F7061 
 1064      6972735F 
 1064      74696400 
 1065              	.LASF30:
 1066 0400 45455F41 		.ascii	"EE_ALARM\000"
 1066      4C41524D 
 1066      00
 1067              	.LASF37:
 1068 0409 75736564 		.ascii	"used\000"
 1068      00
 1069              	.LASF22:
 1070 040e 436F756E 		.ascii	"CounterType\000"
 1070      74657254 
 1070      79706500 
 1071              	.LASF48:
 1072 041a 45455F74 		.ascii	"EE_th_status\000"
 1072      685F7374 
 1072      61747573 
ARM GAS  C:\Users\Girish\AppData\Local\Temp\cciMP1wL.s 			page 25


 1072      00
 1073              	.LASF47:
 1074 0427 45455F74 		.ascii	"EE_th_dispatch_prio\000"
 1074      685F6469 
 1074      73706174 
 1074      63685F70 
 1074      72696F00 
 1075              	.LASF49:
 1076 043b 45455F74 		.ascii	"EE_th_next\000"
 1076      685F6E65 
 1076      787400
 1077              	.LASF55:
 1078 0446 45455F72 		.ascii	"EE_rq_queues_tail\000"
 1078      715F7175 
 1078      65756573 
 1078      5F746169 
 1078      6C00
 1079              	.LASF70:
 1080 0458 474E5520 		.ascii	"GNU C11 5.4.1 20160609 (release) [ARM/embedded-5-br"
 1080      43313120 
 1080      352E342E 
 1080      31203230 
 1080      31363036 
 1081 048b 616E6368 		.ascii	"anch revision 237715] -mcpu=cortex-m3 -mthumb -g -O"
 1081      20726576 
 1081      6973696F 
 1081      6E203233 
 1081      37373135 
 1082 04be 67202D66 		.ascii	"g -ffunction-sections -ffat-lto-objects\000"
 1082      66756E63 
 1082      74696F6E 
 1082      2D736563 
 1082      74696F6E 
 1083              	.LASF38:
 1084 04e6 636E7463 		.ascii	"cntcycle\000"
 1084      79636C65 
 1084      00
 1085              	.LASF66:
 1086 04ef 45455F6F 		.ascii	"EE_oo_IRQ_disable_count\000"
 1086      6F5F4952 
 1086      515F6469 
 1086      7361626C 
 1086      655F636F 
 1087              	.LASF40:
 1088 0507 6E657874 		.ascii	"next\000"
 1088      00
 1089              	.LASF69:
 1090 050c 45455F72 		.ascii	"EE_rq_lookup\000"
 1090      715F6C6F 
 1090      6F6B7570 
 1090      00
 1091              	.LASF28:
 1092 0519 66697273 		.ascii	"first\000"
 1092      7400
 1093              		.ident	"GCC: (GNU Tools for ARM Embedded Processors) 5.4.1 20160609 (release) [ARM/embedded-5-bran
