ARM GAS  C:\Users\Girish\AppData\Local\Temp\ccHlimUx.s 			page 1


   1              		.syntax unified
   2              		.cpu cortex-m3
   3              		.fpu softvfp
   4              		.eabi_attribute 20, 1
   5              		.eabi_attribute 21, 1
   6              		.eabi_attribute 23, 3
   7              		.eabi_attribute 24, 1
   8              		.eabi_attribute 25, 1
   9              		.eabi_attribute 26, 1
  10              		.eabi_attribute 30, 1
  11              		.eabi_attribute 34, 1
  12              		.eabi_attribute 18, 4
  13              		.thumb
  14              		.syntax unified
  15              		.file	"ErikaOS_LEDBlink_eecfg.c"
  16              		.text
  17              	.Ltext0:
  18              		.cfi_sections	.debug_frame
  19              		.global	EE_oo_autostart_task_data
  20              		.comm	EE_ApplicationMode,4,4
  21              		.global	EE_oo_action_ROM
  22              		.comm	EE_oo_counter_object_RAM,16,4
  23              		.global	EE_oo_counter_object_ROM
  24              		.global	EE_alarm_ROM
  25              		.global	EE_counter_RAM
  26              		.global	EE_counter_ROM
  27              		.global	EE_th_is_extended
  28              		.global	EE_th_waswaiting
  29              		.global	EE_th_event_waitmask
  30              		.global	EE_th_event_active
  31              		.global	EE_th_terminate_nextask
  32              		.global	EE_rq_free
  33              		.comm	EE_rq_pairs_tid,40,4
  34              		.global	EE_rq_pairs_next
  35              		.global	EE_rq_link
  36              		.global	EE_th_rnact_max
  37              		.global	EE_th_rnact
  38              		.global	EE_rq_bitmask
  39              		.global	EE_rq_queues_tail
  40              		.global	EE_rq_queues_head
  41              		.global	EE_sys_ceiling
  42              		.global	EE_stkfirst
  43              		.global	EE_th_next
  44              		.global	EE_th_status
  45              		.global	EE_th_dispatch_prio
  46              		.global	EE_th_ready_prio
  47              		.global	EE_terminate_real_th_body
  48              		.comm	EE_terminate_data,12,4
  49              		.global	EE_hal_thread_body
  50              		.global	EE_cortex_mx_IRQ_tos
  51              		.global	EE_cortex_mx_active_tos
  52              		.global	EE_cortex_mx_system_tos
  53              		.global	EE_std_thread_tos
  54              		.comm	EE_cortex_mx_stack_9,512,4
  55              		.comm	EE_cortex_mx_stack_3,0,4
  56              		.section	.rodata
  57              		.align	2
ARM GAS  C:\Users\Girish\AppData\Local\Temp\ccHlimUx.s 			page 2


  58              		.type	EE_oo_autostart_task_data, %object
  59              		.size	EE_oo_autostart_task_data, 8
  60              	EE_oo_autostart_task_data:
  61 0000 01000000 		.word	1
  62 0004 08000000 		.word	EE_oo_autostart_task_mode_OSDEFAULTAPPMODE
  63              		.type	EE_oo_autostart_task_mode_OSDEFAULTAPPMODE, %object
  64              		.size	EE_oo_autostart_task_mode_OSDEFAULTAPPMODE, 4
  65              	EE_oo_autostart_task_mode_OSDEFAULTAPPMODE:
  66 0008 00000000 		.space	4
  67              		.type	EE_oo_action_ROM, %object
  68              		.size	EE_oo_action_ROM, 20
  69              	EE_oo_action_ROM:
  70 000c 00       		.byte	0
  71 000d 000000   		.space	3
  72 0010 02000000 		.word	2
  73 0014 00000000 		.word	0
  74 0018 00000000 		.word	0
  75 001c FFFFFFFF 		.word	-1
  76              		.type	EE_oo_counter_object_ROM, %object
  77              		.size	EE_oo_counter_object_ROM, 12
  78              	EE_oo_counter_object_ROM:
  79 0020 00000000 		.space	12
  79      00000000 
  79      00000000 
  80              		.type	EE_alarm_ROM, %object
  81              		.size	EE_alarm_ROM, 4
  82              	EE_alarm_ROM:
  83 002c 00000000 		.space	4
  84              		.type	EE_counter_ROM, %object
  85              		.size	EE_counter_ROM, 12
  86              	EE_counter_ROM:
  87 0030 10270000 		.word	10000
  88 0034 01000000 		.word	1
  89 0038 00000000 		.word	0
  90              		.type	EE_th_is_extended, %object
  91              		.size	EE_th_is_extended, 12
  92              	EE_th_is_extended:
  93 003c 00000000 		.space	12
  93      00000000 
  93      00000000 
  94              		.type	EE_th_rnact_max, %object
  95              		.size	EE_th_rnact_max, 12
  96              	EE_th_rnact_max:
  97 0048 01000000 		.word	1
  98 004c 01000000 		.word	1
  99 0050 08000000 		.word	8
 100              		.type	EE_th_dispatch_prio, %object
 101              		.size	EE_th_dispatch_prio, 12
 102              	EE_th_dispatch_prio:
 103 0054 80000000 		.word	128
 104 0058 01000000 		.word	1
 105 005c 10000000 		.word	16
 106              		.type	EE_th_ready_prio, %object
 107              		.size	EE_th_ready_prio, 12
 108              	EE_th_ready_prio:
 109 0060 01000000 		.word	1
 110 0064 01000000 		.word	1
ARM GAS  C:\Users\Girish\AppData\Local\Temp\ccHlimUx.s 			page 3


 111 0068 10000000 		.word	16
 112              		.type	EE_terminate_real_th_body, %object
 113              		.size	EE_terminate_real_th_body, 12
 114              	EE_terminate_real_th_body:
 115 006c 00000000 		.word	Functask_init
 116 0070 00000000 		.word	Functask_background
 117 0074 00000000 		.word	Functask_ledBlink
 118              		.type	EE_hal_thread_body, %object
 119              		.size	EE_hal_thread_body, 12
 120              	EE_hal_thread_body:
 121 0078 00000000 		.word	EE_oo_thread_stub
 122 007c 00000000 		.word	EE_oo_thread_stub
 123 0080 00000000 		.word	EE_oo_thread_stub
 124              		.type	EE_std_thread_tos, %object
 125              		.size	EE_std_thread_tos, 16
 126              	EE_std_thread_tos:
 127 0084 00000000 		.word	0
 128 0088 00000000 		.word	0
 129 008c 00000000 		.word	0
 130 0090 01000000 		.word	1
 131              		.data
 132              		.align	2
 133              		.type	EE_counter_RAM, %object
 134              		.size	EE_counter_RAM, 8
 135              	EE_counter_RAM:
 136 0000 00000000 		.word	0
 137 0004 FFFFFFFF 		.word	-1
 138              		.type	EE_th_terminate_nextask, %object
 139              		.size	EE_th_terminate_nextask, 12
 140              	EE_th_terminate_nextask:
 141 0008 FFFFFFFF 		.word	-1
 142 000c FFFFFFFF 		.word	-1
 143 0010 FFFFFFFF 		.word	-1
 144              		.type	EE_rq_pairs_next, %object
 145              		.size	EE_rq_pairs_next, 40
 146              	EE_rq_pairs_next:
 147 0014 01000000 		.word	1
 148 0018 02000000 		.word	2
 149 001c 03000000 		.word	3
 150 0020 04000000 		.word	4
 151 0024 05000000 		.word	5
 152 0028 06000000 		.word	6
 153 002c 07000000 		.word	7
 154 0030 08000000 		.word	8
 155 0034 09000000 		.word	9
 156 0038 FFFFFFFF 		.word	-1
 157              		.type	EE_rq_link, %object
 158              		.size	EE_rq_link, 12
 159              	EE_rq_link:
 160 003c 00000000 		.word	0
 161 0040 00000000 		.word	0
 162 0044 04000000 		.word	4
 163              		.type	EE_th_rnact, %object
 164              		.size	EE_th_rnact, 12
 165              	EE_th_rnact:
 166 0048 01000000 		.word	1
 167 004c 01000000 		.word	1
ARM GAS  C:\Users\Girish\AppData\Local\Temp\ccHlimUx.s 			page 4


 168 0050 08000000 		.word	8
 169              		.type	EE_rq_queues_tail, %object
 170              		.size	EE_rq_queues_tail, 64
 171              	EE_rq_queues_tail:
 172 0054 FFFFFFFF 		.word	-1
 173 0058 FFFFFFFF 		.word	-1
 174 005c FFFFFFFF 		.word	-1
 175 0060 FFFFFFFF 		.word	-1
 176 0064 FFFFFFFF 		.word	-1
 177 0068 FFFFFFFF 		.word	-1
 178 006c FFFFFFFF 		.word	-1
 179 0070 FFFFFFFF 		.word	-1
 180 0074 FFFFFFFF 		.word	-1
 181 0078 FFFFFFFF 		.word	-1
 182 007c FFFFFFFF 		.word	-1
 183 0080 FFFFFFFF 		.word	-1
 184 0084 FFFFFFFF 		.word	-1
 185 0088 FFFFFFFF 		.word	-1
 186 008c FFFFFFFF 		.word	-1
 187 0090 FFFFFFFF 		.word	-1
 188              		.type	EE_rq_queues_head, %object
 189              		.size	EE_rq_queues_head, 64
 190              	EE_rq_queues_head:
 191 0094 FFFFFFFF 		.word	-1
 192 0098 FFFFFFFF 		.word	-1
 193 009c FFFFFFFF 		.word	-1
 194 00a0 FFFFFFFF 		.word	-1
 195 00a4 FFFFFFFF 		.word	-1
 196 00a8 FFFFFFFF 		.word	-1
 197 00ac FFFFFFFF 		.word	-1
 198 00b0 FFFFFFFF 		.word	-1
 199 00b4 FFFFFFFF 		.word	-1
 200 00b8 FFFFFFFF 		.word	-1
 201 00bc FFFFFFFF 		.word	-1
 202 00c0 FFFFFFFF 		.word	-1
 203 00c4 FFFFFFFF 		.word	-1
 204 00c8 FFFFFFFF 		.word	-1
 205 00cc FFFFFFFF 		.word	-1
 206 00d0 FFFFFFFF 		.word	-1
 207              		.type	EE_stkfirst, %object
 208              		.size	EE_stkfirst, 4
 209              	EE_stkfirst:
 210 00d4 FFFFFFFF 		.word	-1
 211              		.type	EE_th_next, %object
 212              		.size	EE_th_next, 12
 213              	EE_th_next:
 214 00d8 FFFFFFFF 		.word	-1
 215 00dc FFFFFFFF 		.word	-1
 216 00e0 FFFFFFFF 		.word	-1
 217              		.type	EE_th_status, %object
 218              		.size	EE_th_status, 12
 219              	EE_th_status:
 220 00e4 03000000 		.word	3
 221 00e8 03000000 		.word	3
 222 00ec 03000000 		.word	3
 223              		.type	EE_cortex_mx_IRQ_tos, %object
 224              		.size	EE_cortex_mx_IRQ_tos, 4
ARM GAS  C:\Users\Girish\AppData\Local\Temp\ccHlimUx.s 			page 5


 225              	EE_cortex_mx_IRQ_tos:
 226 00f0 00020000 		.word	EE_cortex_mx_stack_9+512
 227              		.type	EE_cortex_mx_system_tos, %object
 228              		.size	EE_cortex_mx_system_tos, 8
 229              	EE_cortex_mx_system_tos:
 230 00f4 00000000 		.word	0
 231 00f8 D8FFFFFF 		.word	EE_cortex_mx_stack_3-40
 232              		.bss
 233              		.align	2
 234              		.type	EE_th_waswaiting, %object
 235              		.size	EE_th_waswaiting, 12
 236              	EE_th_waswaiting:
 237 0000 00000000 		.space	12
 237      00000000 
 237      00000000 
 238              		.type	EE_th_event_waitmask, %object
 239              		.size	EE_th_event_waitmask, 12
 240              	EE_th_event_waitmask:
 241 000c 00000000 		.space	12
 241      00000000 
 241      00000000 
 242              		.type	EE_th_event_active, %object
 243              		.size	EE_th_event_active, 12
 244              	EE_th_event_active:
 245 0018 00000000 		.space	12
 245      00000000 
 245      00000000 
 246              		.type	EE_rq_free, %object
 247              		.size	EE_rq_free, 4
 248              	EE_rq_free:
 249 0024 00000000 		.space	4
 250              		.type	EE_rq_bitmask, %object
 251              		.size	EE_rq_bitmask, 2
 252              	EE_rq_bitmask:
 253 0028 0000     		.space	2
 254 002a 0000     		.space	2
 255              		.type	EE_sys_ceiling, %object
 256              		.size	EE_sys_ceiling, 4
 257              	EE_sys_ceiling:
 258 002c 00000000 		.space	4
 259              		.type	EE_cortex_mx_active_tos, %object
 260              		.size	EE_cortex_mx_active_tos, 4
 261              	EE_cortex_mx_active_tos:
 262 0030 00000000 		.space	4
 263              		.text
 264              	.Letext0:
 265              		.file 1 "Generated_Source\\PSoC5\\ErikaOS_LEDBlink_common_ee_types.inc"
 266              		.file 2 "Generated_Source\\PSoC5\\ErikaOS_LEDBlink_cortex_mx_ee_cpu.inc"
 267              		.file 3 "Generated_Source\\PSoC5\\ErikaOS_LEDBlink_ee_oo_common.inc"
 268              		.file 4 "Generated_Source\\PSoC5\\ErikaOS_LEDBlink_common_ee_hal_structs.inc"
 269              		.file 5 "Generated_Source\\PSoC5\\ErikaOS_LEDBlink_eecfg.c"
 270              		.file 6 "Generated_Source\\PSoC5\\ErikaOS_LEDBlink_ee_oo_intfunc.inc"
 271              		.file 7 "Generated_Source\\PSoC5\\ErikaOS_LEDBlink_cortex_mx_ee_context.inc"
 272              		.file 8 "Generated_Source\\PSoC5\\ErikaOS_LEDBlink_common_ee_primitives.inc"
 273              		.section	.debug_info,"",%progbits
 274              	.Ldebug_info0:
 275 0000 F6070000 		.4byte	0x7f6
ARM GAS  C:\Users\Girish\AppData\Local\Temp\ccHlimUx.s 			page 6


 276 0004 0400     		.2byte	0x4
 277 0006 00000000 		.4byte	.Ldebug_abbrev0
 278 000a 04       		.byte	0x4
 279 000b 01       		.uleb128 0x1
 280 000c D3060000 		.4byte	.LASF106
 281 0010 0C       		.byte	0xc
 282 0011 0F010000 		.4byte	.LASF107
 283 0015 58000000 		.4byte	.LASF108
 284 0019 00000000 		.4byte	.Ldebug_line0
 285 001d 02       		.uleb128 0x2
 286 001e 01       		.byte	0x1
 287 001f 06       		.byte	0x6
 288 0020 03040000 		.4byte	.LASF0
 289 0024 02       		.uleb128 0x2
 290 0025 01       		.byte	0x1
 291 0026 08       		.byte	0x8
 292 0027 C5030000 		.4byte	.LASF1
 293 002b 02       		.uleb128 0x2
 294 002c 02       		.byte	0x2
 295 002d 05       		.byte	0x5
 296 002e E1000000 		.4byte	.LASF2
 297 0032 02       		.uleb128 0x2
 298 0033 02       		.byte	0x2
 299 0034 07       		.byte	0x7
 300 0035 C8040000 		.4byte	.LASF3
 301 0039 02       		.uleb128 0x2
 302 003a 04       		.byte	0x4
 303 003b 05       		.byte	0x5
 304 003c CD020000 		.4byte	.LASF4
 305 0040 02       		.uleb128 0x2
 306 0041 04       		.byte	0x4
 307 0042 07       		.byte	0x7
 308 0043 94050000 		.4byte	.LASF5
 309 0047 02       		.uleb128 0x2
 310 0048 08       		.byte	0x8
 311 0049 05       		.byte	0x5
 312 004a 5B020000 		.4byte	.LASF6
 313 004e 02       		.uleb128 0x2
 314 004f 08       		.byte	0x8
 315 0050 07       		.byte	0x7
 316 0051 0F040000 		.4byte	.LASF7
 317 0055 03       		.uleb128 0x3
 318 0056 04       		.byte	0x4
 319 0057 05       		.byte	0x5
 320 0058 696E7400 		.ascii	"int\000"
 321 005c 02       		.uleb128 0x2
 322 005d 04       		.byte	0x4
 323 005e 07       		.byte	0x7
 324 005f 44040000 		.4byte	.LASF8
 325 0063 02       		.uleb128 0x2
 326 0064 08       		.byte	0x8
 327 0065 04       		.byte	0x4
 328 0066 A1030000 		.4byte	.LASF9
 329 006a 04       		.uleb128 0x4
 330 006b 24050000 		.4byte	.LASF10
 331 006f 01       		.byte	0x1
 332 0070 52       		.byte	0x52
ARM GAS  C:\Users\Girish\AppData\Local\Temp\ccHlimUx.s 			page 7


 333 0071 32000000 		.4byte	0x32
 334 0075 04       		.uleb128 0x4
 335 0076 AA040000 		.4byte	.LASF11
 336 007a 01       		.byte	0x1
 337 007b 53       		.byte	0x53
 338 007c 55000000 		.4byte	0x55
 339 0080 04       		.uleb128 0x4
 340 0081 6F010000 		.4byte	.LASF12
 341 0085 01       		.byte	0x1
 342 0086 54       		.byte	0x54
 343 0087 5C000000 		.4byte	0x5c
 344 008b 04       		.uleb128 0x4
 345 008c E3010000 		.4byte	.LASF13
 346 0090 01       		.byte	0x1
 347 0091 64       		.byte	0x64
 348 0092 96000000 		.4byte	0x96
 349 0096 05       		.uleb128 0x5
 350 0097 04       		.byte	0x4
 351 0098 06       		.uleb128 0x6
 352 0099 04       		.byte	0x4
 353 009a 9E000000 		.4byte	0x9e
 354 009e 07       		.uleb128 0x7
 355 009f 04       		.uleb128 0x4
 356 00a0 61050000 		.4byte	.LASF14
 357 00a4 01       		.byte	0x1
 358 00a5 70       		.byte	0x70
 359 00a6 98000000 		.4byte	0x98
 360 00aa 04       		.uleb128 0x4
 361 00ab 53050000 		.4byte	.LASF15
 362 00af 01       		.byte	0x1
 363 00b0 73       		.byte	0x73
 364 00b1 98000000 		.4byte	0x98
 365 00b5 04       		.uleb128 0x4
 366 00b6 43000000 		.4byte	.LASF16
 367 00ba 02       		.byte	0x2
 368 00bb 4D       		.byte	0x4d
 369 00bc 80000000 		.4byte	0x80
 370 00c0 04       		.uleb128 0x4
 371 00c1 FB030000 		.4byte	.LASF17
 372 00c5 02       		.byte	0x2
 373 00c6 4E       		.byte	0x4e
 374 00c7 75000000 		.4byte	0x75
 375 00cb 04       		.uleb128 0x4
 376 00cc 07010000 		.4byte	.LASF18
 377 00d0 02       		.byte	0x2
 378 00d1 4F       		.byte	0x4f
 379 00d2 80000000 		.4byte	0x80
 380 00d6 04       		.uleb128 0x4
 381 00d7 C9050000 		.4byte	.LASF19
 382 00db 02       		.byte	0x2
 383 00dc 54       		.byte	0x54
 384 00dd B5000000 		.4byte	0xb5
 385 00e1 04       		.uleb128 0x4
 386 00e2 9C010000 		.4byte	.LASF20
 387 00e6 02       		.byte	0x2
 388 00e7 78       		.byte	0x78
 389 00e8 75000000 		.4byte	0x75
ARM GAS  C:\Users\Girish\AppData\Local\Temp\ccHlimUx.s 			page 8


 390 00ec 08       		.uleb128 0x8
 391 00ed 59060000 		.4byte	.LASF61
 392 00f1 04       		.byte	0x4
 393 00f2 04       		.byte	0x4
 394 00f3 4D       		.byte	0x4d
 395 00f4 05010000 		.4byte	0x105
 396 00f8 09       		.uleb128 0x9
 397 00f9 11060000 		.4byte	.LASF28
 398 00fd 04       		.byte	0x4
 399 00fe 4E       		.byte	0x4e
 400 00ff 8B000000 		.4byte	0x8b
 401 0103 00       		.byte	0
 402 0104 00       		.byte	0
 403 0105 0A       		.uleb128 0xa
 404 0106 AC020000 		.4byte	.LASF21
 405 010a 03       		.byte	0x3
 406 010b 0801     		.2byte	0x108
 407 010d 6A000000 		.4byte	0x6a
 408 0111 0A       		.uleb128 0xa
 409 0112 BC030000 		.4byte	.LASF22
 410 0116 03       		.byte	0x3
 411 0117 EE01     		.2byte	0x1ee
 412 0119 E1000000 		.4byte	0xe1
 413 011d 0A       		.uleb128 0xa
 414 011e B0000000 		.4byte	.LASF23
 415 0122 03       		.byte	0x3
 416 0123 2302     		.2byte	0x223
 417 0125 B5000000 		.4byte	0xb5
 418 0129 0A       		.uleb128 0xa
 419 012a 75030000 		.4byte	.LASF24
 420 012e 03       		.byte	0x3
 421 012f 2C02     		.2byte	0x22c
 422 0131 B5000000 		.4byte	0xb5
 423 0135 0A       		.uleb128 0xa
 424 0136 69020000 		.4byte	.LASF25
 425 013a 03       		.byte	0x3
 426 013b 5402     		.2byte	0x254
 427 013d B5000000 		.4byte	0xb5
 428 0141 0A       		.uleb128 0xa
 429 0142 3E050000 		.4byte	.LASF26
 430 0146 03       		.byte	0x3
 431 0147 5A02     		.2byte	0x25a
 432 0149 B5000000 		.4byte	0xb5
 433 014d 0A       		.uleb128 0xa
 434 014e 65060000 		.4byte	.LASF27
 435 0152 03       		.byte	0x3
 436 0153 6302     		.2byte	0x263
 437 0155 B5000000 		.4byte	0xb5
 438 0159 0B       		.uleb128 0xb
 439 015a 0C       		.byte	0xc
 440 015b 03       		.byte	0x3
 441 015c 6902     		.2byte	0x269
 442 015e 8A010000 		.4byte	0x18a
 443 0162 0C       		.uleb128 0xc
 444 0163 D6020000 		.4byte	.LASF29
 445 0167 03       		.byte	0x3
 446 0168 6A02     		.2byte	0x26a
ARM GAS  C:\Users\Girish\AppData\Local\Temp\ccHlimUx.s 			page 9


 447 016a 29010000 		.4byte	0x129
 448 016e 00       		.byte	0
 449 016f 0C       		.uleb128 0xc
 450 0170 4B000000 		.4byte	.LASF30
 451 0174 03       		.byte	0x3
 452 0175 6B02     		.2byte	0x26b
 453 0177 29010000 		.4byte	0x129
 454 017b 04       		.byte	0x4
 455 017c 0C       		.uleb128 0xc
 456 017d A3010000 		.4byte	.LASF31
 457 0181 03       		.byte	0x3
 458 0182 6C02     		.2byte	0x26c
 459 0184 29010000 		.4byte	0x129
 460 0188 08       		.byte	0x8
 461 0189 00       		.byte	0
 462 018a 0A       		.uleb128 0xa
 463 018b 42030000 		.4byte	.LASF32
 464 018f 03       		.byte	0x3
 465 0190 7102     		.2byte	0x271
 466 0192 59010000 		.4byte	0x159
 467 0196 0B       		.uleb128 0xb
 468 0197 08       		.byte	0x8
 469 0198 03       		.byte	0x3
 470 0199 7402     		.2byte	0x274
 471 019b BA010000 		.4byte	0x1ba
 472 019f 0C       		.uleb128 0xc
 473 01a0 AC010000 		.4byte	.LASF33
 474 01a4 03       		.byte	0x3
 475 01a5 7502     		.2byte	0x275
 476 01a7 29010000 		.4byte	0x129
 477 01ab 00       		.byte	0
 478 01ac 0C       		.uleb128 0xc
 479 01ad A1070000 		.4byte	.LASF34
 480 01b1 03       		.byte	0x3
 481 01b2 7602     		.2byte	0x276
 482 01b4 35010000 		.4byte	0x135
 483 01b8 04       		.byte	0x4
 484 01b9 00       		.byte	0
 485 01ba 0A       		.uleb128 0xa
 486 01bb 44020000 		.4byte	.LASF35
 487 01bf 03       		.byte	0x3
 488 01c0 7702     		.2byte	0x277
 489 01c2 96010000 		.4byte	0x196
 490 01c6 0D       		.uleb128 0xd
 491 01c7 01       		.byte	0x1
 492 01c8 24000000 		.4byte	0x24
 493 01cc 03       		.byte	0x3
 494 01cd 8102     		.2byte	0x281
 495 01cf E0010000 		.4byte	0x1e0
 496 01d3 0E       		.uleb128 0xe
 497 01d4 19060000 		.4byte	.LASF36
 498 01d8 00       		.byte	0
 499 01d9 0E       		.uleb128 0xe
 500 01da BC020000 		.4byte	.LASF37
 501 01de 01       		.byte	0x1
 502 01df 00       		.byte	0
 503 01e0 0A       		.uleb128 0xa
ARM GAS  C:\Users\Girish\AppData\Local\Temp\ccHlimUx.s 			page 10


 504 01e1 51040000 		.4byte	.LASF38
 505 01e5 03       		.byte	0x3
 506 01e6 8402     		.2byte	0x284
 507 01e8 C6010000 		.4byte	0x1c6
 508 01ec 0A       		.uleb128 0xa
 509 01ed 59010000 		.4byte	.LASF39
 510 01f1 03       		.byte	0x3
 511 01f2 8702     		.2byte	0x287
 512 01f4 E0010000 		.4byte	0x1e0
 513 01f8 0B       		.uleb128 0xb
 514 01f9 0C       		.byte	0xc
 515 01fa 03       		.byte	0x3
 516 01fb 8B02     		.2byte	0x28b
 517 01fd 27020000 		.4byte	0x227
 518 0201 0F       		.uleb128 0xf
 519 0202 6300     		.ascii	"c\000"
 520 0204 03       		.byte	0x3
 521 0205 8D02     		.2byte	0x28d
 522 0207 4D010000 		.4byte	0x14d
 523 020b 00       		.byte	0
 524 020c 0C       		.uleb128 0xc
 525 020d FF000000 		.4byte	.LASF40
 526 0211 03       		.byte	0x3
 527 0212 8F02     		.2byte	0x28f
 528 0214 35010000 		.4byte	0x135
 529 0218 04       		.byte	0x4
 530 0219 0C       		.uleb128 0xc
 531 021a 00000000 		.4byte	.LASF41
 532 021e 03       		.byte	0x3
 533 021f 9102     		.2byte	0x291
 534 0221 EC010000 		.4byte	0x1ec
 535 0225 08       		.byte	0x8
 536 0226 00       		.byte	0
 537 0227 0A       		.uleb128 0xa
 538 0228 DB040000 		.4byte	.LASF42
 539 022c 03       		.byte	0x3
 540 022d 9202     		.2byte	0x292
 541 022f F8010000 		.4byte	0x1f8
 542 0233 0B       		.uleb128 0xb
 543 0234 10       		.byte	0x10
 544 0235 03       		.byte	0x3
 545 0236 9602     		.2byte	0x296
 546 0238 71020000 		.4byte	0x271
 547 023c 0C       		.uleb128 0xc
 548 023d 60060000 		.4byte	.LASF43
 549 0241 03       		.byte	0x3
 550 0242 9702     		.2byte	0x297
 551 0244 D6000000 		.4byte	0xd6
 552 0248 00       		.byte	0
 553 0249 0C       		.uleb128 0xc
 554 024a 61070000 		.4byte	.LASF44
 555 024e 03       		.byte	0x3
 556 024f 9802     		.2byte	0x298
 557 0251 29010000 		.4byte	0x129
 558 0255 04       		.byte	0x4
 559 0256 0C       		.uleb128 0xc
 560 0257 F9000000 		.4byte	.LASF45
ARM GAS  C:\Users\Girish\AppData\Local\Temp\ccHlimUx.s 			page 11


 561 025b 03       		.byte	0x3
 562 025c 9902     		.2byte	0x299
 563 025e 29010000 		.4byte	0x129
 564 0262 08       		.byte	0x8
 565 0263 0C       		.uleb128 0xc
 566 0264 8B070000 		.4byte	.LASF46
 567 0268 03       		.byte	0x3
 568 0269 9A02     		.2byte	0x29a
 569 026b 35010000 		.4byte	0x135
 570 026f 0C       		.byte	0xc
 571 0270 00       		.byte	0
 572 0271 0A       		.uleb128 0xa
 573 0272 F8020000 		.4byte	.LASF47
 574 0276 03       		.byte	0x3
 575 0277 9B02     		.2byte	0x29b
 576 0279 33020000 		.4byte	0x233
 577 027d 0D       		.uleb128 0xd
 578 027e 01       		.byte	0x1
 579 027f 24000000 		.4byte	0x24
 580 0283 03       		.byte	0x3
 581 0284 9E02     		.2byte	0x29e
 582 0286 A3020000 		.4byte	0x2a3
 583 028a 0E       		.uleb128 0xe
 584 028b 13020000 		.4byte	.LASF48
 585 028f 00       		.byte	0
 586 0290 0E       		.uleb128 0xe
 587 0291 B9050000 		.4byte	.LASF49
 588 0295 01       		.byte	0x1
 589 0296 0E       		.uleb128 0xe
 590 0297 E6020000 		.4byte	.LASF50
 591 029b 02       		.byte	0x2
 592 029c 0E       		.uleb128 0xe
 593 029d 7E030000 		.4byte	.LASF51
 594 02a1 03       		.byte	0x3
 595 02a2 00       		.byte	0
 596 02a3 0A       		.uleb128 0xa
 597 02a4 22020000 		.4byte	.LASF52
 598 02a8 03       		.byte	0x3
 599 02a9 A302     		.2byte	0x2a3
 600 02ab 7D020000 		.4byte	0x27d
 601 02af 0A       		.uleb128 0xa
 602 02b0 EC030000 		.4byte	.LASF53
 603 02b4 03       		.byte	0x3
 604 02b5 A602     		.2byte	0x2a6
 605 02b7 A3020000 		.4byte	0x2a3
 606 02bb 0B       		.uleb128 0xb
 607 02bc 14       		.byte	0x14
 608 02bd 03       		.byte	0x3
 609 02be A902     		.2byte	0x2a9
 610 02c0 04030000 		.4byte	0x304
 611 02c4 0C       		.uleb128 0xc
 612 02c5 AA060000 		.4byte	.LASF54
 613 02c9 03       		.byte	0x3
 614 02ca AA02     		.2byte	0x2aa
 615 02cc AF020000 		.4byte	0x2af
 616 02d0 00       		.byte	0
 617 02d1 0C       		.uleb128 0xc
ARM GAS  C:\Users\Girish\AppData\Local\Temp\ccHlimUx.s 			page 12


 618 02d2 26040000 		.4byte	.LASF55
 619 02d6 03       		.byte	0x3
 620 02d7 AB02     		.2byte	0x2ab
 621 02d9 11010000 		.4byte	0x111
 622 02dd 04       		.byte	0x4
 623 02de 0C       		.uleb128 0xc
 624 02df 6A070000 		.4byte	.LASF56
 625 02e3 03       		.byte	0x3
 626 02e4 AD02     		.2byte	0x2ad
 627 02e6 1D010000 		.4byte	0x11d
 628 02ea 08       		.byte	0x8
 629 02eb 0F       		.uleb128 0xf
 630 02ec 6600     		.ascii	"f\000"
 631 02ee 03       		.byte	0x3
 632 02ef AF02     		.2byte	0x2af
 633 02f1 9F000000 		.4byte	0x9f
 634 02f5 0C       		.byte	0xc
 635 02f6 0C       		.uleb128 0xc
 636 02f7 C1010000 		.4byte	.LASF57
 637 02fb 03       		.byte	0x3
 638 02fc B102     		.2byte	0x2b1
 639 02fe 4D010000 		.4byte	0x14d
 640 0302 10       		.byte	0x10
 641 0303 00       		.byte	0
 642 0304 0A       		.uleb128 0xa
 643 0305 E1050000 		.4byte	.LASF58
 644 0309 03       		.byte	0x3
 645 030a B202     		.2byte	0x2b2
 646 030c BB020000 		.4byte	0x2bb
 647 0310 0B       		.uleb128 0xb
 648 0311 04       		.byte	0x4
 649 0312 03       		.byte	0x3
 650 0313 B402     		.2byte	0x2b4
 651 0315 27030000 		.4byte	0x327
 652 0319 0C       		.uleb128 0xc
 653 031a 49050000 		.4byte	.LASF59
 654 031e 03       		.byte	0x3
 655 031f B602     		.2byte	0x2b6
 656 0321 41010000 		.4byte	0x141
 657 0325 00       		.byte	0
 658 0326 00       		.byte	0
 659 0327 0A       		.uleb128 0xa
 660 0328 76070000 		.4byte	.LASF60
 661 032c 03       		.byte	0x3
 662 032d BB02     		.2byte	0x2bb
 663 032f 10030000 		.4byte	0x310
 664 0333 10       		.uleb128 0x10
 665 0334 F7050000 		.4byte	.LASF62
 666 0338 08       		.byte	0x8
 667 0339 03       		.byte	0x3
 668 033a 0504     		.2byte	0x405
 669 033c 5A030000 		.4byte	0x35a
 670 0340 0F       		.uleb128 0xf
 671 0341 6E7400   		.ascii	"nt\000"
 672 0344 03       		.byte	0x3
 673 0345 0604     		.2byte	0x406
 674 0347 B5000000 		.4byte	0xb5
ARM GAS  C:\Users\Girish\AppData\Local\Temp\ccHlimUx.s 			page 13


 675 034b 00       		.byte	0
 676 034c 0C       		.uleb128 0xc
 677 034d F4000000 		.4byte	.LASF63
 678 0351 03       		.byte	0x3
 679 0352 0704     		.2byte	0x407
 680 0354 6A030000 		.4byte	0x36a
 681 0358 04       		.byte	0x4
 682 0359 00       		.byte	0
 683 035a 11       		.uleb128 0x11
 684 035b 65030000 		.4byte	0x365
 685 035f 65030000 		.4byte	0x365
 686 0363 12       		.uleb128 0x12
 687 0364 00       		.byte	0
 688 0365 13       		.uleb128 0x13
 689 0366 E1000000 		.4byte	0xe1
 690 036a 06       		.uleb128 0x6
 691 036b 04       		.byte	0x4
 692 036c 5A030000 		.4byte	0x35a
 693 0370 11       		.uleb128 0x11
 694 0371 65030000 		.4byte	0x365
 695 0375 80030000 		.4byte	0x380
 696 0379 14       		.uleb128 0x14
 697 037a 80030000 		.4byte	0x380
 698 037e 00       		.byte	0
 699 037f 00       		.byte	0
 700 0380 02       		.uleb128 0x2
 701 0381 04       		.byte	0x4
 702 0382 07       		.byte	0x7
 703 0383 EB000000 		.4byte	.LASF64
 704 0387 15       		.uleb128 0x15
 705 0388 F9040000 		.4byte	.LASF109
 706 038c 05       		.byte	0x5
 707 038d 1206     		.2byte	0x612
 708 038f 99030000 		.4byte	0x399
 709 0393 05       		.uleb128 0x5
 710 0394 03       		.byte	0x3
 711 0395 08000000 		.4byte	EE_oo_autostart_task_mode_OSDEFAULTAPPMODE
 712 0399 13       		.uleb128 0x13
 713 039a 70030000 		.4byte	0x370
 714 039e 11       		.uleb128 0x11
 715 039f AE030000 		.4byte	0x3ae
 716 03a3 AE030000 		.4byte	0x3ae
 717 03a7 14       		.uleb128 0x14
 718 03a8 80030000 		.4byte	0x380
 719 03ac 02       		.byte	0x2
 720 03ad 00       		.byte	0
 721 03ae 13       		.uleb128 0x13
 722 03af AA000000 		.4byte	0xaa
 723 03b3 16       		.uleb128 0x16
 724 03b4 00020000 		.4byte	.LASF65
 725 03b8 05       		.byte	0x5
 726 03b9 D4       		.byte	0xd4
 727 03ba C4030000 		.4byte	0x3c4
 728 03be 05       		.uleb128 0x5
 729 03bf 03       		.byte	0x3
 730 03c0 00000000 		.4byte	EE_hal_thread_body
 731 03c4 13       		.uleb128 0x13
ARM GAS  C:\Users\Girish\AppData\Local\Temp\ccHlimUx.s 			page 14


 732 03c5 9E030000 		.4byte	0x39e
 733 03c9 11       		.uleb128 0x11
 734 03ca D9030000 		.4byte	0x3d9
 735 03ce D9030000 		.4byte	0x3d9
 736 03d2 14       		.uleb128 0x14
 737 03d3 80030000 		.4byte	0x380
 738 03d7 03       		.byte	0x3
 739 03d8 00       		.byte	0
 740 03d9 13       		.uleb128 0x13
 741 03da B5000000 		.4byte	0xb5
 742 03de 16       		.uleb128 0x16
 743 03df 32040000 		.4byte	.LASF66
 744 03e3 05       		.byte	0x5
 745 03e4 73       		.byte	0x73
 746 03e5 EF030000 		.4byte	0x3ef
 747 03e9 05       		.uleb128 0x5
 748 03ea 03       		.byte	0x3
 749 03eb 00000000 		.4byte	EE_std_thread_tos
 750 03ef 13       		.uleb128 0x13
 751 03f0 C9030000 		.4byte	0x3c9
 752 03f4 11       		.uleb128 0x11
 753 03f5 80000000 		.4byte	0x80
 754 03f9 04040000 		.4byte	0x404
 755 03fd 14       		.uleb128 0x14
 756 03fe 80030000 		.4byte	0x380
 757 0402 02       		.byte	0x2
 758 0403 00       		.byte	0
 759 0404 16       		.uleb128 0x16
 760 0405 BE000000 		.4byte	.LASF67
 761 0409 05       		.byte	0x5
 762 040a EF       		.byte	0xef
 763 040b F4030000 		.4byte	0x3f4
 764 040f 05       		.uleb128 0x5
 765 0410 03       		.byte	0x3
 766 0411 00000000 		.4byte	EE_terminate_data
 767 0415 16       		.uleb128 0x16
 768 0416 28030000 		.4byte	.LASF68
 769 041a 05       		.byte	0x5
 770 041b F2       		.byte	0xf2
 771 041c 26040000 		.4byte	0x426
 772 0420 05       		.uleb128 0x5
 773 0421 03       		.byte	0x3
 774 0422 00000000 		.4byte	EE_terminate_real_th_body
 775 0426 13       		.uleb128 0x13
 776 0427 9E030000 		.4byte	0x39e
 777 042b 11       		.uleb128 0x11
 778 042c EC000000 		.4byte	0xec
 779 0430 3B040000 		.4byte	0x43b
 780 0434 14       		.uleb128 0x14
 781 0435 80030000 		.4byte	0x380
 782 0439 01       		.byte	0x1
 783 043a 00       		.byte	0
 784 043b 16       		.uleb128 0x16
 785 043c 7B020000 		.4byte	.LASF69
 786 0440 05       		.byte	0x5
 787 0441 8F       		.byte	0x8f
 788 0442 2B040000 		.4byte	0x42b
ARM GAS  C:\Users\Girish\AppData\Local\Temp\ccHlimUx.s 			page 15


 789 0446 05       		.uleb128 0x5
 790 0447 03       		.byte	0x3
 791 0448 00000000 		.4byte	EE_cortex_mx_system_tos
 792 044c 16       		.uleb128 0x16
 793 044d 1D000000 		.4byte	.LASF70
 794 0451 05       		.byte	0x5
 795 0452 AB       		.byte	0xab
 796 0453 B5000000 		.4byte	0xb5
 797 0457 05       		.uleb128 0x5
 798 0458 03       		.byte	0x3
 799 0459 00000000 		.4byte	EE_cortex_mx_active_tos
 800 045d 11       		.uleb128 0x11
 801 045e D9030000 		.4byte	0x3d9
 802 0462 6D040000 		.4byte	0x46d
 803 0466 14       		.uleb128 0x14
 804 0467 80030000 		.4byte	0x380
 805 046b 02       		.byte	0x2
 806 046c 00       		.byte	0
 807 046d 17       		.uleb128 0x17
 808 046e 2E050000 		.4byte	.LASF71
 809 0472 05       		.byte	0x5
 810 0473 C801     		.2byte	0x1c8
 811 0475 7F040000 		.4byte	0x47f
 812 0479 05       		.uleb128 0x5
 813 047a 03       		.byte	0x3
 814 047b 00000000 		.4byte	EE_th_rnact_max
 815 047f 13       		.uleb128 0x13
 816 0480 5D040000 		.4byte	0x45d
 817 0484 17       		.uleb128 0x17
 818 0485 79010000 		.4byte	.LASF72
 819 0489 05       		.byte	0x5
 820 048a 0E01     		.2byte	0x10e
 821 048c 96040000 		.4byte	0x496
 822 0490 05       		.uleb128 0x5
 823 0491 03       		.byte	0x3
 824 0492 00000000 		.4byte	EE_th_ready_prio
 825 0496 13       		.uleb128 0x13
 826 0497 5D040000 		.4byte	0x45d
 827 049b 17       		.uleb128 0x17
 828 049c 96060000 		.4byte	.LASF73
 829 04a0 05       		.byte	0x5
 830 04a1 2B01     		.2byte	0x12b
 831 04a3 AD040000 		.4byte	0x4ad
 832 04a7 05       		.uleb128 0x5
 833 04a8 03       		.byte	0x3
 834 04a9 00000000 		.4byte	EE_th_dispatch_prio
 835 04ad 13       		.uleb128 0x13
 836 04ae 5D040000 		.4byte	0x45d
 837 04b2 11       		.uleb128 0x11
 838 04b3 B5000000 		.4byte	0xb5
 839 04b7 C2040000 		.4byte	0x4c2
 840 04bb 14       		.uleb128 0x14
 841 04bc 80030000 		.4byte	0x380
 842 04c0 02       		.byte	0x2
 843 04c1 00       		.byte	0
 844 04c2 17       		.uleb128 0x17
 845 04c3 89060000 		.4byte	.LASF74
ARM GAS  C:\Users\Girish\AppData\Local\Temp\ccHlimUx.s 			page 16


 846 04c7 05       		.byte	0x5
 847 04c8 6701     		.2byte	0x167
 848 04ca B2040000 		.4byte	0x4b2
 849 04ce 05       		.uleb128 0x5
 850 04cf 03       		.byte	0x3
 851 04d0 00000000 		.4byte	EE_th_status
 852 04d4 11       		.uleb128 0x11
 853 04d5 E1000000 		.4byte	0xe1
 854 04d9 E4040000 		.4byte	0x4e4
 855 04dd 14       		.uleb128 0x14
 856 04de 80030000 		.4byte	0x380
 857 04e2 02       		.byte	0x2
 858 04e3 00       		.byte	0
 859 04e4 17       		.uleb128 0x17
 860 04e5 B6060000 		.4byte	.LASF75
 861 04e9 05       		.byte	0x5
 862 04ea 8301     		.2byte	0x183
 863 04ec D4040000 		.4byte	0x4d4
 864 04f0 05       		.uleb128 0x5
 865 04f1 03       		.byte	0x3
 866 04f2 00000000 		.4byte	EE_th_next
 867 04f6 17       		.uleb128 0x17
 868 04f7 85040000 		.4byte	.LASF76
 869 04fb 05       		.byte	0x5
 870 04fc AD01     		.2byte	0x1ad
 871 04fe B2040000 		.4byte	0x4b2
 872 0502 05       		.uleb128 0x5
 873 0503 03       		.byte	0x3
 874 0504 00000000 		.4byte	EE_th_rnact
 875 0508 17       		.uleb128 0x17
 876 0509 71060000 		.4byte	.LASF77
 877 050d 05       		.byte	0x5
 878 050e 5D02     		.2byte	0x25d
 879 0510 D4040000 		.4byte	0x4d4
 880 0514 05       		.uleb128 0x5
 881 0515 03       		.byte	0x3
 882 0516 00000000 		.4byte	EE_th_terminate_nextask
 883 051a 17       		.uleb128 0x17
 884 051b D5050000 		.4byte	.LASF78
 885 051f 05       		.byte	0x5
 886 0520 9F01     		.2byte	0x19f
 887 0522 E1000000 		.4byte	0xe1
 888 0526 05       		.uleb128 0x5
 889 0527 03       		.byte	0x3
 890 0528 00000000 		.4byte	EE_stkfirst
 891 052c 17       		.uleb128 0x17
 892 052d B2010000 		.4byte	.LASF79
 893 0531 05       		.byte	0x5
 894 0532 A201     		.2byte	0x1a2
 895 0534 B5000000 		.4byte	0xb5
 896 0538 05       		.uleb128 0x5
 897 0539 03       		.byte	0x3
 898 053a 00000000 		.4byte	EE_sys_ceiling
 899 053e 17       		.uleb128 0x17
 900 053f 39020000 		.4byte	.LASF80
 901 0543 05       		.byte	0x5
 902 0544 E301     		.2byte	0x1e3
ARM GAS  C:\Users\Girish\AppData\Local\Temp\ccHlimUx.s 			page 17


 903 0546 B2040000 		.4byte	0x4b2
 904 054a 05       		.uleb128 0x5
 905 054b 03       		.byte	0x3
 906 054c 00000000 		.4byte	EE_rq_link
 907 0550 11       		.uleb128 0x11
 908 0551 C0000000 		.4byte	0xc0
 909 0555 60050000 		.4byte	0x560
 910 0559 14       		.uleb128 0x14
 911 055a 80030000 		.4byte	0x380
 912 055e 0F       		.byte	0xf
 913 055f 00       		.byte	0
 914 0560 17       		.uleb128 0x17
 915 0561 8A010000 		.4byte	.LASF81
 916 0565 05       		.byte	0x5
 917 0566 A501     		.2byte	0x1a5
 918 0568 50050000 		.4byte	0x550
 919 056c 05       		.uleb128 0x5
 920 056d 03       		.byte	0x3
 921 056e 00000000 		.4byte	EE_rq_queues_head
 922 0572 17       		.uleb128 0x17
 923 0573 C1060000 		.4byte	.LASF82
 924 0577 05       		.byte	0x5
 925 0578 A701     		.2byte	0x1a7
 926 057a 50050000 		.4byte	0x550
 927 057e 05       		.uleb128 0x5
 928 057f 03       		.byte	0x3
 929 0580 00000000 		.4byte	EE_rq_queues_tail
 930 0584 11       		.uleb128 0x11
 931 0585 C0000000 		.4byte	0xc0
 932 0589 94050000 		.4byte	0x594
 933 058d 14       		.uleb128 0x14
 934 058e 80030000 		.4byte	0x380
 935 0592 09       		.byte	0x9
 936 0593 00       		.byte	0
 937 0594 17       		.uleb128 0x17
 938 0595 59030000 		.4byte	.LASF83
 939 0599 05       		.byte	0x5
 940 059a 0102     		.2byte	0x201
 941 059c 84050000 		.4byte	0x584
 942 05a0 05       		.uleb128 0x5
 943 05a1 03       		.byte	0x3
 944 05a2 00000000 		.4byte	EE_rq_pairs_next
 945 05a6 11       		.uleb128 0x11
 946 05a7 E1000000 		.4byte	0xe1
 947 05ab B6050000 		.4byte	0x5b6
 948 05af 14       		.uleb128 0x14
 949 05b0 80030000 		.4byte	0x380
 950 05b4 09       		.byte	0x9
 951 05b5 00       		.byte	0
 952 05b6 17       		.uleb128 0x17
 953 05b7 91030000 		.4byte	.LASF84
 954 05bb 05       		.byte	0x5
 955 05bc 5602     		.2byte	0x256
 956 05be A6050000 		.4byte	0x5a6
 957 05c2 05       		.uleb128 0x5
 958 05c3 03       		.byte	0x3
 959 05c4 00000000 		.4byte	EE_rq_pairs_tid
ARM GAS  C:\Users\Girish\AppData\Local\Temp\ccHlimUx.s 			page 18


 960 05c8 17       		.uleb128 0x17
 961 05c9 35000000 		.4byte	.LASF85
 962 05cd 05       		.byte	0x5
 963 05ce AA01     		.2byte	0x1aa
 964 05d0 05010000 		.4byte	0x105
 965 05d4 05       		.uleb128 0x5
 966 05d5 03       		.byte	0x3
 967 05d6 00000000 		.4byte	EE_rq_bitmask
 968 05da 17       		.uleb128 0x17
 969 05db 6A030000 		.4byte	.LASF86
 970 05df 05       		.byte	0x5
 971 05e0 5902     		.2byte	0x259
 972 05e2 C0000000 		.4byte	0xc0
 973 05e6 05       		.uleb128 0x5
 974 05e7 03       		.byte	0x3
 975 05e8 00000000 		.4byte	EE_rq_free
 976 05ec 17       		.uleb128 0x17
 977 05ed A6050000 		.4byte	.LASF87
 978 05f1 05       		.byte	0x5
 979 05f2 8002     		.2byte	0x280
 980 05f4 B2040000 		.4byte	0x4b2
 981 05f8 05       		.uleb128 0x5
 982 05f9 03       		.byte	0x3
 983 05fa 00000000 		.4byte	EE_th_event_active
 984 05fe 17       		.uleb128 0x17
 985 05ff 2F060000 		.4byte	.LASF88
 986 0603 05       		.byte	0x5
 987 0604 9C02     		.2byte	0x29c
 988 0606 B2040000 		.4byte	0x4b2
 989 060a 05       		.uleb128 0x5
 990 060b 03       		.byte	0x3
 991 060c 00000000 		.4byte	EE_th_event_waitmask
 992 0610 11       		.uleb128 0x11
 993 0611 D6000000 		.4byte	0xd6
 994 0615 20060000 		.4byte	0x620
 995 0619 14       		.uleb128 0x14
 996 061a 80030000 		.4byte	0x380
 997 061e 02       		.byte	0x2
 998 061f 00       		.byte	0
 999 0620 17       		.uleb128 0x17
 1000 0621 D0000000 		.4byte	.LASF89
 1001 0625 05       		.byte	0x5
 1002 0626 B802     		.2byte	0x2b8
 1003 0628 10060000 		.4byte	0x610
 1004 062c 05       		.uleb128 0x5
 1005 062d 03       		.byte	0x3
 1006 062e 00000000 		.4byte	EE_th_waswaiting
 1007 0632 17       		.uleb128 0x17
 1008 0633 16030000 		.4byte	.LASF90
 1009 0637 05       		.byte	0x5
 1010 0638 D402     		.2byte	0x2d4
 1011 063a 44060000 		.4byte	0x644
 1012 063e 05       		.uleb128 0x5
 1013 063f 03       		.byte	0x3
 1014 0640 00000000 		.4byte	EE_th_is_extended
 1015 0644 13       		.uleb128 0x13
 1016 0645 5D040000 		.4byte	0x45d
ARM GAS  C:\Users\Girish\AppData\Local\Temp\ccHlimUx.s 			page 19


 1017 0649 11       		.uleb128 0x11
 1018 064a 59060000 		.4byte	0x659
 1019 064e 59060000 		.4byte	0x659
 1020 0652 14       		.uleb128 0x14
 1021 0653 80030000 		.4byte	0x380
 1022 0657 00       		.byte	0
 1023 0658 00       		.byte	0
 1024 0659 13       		.uleb128 0x13
 1025 065a 8A010000 		.4byte	0x18a
 1026 065e 17       		.uleb128 0x17
 1027 065f AD030000 		.4byte	.LASF91
 1028 0663 05       		.byte	0x5
 1029 0664 E504     		.2byte	0x4e5
 1030 0666 70060000 		.4byte	0x670
 1031 066a 05       		.uleb128 0x5
 1032 066b 03       		.byte	0x3
 1033 066c 00000000 		.4byte	EE_counter_ROM
 1034 0670 13       		.uleb128 0x13
 1035 0671 49060000 		.4byte	0x649
 1036 0675 11       		.uleb128 0x11
 1037 0676 85060000 		.4byte	0x685
 1038 067a 85060000 		.4byte	0x685
 1039 067e 14       		.uleb128 0x14
 1040 067f 80030000 		.4byte	0x380
 1041 0683 00       		.byte	0
 1042 0684 00       		.byte	0
 1043 0685 13       		.uleb128 0x13
 1044 0686 27020000 		.4byte	0x227
 1045 068a 17       		.uleb128 0x17
 1046 068b CA010000 		.4byte	.LASF92
 1047 068f 05       		.byte	0x5
 1048 0690 4305     		.2byte	0x543
 1049 0692 9C060000 		.4byte	0x69c
 1050 0696 05       		.uleb128 0x5
 1051 0697 03       		.byte	0x3
 1052 0698 00000000 		.4byte	EE_oo_counter_object_ROM
 1053 069c 13       		.uleb128 0x13
 1054 069d 75060000 		.4byte	0x675
 1055 06a1 11       		.uleb128 0x11
 1056 06a2 B1060000 		.4byte	0x6b1
 1057 06a6 B1060000 		.4byte	0x6b1
 1058 06aa 14       		.uleb128 0x14
 1059 06ab 80030000 		.4byte	0x380
 1060 06af 00       		.byte	0
 1061 06b0 00       		.byte	0
 1062 06b1 13       		.uleb128 0x13
 1063 06b2 04030000 		.4byte	0x304
 1064 06b6 17       		.uleb128 0x17
 1065 06b7 90070000 		.4byte	.LASF93
 1066 06bb 05       		.byte	0x5
 1067 06bc 6705     		.2byte	0x567
 1068 06be C8060000 		.4byte	0x6c8
 1069 06c2 05       		.uleb128 0x5
 1070 06c3 03       		.byte	0x3
 1071 06c4 00000000 		.4byte	EE_oo_action_ROM
 1072 06c8 13       		.uleb128 0x13
 1073 06c9 A1060000 		.4byte	0x6a1
ARM GAS  C:\Users\Girish\AppData\Local\Temp\ccHlimUx.s 			page 20


 1074 06cd 11       		.uleb128 0x11
 1075 06ce DD060000 		.4byte	0x6dd
 1076 06d2 DD060000 		.4byte	0x6dd
 1077 06d6 14       		.uleb128 0x14
 1078 06d7 80030000 		.4byte	0x380
 1079 06db 00       		.byte	0
 1080 06dc 00       		.byte	0
 1081 06dd 13       		.uleb128 0x13
 1082 06de 27030000 		.4byte	0x327
 1083 06e2 17       		.uleb128 0x17
 1084 06e3 22060000 		.4byte	.LASF94
 1085 06e7 05       		.byte	0x5
 1086 06e8 0605     		.2byte	0x506
 1087 06ea F4060000 		.4byte	0x6f4
 1088 06ee 05       		.uleb128 0x5
 1089 06ef 03       		.byte	0x3
 1090 06f0 00000000 		.4byte	EE_alarm_ROM
 1091 06f4 13       		.uleb128 0x13
 1092 06f5 CD060000 		.4byte	0x6cd
 1093 06f9 11       		.uleb128 0x11
 1094 06fa BA010000 		.4byte	0x1ba
 1095 06fe 09070000 		.4byte	0x709
 1096 0702 14       		.uleb128 0x14
 1097 0703 80030000 		.4byte	0x380
 1098 0707 00       		.byte	0
 1099 0708 00       		.byte	0
 1100 0709 17       		.uleb128 0x17
 1101 070a 72050000 		.4byte	.LASF95
 1102 070e 05       		.byte	0x5
 1103 070f F204     		.2byte	0x4f2
 1104 0711 F9060000 		.4byte	0x6f9
 1105 0715 05       		.uleb128 0x5
 1106 0716 03       		.byte	0x3
 1107 0717 00000000 		.4byte	EE_counter_RAM
 1108 071b 11       		.uleb128 0x11
 1109 071c 71020000 		.4byte	0x271
 1110 0720 2B070000 		.4byte	0x72b
 1111 0724 14       		.uleb128 0x14
 1112 0725 80030000 		.4byte	0x380
 1113 0729 00       		.byte	0
 1114 072a 00       		.byte	0
 1115 072b 17       		.uleb128 0x17
 1116 072c D3030000 		.4byte	.LASF96
 1117 0730 05       		.byte	0x5
 1118 0731 5E05     		.2byte	0x55e
 1119 0733 1B070000 		.4byte	0x71b
 1120 0737 05       		.uleb128 0x5
 1121 0738 03       		.byte	0x3
 1122 0739 00000000 		.4byte	EE_oo_counter_object_RAM
 1123 073d 11       		.uleb128 0x11
 1124 073e 4D070000 		.4byte	0x74d
 1125 0742 4D070000 		.4byte	0x74d
 1126 0746 14       		.uleb128 0x14
 1127 0747 80030000 		.4byte	0x380
 1128 074b 00       		.byte	0
 1129 074c 00       		.byte	0
 1130 074d 13       		.uleb128 0x13
ARM GAS  C:\Users\Girish\AppData\Local\Temp\ccHlimUx.s 			page 21


 1131 074e 33030000 		.4byte	0x333
 1132 0752 17       		.uleb128 0x17
 1133 0753 3F010000 		.4byte	.LASF97
 1134 0757 05       		.byte	0x5
 1135 0758 4306     		.2byte	0x643
 1136 075a 64070000 		.4byte	0x764
 1137 075e 05       		.uleb128 0x5
 1138 075f 03       		.byte	0x3
 1139 0760 00000000 		.4byte	EE_oo_autostart_task_data
 1140 0764 13       		.uleb128 0x13
 1141 0765 3D070000 		.4byte	0x73d
 1142 0769 18       		.uleb128 0x18
 1143 076a 05000000 		.4byte	.LASF98
 1144 076e 06       		.byte	0x6
 1145 076f 40       		.byte	0x40
 1146 0770 B5000000 		.4byte	0xb5
 1147 0774 18       		.uleb128 0x18
 1148 0775 93020000 		.4byte	.LASF99
 1149 0779 06       		.byte	0x6
 1150 077a 47       		.byte	0x47
 1151 077b CB000000 		.4byte	0xcb
 1152 077f 17       		.uleb128 0x17
 1153 0780 81050000 		.4byte	.LASF100
 1154 0784 05       		.byte	0x5
 1155 0785 0906     		.2byte	0x609
 1156 0787 B5000000 		.4byte	0xb5
 1157 078b 05       		.uleb128 0x5
 1158 078c 03       		.byte	0x3
 1159 078d 00000000 		.4byte	EE_ApplicationMode
 1160 0791 18       		.uleb128 0x18
 1161 0792 91040000 		.4byte	.LASF101
 1162 0796 07       		.byte	0x7
 1163 0797 48       		.byte	0x48
 1164 0798 E1000000 		.4byte	0xe1
 1165 079c 18       		.uleb128 0x18
 1166 079d EB010000 		.4byte	.LASF102
 1167 07a1 08       		.byte	0x8
 1168 07a2 44       		.byte	0x44
 1169 07a3 B5000000 		.4byte	0xb5
 1170 07a7 16       		.uleb128 0x16
 1171 07a8 44060000 		.4byte	.LASF103
 1172 07ac 05       		.byte	0x5
 1173 07ad AF       		.byte	0xaf
 1174 07ae EC000000 		.4byte	0xec
 1175 07b2 05       		.uleb128 0x5
 1176 07b3 03       		.byte	0x3
 1177 07b4 00000000 		.4byte	EE_cortex_mx_IRQ_tos
 1178 07b8 11       		.uleb128 0x11
 1179 07b9 55000000 		.4byte	0x55
 1180 07bd C7070000 		.4byte	0x7c7
 1181 07c1 19       		.uleb128 0x19
 1182 07c2 80030000 		.4byte	0x380
 1183 07c6 00       		.byte	0
 1184 07c7 16       		.uleb128 0x16
 1185 07c8 70040000 		.4byte	.LASF104
 1186 07cc 05       		.byte	0x5
 1187 07cd 1B       		.byte	0x1b
ARM GAS  C:\Users\Girish\AppData\Local\Temp\ccHlimUx.s 			page 22


 1188 07ce B8070000 		.4byte	0x7b8
 1189 07d2 05       		.uleb128 0x5
 1190 07d3 03       		.byte	0x3
 1191 07d4 00000000 		.4byte	EE_cortex_mx_stack_3
 1192 07d8 11       		.uleb128 0x11
 1193 07d9 55000000 		.4byte	0x55
 1194 07dd E8070000 		.4byte	0x7e8
 1195 07e1 14       		.uleb128 0x14
 1196 07e2 80030000 		.4byte	0x380
 1197 07e6 7F       		.byte	0x7f
 1198 07e7 00       		.byte	0
 1199 07e8 16       		.uleb128 0x16
 1200 07e9 B3040000 		.4byte	.LASF105
 1201 07ed 05       		.byte	0x5
 1202 07ee 34       		.byte	0x34
 1203 07ef D8070000 		.4byte	0x7d8
 1204 07f3 05       		.uleb128 0x5
 1205 07f4 03       		.byte	0x3
 1206 07f5 00000000 		.4byte	EE_cortex_mx_stack_9
 1207 07f9 00       		.byte	0
 1208              		.section	.debug_abbrev,"",%progbits
 1209              	.Ldebug_abbrev0:
 1210 0000 01       		.uleb128 0x1
 1211 0001 11       		.uleb128 0x11
 1212 0002 01       		.byte	0x1
 1213 0003 25       		.uleb128 0x25
 1214 0004 0E       		.uleb128 0xe
 1215 0005 13       		.uleb128 0x13
 1216 0006 0B       		.uleb128 0xb
 1217 0007 03       		.uleb128 0x3
 1218 0008 0E       		.uleb128 0xe
 1219 0009 1B       		.uleb128 0x1b
 1220 000a 0E       		.uleb128 0xe
 1221 000b 10       		.uleb128 0x10
 1222 000c 17       		.uleb128 0x17
 1223 000d 00       		.byte	0
 1224 000e 00       		.byte	0
 1225 000f 02       		.uleb128 0x2
 1226 0010 24       		.uleb128 0x24
 1227 0011 00       		.byte	0
 1228 0012 0B       		.uleb128 0xb
 1229 0013 0B       		.uleb128 0xb
 1230 0014 3E       		.uleb128 0x3e
 1231 0015 0B       		.uleb128 0xb
 1232 0016 03       		.uleb128 0x3
 1233 0017 0E       		.uleb128 0xe
 1234 0018 00       		.byte	0
 1235 0019 00       		.byte	0
 1236 001a 03       		.uleb128 0x3
 1237 001b 24       		.uleb128 0x24
 1238 001c 00       		.byte	0
 1239 001d 0B       		.uleb128 0xb
 1240 001e 0B       		.uleb128 0xb
 1241 001f 3E       		.uleb128 0x3e
 1242 0020 0B       		.uleb128 0xb
 1243 0021 03       		.uleb128 0x3
 1244 0022 08       		.uleb128 0x8
ARM GAS  C:\Users\Girish\AppData\Local\Temp\ccHlimUx.s 			page 23


 1245 0023 00       		.byte	0
 1246 0024 00       		.byte	0
 1247 0025 04       		.uleb128 0x4
 1248 0026 16       		.uleb128 0x16
 1249 0027 00       		.byte	0
 1250 0028 03       		.uleb128 0x3
 1251 0029 0E       		.uleb128 0xe
 1252 002a 3A       		.uleb128 0x3a
 1253 002b 0B       		.uleb128 0xb
 1254 002c 3B       		.uleb128 0x3b
 1255 002d 0B       		.uleb128 0xb
 1256 002e 49       		.uleb128 0x49
 1257 002f 13       		.uleb128 0x13
 1258 0030 00       		.byte	0
 1259 0031 00       		.byte	0
 1260 0032 05       		.uleb128 0x5
 1261 0033 0F       		.uleb128 0xf
 1262 0034 00       		.byte	0
 1263 0035 0B       		.uleb128 0xb
 1264 0036 0B       		.uleb128 0xb
 1265 0037 00       		.byte	0
 1266 0038 00       		.byte	0
 1267 0039 06       		.uleb128 0x6
 1268 003a 0F       		.uleb128 0xf
 1269 003b 00       		.byte	0
 1270 003c 0B       		.uleb128 0xb
 1271 003d 0B       		.uleb128 0xb
 1272 003e 49       		.uleb128 0x49
 1273 003f 13       		.uleb128 0x13
 1274 0040 00       		.byte	0
 1275 0041 00       		.byte	0
 1276 0042 07       		.uleb128 0x7
 1277 0043 15       		.uleb128 0x15
 1278 0044 00       		.byte	0
 1279 0045 27       		.uleb128 0x27
 1280 0046 19       		.uleb128 0x19
 1281 0047 00       		.byte	0
 1282 0048 00       		.byte	0
 1283 0049 08       		.uleb128 0x8
 1284 004a 13       		.uleb128 0x13
 1285 004b 01       		.byte	0x1
 1286 004c 03       		.uleb128 0x3
 1287 004d 0E       		.uleb128 0xe
 1288 004e 0B       		.uleb128 0xb
 1289 004f 0B       		.uleb128 0xb
 1290 0050 3A       		.uleb128 0x3a
 1291 0051 0B       		.uleb128 0xb
 1292 0052 3B       		.uleb128 0x3b
 1293 0053 0B       		.uleb128 0xb
 1294 0054 01       		.uleb128 0x1
 1295 0055 13       		.uleb128 0x13
 1296 0056 00       		.byte	0
 1297 0057 00       		.byte	0
 1298 0058 09       		.uleb128 0x9
 1299 0059 0D       		.uleb128 0xd
 1300 005a 00       		.byte	0
 1301 005b 03       		.uleb128 0x3
ARM GAS  C:\Users\Girish\AppData\Local\Temp\ccHlimUx.s 			page 24


 1302 005c 0E       		.uleb128 0xe
 1303 005d 3A       		.uleb128 0x3a
 1304 005e 0B       		.uleb128 0xb
 1305 005f 3B       		.uleb128 0x3b
 1306 0060 0B       		.uleb128 0xb
 1307 0061 49       		.uleb128 0x49
 1308 0062 13       		.uleb128 0x13
 1309 0063 38       		.uleb128 0x38
 1310 0064 0B       		.uleb128 0xb
 1311 0065 00       		.byte	0
 1312 0066 00       		.byte	0
 1313 0067 0A       		.uleb128 0xa
 1314 0068 16       		.uleb128 0x16
 1315 0069 00       		.byte	0
 1316 006a 03       		.uleb128 0x3
 1317 006b 0E       		.uleb128 0xe
 1318 006c 3A       		.uleb128 0x3a
 1319 006d 0B       		.uleb128 0xb
 1320 006e 3B       		.uleb128 0x3b
 1321 006f 05       		.uleb128 0x5
 1322 0070 49       		.uleb128 0x49
 1323 0071 13       		.uleb128 0x13
 1324 0072 00       		.byte	0
 1325 0073 00       		.byte	0
 1326 0074 0B       		.uleb128 0xb
 1327 0075 13       		.uleb128 0x13
 1328 0076 01       		.byte	0x1
 1329 0077 0B       		.uleb128 0xb
 1330 0078 0B       		.uleb128 0xb
 1331 0079 3A       		.uleb128 0x3a
 1332 007a 0B       		.uleb128 0xb
 1333 007b 3B       		.uleb128 0x3b
 1334 007c 05       		.uleb128 0x5
 1335 007d 01       		.uleb128 0x1
 1336 007e 13       		.uleb128 0x13
 1337 007f 00       		.byte	0
 1338 0080 00       		.byte	0
 1339 0081 0C       		.uleb128 0xc
 1340 0082 0D       		.uleb128 0xd
 1341 0083 00       		.byte	0
 1342 0084 03       		.uleb128 0x3
 1343 0085 0E       		.uleb128 0xe
 1344 0086 3A       		.uleb128 0x3a
 1345 0087 0B       		.uleb128 0xb
 1346 0088 3B       		.uleb128 0x3b
 1347 0089 05       		.uleb128 0x5
 1348 008a 49       		.uleb128 0x49
 1349 008b 13       		.uleb128 0x13
 1350 008c 38       		.uleb128 0x38
 1351 008d 0B       		.uleb128 0xb
 1352 008e 00       		.byte	0
 1353 008f 00       		.byte	0
 1354 0090 0D       		.uleb128 0xd
 1355 0091 04       		.uleb128 0x4
 1356 0092 01       		.byte	0x1
 1357 0093 0B       		.uleb128 0xb
 1358 0094 0B       		.uleb128 0xb
ARM GAS  C:\Users\Girish\AppData\Local\Temp\ccHlimUx.s 			page 25


 1359 0095 49       		.uleb128 0x49
 1360 0096 13       		.uleb128 0x13
 1361 0097 3A       		.uleb128 0x3a
 1362 0098 0B       		.uleb128 0xb
 1363 0099 3B       		.uleb128 0x3b
 1364 009a 05       		.uleb128 0x5
 1365 009b 01       		.uleb128 0x1
 1366 009c 13       		.uleb128 0x13
 1367 009d 00       		.byte	0
 1368 009e 00       		.byte	0
 1369 009f 0E       		.uleb128 0xe
 1370 00a0 28       		.uleb128 0x28
 1371 00a1 00       		.byte	0
 1372 00a2 03       		.uleb128 0x3
 1373 00a3 0E       		.uleb128 0xe
 1374 00a4 1C       		.uleb128 0x1c
 1375 00a5 0B       		.uleb128 0xb
 1376 00a6 00       		.byte	0
 1377 00a7 00       		.byte	0
 1378 00a8 0F       		.uleb128 0xf
 1379 00a9 0D       		.uleb128 0xd
 1380 00aa 00       		.byte	0
 1381 00ab 03       		.uleb128 0x3
 1382 00ac 08       		.uleb128 0x8
 1383 00ad 3A       		.uleb128 0x3a
 1384 00ae 0B       		.uleb128 0xb
 1385 00af 3B       		.uleb128 0x3b
 1386 00b0 05       		.uleb128 0x5
 1387 00b1 49       		.uleb128 0x49
 1388 00b2 13       		.uleb128 0x13
 1389 00b3 38       		.uleb128 0x38
 1390 00b4 0B       		.uleb128 0xb
 1391 00b5 00       		.byte	0
 1392 00b6 00       		.byte	0
 1393 00b7 10       		.uleb128 0x10
 1394 00b8 13       		.uleb128 0x13
 1395 00b9 01       		.byte	0x1
 1396 00ba 03       		.uleb128 0x3
 1397 00bb 0E       		.uleb128 0xe
 1398 00bc 0B       		.uleb128 0xb
 1399 00bd 0B       		.uleb128 0xb
 1400 00be 3A       		.uleb128 0x3a
 1401 00bf 0B       		.uleb128 0xb
 1402 00c0 3B       		.uleb128 0x3b
 1403 00c1 05       		.uleb128 0x5
 1404 00c2 01       		.uleb128 0x1
 1405 00c3 13       		.uleb128 0x13
 1406 00c4 00       		.byte	0
 1407 00c5 00       		.byte	0
 1408 00c6 11       		.uleb128 0x11
 1409 00c7 01       		.uleb128 0x1
 1410 00c8 01       		.byte	0x1
 1411 00c9 49       		.uleb128 0x49
 1412 00ca 13       		.uleb128 0x13
 1413 00cb 01       		.uleb128 0x1
 1414 00cc 13       		.uleb128 0x13
 1415 00cd 00       		.byte	0
ARM GAS  C:\Users\Girish\AppData\Local\Temp\ccHlimUx.s 			page 26


 1416 00ce 00       		.byte	0
 1417 00cf 12       		.uleb128 0x12
 1418 00d0 21       		.uleb128 0x21
 1419 00d1 00       		.byte	0
 1420 00d2 00       		.byte	0
 1421 00d3 00       		.byte	0
 1422 00d4 13       		.uleb128 0x13
 1423 00d5 26       		.uleb128 0x26
 1424 00d6 00       		.byte	0
 1425 00d7 49       		.uleb128 0x49
 1426 00d8 13       		.uleb128 0x13
 1427 00d9 00       		.byte	0
 1428 00da 00       		.byte	0
 1429 00db 14       		.uleb128 0x14
 1430 00dc 21       		.uleb128 0x21
 1431 00dd 00       		.byte	0
 1432 00de 49       		.uleb128 0x49
 1433 00df 13       		.uleb128 0x13
 1434 00e0 2F       		.uleb128 0x2f
 1435 00e1 0B       		.uleb128 0xb
 1436 00e2 00       		.byte	0
 1437 00e3 00       		.byte	0
 1438 00e4 15       		.uleb128 0x15
 1439 00e5 34       		.uleb128 0x34
 1440 00e6 00       		.byte	0
 1441 00e7 03       		.uleb128 0x3
 1442 00e8 0E       		.uleb128 0xe
 1443 00e9 3A       		.uleb128 0x3a
 1444 00ea 0B       		.uleb128 0xb
 1445 00eb 3B       		.uleb128 0x3b
 1446 00ec 05       		.uleb128 0x5
 1447 00ed 49       		.uleb128 0x49
 1448 00ee 13       		.uleb128 0x13
 1449 00ef 02       		.uleb128 0x2
 1450 00f0 18       		.uleb128 0x18
 1451 00f1 00       		.byte	0
 1452 00f2 00       		.byte	0
 1453 00f3 16       		.uleb128 0x16
 1454 00f4 34       		.uleb128 0x34
 1455 00f5 00       		.byte	0
 1456 00f6 03       		.uleb128 0x3
 1457 00f7 0E       		.uleb128 0xe
 1458 00f8 3A       		.uleb128 0x3a
 1459 00f9 0B       		.uleb128 0xb
 1460 00fa 3B       		.uleb128 0x3b
 1461 00fb 0B       		.uleb128 0xb
 1462 00fc 49       		.uleb128 0x49
 1463 00fd 13       		.uleb128 0x13
 1464 00fe 3F       		.uleb128 0x3f
 1465 00ff 19       		.uleb128 0x19
 1466 0100 02       		.uleb128 0x2
 1467 0101 18       		.uleb128 0x18
 1468 0102 00       		.byte	0
 1469 0103 00       		.byte	0
 1470 0104 17       		.uleb128 0x17
 1471 0105 34       		.uleb128 0x34
 1472 0106 00       		.byte	0
ARM GAS  C:\Users\Girish\AppData\Local\Temp\ccHlimUx.s 			page 27


 1473 0107 03       		.uleb128 0x3
 1474 0108 0E       		.uleb128 0xe
 1475 0109 3A       		.uleb128 0x3a
 1476 010a 0B       		.uleb128 0xb
 1477 010b 3B       		.uleb128 0x3b
 1478 010c 05       		.uleb128 0x5
 1479 010d 49       		.uleb128 0x49
 1480 010e 13       		.uleb128 0x13
 1481 010f 3F       		.uleb128 0x3f
 1482 0110 19       		.uleb128 0x19
 1483 0111 02       		.uleb128 0x2
 1484 0112 18       		.uleb128 0x18
 1485 0113 00       		.byte	0
 1486 0114 00       		.byte	0
 1487 0115 18       		.uleb128 0x18
 1488 0116 34       		.uleb128 0x34
 1489 0117 00       		.byte	0
 1490 0118 03       		.uleb128 0x3
 1491 0119 0E       		.uleb128 0xe
 1492 011a 3A       		.uleb128 0x3a
 1493 011b 0B       		.uleb128 0xb
 1494 011c 3B       		.uleb128 0x3b
 1495 011d 0B       		.uleb128 0xb
 1496 011e 49       		.uleb128 0x49
 1497 011f 13       		.uleb128 0x13
 1498 0120 3F       		.uleb128 0x3f
 1499 0121 19       		.uleb128 0x19
 1500 0122 3C       		.uleb128 0x3c
 1501 0123 19       		.uleb128 0x19
 1502 0124 00       		.byte	0
 1503 0125 00       		.byte	0
 1504 0126 19       		.uleb128 0x19
 1505 0127 21       		.uleb128 0x21
 1506 0128 00       		.byte	0
 1507 0129 49       		.uleb128 0x49
 1508 012a 13       		.uleb128 0x13
 1509 012b 00       		.byte	0
 1510 012c 00       		.byte	0
 1511 012d 00       		.byte	0
 1512              		.section	.debug_aranges,"",%progbits
 1513 0000 14000000 		.4byte	0x14
 1514 0004 0200     		.2byte	0x2
 1515 0006 00000000 		.4byte	.Ldebug_info0
 1516 000a 04       		.byte	0x4
 1517 000b 00       		.byte	0
 1518 000c 0000     		.2byte	0
 1519 000e 0000     		.2byte	0
 1520 0010 00000000 		.4byte	0
 1521 0014 00000000 		.4byte	0
 1522              		.section	.debug_line,"",%progbits
 1523              	.Ldebug_line0:
 1524 0000 70010000 		.section	.debug_str,"MS",%progbits,1
 1524      02006A01 
 1524      00000201 
 1524      FB0E0D00 
 1524      01010101 
 1525              	.LASF41:
ARM GAS  C:\Users\Girish\AppData\Local\Temp\ccHlimUx.s 			page 28


 1526 0000 6B696E64 		.ascii	"kind\000"
 1526      00
 1527              	.LASF98:
 1528 0005 45455F6F 		.ascii	"EE_oo_IRQ_disable_count\000"
 1528      6F5F4952 
 1528      515F6469 
 1528      7361626C 
 1528      655F636F 
 1529              	.LASF70:
 1530 001d 45455F63 		.ascii	"EE_cortex_mx_active_tos\000"
 1530      6F727465 
 1530      785F6D78 
 1530      5F616374 
 1530      6976655F 
 1531              	.LASF85:
 1532 0035 45455F72 		.ascii	"EE_rq_bitmask\000"
 1532      715F6269 
 1532      746D6173 
 1532      6B00
 1533              	.LASF16:
 1534 0043 45455F55 		.ascii	"EE_UREG\000"
 1534      52454700 
 1535              	.LASF30:
 1536 004b 7469636B 		.ascii	"ticksperbase\000"
 1536      73706572 
 1536      62617365 
 1536      00
 1537              	.LASF108:
 1538 0058 433A5C55 		.ascii	"C:\\Users\\Girish\\OneDrive\\Documents\\PSoC Creato"
 1538      73657273 
 1538      5C476972 
 1538      6973685C 
 1538      4F6E6544 
 1539 0086 725C4572 		.ascii	"r\\Erika_OS_WorkSpace\\Erika_LEDBlink.cydsn\000"
 1539      696B615F 
 1539      4F535F57 
 1539      6F726B53 
 1539      70616365 
 1540              	.LASF23:
 1541 00b0 4576656E 		.ascii	"EventMaskType\000"
 1541      744D6173 
 1541      6B547970 
 1541      6500
 1542              	.LASF67:
 1543 00be 45455F74 		.ascii	"EE_terminate_data\000"
 1543      65726D69 
 1543      6E617465 
 1543      5F646174 
 1543      6100
 1544              	.LASF89:
 1545 00d0 45455F74 		.ascii	"EE_th_waswaiting\000"
 1545      685F7761 
 1545      73776169 
 1545      74696E67 
 1545      00
 1546              	.LASF2:
 1547 00e1 73686F72 		.ascii	"short int\000"
ARM GAS  C:\Users\Girish\AppData\Local\Temp\ccHlimUx.s 			page 29


 1547      7420696E 
 1547      7400
 1548              	.LASF64:
 1549 00eb 73697A65 		.ascii	"sizetype\000"
 1549      74797065 
 1549      00
 1550              	.LASF63:
 1551 00f4 7461736B 		.ascii	"task\000"
 1551      00
 1552              	.LASF45:
 1553 00f9 64656C74 		.ascii	"delta\000"
 1553      6100
 1554              	.LASF40:
 1555 00ff 73706563 		.ascii	"spec_id\000"
 1555      5F696400 
 1556              	.LASF18:
 1557 0107 45455F46 		.ascii	"EE_FREG\000"
 1557      52454700 
 1558              	.LASF107:
 1559 010f 47656E65 		.ascii	"Generated_Source\\PSoC5\\ErikaOS_LEDBlink_eecfg.c\000"
 1559      72617465 
 1559      645F536F 
 1559      75726365 
 1559      5C50536F 
 1560              	.LASF97:
 1561 013f 45455F6F 		.ascii	"EE_oo_autostart_task_data\000"
 1561      6F5F6175 
 1561      746F7374 
 1561      6172745F 
 1561      7461736B 
 1562              	.LASF39:
 1563 0159 436F756E 		.ascii	"CounterObjectKindType\000"
 1563      7465724F 
 1563      626A6563 
 1563      744B696E 
 1563      64547970 
 1564              	.LASF12:
 1565 016f 45455F55 		.ascii	"EE_UINT32\000"
 1565      494E5433 
 1565      3200
 1566              	.LASF72:
 1567 0179 45455F74 		.ascii	"EE_th_ready_prio\000"
 1567      685F7265 
 1567      6164795F 
 1567      7072696F 
 1567      00
 1568              	.LASF81:
 1569 018a 45455F72 		.ascii	"EE_rq_queues_head\000"
 1569      715F7175 
 1569      65756573 
 1569      5F686561 
 1569      6400
 1570              	.LASF20:
 1571 019c 45455F54 		.ascii	"EE_TID\000"
 1571      494400
 1572              	.LASF31:
 1573 01a3 6D696E63 		.ascii	"mincycle\000"
ARM GAS  C:\Users\Girish\AppData\Local\Temp\ccHlimUx.s 			page 30


 1573      79636C65 
 1573      00
 1574              	.LASF33:
 1575 01ac 76616C75 		.ascii	"value\000"
 1575      6500
 1576              	.LASF79:
 1577 01b2 45455F73 		.ascii	"EE_sys_ceiling\000"
 1577      79735F63 
 1577      65696C69 
 1577      6E6700
 1578              	.LASF57:
 1579 01c1 696E6363 		.ascii	"inccount\000"
 1579      6F756E74 
 1579      00
 1580              	.LASF92:
 1581 01ca 45455F6F 		.ascii	"EE_oo_counter_object_ROM\000"
 1581      6F5F636F 
 1581      756E7465 
 1581      725F6F62 
 1581      6A656374 
 1582              	.LASF13:
 1583 01e3 45455F41 		.ascii	"EE_ADDR\000"
 1583      44445200 
 1584              	.LASF102:
 1585 01eb 45455F49 		.ascii	"EE_IRQ_nesting_level\000"
 1585      52515F6E 
 1585      65737469 
 1585      6E675F6C 
 1585      6576656C 
 1586              	.LASF65:
 1587 0200 45455F68 		.ascii	"EE_hal_thread_body\000"
 1587      616C5F74 
 1587      68726561 
 1587      645F626F 
 1587      647900
 1588              	.LASF48:
 1589 0213 45455F41 		.ascii	"EE_ACTION_TASK\000"
 1589      4354494F 
 1589      4E5F5441 
 1589      534B00
 1590              	.LASF52:
 1591 0222 45455F6F 		.ascii	"EE_oo_action_kind_type\000"
 1591      6F5F6163 
 1591      74696F6E 
 1591      5F6B696E 
 1591      645F7479 
 1592              	.LASF80:
 1593 0239 45455F72 		.ascii	"EE_rq_link\000"
 1593      715F6C69 
 1593      6E6B00
 1594              	.LASF35:
 1595 0244 45455F6F 		.ascii	"EE_oo_counter_RAM_type\000"
 1595      6F5F636F 
 1595      756E7465 
 1595      725F5241 
 1595      4D5F7479 
 1596              	.LASF6:
ARM GAS  C:\Users\Girish\AppData\Local\Temp\ccHlimUx.s 			page 31


 1597 025b 6C6F6E67 		.ascii	"long long int\000"
 1597      206C6F6E 
 1597      6720696E 
 1597      7400
 1598              	.LASF25:
 1599 0269 436F756E 		.ascii	"CounterObjectType\000"
 1599      7465724F 
 1599      626A6563 
 1599      74547970 
 1599      6500
 1600              	.LASF69:
 1601 027b 45455F63 		.ascii	"EE_cortex_mx_system_tos\000"
 1601      6F727465 
 1601      785F6D78 
 1601      5F737973 
 1601      74656D5F 
 1602              	.LASF99:
 1603 0293 45455F6F 		.ascii	"EE_oo_IRQ_suspend_status\000"
 1603      6F5F4952 
 1603      515F7375 
 1603      7370656E 
 1603      645F7374 
 1604              	.LASF21:
 1605 02ac 45455F54 		.ascii	"EE_TYPE_RQ_MASK\000"
 1605      5950455F 
 1605      52515F4D 
 1605      41534B00 
 1606              	.LASF37:
 1607 02bc 45455F53 		.ascii	"EE_SCHEDULETABLE\000"
 1607      43484544 
 1607      554C4554 
 1607      41424C45 
 1607      00
 1608              	.LASF4:
 1609 02cd 6C6F6E67 		.ascii	"long int\000"
 1609      20696E74 
 1609      00
 1610              	.LASF29:
 1611 02d6 6D617861 		.ascii	"maxallowedvalue\000"
 1611      6C6C6F77 
 1611      65647661 
 1611      6C756500 
 1612              	.LASF50:
 1613 02e6 45455F41 		.ascii	"EE_ACTION_COUNTER\000"
 1613      4354494F 
 1613      4E5F434F 
 1613      554E5445 
 1613      5200
 1614              	.LASF47:
 1615 02f8 45455F6F 		.ascii	"EE_oo_counter_object_RAM_type\000"
 1615      6F5F636F 
 1615      756E7465 
 1615      725F6F62 
 1615      6A656374 
 1616              	.LASF90:
 1617 0316 45455F74 		.ascii	"EE_th_is_extended\000"
 1617      685F6973 
ARM GAS  C:\Users\Girish\AppData\Local\Temp\ccHlimUx.s 			page 32


 1617      5F657874 
 1617      656E6465 
 1617      6400
 1618              	.LASF68:
 1619 0328 45455F74 		.ascii	"EE_terminate_real_th_body\000"
 1619      65726D69 
 1619      6E617465 
 1619      5F726561 
 1619      6C5F7468 
 1620              	.LASF32:
 1621 0342 45455F6F 		.ascii	"EE_oo_counter_ROM_type\000"
 1621      6F5F636F 
 1621      756E7465 
 1621      725F524F 
 1621      4D5F7479 
 1622              	.LASF83:
 1623 0359 45455F72 		.ascii	"EE_rq_pairs_next\000"
 1623      715F7061 
 1623      6972735F 
 1623      6E657874 
 1623      00
 1624              	.LASF86:
 1625 036a 45455F72 		.ascii	"EE_rq_free\000"
 1625      715F6672 
 1625      656500
 1626              	.LASF24:
 1627 0375 5469636B 		.ascii	"TickType\000"
 1627      54797065 
 1627      00
 1628              	.LASF51:
 1629 037e 45455F41 		.ascii	"EE_ACTION_CALLBACK\000"
 1629      4354494F 
 1629      4E5F4341 
 1629      4C4C4241 
 1629      434B00
 1630              	.LASF84:
 1631 0391 45455F72 		.ascii	"EE_rq_pairs_tid\000"
 1631      715F7061 
 1631      6972735F 
 1631      74696400 
 1632              	.LASF9:
 1633 03a1 6C6F6E67 		.ascii	"long double\000"
 1633      20646F75 
 1633      626C6500 
 1634              	.LASF91:
 1635 03ad 45455F63 		.ascii	"EE_counter_ROM\000"
 1635      6F756E74 
 1635      65725F52 
 1635      4F4D00
 1636              	.LASF22:
 1637 03bc 5461736B 		.ascii	"TaskType\000"
 1637      54797065 
 1637      00
 1638              	.LASF1:
 1639 03c5 756E7369 		.ascii	"unsigned char\000"
 1639      676E6564 
 1639      20636861 
ARM GAS  C:\Users\Girish\AppData\Local\Temp\ccHlimUx.s 			page 33


 1639      7200
 1640              	.LASF96:
 1641 03d3 45455F6F 		.ascii	"EE_oo_counter_object_RAM\000"
 1641      6F5F636F 
 1641      756E7465 
 1641      725F6F62 
 1641      6A656374 
 1642              	.LASF53:
 1643 03ec 41637469 		.ascii	"ActionKindType\000"
 1643      6F6E4B69 
 1643      6E645479 
 1643      706500
 1644              	.LASF17:
 1645 03fb 45455F53 		.ascii	"EE_SREG\000"
 1645      52454700 
 1646              	.LASF0:
 1647 0403 7369676E 		.ascii	"signed char\000"
 1647      65642063 
 1647      68617200 
 1648              	.LASF7:
 1649 040f 6C6F6E67 		.ascii	"long long unsigned int\000"
 1649      206C6F6E 
 1649      6720756E 
 1649      7369676E 
 1649      65642069 
 1650              	.LASF55:
 1651 0426 61637469 		.ascii	"action_task\000"
 1651      6F6E5F74 
 1651      61736B00 
 1652              	.LASF66:
 1653 0432 45455F73 		.ascii	"EE_std_thread_tos\000"
 1653      74645F74 
 1653      68726561 
 1653      645F746F 
 1653      7300
 1654              	.LASF8:
 1655 0444 756E7369 		.ascii	"unsigned int\000"
 1655      676E6564 
 1655      20696E74 
 1655      00
 1656              	.LASF38:
 1657 0451 45455F6F 		.ascii	"EE_oo_counter_object_kind_type\000"
 1657      6F5F636F 
 1657      756E7465 
 1657      725F6F62 
 1657      6A656374 
 1658              	.LASF104:
 1659 0470 45455F63 		.ascii	"EE_cortex_mx_stack_3\000"
 1659      6F727465 
 1659      785F6D78 
 1659      5F737461 
 1659      636B5F33 
 1660              	.LASF76:
 1661 0485 45455F74 		.ascii	"EE_th_rnact\000"
 1661      685F726E 
 1661      61637400 
 1662              	.LASF101:
ARM GAS  C:\Users\Girish\AppData\Local\Temp\ccHlimUx.s 			page 34


 1663 0491 45455F73 		.ascii	"EE_std_endcycle_next_tid\000"
 1663      74645F65 
 1663      6E646379 
 1663      636C655F 
 1663      6E657874 
 1664              	.LASF11:
 1665 04aa 45455F49 		.ascii	"EE_INT32\000"
 1665      4E543332 
 1665      00
 1666              	.LASF105:
 1667 04b3 45455F63 		.ascii	"EE_cortex_mx_stack_9\000"
 1667      6F727465 
 1667      785F6D78 
 1667      5F737461 
 1667      636B5F39 
 1668              	.LASF3:
 1669 04c8 73686F72 		.ascii	"short unsigned int\000"
 1669      7420756E 
 1669      7369676E 
 1669      65642069 
 1669      6E7400
 1670              	.LASF42:
 1671 04db 45455F6F 		.ascii	"EE_oo_counter_object_ROM_type\000"
 1671      6F5F636F 
 1671      756E7465 
 1671      725F6F62 
 1671      6A656374 
 1672              	.LASF109:
 1673 04f9 45455F6F 		.ascii	"EE_oo_autostart_task_mode_OSDEFAULTAPPMODE\000"
 1673      6F5F6175 
 1673      746F7374 
 1673      6172745F 
 1673      7461736B 
 1674              	.LASF10:
 1675 0524 45455F55 		.ascii	"EE_UINT16\000"
 1675      494E5431 
 1675      3600
 1676              	.LASF71:
 1677 052e 45455F74 		.ascii	"EE_th_rnact_max\000"
 1677      685F726E 
 1677      6163745F 
 1677      6D617800 
 1678              	.LASF26:
 1679 053e 41637469 		.ascii	"ActionType\000"
 1679      6F6E5479 
 1679      706500
 1680              	.LASF59:
 1681 0549 61637469 		.ascii	"action_id\000"
 1681      6F6E5F69 
 1681      6400
 1682              	.LASF15:
 1683 0553 45455F54 		.ascii	"EE_THREAD_PTR\000"
 1683      48524541 
 1683      445F5054 
 1683      5200
 1684              	.LASF14:
 1685 0561 45455F56 		.ascii	"EE_VOID_CALLBACK\000"
ARM GAS  C:\Users\Girish\AppData\Local\Temp\ccHlimUx.s 			page 35


 1685      4F49445F 
 1685      43414C4C 
 1685      4241434B 
 1685      00
 1686              	.LASF95:
 1687 0572 45455F63 		.ascii	"EE_counter_RAM\000"
 1687      6F756E74 
 1687      65725F52 
 1687      414D00
 1688              	.LASF100:
 1689 0581 45455F41 		.ascii	"EE_ApplicationMode\000"
 1689      70706C69 
 1689      63617469 
 1689      6F6E4D6F 
 1689      646500
 1690              	.LASF5:
 1691 0594 6C6F6E67 		.ascii	"long unsigned int\000"
 1691      20756E73 
 1691      69676E65 
 1691      6420696E 
 1691      7400
 1692              	.LASF87:
 1693 05a6 45455F74 		.ascii	"EE_th_event_active\000"
 1693      685F6576 
 1693      656E745F 
 1693      61637469 
 1693      766500
 1694              	.LASF49:
 1695 05b9 45455F41 		.ascii	"EE_ACTION_EVENT\000"
 1695      4354494F 
 1695      4E5F4556 
 1695      454E5400 
 1696              	.LASF19:
 1697 05c9 45455F54 		.ascii	"EE_TYPEBOOL\000"
 1697      59504542 
 1697      4F4F4C00 
 1698              	.LASF78:
 1699 05d5 45455F73 		.ascii	"EE_stkfirst\000"
 1699      746B6669 
 1699      72737400 
 1700              	.LASF58:
 1701 05e1 45455F6F 		.ascii	"EE_oo_action_ROM_type\000"
 1701      6F5F6163 
 1701      74696F6E 
 1701      5F524F4D 
 1701      5F747970 
 1702              	.LASF62:
 1703 05f7 45455F6F 		.ascii	"EE_oo_autostart_task_type\000"
 1703      6F5F6175 
 1703      746F7374 
 1703      6172745F 
 1703      7461736B 
 1704              	.LASF28:
 1705 0611 5359535F 		.ascii	"SYS_tos\000"
 1705      746F7300 
 1706              	.LASF36:
 1707 0619 45455F41 		.ascii	"EE_ALARM\000"
ARM GAS  C:\Users\Girish\AppData\Local\Temp\ccHlimUx.s 			page 36


 1707      4C41524D 
 1707      00
 1708              	.LASF94:
 1709 0622 45455F61 		.ascii	"EE_alarm_ROM\000"
 1709      6C61726D 
 1709      5F524F4D 
 1709      00
 1710              	.LASF88:
 1711 062f 45455F74 		.ascii	"EE_th_event_waitmask\000"
 1711      685F6576 
 1711      656E745F 
 1711      77616974 
 1711      6D61736B 
 1712              	.LASF103:
 1713 0644 45455F63 		.ascii	"EE_cortex_mx_IRQ_tos\000"
 1713      6F727465 
 1713      785F6D78 
 1713      5F495251 
 1713      5F746F73 
 1714              	.LASF61:
 1715 0659 45455F54 		.ascii	"EE_TOS\000"
 1715      4F5300
 1716              	.LASF43:
 1717 0660 75736564 		.ascii	"used\000"
 1717      00
 1718              	.LASF27:
 1719 0665 436F756E 		.ascii	"CounterType\000"
 1719      74657254 
 1719      79706500 
 1720              	.LASF77:
 1721 0671 45455F74 		.ascii	"EE_th_terminate_nextask\000"
 1721      685F7465 
 1721      726D696E 
 1721      6174655F 
 1721      6E657874 
 1722              	.LASF74:
 1723 0689 45455F74 		.ascii	"EE_th_status\000"
 1723      685F7374 
 1723      61747573 
 1723      00
 1724              	.LASF73:
 1725 0696 45455F74 		.ascii	"EE_th_dispatch_prio\000"
 1725      685F6469 
 1725      73706174 
 1725      63685F70 
 1725      72696F00 
 1726              	.LASF54:
 1727 06aa 61637469 		.ascii	"action_kind\000"
 1727      6F6E5F6B 
 1727      696E6400 
 1728              	.LASF75:
 1729 06b6 45455F74 		.ascii	"EE_th_next\000"
 1729      685F6E65 
 1729      787400
 1730              	.LASF82:
 1731 06c1 45455F72 		.ascii	"EE_rq_queues_tail\000"
 1731      715F7175 
ARM GAS  C:\Users\Girish\AppData\Local\Temp\ccHlimUx.s 			page 37


 1731      65756573 
 1731      5F746169 
 1731      6C00
 1732              	.LASF106:
 1733 06d3 474E5520 		.ascii	"GNU C11 5.4.1 20160609 (release) [ARM/embedded-5-br"
 1733      43313120 
 1733      352E342E 
 1733      31203230 
 1733      31363036 
 1734 0706 616E6368 		.ascii	"anch revision 237715] -mcpu=cortex-m3 -mthumb -g -O"
 1734      20726576 
 1734      6973696F 
 1734      6E203233 
 1734      37373135 
 1735 0739 67202D66 		.ascii	"g -ffunction-sections -ffat-lto-objects\000"
 1735      66756E63 
 1735      74696F6E 
 1735      2D736563 
 1735      74696F6E 
 1736              	.LASF44:
 1737 0761 636E7463 		.ascii	"cntcycle\000"
 1737      79636C65 
 1737      00
 1738              	.LASF56:
 1739 076a 61637469 		.ascii	"action_mask\000"
 1739      6F6E5F6D 
 1739      61736B00 
 1740              	.LASF60:
 1741 0776 45455F6F 		.ascii	"EE_oo_alarm_ROM_type\000"
 1741      6F5F616C 
 1741      61726D5F 
 1741      524F4D5F 
 1741      74797065 
 1742              	.LASF46:
 1743 078b 6E657874 		.ascii	"next\000"
 1743      00
 1744              	.LASF93:
 1745 0790 45455F6F 		.ascii	"EE_oo_action_ROM\000"
 1745      6F5F6163 
 1745      74696F6E 
 1745      5F524F4D 
 1745      00
 1746              	.LASF34:
 1747 07a1 66697273 		.ascii	"first\000"
 1747      7400
 1748              		.ident	"GCC: (GNU Tools for ARM Embedded Processors) 5.4.1 20160609 (release) [ARM/embedded-5-bran
