ARM GAS  C:\Users\giris\AppData\Local\Temp\ccqzSR0n.s 			page 1


   1              		.syntax unified
   2              		.cpu cortex-m3
   3              		.fpu softvfp
   4              		.eabi_attribute 20, 1
   5              		.eabi_attribute 21, 1
   6              		.eabi_attribute 23, 3
   7              		.eabi_attribute 24, 1
   8              		.eabi_attribute 25, 1
   9              		.eabi_attribute 26, 1
  10              		.eabi_attribute 30, 1
  11              		.eabi_attribute 34, 1
  12              		.eabi_attribute 18, 4
  13              		.thumb
  14              		.syntax unified
  15              		.file	"button.c"
  16              		.text
  17              	.Ltext0:
  18              		.cfi_sections	.debug_frame
  19              		.section	.text.BUTTON_Init,"ax",%progbits
  20              		.align	2
  21              		.global	BUTTON_Init
  22              		.thumb
  23              		.thumb_func
  24              		.type	BUTTON_Init, %function
  25              	BUTTON_Init:
  26              	.LFB110:
  27              		.file 1 "source\\bsw\\button.c"
   1:source\bsw/button.c **** /**
   2:source\bsw/button.c **** * \file <filename>
   3:source\bsw/button.c **** * \author <author-name>
   4:source\bsw/button.c **** * \date <date>
   5:source\bsw/button.c **** *
   6:source\bsw/button.c **** * \brief <Symbolic File name>
   7:source\bsw/button.c **** *
   8:source\bsw/button.c **** * \copyright Copyright ©2016
   9:source\bsw/button.c **** * Department of electrical engineering and information technology, Hochschule Darmstadt - Universit
  10:source\bsw/button.c **** * Permission to use, copy, modify, and distribute this software and its documentation for education
  11:source\bsw/button.c **** * (unless permitted by h_da) and official h_da projects, is hereby granted for enrolled students of
  12:source\bsw/button.c **** * this paragraph and the following paragraph appear in all copies, modifications, and distributions
  13:source\bsw/button.c **** * Contact Prof.Dr.-Ing. Peter Fromm, peter.fromm@h-da.de, Birkenweg 8 64295 Darmstadt - GERMANY for
  14:source\bsw/button.c **** *
  15:source\bsw/button.c **** * \warning This software is a PROTOTYPE version and is not designed or intended for use in producti
  16:source\bsw/button.c **** * The user represents and warrants that it will NOT use or redistribute the Software for such purpo
  17:source\bsw/button.c **** * This prototype is for research purposes only. This software is provided "AS IS," without a warran
  18:source\bsw/button.c **** */
  19:source\bsw/button.c **** 
  20:source\bsw/button.c **** /*****************************************************************************/
  21:source\bsw/button.c **** /* Include files                                                             */
  22:source\bsw/button.c **** /*****************************************************************************/
  23:source\bsw/button.c **** #include "button.h"
  24:source\bsw/button.c **** #include "project.h"
  25:source\bsw/button.c **** /*****************************************************************************/
  26:source\bsw/button.c **** /* Local pre-processor symbols/macros ('#define')                            */
  27:source\bsw/button.c **** /*****************************************************************************/
  28:source\bsw/button.c **** 
  29:source\bsw/button.c **** /*****************************************************************************/
  30:source\bsw/button.c **** /* Global variable definitions (declared in header file with 'extern')       */
ARM GAS  C:\Users\giris\AppData\Local\Temp\ccqzSR0n.s 			page 2


  31:source\bsw/button.c **** /*****************************************************************************/
  32:source\bsw/button.c **** 
  33:source\bsw/button.c **** /*****************************************************************************/
  34:source\bsw/button.c **** /* Local type definitions ('typedef')                                        */
  35:source\bsw/button.c **** /*****************************************************************************/
  36:source\bsw/button.c **** 
  37:source\bsw/button.c **** /*****************************************************************************/
  38:source\bsw/button.c **** /* Local variable definitions ('static')                                     */
  39:source\bsw/button.c **** /*****************************************************************************/
  40:source\bsw/button.c **** 
  41:source\bsw/button.c **** 
  42:source\bsw/button.c **** 
  43:source\bsw/button.c **** /*****************************************************************************/
  44:source\bsw/button.c **** /* Local function prototypes ('static')                                      */
  45:source\bsw/button.c **** /*****************************************************************************/
  46:source\bsw/button.c **** 
  47:source\bsw/button.c **** 
  48:source\bsw/button.c **** /*****************************************************************************/
  49:source\bsw/button.c **** /* Function implementation - global ('extern') and local ('static')          */
  50:source\bsw/button.c **** /*****************************************************************************/
  51:source\bsw/button.c **** 
  52:source\bsw/button.c **** /**
  53:source\bsw/button.c ****  * Initialize Button
  54:source\bsw/button.c ****  * @param cyisraddress address - the address of the ISR to be called
  55:source\bsw/button.c ****  * @return RC_SUCCESS if ok
  56:source\bsw/button.c ****  */
  57:source\bsw/button.c **** RC_t BUTTON_Init(cyisraddress address)
  58:source\bsw/button.c **** {
  28              		.loc 1 58 0
  29              		.cfi_startproc
  30              		@ args = 0, pretend = 0, frame = 0
  31              		@ frame_needed = 0, uses_anonymous_args = 0
  32              	.LVL0:
  59:source\bsw/button.c ****     if( address != 0) isr_button_StartEx(address);
  33              		.loc 1 59 0
  34 0000 20B1     		cbz	r0, .L4
  58:source\bsw/button.c ****     if( address != 0) isr_button_StartEx(address);
  35              		.loc 1 58 0 discriminator 1
  36 0002 08B5     		push	{r3, lr}
  37              		.cfi_def_cfa_offset 8
  38              		.cfi_offset 3, -8
  39              		.cfi_offset 14, -4
  40              		.loc 1 59 0 discriminator 1
  41 0004 FFF7FEFF 		bl	isr_button_StartEx
  42              	.LVL1:
  60:source\bsw/button.c ****     
  61:source\bsw/button.c ****     return RC_SUCCESS;
  62:source\bsw/button.c **** }
  43              		.loc 1 62 0 discriminator 1
  44 0008 0020     		movs	r0, #0
  45 000a 08BD     		pop	{r3, pc}
  46              	.LVL2:
  47              	.L4:
  48              		.cfi_def_cfa_offset 0
  49              		.cfi_restore 3
  50              		.cfi_restore 14
  51              		.loc 1 62 0 is_stmt 0
ARM GAS  C:\Users\giris\AppData\Local\Temp\ccqzSR0n.s 			page 3


  52 000c 0020     		movs	r0, #0
  53              	.LVL3:
  54 000e 7047     		bx	lr
  55              		.cfi_endproc
  56              	.LFE110:
  57              		.size	BUTTON_Init, .-BUTTON_Init
  58              		.section	.text.BUTTON_IsPressed,"ax",%progbits
  59              		.align	2
  60              		.global	BUTTON_IsPressed
  61              		.thumb
  62              		.thumb_func
  63              		.type	BUTTON_IsPressed, %function
  64              	BUTTON_IsPressed:
  65              	.LFB111:
  63:source\bsw/button.c **** 
  64:source\bsw/button.c **** /**
  65:source\bsw/button.c ****  * Initialize Button
  66:source\bsw/button.c ****  * @param BUTTON_id_t button - check if the corresponding button is pressed
  67:source\bsw/button.c ****  * @return TRUE if button is pressed
  68:source\bsw/button.c ****  */
  69:source\bsw/button.c **** boolean_t BUTTON_IsPressed(myButton_t button)
  70:source\bsw/button.c **** {
  66              		.loc 1 70 0 is_stmt 1
  67              		.cfi_startproc
  68              		@ args = 0, pretend = 0, frame = 0
  69              		@ frame_needed = 0, uses_anonymous_args = 0
  70              	.LVL4:
  71 0000 08B5     		push	{r3, lr}
  72              		.cfi_def_cfa_offset 8
  73              		.cfi_offset 3, -8
  74              		.cfi_offset 14, -4
  75              	.LVL5:
  71:source\bsw/button.c ****     boolean_t result = FALSE;
  72:source\bsw/button.c ****     
  73:source\bsw/button.c ****     switch (button)
  76              		.loc 1 73 0
  77 0002 10B1     		cbz	r0, .L7
  78 0004 0128     		cmp	r0, #1
  79 0006 06D0     		beq	.L8
  80 0008 0BE0     		b	.L12
  81              	.L7:
  74:source\bsw/button.c ****     {
  75:source\bsw/button.c ****         case BUTTON_1 : if (BUTTON_1_Read() == 1) result = TRUE; break;
  82              		.loc 1 75 0
  83 000a FFF7FEFF 		bl	BUTTON_1_Read
  84              	.LVL6:
  85 000e 0128     		cmp	r0, #1
  86 0010 09D0     		beq	.L10
  71:source\bsw/button.c ****     boolean_t result = FALSE;
  87              		.loc 1 71 0
  88 0012 0020     		movs	r0, #0
  89 0014 08BD     		pop	{r3, pc}
  90              	.LVL7:
  91              	.L8:
  76:source\bsw/button.c ****         case BUTTON_2 : if (BUTTON_2_Read() == 1) result = TRUE; break;
  92              		.loc 1 76 0
  93 0016 FFF7FEFF 		bl	BUTTON_2_Read
ARM GAS  C:\Users\giris\AppData\Local\Temp\ccqzSR0n.s 			page 4


  94              	.LVL8:
  95 001a 0128     		cmp	r0, #1
  96 001c 05D0     		beq	.L11
  71:source\bsw/button.c ****     boolean_t result = FALSE;
  97              		.loc 1 71 0
  98 001e 0020     		movs	r0, #0
  99 0020 08BD     		pop	{r3, pc}
 100              	.LVL9:
 101              	.L12:
 102 0022 0020     		movs	r0, #0
 103              	.LVL10:
 104 0024 08BD     		pop	{r3, pc}
 105              	.L10:
  75:source\bsw/button.c ****         case BUTTON_2 : if (BUTTON_2_Read() == 1) result = TRUE; break;
 106              		.loc 1 75 0
 107 0026 0120     		movs	r0, #1
 108 0028 08BD     		pop	{r3, pc}
 109              	.L11:
 110              		.loc 1 76 0
 111 002a 0120     		movs	r0, #1
 112              	.LVL11:
  77:source\bsw/button.c ****     }
  78:source\bsw/button.c ****     
  79:source\bsw/button.c ****     return result; 
  80:source\bsw/button.c **** }
 113              		.loc 1 80 0
 114 002c 08BD     		pop	{r3, pc}
 115              		.cfi_endproc
 116              	.LFE111:
 117              		.size	BUTTON_IsPressed, .-BUTTON_IsPressed
 118 002e 00BF     		.text
 119              	.Letext0:
 120              		.file 2 "source\\bsw\\global.h"
 121              		.file 3 "c:\\program files (x86)\\cypress\\psoc creator\\4.4\\psoc creator\\import\\gnu\\arm\\5.4.
 122              		.file 4 "c:\\program files (x86)\\cypress\\psoc creator\\4.4\\psoc creator\\import\\gnu\\arm\\5.4.
 123              		.file 5 "Generated_Source\\PSoC5/cytypes.h"
 124              		.file 6 "Generated_Source\\PSoC5/ErikaOS_1_common_ee_types.inc"
 125              		.file 7 "Generated_Source\\PSoC5/ErikaOS_1_cortex_mx_ee_cpu.inc"
 126              		.file 8 "source\\bsw\\button.h"
 127              		.file 9 "Generated_Source\\PSoC5/ErikaOS_1_ee_oo_intfunc.inc"
 128              		.file 10 "Generated_Source\\PSoC5/ErikaOS_1_cortex_mx_ee_context.inc"
 129              		.file 11 "Generated_Source\\PSoC5/ErikaOS_1_common_ee_primitives.inc"
 130              		.file 12 "Generated_Source\\PSoC5/core_cm3.h"
 131              		.file 13 "Generated_Source\\PSoC5/isr_button.h"
 132              		.file 14 "Generated_Source\\PSoC5/BUTTON_1.h"
 133              		.file 15 "Generated_Source\\PSoC5/BUTTON_2.h"
 134              		.section	.debug_info,"",%progbits
 135              	.Ldebug_info0:
 136 0000 BF020000 		.4byte	0x2bf
 137 0004 0400     		.2byte	0x4
 138 0006 00000000 		.4byte	.Ldebug_abbrev0
 139 000a 04       		.byte	0x4
 140 000b 01       		.uleb128 0x1
 141 000c FC020000 		.4byte	.LASF66
 142 0010 0C       		.byte	0xc
 143 0011 25000000 		.4byte	.LASF67
 144 0015 1F020000 		.4byte	.LASF68
ARM GAS  C:\Users\giris\AppData\Local\Temp\ccqzSR0n.s 			page 5


 145 0019 00000000 		.4byte	.Ldebug_ranges0+0
 146 001d 00000000 		.4byte	0
 147 0021 00000000 		.4byte	.Ldebug_line0
 148 0025 02       		.uleb128 0x2
 149 0026 01       		.byte	0x1
 150 0027 06       		.byte	0x6
 151 0028 7E020000 		.4byte	.LASF0
 152 002c 02       		.uleb128 0x2
 153 002d 01       		.byte	0x1
 154 002e 08       		.byte	0x8
 155 002f F8010000 		.4byte	.LASF1
 156 0033 02       		.uleb128 0x2
 157 0034 02       		.byte	0x2
 158 0035 05       		.byte	0x5
 159 0036 4D000000 		.4byte	.LASF2
 160 003a 02       		.uleb128 0x2
 161 003b 02       		.byte	0x2
 162 003c 07       		.byte	0x7
 163 003d E9020000 		.4byte	.LASF3
 164 0041 02       		.uleb128 0x2
 165 0042 04       		.byte	0x4
 166 0043 05       		.byte	0x5
 167 0044 88010000 		.4byte	.LASF4
 168 0048 02       		.uleb128 0x2
 169 0049 04       		.byte	0x4
 170 004a 07       		.byte	0x7
 171 004b 10040000 		.4byte	.LASF5
 172 004f 02       		.uleb128 0x2
 173 0050 04       		.byte	0x4
 174 0051 04       		.byte	0x4
 175 0052 42010000 		.4byte	.LASF6
 176 0056 02       		.uleb128 0x2
 177 0057 08       		.byte	0x8
 178 0058 04       		.byte	0x4
 179 0059 22040000 		.4byte	.LASF7
 180 005d 02       		.uleb128 0x2
 181 005e 08       		.byte	0x8
 182 005f 05       		.byte	0x5
 183 0060 56010000 		.4byte	.LASF8
 184 0064 02       		.uleb128 0x2
 185 0065 08       		.byte	0x8
 186 0066 07       		.byte	0x7
 187 0067 8A020000 		.4byte	.LASF9
 188 006b 03       		.uleb128 0x3
 189 006c EE010000 		.4byte	.LASF37
 190 0070 02       		.byte	0x2
 191 0071 9C       		.byte	0x9c
 192 0072 2C000000 		.4byte	0x2c
 193 0076 02       		.uleb128 0x2
 194 0077 01       		.byte	0x1
 195 0078 08       		.byte	0x8
 196 0079 96030000 		.4byte	.LASF10
 197 007d 04       		.uleb128 0x4
 198 007e 04       		.byte	0x4
 199 007f 83000000 		.4byte	0x83
 200 0083 05       		.uleb128 0x5
 201 0084 06       		.uleb128 0x6
ARM GAS  C:\Users\giris\AppData\Local\Temp\ccqzSR0n.s 			page 6


 202 0085 01       		.byte	0x1
 203 0086 25000000 		.4byte	0x25
 204 008a 02       		.byte	0x2
 205 008b CF       		.byte	0xcf
 206 008c 2D010000 		.4byte	0x12d
 207 0090 07       		.uleb128 0x7
 208 0091 1A000000 		.4byte	.LASF11
 209 0095 00       		.byte	0
 210 0096 08       		.uleb128 0x8
 211 0097 8C040000 		.4byte	.LASF12
 212 009b 7F       		.sleb128 -1
 213 009c 08       		.uleb128 0x8
 214 009d BC020000 		.4byte	.LASF13
 215 00a1 7E       		.sleb128 -2
 216 00a2 08       		.uleb128 0x8
 217 00a3 86000000 		.4byte	.LASF14
 218 00a7 7D       		.sleb128 -3
 219 00a8 08       		.uleb128 0x8
 220 00a9 95040000 		.4byte	.LASF15
 221 00ad 7C       		.sleb128 -4
 222 00ae 08       		.uleb128 0x8
 223 00af 33010000 		.4byte	.LASF16
 224 00b3 7B       		.sleb128 -5
 225 00b4 08       		.uleb128 0x8
 226 00b5 57000000 		.4byte	.LASF17
 227 00b9 7A       		.sleb128 -6
 228 00ba 08       		.uleb128 0x8
 229 00bb 91010000 		.4byte	.LASF18
 230 00bf 79       		.sleb128 -7
 231 00c0 08       		.uleb128 0x8
 232 00c1 9B030000 		.4byte	.LASF19
 233 00c5 78       		.sleb128 -8
 234 00c6 08       		.uleb128 0x8
 235 00c7 CA020000 		.4byte	.LASF20
 236 00cb 77       		.sleb128 -9
 237 00cc 08       		.uleb128 0x8
 238 00cd 9C000000 		.4byte	.LASF21
 239 00d1 76       		.sleb128 -10
 240 00d2 08       		.uleb128 0x8
 241 00d3 C2040000 		.4byte	.LASF22
 242 00d7 75       		.sleb128 -11
 243 00d8 08       		.uleb128 0x8
 244 00d9 AE020000 		.4byte	.LASF23
 245 00dd 74       		.sleb128 -12
 246 00de 08       		.uleb128 0x8
 247 00df 29040000 		.4byte	.LASF24
 248 00e3 73       		.sleb128 -13
 249 00e4 08       		.uleb128 0x8
 250 00e5 07000000 		.4byte	.LASF25
 251 00e9 72       		.sleb128 -14
 252 00ea 08       		.uleb128 0x8
 253 00eb 39000000 		.4byte	.LASF26
 254 00ef 71       		.sleb128 -15
 255 00f0 08       		.uleb128 0x8
 256 00f1 CB010000 		.4byte	.LASF27
 257 00f5 70       		.sleb128 -16
 258 00f6 08       		.uleb128 0x8
ARM GAS  C:\Users\giris\AppData\Local\Temp\ccqzSR0n.s 			page 7


 259 00f7 B8030000 		.4byte	.LASF28
 260 00fb 6F       		.sleb128 -17
 261 00fc 08       		.uleb128 0x8
 262 00fd 68000000 		.4byte	.LASF29
 263 0101 6E       		.sleb128 -18
 264 0102 08       		.uleb128 0x8
 265 0103 64010000 		.4byte	.LASF30
 266 0107 6D       		.sleb128 -19
 267 0108 08       		.uleb128 0x8
 268 0109 CC030000 		.4byte	.LASF31
 269 010d 6C       		.sleb128 -20
 270 010e 08       		.uleb128 0x8
 271 010f DC010000 		.4byte	.LASF32
 272 0113 6B       		.sleb128 -21
 273 0114 08       		.uleb128 0x8
 274 0115 6D040000 		.4byte	.LASF33
 275 0119 6A       		.sleb128 -22
 276 011a 08       		.uleb128 0x8
 277 011b D4000000 		.4byte	.LASF34
 278 011f 69       		.sleb128 -23
 279 0120 08       		.uleb128 0x8
 280 0121 77010000 		.4byte	.LASF35
 281 0125 68       		.sleb128 -24
 282 0126 08       		.uleb128 0x8
 283 0127 B4000000 		.4byte	.LASF36
 284 012b 67       		.sleb128 -25
 285 012c 00       		.byte	0
 286 012d 03       		.uleb128 0x3
 287 012e BD040000 		.4byte	.LASF38
 288 0132 02       		.byte	0x2
 289 0133 EA       		.byte	0xea
 290 0134 84000000 		.4byte	0x84
 291 0138 03       		.uleb128 0x3
 292 0139 51040000 		.4byte	.LASF39
 293 013d 03       		.byte	0x3
 294 013e 3F       		.byte	0x3f
 295 013f 41000000 		.4byte	0x41
 296 0143 09       		.uleb128 0x9
 297 0144 04       		.byte	0x4
 298 0145 05       		.byte	0x5
 299 0146 696E7400 		.ascii	"int\000"
 300 014a 02       		.uleb128 0x2
 301 014b 04       		.byte	0x4
 302 014c 07       		.byte	0x7
 303 014d A1020000 		.4byte	.LASF40
 304 0151 03       		.uleb128 0x3
 305 0152 B0030000 		.4byte	.LASF41
 306 0156 04       		.byte	0x4
 307 0157 2C       		.byte	0x2c
 308 0158 38010000 		.4byte	0x138
 309 015c 0A       		.uleb128 0xa
 310 015d 12020000 		.4byte	.LASF42
 311 0161 05       		.byte	0x5
 312 0162 A402     		.2byte	0x2a4
 313 0164 7D000000 		.4byte	0x7d
 314 0168 02       		.uleb128 0x2
 315 0169 08       		.byte	0x8
ARM GAS  C:\Users\giris\AppData\Local\Temp\ccqzSR0n.s 			page 8


 316 016a 04       		.byte	0x4
 317 016b 06020000 		.4byte	.LASF43
 318 016f 03       		.uleb128 0x3
 319 0170 E0020000 		.4byte	.LASF44
 320 0174 06       		.byte	0x6
 321 0175 53       		.byte	0x53
 322 0176 43010000 		.4byte	0x143
 323 017a 03       		.uleb128 0x3
 324 017b AA000000 		.4byte	.LASF45
 325 017f 06       		.byte	0x6
 326 0180 54       		.byte	0x54
 327 0181 4A010000 		.4byte	0x14a
 328 0185 03       		.uleb128 0x3
 329 0186 3B040000 		.4byte	.LASF46
 330 018a 07       		.byte	0x7
 331 018b 4D       		.byte	0x4d
 332 018c 7A010000 		.4byte	0x17a
 333 0190 03       		.uleb128 0x3
 334 0191 94000000 		.4byte	.LASF47
 335 0195 07       		.byte	0x7
 336 0196 4F       		.byte	0x4f
 337 0197 7A010000 		.4byte	0x17a
 338 019b 03       		.uleb128 0x3
 339 019c CD000000 		.4byte	.LASF48
 340 01a0 07       		.byte	0x7
 341 01a1 78       		.byte	0x78
 342 01a2 6F010000 		.4byte	0x16f
 343 01a6 02       		.uleb128 0x2
 344 01a7 04       		.byte	0x4
 345 01a8 07       		.byte	0x7
 346 01a9 7D000000 		.4byte	.LASF49
 347 01ad 0B       		.uleb128 0xb
 348 01ae 11010000 		.4byte	.LASF69
 349 01b2 01       		.byte	0x1
 350 01b3 2C000000 		.4byte	0x2c
 351 01b7 08       		.byte	0x8
 352 01b8 5B       		.byte	0x5b
 353 01b9 CA010000 		.4byte	0x1ca
 354 01bd 07       		.uleb128 0x7
 355 01be 5B040000 		.4byte	.LASF50
 356 01c2 00       		.byte	0
 357 01c3 07       		.uleb128 0x7
 358 01c4 64040000 		.4byte	.LASF51
 359 01c8 01       		.byte	0x1
 360 01c9 00       		.byte	0
 361 01ca 03       		.uleb128 0x3
 362 01cb 05040000 		.4byte	.LASF52
 363 01cf 08       		.byte	0x8
 364 01d0 5F       		.byte	0x5f
 365 01d1 AD010000 		.4byte	0x1ad
 366 01d5 0C       		.uleb128 0xc
 367 01d6 8A030000 		.4byte	.LASF53
 368 01da 01       		.byte	0x1
 369 01db 39       		.byte	0x39
 370 01dc 2D010000 		.4byte	0x12d
 371 01e0 00000000 		.4byte	.LFB110
 372 01e4 10000000 		.4byte	.LFE110-.LFB110
ARM GAS  C:\Users\giris\AppData\Local\Temp\ccqzSR0n.s 			page 9


 373 01e8 01       		.uleb128 0x1
 374 01e9 9C       		.byte	0x9c
 375 01ea 0F020000 		.4byte	0x20f
 376 01ee 0D       		.uleb128 0xd
 377 01ef A3010000 		.4byte	.LASF55
 378 01f3 01       		.byte	0x1
 379 01f4 39       		.byte	0x39
 380 01f5 5C010000 		.4byte	0x15c
 381 01f9 00000000 		.4byte	.LLST0
 382 01fd 0E       		.uleb128 0xe
 383 01fe 08000000 		.4byte	.LVL1
 384 0202 A1020000 		.4byte	0x2a1
 385 0206 0F       		.uleb128 0xf
 386 0207 01       		.uleb128 0x1
 387 0208 50       		.byte	0x50
 388 0209 03       		.uleb128 0x3
 389 020a F3       		.byte	0xf3
 390 020b 01       		.uleb128 0x1
 391 020c 50       		.byte	0x50
 392 020d 00       		.byte	0
 393 020e 00       		.byte	0
 394 020f 0C       		.uleb128 0xc
 395 0210 00010000 		.4byte	.LASF54
 396 0214 01       		.byte	0x1
 397 0215 45       		.byte	0x45
 398 0216 6B000000 		.4byte	0x6b
 399 021a 00000000 		.4byte	.LFB111
 400 021e 2E000000 		.4byte	.LFE111-.LFB111
 401 0222 01       		.uleb128 0x1
 402 0223 9C       		.byte	0x9c
 403 0224 59020000 		.4byte	0x259
 404 0228 0D       		.uleb128 0xd
 405 0229 AB010000 		.4byte	.LASF56
 406 022d 01       		.byte	0x1
 407 022e 45       		.byte	0x45
 408 022f CA010000 		.4byte	0x1ca
 409 0233 3A000000 		.4byte	.LLST1
 410 0237 10       		.uleb128 0x10
 411 0238 00000000 		.4byte	.LASF70
 412 023c 01       		.byte	0x1
 413 023d 47       		.byte	0x47
 414 023e 6B000000 		.4byte	0x6b
 415 0242 8D000000 		.4byte	.LLST2
 416 0246 11       		.uleb128 0x11
 417 0247 0E000000 		.4byte	.LVL6
 418 024b AC020000 		.4byte	0x2ac
 419 024f 11       		.uleb128 0x11
 420 0250 1A000000 		.4byte	.LVL8
 421 0254 B7020000 		.4byte	0x2b7
 422 0258 00       		.byte	0
 423 0259 12       		.uleb128 0x12
 424 025a A5040000 		.4byte	.LASF57
 425 025e 09       		.byte	0x9
 426 025f 40       		.byte	0x40
 427 0260 85010000 		.4byte	0x185
 428 0264 12       		.uleb128 0x12
 429 0265 B2010000 		.4byte	.LASF58
ARM GAS  C:\Users\giris\AppData\Local\Temp\ccqzSR0n.s 			page 10


 430 0269 09       		.byte	0x9
 431 026a 47       		.byte	0x47
 432 026b 90010000 		.4byte	0x190
 433 026f 12       		.uleb128 0x12
 434 0270 F2030000 		.4byte	.LASF59
 435 0274 09       		.byte	0x9
 436 0275 4A       		.byte	0x4a
 437 0276 85010000 		.4byte	0x185
 438 027a 12       		.uleb128 0x12
 439 027b 1A010000 		.4byte	.LASF60
 440 027f 0A       		.byte	0xa
 441 0280 48       		.byte	0x48
 442 0281 9B010000 		.4byte	0x19b
 443 0285 12       		.uleb128 0x12
 444 0286 EB000000 		.4byte	.LASF61
 445 028a 0B       		.byte	0xb
 446 028b 44       		.byte	0x44
 447 028c 85010000 		.4byte	0x185
 448 0290 13       		.uleb128 0x13
 449 0291 7F040000 		.4byte	.LASF62
 450 0295 0C       		.byte	0xc
 451 0296 1207     		.2byte	0x712
 452 0298 9C020000 		.4byte	0x29c
 453 029c 14       		.uleb128 0x14
 454 029d 51010000 		.4byte	0x151
 455 02a1 15       		.uleb128 0x15
 456 02a2 DF030000 		.4byte	.LASF63
 457 02a6 DF030000 		.4byte	.LASF63
 458 02aa 0D       		.byte	0xd
 459 02ab 18       		.byte	0x18
 460 02ac 15       		.uleb128 0x15
 461 02ad 48010000 		.4byte	.LASF64
 462 02b1 48010000 		.4byte	.LASF64
 463 02b5 0E       		.byte	0xe
 464 02b6 29       		.byte	0x29
 465 02b7 15       		.uleb128 0x15
 466 02b8 43040000 		.4byte	.LASF65
 467 02bc 43040000 		.4byte	.LASF65
 468 02c0 0F       		.byte	0xf
 469 02c1 29       		.byte	0x29
 470 02c2 00       		.byte	0
 471              		.section	.debug_abbrev,"",%progbits
 472              	.Ldebug_abbrev0:
 473 0000 01       		.uleb128 0x1
 474 0001 11       		.uleb128 0x11
 475 0002 01       		.byte	0x1
 476 0003 25       		.uleb128 0x25
 477 0004 0E       		.uleb128 0xe
 478 0005 13       		.uleb128 0x13
 479 0006 0B       		.uleb128 0xb
 480 0007 03       		.uleb128 0x3
 481 0008 0E       		.uleb128 0xe
 482 0009 1B       		.uleb128 0x1b
 483 000a 0E       		.uleb128 0xe
 484 000b 55       		.uleb128 0x55
 485 000c 17       		.uleb128 0x17
 486 000d 11       		.uleb128 0x11
ARM GAS  C:\Users\giris\AppData\Local\Temp\ccqzSR0n.s 			page 11


 487 000e 01       		.uleb128 0x1
 488 000f 10       		.uleb128 0x10
 489 0010 17       		.uleb128 0x17
 490 0011 00       		.byte	0
 491 0012 00       		.byte	0
 492 0013 02       		.uleb128 0x2
 493 0014 24       		.uleb128 0x24
 494 0015 00       		.byte	0
 495 0016 0B       		.uleb128 0xb
 496 0017 0B       		.uleb128 0xb
 497 0018 3E       		.uleb128 0x3e
 498 0019 0B       		.uleb128 0xb
 499 001a 03       		.uleb128 0x3
 500 001b 0E       		.uleb128 0xe
 501 001c 00       		.byte	0
 502 001d 00       		.byte	0
 503 001e 03       		.uleb128 0x3
 504 001f 16       		.uleb128 0x16
 505 0020 00       		.byte	0
 506 0021 03       		.uleb128 0x3
 507 0022 0E       		.uleb128 0xe
 508 0023 3A       		.uleb128 0x3a
 509 0024 0B       		.uleb128 0xb
 510 0025 3B       		.uleb128 0x3b
 511 0026 0B       		.uleb128 0xb
 512 0027 49       		.uleb128 0x49
 513 0028 13       		.uleb128 0x13
 514 0029 00       		.byte	0
 515 002a 00       		.byte	0
 516 002b 04       		.uleb128 0x4
 517 002c 0F       		.uleb128 0xf
 518 002d 00       		.byte	0
 519 002e 0B       		.uleb128 0xb
 520 002f 0B       		.uleb128 0xb
 521 0030 49       		.uleb128 0x49
 522 0031 13       		.uleb128 0x13
 523 0032 00       		.byte	0
 524 0033 00       		.byte	0
 525 0034 05       		.uleb128 0x5
 526 0035 15       		.uleb128 0x15
 527 0036 00       		.byte	0
 528 0037 27       		.uleb128 0x27
 529 0038 19       		.uleb128 0x19
 530 0039 00       		.byte	0
 531 003a 00       		.byte	0
 532 003b 06       		.uleb128 0x6
 533 003c 04       		.uleb128 0x4
 534 003d 01       		.byte	0x1
 535 003e 0B       		.uleb128 0xb
 536 003f 0B       		.uleb128 0xb
 537 0040 49       		.uleb128 0x49
 538 0041 13       		.uleb128 0x13
 539 0042 3A       		.uleb128 0x3a
 540 0043 0B       		.uleb128 0xb
 541 0044 3B       		.uleb128 0x3b
 542 0045 0B       		.uleb128 0xb
 543 0046 01       		.uleb128 0x1
ARM GAS  C:\Users\giris\AppData\Local\Temp\ccqzSR0n.s 			page 12


 544 0047 13       		.uleb128 0x13
 545 0048 00       		.byte	0
 546 0049 00       		.byte	0
 547 004a 07       		.uleb128 0x7
 548 004b 28       		.uleb128 0x28
 549 004c 00       		.byte	0
 550 004d 03       		.uleb128 0x3
 551 004e 0E       		.uleb128 0xe
 552 004f 1C       		.uleb128 0x1c
 553 0050 0B       		.uleb128 0xb
 554 0051 00       		.byte	0
 555 0052 00       		.byte	0
 556 0053 08       		.uleb128 0x8
 557 0054 28       		.uleb128 0x28
 558 0055 00       		.byte	0
 559 0056 03       		.uleb128 0x3
 560 0057 0E       		.uleb128 0xe
 561 0058 1C       		.uleb128 0x1c
 562 0059 0D       		.uleb128 0xd
 563 005a 00       		.byte	0
 564 005b 00       		.byte	0
 565 005c 09       		.uleb128 0x9
 566 005d 24       		.uleb128 0x24
 567 005e 00       		.byte	0
 568 005f 0B       		.uleb128 0xb
 569 0060 0B       		.uleb128 0xb
 570 0061 3E       		.uleb128 0x3e
 571 0062 0B       		.uleb128 0xb
 572 0063 03       		.uleb128 0x3
 573 0064 08       		.uleb128 0x8
 574 0065 00       		.byte	0
 575 0066 00       		.byte	0
 576 0067 0A       		.uleb128 0xa
 577 0068 16       		.uleb128 0x16
 578 0069 00       		.byte	0
 579 006a 03       		.uleb128 0x3
 580 006b 0E       		.uleb128 0xe
 581 006c 3A       		.uleb128 0x3a
 582 006d 0B       		.uleb128 0xb
 583 006e 3B       		.uleb128 0x3b
 584 006f 05       		.uleb128 0x5
 585 0070 49       		.uleb128 0x49
 586 0071 13       		.uleb128 0x13
 587 0072 00       		.byte	0
 588 0073 00       		.byte	0
 589 0074 0B       		.uleb128 0xb
 590 0075 04       		.uleb128 0x4
 591 0076 01       		.byte	0x1
 592 0077 03       		.uleb128 0x3
 593 0078 0E       		.uleb128 0xe
 594 0079 0B       		.uleb128 0xb
 595 007a 0B       		.uleb128 0xb
 596 007b 49       		.uleb128 0x49
 597 007c 13       		.uleb128 0x13
 598 007d 3A       		.uleb128 0x3a
 599 007e 0B       		.uleb128 0xb
 600 007f 3B       		.uleb128 0x3b
ARM GAS  C:\Users\giris\AppData\Local\Temp\ccqzSR0n.s 			page 13


 601 0080 0B       		.uleb128 0xb
 602 0081 01       		.uleb128 0x1
 603 0082 13       		.uleb128 0x13
 604 0083 00       		.byte	0
 605 0084 00       		.byte	0
 606 0085 0C       		.uleb128 0xc
 607 0086 2E       		.uleb128 0x2e
 608 0087 01       		.byte	0x1
 609 0088 3F       		.uleb128 0x3f
 610 0089 19       		.uleb128 0x19
 611 008a 03       		.uleb128 0x3
 612 008b 0E       		.uleb128 0xe
 613 008c 3A       		.uleb128 0x3a
 614 008d 0B       		.uleb128 0xb
 615 008e 3B       		.uleb128 0x3b
 616 008f 0B       		.uleb128 0xb
 617 0090 27       		.uleb128 0x27
 618 0091 19       		.uleb128 0x19
 619 0092 49       		.uleb128 0x49
 620 0093 13       		.uleb128 0x13
 621 0094 11       		.uleb128 0x11
 622 0095 01       		.uleb128 0x1
 623 0096 12       		.uleb128 0x12
 624 0097 06       		.uleb128 0x6
 625 0098 40       		.uleb128 0x40
 626 0099 18       		.uleb128 0x18
 627 009a 9742     		.uleb128 0x2117
 628 009c 19       		.uleb128 0x19
 629 009d 01       		.uleb128 0x1
 630 009e 13       		.uleb128 0x13
 631 009f 00       		.byte	0
 632 00a0 00       		.byte	0
 633 00a1 0D       		.uleb128 0xd
 634 00a2 05       		.uleb128 0x5
 635 00a3 00       		.byte	0
 636 00a4 03       		.uleb128 0x3
 637 00a5 0E       		.uleb128 0xe
 638 00a6 3A       		.uleb128 0x3a
 639 00a7 0B       		.uleb128 0xb
 640 00a8 3B       		.uleb128 0x3b
 641 00a9 0B       		.uleb128 0xb
 642 00aa 49       		.uleb128 0x49
 643 00ab 13       		.uleb128 0x13
 644 00ac 02       		.uleb128 0x2
 645 00ad 17       		.uleb128 0x17
 646 00ae 00       		.byte	0
 647 00af 00       		.byte	0
 648 00b0 0E       		.uleb128 0xe
 649 00b1 898201   		.uleb128 0x4109
 650 00b4 01       		.byte	0x1
 651 00b5 11       		.uleb128 0x11
 652 00b6 01       		.uleb128 0x1
 653 00b7 31       		.uleb128 0x31
 654 00b8 13       		.uleb128 0x13
 655 00b9 00       		.byte	0
 656 00ba 00       		.byte	0
 657 00bb 0F       		.uleb128 0xf
ARM GAS  C:\Users\giris\AppData\Local\Temp\ccqzSR0n.s 			page 14


 658 00bc 8A8201   		.uleb128 0x410a
 659 00bf 00       		.byte	0
 660 00c0 02       		.uleb128 0x2
 661 00c1 18       		.uleb128 0x18
 662 00c2 9142     		.uleb128 0x2111
 663 00c4 18       		.uleb128 0x18
 664 00c5 00       		.byte	0
 665 00c6 00       		.byte	0
 666 00c7 10       		.uleb128 0x10
 667 00c8 34       		.uleb128 0x34
 668 00c9 00       		.byte	0
 669 00ca 03       		.uleb128 0x3
 670 00cb 0E       		.uleb128 0xe
 671 00cc 3A       		.uleb128 0x3a
 672 00cd 0B       		.uleb128 0xb
 673 00ce 3B       		.uleb128 0x3b
 674 00cf 0B       		.uleb128 0xb
 675 00d0 49       		.uleb128 0x49
 676 00d1 13       		.uleb128 0x13
 677 00d2 02       		.uleb128 0x2
 678 00d3 17       		.uleb128 0x17
 679 00d4 00       		.byte	0
 680 00d5 00       		.byte	0
 681 00d6 11       		.uleb128 0x11
 682 00d7 898201   		.uleb128 0x4109
 683 00da 00       		.byte	0
 684 00db 11       		.uleb128 0x11
 685 00dc 01       		.uleb128 0x1
 686 00dd 31       		.uleb128 0x31
 687 00de 13       		.uleb128 0x13
 688 00df 00       		.byte	0
 689 00e0 00       		.byte	0
 690 00e1 12       		.uleb128 0x12
 691 00e2 34       		.uleb128 0x34
 692 00e3 00       		.byte	0
 693 00e4 03       		.uleb128 0x3
 694 00e5 0E       		.uleb128 0xe
 695 00e6 3A       		.uleb128 0x3a
 696 00e7 0B       		.uleb128 0xb
 697 00e8 3B       		.uleb128 0x3b
 698 00e9 0B       		.uleb128 0xb
 699 00ea 49       		.uleb128 0x49
 700 00eb 13       		.uleb128 0x13
 701 00ec 3F       		.uleb128 0x3f
 702 00ed 19       		.uleb128 0x19
 703 00ee 3C       		.uleb128 0x3c
 704 00ef 19       		.uleb128 0x19
 705 00f0 00       		.byte	0
 706 00f1 00       		.byte	0
 707 00f2 13       		.uleb128 0x13
 708 00f3 34       		.uleb128 0x34
 709 00f4 00       		.byte	0
 710 00f5 03       		.uleb128 0x3
 711 00f6 0E       		.uleb128 0xe
 712 00f7 3A       		.uleb128 0x3a
 713 00f8 0B       		.uleb128 0xb
 714 00f9 3B       		.uleb128 0x3b
ARM GAS  C:\Users\giris\AppData\Local\Temp\ccqzSR0n.s 			page 15


 715 00fa 05       		.uleb128 0x5
 716 00fb 49       		.uleb128 0x49
 717 00fc 13       		.uleb128 0x13
 718 00fd 3F       		.uleb128 0x3f
 719 00fe 19       		.uleb128 0x19
 720 00ff 3C       		.uleb128 0x3c
 721 0100 19       		.uleb128 0x19
 722 0101 00       		.byte	0
 723 0102 00       		.byte	0
 724 0103 14       		.uleb128 0x14
 725 0104 35       		.uleb128 0x35
 726 0105 00       		.byte	0
 727 0106 49       		.uleb128 0x49
 728 0107 13       		.uleb128 0x13
 729 0108 00       		.byte	0
 730 0109 00       		.byte	0
 731 010a 15       		.uleb128 0x15
 732 010b 2E       		.uleb128 0x2e
 733 010c 00       		.byte	0
 734 010d 3F       		.uleb128 0x3f
 735 010e 19       		.uleb128 0x19
 736 010f 3C       		.uleb128 0x3c
 737 0110 19       		.uleb128 0x19
 738 0111 6E       		.uleb128 0x6e
 739 0112 0E       		.uleb128 0xe
 740 0113 03       		.uleb128 0x3
 741 0114 0E       		.uleb128 0xe
 742 0115 3A       		.uleb128 0x3a
 743 0116 0B       		.uleb128 0xb
 744 0117 3B       		.uleb128 0x3b
 745 0118 0B       		.uleb128 0xb
 746 0119 00       		.byte	0
 747 011a 00       		.byte	0
 748 011b 00       		.byte	0
 749              		.section	.debug_loc,"",%progbits
 750              	.Ldebug_loc0:
 751              	.LLST0:
 752 0000 00000000 		.4byte	.LVL0
 753 0004 07000000 		.4byte	.LVL1-1
 754 0008 0100     		.2byte	0x1
 755 000a 50       		.byte	0x50
 756 000b 07000000 		.4byte	.LVL1-1
 757 000f 0C000000 		.4byte	.LVL2
 758 0013 0400     		.2byte	0x4
 759 0015 F3       		.byte	0xf3
 760 0016 01       		.uleb128 0x1
 761 0017 50       		.byte	0x50
 762 0018 9F       		.byte	0x9f
 763 0019 0C000000 		.4byte	.LVL2
 764 001d 0E000000 		.4byte	.LVL3
 765 0021 0100     		.2byte	0x1
 766 0023 50       		.byte	0x50
 767 0024 0E000000 		.4byte	.LVL3
 768 0028 10000000 		.4byte	.LFE110
 769 002c 0400     		.2byte	0x4
 770 002e F3       		.byte	0xf3
 771 002f 01       		.uleb128 0x1
ARM GAS  C:\Users\giris\AppData\Local\Temp\ccqzSR0n.s 			page 16


 772 0030 50       		.byte	0x50
 773 0031 9F       		.byte	0x9f
 774 0032 00000000 		.4byte	0
 775 0036 00000000 		.4byte	0
 776              	.LLST1:
 777 003a 00000000 		.4byte	.LVL4
 778 003e 0D000000 		.4byte	.LVL6-1
 779 0042 0100     		.2byte	0x1
 780 0044 50       		.byte	0x50
 781 0045 0D000000 		.4byte	.LVL6-1
 782 0049 16000000 		.4byte	.LVL7
 783 004d 0400     		.2byte	0x4
 784 004f F3       		.byte	0xf3
 785 0050 01       		.uleb128 0x1
 786 0051 50       		.byte	0x50
 787 0052 9F       		.byte	0x9f
 788 0053 16000000 		.4byte	.LVL7
 789 0057 19000000 		.4byte	.LVL8-1
 790 005b 0100     		.2byte	0x1
 791 005d 50       		.byte	0x50
 792 005e 19000000 		.4byte	.LVL8-1
 793 0062 22000000 		.4byte	.LVL9
 794 0066 0400     		.2byte	0x4
 795 0068 F3       		.byte	0xf3
 796 0069 01       		.uleb128 0x1
 797 006a 50       		.byte	0x50
 798 006b 9F       		.byte	0x9f
 799 006c 22000000 		.4byte	.LVL9
 800 0070 24000000 		.4byte	.LVL10
 801 0074 0100     		.2byte	0x1
 802 0076 50       		.byte	0x50
 803 0077 24000000 		.4byte	.LVL10
 804 007b 2E000000 		.4byte	.LFE111
 805 007f 0400     		.2byte	0x4
 806 0081 F3       		.byte	0xf3
 807 0082 01       		.uleb128 0x1
 808 0083 50       		.byte	0x50
 809 0084 9F       		.byte	0x9f
 810 0085 00000000 		.4byte	0
 811 0089 00000000 		.4byte	0
 812              	.LLST2:
 813 008d 02000000 		.4byte	.LVL5
 814 0091 2C000000 		.4byte	.LVL11
 815 0095 0200     		.2byte	0x2
 816 0097 30       		.byte	0x30
 817 0098 9F       		.byte	0x9f
 818 0099 2C000000 		.4byte	.LVL11
 819 009d 2E000000 		.4byte	.LFE111
 820 00a1 0100     		.2byte	0x1
 821 00a3 50       		.byte	0x50
 822 00a4 00000000 		.4byte	0
 823 00a8 00000000 		.4byte	0
 824              		.section	.debug_aranges,"",%progbits
 825 0000 24000000 		.4byte	0x24
 826 0004 0200     		.2byte	0x2
 827 0006 00000000 		.4byte	.Ldebug_info0
 828 000a 04       		.byte	0x4
ARM GAS  C:\Users\giris\AppData\Local\Temp\ccqzSR0n.s 			page 17


 829 000b 00       		.byte	0
 830 000c 0000     		.2byte	0
 831 000e 0000     		.2byte	0
 832 0010 00000000 		.4byte	.LFB110
 833 0014 10000000 		.4byte	.LFE110-.LFB110
 834 0018 00000000 		.4byte	.LFB111
 835 001c 2E000000 		.4byte	.LFE111-.LFB111
 836 0020 00000000 		.4byte	0
 837 0024 00000000 		.4byte	0
 838              		.section	.debug_ranges,"",%progbits
 839              	.Ldebug_ranges0:
 840 0000 00000000 		.4byte	.LFB110
 841 0004 10000000 		.4byte	.LFE110
 842 0008 00000000 		.4byte	.LFB111
 843 000c 2E000000 		.4byte	.LFE111
 844 0010 00000000 		.4byte	0
 845 0014 00000000 		.4byte	0
 846              		.section	.debug_line,"",%progbits
 847              	.Ldebug_line0:
 848 0000 8A020000 		.section	.debug_str,"MS",%progbits,1
 848      02004B02 
 848      00000201 
 848      FB0E0D00 
 848      01010101 
 849              	.LASF70:
 850 0000 72657375 		.ascii	"result\000"
 850      6C7400
 851              	.LASF25:
 852 0007 52435F45 		.ascii	"RC_ERROR_READ_ONLY\000"
 852      52524F52 
 852      5F524541 
 852      445F4F4E 
 852      4C5900
 853              	.LASF11:
 854 001a 52435F53 		.ascii	"RC_SUCCESS\000"
 854      55434345 
 854      535300
 855              	.LASF67:
 856 0025 736F7572 		.ascii	"source\\bsw\\button.c\000"
 856      63655C62 
 856      73775C62 
 856      7574746F 
 856      6E2E6300 
 857              	.LASF26:
 858 0039 52435F45 		.ascii	"RC_ERROR_WRITE_ONLY\000"
 858      52524F52 
 858      5F575249 
 858      54455F4F 
 858      4E4C5900 
 859              	.LASF2:
 860 004d 73686F72 		.ascii	"short int\000"
 860      7420696E 
 860      7400
 861              	.LASF17:
 862 0057 52435F45 		.ascii	"RC_ERROR_OVERRUN\000"
 862      52524F52 
 862      5F4F5645 
ARM GAS  C:\Users\giris\AppData\Local\Temp\ccqzSR0n.s 			page 18


 862      5252554E 
 862      00
 863              	.LASF29:
 864 0068 52435F45 		.ascii	"RC_ERROR_WRITE_FAILS\000"
 864      52524F52 
 864      5F575249 
 864      54455F46 
 864      41494C53 
 865              	.LASF49:
 866 007d 73697A65 		.ascii	"sizetype\000"
 866      74797065 
 866      00
 867              	.LASF14:
 868 0086 52435F45 		.ascii	"RC_ERROR_ZERO\000"
 868      52524F52 
 868      5F5A4552 
 868      4F00
 869              	.LASF47:
 870 0094 45455F46 		.ascii	"EE_FREG\000"
 870      52454700 
 871              	.LASF21:
 872 009c 52435F45 		.ascii	"RC_ERROR_BUSY\000"
 872      52524F52 
 872      5F425553 
 872      5900
 873              	.LASF45:
 874 00aa 45455F55 		.ascii	"EE_UINT32\000"
 874      494E5433 
 874      3200
 875              	.LASF36:
 876 00b4 52435F45 		.ascii	"RC_ERROR_NOT_IMPLEMENTED\000"
 876      52524F52 
 876      5F4E4F54 
 876      5F494D50 
 876      4C454D45 
 877              	.LASF48:
 878 00cd 45455F54 		.ascii	"EE_TID\000"
 878      494400
 879              	.LASF34:
 880 00d4 52435F45 		.ascii	"RC_ERROR_INVALID_STATE\000"
 880      52524F52 
 880      5F494E56 
 880      414C4944 
 880      5F535441 
 881              	.LASF61:
 882 00eb 45455F49 		.ascii	"EE_IRQ_nesting_level\000"
 882      52515F6E 
 882      65737469 
 882      6E675F6C 
 882      6576656C 
 883              	.LASF54:
 884 0100 42555454 		.ascii	"BUTTON_IsPressed\000"
 884      4F4E5F49 
 884      73507265 
 884      73736564 
 884      00
 885              	.LASF69:
ARM GAS  C:\Users\giris\AppData\Local\Temp\ccqzSR0n.s 			page 19


 886 0111 65427574 		.ascii	"eButtton\000"
 886      74746F6E 
 886      00
 887              	.LASF60:
 888 011a 45455F73 		.ascii	"EE_std_endcycle_next_tid\000"
 888      74645F65 
 888      6E646379 
 888      636C655F 
 888      6E657874 
 889              	.LASF16:
 890 0133 52435F45 		.ascii	"RC_ERROR_RANGE\000"
 890      52524F52 
 890      5F52414E 
 890      474500
 891              	.LASF6:
 892 0142 666C6F61 		.ascii	"float\000"
 892      7400
 893              	.LASF64:
 894 0148 42555454 		.ascii	"BUTTON_1_Read\000"
 894      4F4E5F31 
 894      5F526561 
 894      6400
 895              	.LASF8:
 896 0156 6C6F6E67 		.ascii	"long long int\000"
 896      206C6F6E 
 896      6720696E 
 896      7400
 897              	.LASF30:
 898 0164 52435F45 		.ascii	"RC_ERROR_NOT_MATCH\000"
 898      52524F52 
 898      5F4E4F54 
 898      5F4D4154 
 898      434800
 899              	.LASF35:
 900 0177 52435F45 		.ascii	"RC_ERROR_UNKNOWN\000"
 900      52524F52 
 900      5F554E4B 
 900      4E4F574E 
 900      00
 901              	.LASF4:
 902 0188 6C6F6E67 		.ascii	"long int\000"
 902      20696E74 
 902      00
 903              	.LASF18:
 904 0191 52435F45 		.ascii	"RC_ERROR_UNDERRUN\000"
 904      52524F52 
 904      5F554E44 
 904      45525255 
 904      4E00
 905              	.LASF55:
 906 01a3 61646472 		.ascii	"address\000"
 906      65737300 
 907              	.LASF56:
 908 01ab 62757474 		.ascii	"button\000"
 908      6F6E00
 909              	.LASF58:
 910 01b2 45455F6F 		.ascii	"EE_oo_IRQ_suspend_status\000"
ARM GAS  C:\Users\giris\AppData\Local\Temp\ccqzSR0n.s 			page 20


 910      6F5F4952 
 910      515F7375 
 910      7370656E 
 910      645F7374 
 911              	.LASF27:
 912 01cb 52435F45 		.ascii	"RC_ERROR_INVALID\000"
 912      52524F52 
 912      5F494E56 
 912      414C4944 
 912      00
 913              	.LASF32:
 914 01dc 52435F45 		.ascii	"RC_ERROR_BAD_DATA\000"
 914      52524F52 
 914      5F424144 
 914      5F444154 
 914      4100
 915              	.LASF37:
 916 01ee 626F6F6C 		.ascii	"boolean_t\000"
 916      65616E5F 
 916      7400
 917              	.LASF1:
 918 01f8 756E7369 		.ascii	"unsigned char\000"
 918      676E6564 
 918      20636861 
 918      7200
 919              	.LASF43:
 920 0206 6C6F6E67 		.ascii	"long double\000"
 920      20646F75 
 920      626C6500 
 921              	.LASF42:
 922 0212 63796973 		.ascii	"cyisraddress\000"
 922      72616464 
 922      72657373 
 922      00
 923              	.LASF68:
 924 021f 433A5C55 		.ascii	"C:\\Users\\giris\\OneDrive\\Documents\\PSoC Creator"
 924      73657273 
 924      5C676972 
 924      69735C4F 
 924      6E654472 
 925 024d 5C457269 		.ascii	"\\Erika_OS_ReactionGame\\Erika_Reaction_Game.cydsn\000"
 925      6B615F4F 
 925      535F5265 
 925      61637469 
 925      6F6E4761 
 926              	.LASF0:
 927 027e 7369676E 		.ascii	"signed char\000"
 927      65642063 
 927      68617200 
 928              	.LASF9:
 929 028a 6C6F6E67 		.ascii	"long long unsigned int\000"
 929      206C6F6E 
 929      6720756E 
 929      7369676E 
 929      65642069 
 930              	.LASF40:
 931 02a1 756E7369 		.ascii	"unsigned int\000"
ARM GAS  C:\Users\giris\AppData\Local\Temp\ccqzSR0n.s 			page 21


 931      676E6564 
 931      20696E74 
 931      00
 932              	.LASF23:
 933 02ae 52435F45 		.ascii	"RC_ERROR_OPEN\000"
 933      52524F52 
 933      5F4F5045 
 933      4E00
 934              	.LASF13:
 935 02bc 52435F45 		.ascii	"RC_ERROR_NULL\000"
 935      52524F52 
 935      5F4E554C 
 935      4C00
 936              	.LASF20:
 937 02ca 52435F45 		.ascii	"RC_ERROR_BUFFER_EMTPY\000"
 937      52524F52 
 937      5F425546 
 937      4645525F 
 937      454D5450 
 938              	.LASF44:
 939 02e0 45455F49 		.ascii	"EE_INT32\000"
 939      4E543332 
 939      00
 940              	.LASF3:
 941 02e9 73686F72 		.ascii	"short unsigned int\000"
 941      7420756E 
 941      7369676E 
 941      65642069 
 941      6E7400
 942              	.LASF66:
 943 02fc 474E5520 		.ascii	"GNU C11 5.4.1 20160609 (release) [ARM/embedded-5-br"
 943      43313120 
 943      352E342E 
 943      31203230 
 943      31363036 
 944 032f 616E6368 		.ascii	"anch revision 237715] -mcpu=cortex-m3 -mthumb -g -O"
 944      20726576 
 944      6973696F 
 944      6E203233 
 944      37373135 
 945 0362 67202D66 		.ascii	"g -ffunction-sections -ffat-lto-objects\000"
 945      66756E63 
 945      74696F6E 
 945      2D736563 
 945      74696F6E 
 946              	.LASF53:
 947 038a 42555454 		.ascii	"BUTTON_Init\000"
 947      4F4E5F49 
 947      6E697400 
 948              	.LASF10:
 949 0396 63686172 		.ascii	"char\000"
 949      00
 950              	.LASF19:
 951 039b 52435F45 		.ascii	"RC_ERROR_BUFFER_FULL\000"
 951      52524F52 
 951      5F425546 
 951      4645525F 
ARM GAS  C:\Users\giris\AppData\Local\Temp\ccqzSR0n.s 			page 22


 951      46554C4C 
 952              	.LASF41:
 953 03b0 696E7433 		.ascii	"int32_t\000"
 953      325F7400 
 954              	.LASF28:
 955 03b8 52435F45 		.ascii	"RC_ERROR_READ_FAILS\000"
 955      52524F52 
 955      5F524541 
 955      445F4641 
 955      494C5300 
 956              	.LASF31:
 957 03cc 52435F45 		.ascii	"RC_ERROR_BAD_PARAM\000"
 957      52524F52 
 957      5F424144 
 957      5F504152 
 957      414D00
 958              	.LASF63:
 959 03df 6973725F 		.ascii	"isr_button_StartEx\000"
 959      62757474 
 959      6F6E5F53 
 959      74617274 
 959      457800
 960              	.LASF59:
 961 03f2 45455F41 		.ascii	"EE_ApplicationMode\000"
 961      70706C69 
 961      63617469 
 961      6F6E4D6F 
 961      646500
 962              	.LASF52:
 963 0405 6D794275 		.ascii	"myButton_t\000"
 963      74746F6E 
 963      5F7400
 964              	.LASF5:
 965 0410 6C6F6E67 		.ascii	"long unsigned int\000"
 965      20756E73 
 965      69676E65 
 965      6420696E 
 965      7400
 966              	.LASF7:
 967 0422 646F7562 		.ascii	"double\000"
 967      6C6500
 968              	.LASF24:
 969 0429 52435F45 		.ascii	"RC_ERROR_CHECKSUM\000"
 969      52524F52 
 969      5F434845 
 969      434B5355 
 969      4D00
 970              	.LASF46:
 971 043b 45455F55 		.ascii	"EE_UREG\000"
 971      52454700 
 972              	.LASF65:
 973 0443 42555454 		.ascii	"BUTTON_2_Read\000"
 973      4F4E5F32 
 973      5F526561 
 973      6400
 974              	.LASF39:
 975 0451 5F5F696E 		.ascii	"__int32_t\000"
ARM GAS  C:\Users\giris\AppData\Local\Temp\ccqzSR0n.s 			page 23


 975      7433325F 
 975      7400
 976              	.LASF50:
 977 045b 42555454 		.ascii	"BUTTON_1\000"
 977      4F4E5F31 
 977      00
 978              	.LASF51:
 979 0464 42555454 		.ascii	"BUTTON_2\000"
 979      4F4E5F32 
 979      00
 980              	.LASF33:
 981 046d 52435F45 		.ascii	"RC_ERROR_CANCELED\000"
 981      52524F52 
 981      5F43414E 
 981      43454C45 
 981      4400
 982              	.LASF62:
 983 047f 49544D5F 		.ascii	"ITM_RxBuffer\000"
 983      52784275 
 983      66666572 
 983      00
 984              	.LASF12:
 985 048c 52435F45 		.ascii	"RC_ERROR\000"
 985      52524F52 
 985      00
 986              	.LASF15:
 987 0495 52435F45 		.ascii	"RC_ERROR_MEMORY\000"
 987      52524F52 
 987      5F4D454D 
 987      4F525900 
 988              	.LASF57:
 989 04a5 45455F6F 		.ascii	"EE_oo_IRQ_disable_count\000"
 989      6F5F4952 
 989      515F6469 
 989      7361626C 
 989      655F636F 
 990              	.LASF38:
 991 04bd 52435F74 		.ascii	"RC_t\000"
 991      00
 992              	.LASF22:
 993 04c2 52435F45 		.ascii	"RC_ERROR_TIME_OUT\000"
 993      52524F52 
 993      5F54494D 
 993      455F4F55 
 993      5400
 994              		.ident	"GCC: (GNU Tools for ARM Embedded Processors) 5.4.1 20160609 (release) [ARM/embedded-5-bran
