ARM GAS  C:\Users\giris\AppData\Local\Temp\ccW7aJ1M.s 			page 1


   1              		.syntax unified
   2              		.cpu cortex-m3
   3              		.fpu softvfp
   4              		.eabi_attribute 20, 1
   5              		.eabi_attribute 21, 1
   6              		.eabi_attribute 23, 3
   7              		.eabi_attribute 24, 1
   8              		.eabi_attribute 25, 1
   9              		.eabi_attribute 26, 1
  10              		.eabi_attribute 30, 1
  11              		.eabi_attribute 34, 1
  12              		.eabi_attribute 18, 4
  13              		.thumb
  14              		.syntax unified
  15              		.file	"cymetadata.c"
  16              		.text
  17              	.Ltext0:
  18              		.cfi_sections	.debug_frame
  19              		.global	cy_metadata
  20              		.global	cy_meta_flashprotect
  21              		.global	cy_meta_wonvl
  22              		.global	cy_meta_custnvl
  23              		.global	cy_meta_configecc
  24              		.section	.cyconfigecc,"a",%progbits
  25              		.align	2
  26              		.type	cy_meta_configecc, %object
  27              		.size	cy_meta_configecc, 1504
  28              	cy_meta_configecc:
  29 0000 04       		.byte	4
  30 0001 52       		.byte	82
  31 0002 00       		.byte	0
  32 0003 40       		.byte	64
  33 0004 04       		.byte	4
  34 0005 64       		.byte	100
  35 0006 00       		.byte	0
  36 0007 40       		.byte	64
  37 0008 02       		.byte	2
  38 0009 65       		.byte	101
  39 000a 00       		.byte	0
  40 000b 40       		.byte	64
  41 000c 56       		.byte	86
  42 000d 02       		.byte	2
  43 000e 01       		.byte	1
  44 000f 40       		.byte	64
  45 0010 33       		.byte	51
  46 0011 03       		.byte	3
  47 0012 01       		.byte	1
  48 0013 40       		.byte	64
  49 0014 02       		.byte	2
  50 0015 05       		.byte	5
  51 0016 01       		.byte	1
  52 0017 40       		.byte	64
  53 0018 3E       		.byte	62
  54 0019 08       		.byte	8
  55 001a 01       		.byte	1
  56 001b 40       		.byte	64
  57 001c 33       		.byte	51
ARM GAS  C:\Users\giris\AppData\Local\Temp\ccW7aJ1M.s 			page 2


  58 001d 09       		.byte	9
  59 001e 01       		.byte	1
  60 001f 40       		.byte	64
  61 0020 05       		.byte	5
  62 0021 0B       		.byte	11
  63 0022 01       		.byte	1
  64 0023 40       		.byte	64
  65 0024 02       		.byte	2
  66 0025 0D       		.byte	13
  67 0026 01       		.byte	1
  68 0027 40       		.byte	64
  69 0028 01       		.byte	1
  70 0029 15       		.byte	21
  71 002a 01       		.byte	1
  72 002b 40       		.byte	64
  73 002c 56       		.byte	86
  74 002d 18       		.byte	24
  75 002e 01       		.byte	1
  76 002f 40       		.byte	64
  77 0030 41       		.byte	65
  78 0031 19       		.byte	25
  79 0032 01       		.byte	1
  80 0033 40       		.byte	64
  81 0034 68       		.byte	104
  82 0035 1A       		.byte	26
  83 0036 01       		.byte	1
  84 0037 40       		.byte	64
  85 0038 4F       		.byte	79
  86 0039 1B       		.byte	27
  87 003a 01       		.byte	1
  88 003b 40       		.byte	64
  89 003c 03       		.byte	3
  90 003d 40       		.byte	64
  91 003e 01       		.byte	1
  92 003f 40       		.byte	64
  93 0040 0E       		.byte	14
  94 0041 41       		.byte	65
  95 0042 01       		.byte	1
  96 0043 40       		.byte	64
  97 0044 05       		.byte	5
  98 0045 42       		.byte	66
  99 0046 01       		.byte	1
 100 0047 40       		.byte	64
 101 0048 01       		.byte	1
 102 0049 43       		.byte	67
 103 004a 01       		.byte	1
 104 004b 40       		.byte	64
 105 004c 02       		.byte	2
 106 004d 45       		.byte	69
 107 004e 01       		.byte	1
 108 004f 40       		.byte	64
 109 0050 01       		.byte	1
 110 0051 46       		.byte	70
 111 0052 01       		.byte	1
 112 0053 40       		.byte	64
 113 0054 02       		.byte	2
 114 0055 47       		.byte	71
ARM GAS  C:\Users\giris\AppData\Local\Temp\ccW7aJ1M.s 			page 3


 115 0056 01       		.byte	1
 116 0057 40       		.byte	64
 117 0058 01       		.byte	1
 118 0059 48       		.byte	72
 119 005a 01       		.byte	1
 120 005b 40       		.byte	64
 121 005c 03       		.byte	3
 122 005d 49       		.byte	73
 123 005e 01       		.byte	1
 124 005f 40       		.byte	64
 125 0060 0F       		.byte	15
 126 0061 4C       		.byte	76
 127 0062 01       		.byte	1
 128 0063 40       		.byte	64
 129 0064 0D       		.byte	13
 130 0065 4D       		.byte	77
 131 0066 01       		.byte	1
 132 0067 40       		.byte	64
 133 0068 05       		.byte	5
 134 0069 50       		.byte	80
 135 006a 01       		.byte	1
 136 006b 40       		.byte	64
 137 006c 01       		.byte	1
 138 006d 51       		.byte	81
 139 006e 01       		.byte	1
 140 006f 40       		.byte	64
 141 0070 00       		.byte	0
 142 0071 40       		.byte	64
 143 0072 01       		.byte	1
 144 0073 40       		.byte	64
 145 0074 08       		.byte	8
 146 0075 C5       		.byte	-59
 147 0076 09       		.byte	9
 148 0077 59       		.byte	89
 149 0078 82       		.byte	-126
 150 0079 0D       		.byte	13
 151 007a 83       		.byte	-125
 152 007b 0D       		.byte	13
 153 007c 88       		.byte	-120
 154 007d 0F       		.byte	15
 155 007e 89       		.byte	-119
 156 007f 72       		.byte	114
 157 0080 89       		.byte	-119
 158 0081 0D       		.byte	13
 159 0082 8B       		.byte	-117
 160 0083 38       		.byte	56
 161 0084 02       		.byte	2
 162 0085 02       		.byte	2
 163 0086 0B       		.byte	11
 164 0087 07       		.byte	7
 165 0088 0E       		.byte	14
 166 0089 01       		.byte	1
 167 008a 12       		.byte	18
 168 008b 04       		.byte	4
 169 008c 15       		.byte	21
 170 008d 01       		.byte	1
 171 008e 2A       		.byte	42
ARM GAS  C:\Users\giris\AppData\Local\Temp\ccW7aJ1M.s 			page 4


 172 008f 04       		.byte	4
 173 0090 2E       		.byte	46
 174 0091 01       		.byte	1
 175 0092 2F       		.byte	47
 176 0093 04       		.byte	4
 177 0094 30       		.byte	48
 178 0095 02       		.byte	2
 179 0096 32       		.byte	50
 180 0097 01       		.byte	1
 181 0098 33       		.byte	51
 182 0099 04       		.byte	4
 183 009a 34       		.byte	52
 184 009b 04       		.byte	4
 185 009c 35       		.byte	53
 186 009d 02       		.byte	2
 187 009e 37       		.byte	55
 188 009f 01       		.byte	1
 189 00a0 3E       		.byte	62
 190 00a1 10       		.byte	16
 191 00a2 40       		.byte	64
 192 00a3 40       		.byte	64
 193 00a4 41       		.byte	65
 194 00a5 02       		.byte	2
 195 00a6 45       		.byte	69
 196 00a7 D0       		.byte	-48
 197 00a8 46       		.byte	70
 198 00a9 10       		.byte	16
 199 00aa 47       		.byte	71
 200 00ab 02       		.byte	2
 201 00ac 48       		.byte	72
 202 00ad 1A       		.byte	26
 203 00ae 49       		.byte	73
 204 00af FF       		.byte	-1
 205 00b0 4A       		.byte	74
 206 00b1 FF       		.byte	-1
 207 00b2 4B       		.byte	75
 208 00b3 FF       		.byte	-1
 209 00b4 4D       		.byte	77
 210 00b5 A0       		.byte	-96
 211 00b6 4F       		.byte	79
 212 00b7 04       		.byte	4
 213 00b8 50       		.byte	80
 214 00b9 18       		.byte	24
 215 00ba 52       		.byte	82
 216 00bb 80       		.byte	-128
 217 00bc 54       		.byte	84
 218 00bd 05       		.byte	5
 219 00be 58       		.byte	88
 220 00bf 04       		.byte	4
 221 00c0 59       		.byte	89
 222 00c1 04       		.byte	4
 223 00c2 5A       		.byte	90
 224 00c3 04       		.byte	4
 225 00c4 5B       		.byte	91
 226 00c5 04       		.byte	4
 227 00c6 5C       		.byte	92
 228 00c7 11       		.byte	17
ARM GAS  C:\Users\giris\AppData\Local\Temp\ccW7aJ1M.s 			page 5


 229 00c8 5D       		.byte	93
 230 00c9 11       		.byte	17
 231 00ca 5F       		.byte	95
 232 00cb 01       		.byte	1
 233 00cc 60       		.byte	96
 234 00cd 40       		.byte	64
 235 00ce 62       		.byte	98
 236 00cf C0       		.byte	-64
 237 00d0 64       		.byte	100
 238 00d1 40       		.byte	64
 239 00d2 65       		.byte	101
 240 00d3 40       		.byte	64
 241 00d4 66       		.byte	102
 242 00d5 C0       		.byte	-64
 243 00d6 68       		.byte	104
 244 00d7 C0       		.byte	-64
 245 00d8 6A       		.byte	106
 246 00d9 C0       		.byte	-64
 247 00da 6C       		.byte	108
 248 00db C0       		.byte	-64
 249 00dc 6E       		.byte	110
 250 00dd C0       		.byte	-64
 251 00de 82       		.byte	-126
 252 00df 04       		.byte	4
 253 00e0 92       		.byte	-110
 254 00e1 02       		.byte	2
 255 00e2 9E       		.byte	-98
 256 00e3 01       		.byte	1
 257 00e4 9F       		.byte	-97
 258 00e5 01       		.byte	1
 259 00e6 AA       		.byte	-86
 260 00e7 04       		.byte	4
 261 00e8 AD       		.byte	-83
 262 00e9 01       		.byte	1
 263 00ea B0       		.byte	-80
 264 00eb 01       		.byte	1
 265 00ec B4       		.byte	-76
 266 00ed 04       		.byte	4
 267 00ee B6       		.byte	-74
 268 00ef 02       		.byte	2
 269 00f0 B7       		.byte	-73
 270 00f1 01       		.byte	1
 271 00f2 BE       		.byte	-66
 272 00f3 10       		.byte	16
 273 00f4 C0       		.byte	-64
 274 00f5 10       		.byte	16
 275 00f6 C1       		.byte	-63
 276 00f7 06       		.byte	6
 277 00f8 C5       		.byte	-59
 278 00f9 D0       		.byte	-48
 279 00fa C6       		.byte	-58
 280 00fb 01       		.byte	1
 281 00fc C7       		.byte	-57
 282 00fd 02       		.byte	2
 283 00fe C8       		.byte	-56
 284 00ff 16       		.byte	22
 285 0100 C9       		.byte	-55
ARM GAS  C:\Users\giris\AppData\Local\Temp\ccW7aJ1M.s 			page 6


 286 0101 FF       		.byte	-1
 287 0102 CA       		.byte	-54
 288 0103 FF       		.byte	-1
 289 0104 CB       		.byte	-53
 290 0105 FF       		.byte	-1
 291 0106 CD       		.byte	-51
 292 0107 A0       		.byte	-96
 293 0108 CF       		.byte	-49
 294 0109 04       		.byte	4
 295 010a D0       		.byte	-48
 296 010b 18       		.byte	24
 297 010c D2       		.byte	-46
 298 010d 80       		.byte	-128
 299 010e D4       		.byte	-44
 300 010f 05       		.byte	5
 301 0110 D8       		.byte	-40
 302 0111 04       		.byte	4
 303 0112 D9       		.byte	-39
 304 0113 04       		.byte	4
 305 0114 DA       		.byte	-38
 306 0115 04       		.byte	4
 307 0116 DB       		.byte	-37
 308 0117 04       		.byte	4
 309 0118 DC       		.byte	-36
 310 0119 11       		.byte	17
 311 011a DD       		.byte	-35
 312 011b 11       		.byte	17
 313 011c DF       		.byte	-33
 314 011d 01       		.byte	1
 315 011e E0       		.byte	-32
 316 011f 40       		.byte	64
 317 0120 E2       		.byte	-30
 318 0121 C0       		.byte	-64
 319 0122 E4       		.byte	-28
 320 0123 40       		.byte	64
 321 0124 E5       		.byte	-27
 322 0125 40       		.byte	64
 323 0126 E6       		.byte	-26
 324 0127 C0       		.byte	-64
 325 0128 E8       		.byte	-24
 326 0129 C0       		.byte	-64
 327 012a EA       		.byte	-22
 328 012b C0       		.byte	-64
 329 012c EC       		.byte	-20
 330 012d C0       		.byte	-64
 331 012e EE       		.byte	-18
 332 012f C0       		.byte	-64
 333 0130 03       		.byte	3
 334 0131 80       		.byte	-128
 335 0132 05       		.byte	5
 336 0133 42       		.byte	66
 337 0134 09       		.byte	9
 338 0135 80       		.byte	-128
 339 0136 0A       		.byte	10
 340 0137 40       		.byte	64
 341 0138 0D       		.byte	13
 342 0139 02       		.byte	2
ARM GAS  C:\Users\giris\AppData\Local\Temp\ccW7aJ1M.s 			page 7


 343 013a 12       		.byte	18
 344 013b 08       		.byte	8
 345 013c 15       		.byte	21
 346 013d 80       		.byte	-128
 347 013e 16       		.byte	22
 348 013f 04       		.byte	4
 349 0140 19       		.byte	25
 350 0141 40       		.byte	64
 351 0142 1A       		.byte	26
 352 0143 04       		.byte	4
 353 0144 1B       		.byte	27
 354 0145 81       		.byte	-127
 355 0146 1C       		.byte	28
 356 0147 10       		.byte	16
 357 0148 1D       		.byte	29
 358 0149 02       		.byte	2
 359 014a 1E       		.byte	30
 360 014b 08       		.byte	8
 361 014c 1F       		.byte	31
 362 014d 02       		.byte	2
 363 014e 22       		.byte	34
 364 014f 40       		.byte	64
 365 0150 26       		.byte	38
 366 0151 40       		.byte	64
 367 0152 27       		.byte	39
 368 0153 28       		.byte	40
 369 0154 2B       		.byte	43
 370 0155 01       		.byte	1
 371 0156 2F       		.byte	47
 372 0157 02       		.byte	2
 373 0158 31       		.byte	49
 374 0159 80       		.byte	-128
 375 015a 37       		.byte	55
 376 015b 08       		.byte	8
 377 015c 3F       		.byte	63
 378 015d 20       		.byte	32
 379 015e 43       		.byte	67
 380 015f 80       		.byte	-128
 381 0160 45       		.byte	69
 382 0161 02       		.byte	2
 383 0162 46       		.byte	70
 384 0163 04       		.byte	4
 385 0164 49       		.byte	73
 386 0165 01       		.byte	1
 387 0166 4A       		.byte	74
 388 0167 08       		.byte	8
 389 0168 4F       		.byte	79
 390 0169 01       		.byte	1
 391 016a 51       		.byte	81
 392 016b C0       		.byte	-64
 393 016c 52       		.byte	82
 394 016d 08       		.byte	8
 395 016e 56       		.byte	86
 396 016f 04       		.byte	4
 397 0170 57       		.byte	87
 398 0171 10       		.byte	16
 399 0172 59       		.byte	89
ARM GAS  C:\Users\giris\AppData\Local\Temp\ccW7aJ1M.s 			page 8


 400 0173 01       		.byte	1
 401 0174 5A       		.byte	90
 402 0175 84       		.byte	-124
 403 0176 5E       		.byte	94
 404 0177 88       		.byte	-120
 405 0178 5F       		.byte	95
 406 0179 01       		.byte	1
 407 017a 72       		.byte	114
 408 017b 40       		.byte	64
 409 017c 75       		.byte	117
 410 017d 02       		.byte	2
 411 017e 83       		.byte	-125
 412 017f 20       		.byte	32
 413 0180 8C       		.byte	-116
 414 0181 10       		.byte	16
 415 0182 C0       		.byte	-64
 416 0183 98       		.byte	-104
 417 0184 C2       		.byte	-62
 418 0185 19       		.byte	25
 419 0186 C4       		.byte	-60
 420 0187 C2       		.byte	-62
 421 0188 CA       		.byte	-54
 422 0189 18       		.byte	24
 423 018a CC       		.byte	-52
 424 018b 48       		.byte	72
 425 018c CE       		.byte	-50
 426 018d 20       		.byte	32
 427 018e D0       		.byte	-48
 428 018f A8       		.byte	-88
 429 0190 D2       		.byte	-46
 430 0191 04       		.byte	4
 431 0192 D6       		.byte	-42
 432 0193 DB       		.byte	-37
 433 0194 E2       		.byte	-30
 434 0195 90       		.byte	-112
 435 0196 E4       		.byte	-28
 436 0197 80       		.byte	-128
 437 0198 E8       		.byte	-24
 438 0199 02       		.byte	2
 439 019a 03       		.byte	3
 440 019b 55       		.byte	85
 441 019c 0D       		.byte	13
 442 019d 80       		.byte	-128
 443 019e 11       		.byte	17
 444 019f 2A       		.byte	42
 445 01a0 13       		.byte	19
 446 01a1 54       		.byte	84
 447 01a2 19       		.byte	25
 448 01a3 43       		.byte	67
 449 01a4 1B       		.byte	27
 450 01a5 1C       		.byte	28
 451 01a6 1C       		.byte	28
 452 01a7 01       		.byte	1
 453 01a8 1D       		.byte	29
 454 01a9 43       		.byte	67
 455 01aa 1F       		.byte	31
 456 01ab 34       		.byte	52
ARM GAS  C:\Users\giris\AppData\Local\Temp\ccW7aJ1M.s 			page 9


 457 01ac 23       		.byte	35
 458 01ad 28       		.byte	40
 459 01ae 28       		.byte	40
 460 01af 01       		.byte	1
 461 01b0 2B       		.byte	43
 462 01b1 20       		.byte	32
 463 01b2 2D       		.byte	45
 464 01b3 03       		.byte	3
 465 01b4 2F       		.byte	47
 466 01b5 44       		.byte	68
 467 01b6 31       		.byte	49
 468 01b7 40       		.byte	64
 469 01b8 32       		.byte	50
 470 01b9 01       		.byte	1
 471 01ba 33       		.byte	51
 472 01bb 0F       		.byte	15
 473 01bc 35       		.byte	53
 474 01bd 80       		.byte	-128
 475 01be 37       		.byte	55
 476 01bf 38       		.byte	56
 477 01c0 38       		.byte	56
 478 01c1 08       		.byte	8
 479 01c2 3B       		.byte	59
 480 01c3 88       		.byte	-120
 481 01c4 3E       		.byte	62
 482 01c5 04       		.byte	4
 483 01c6 3F       		.byte	63
 484 01c7 11       		.byte	17
 485 01c8 54       		.byte	84
 486 01c9 01       		.byte	1
 487 01ca 58       		.byte	88
 488 01cb 04       		.byte	4
 489 01cc 59       		.byte	89
 490 01cd 04       		.byte	4
 491 01ce 5B       		.byte	91
 492 01cf 04       		.byte	4
 493 01d0 5F       		.byte	95
 494 01d1 01       		.byte	1
 495 01d2 81       		.byte	-127
 496 01d3 06       		.byte	6
 497 01d4 83       		.byte	-125
 498 01d5 18       		.byte	24
 499 01d6 85       		.byte	-123
 500 01d7 01       		.byte	1
 501 01d8 89       		.byte	-119
 502 01d9 01       		.byte	1
 503 01da 8D       		.byte	-115
 504 01db 10       		.byte	16
 505 01dc 91       		.byte	-111
 506 01dd 01       		.byte	1
 507 01de 92       		.byte	-110
 508 01df 08       		.byte	8
 509 01e0 94       		.byte	-108
 510 01e1 04       		.byte	4
 511 01e2 95       		.byte	-107
 512 01e3 1A       		.byte	26
 513 01e4 97       		.byte	-105
ARM GAS  C:\Users\giris\AppData\Local\Temp\ccW7aJ1M.s 			page 10


 514 01e5 04       		.byte	4
 515 01e6 9A       		.byte	-102
 516 01e7 01       		.byte	1
 517 01e8 9B       		.byte	-101
 518 01e9 04       		.byte	4
 519 01ea 9D       		.byte	-99
 520 01eb 1E       		.byte	30
 521 01ec A5       		.byte	-91
 522 01ed 18       		.byte	24
 523 01ee A6       		.byte	-90
 524 01ef 07       		.byte	7
 525 01f0 A9       		.byte	-87
 526 01f1 08       		.byte	8
 527 01f2 AD       		.byte	-83
 528 01f3 1A       		.byte	26
 529 01f4 AF       		.byte	-81
 530 01f5 04       		.byte	4
 531 01f6 B0       		.byte	-80
 532 01f7 04       		.byte	4
 533 01f8 B1       		.byte	-79
 534 01f9 02       		.byte	2
 535 01fa B2       		.byte	-78
 536 01fb 02       		.byte	2
 537 01fc B3       		.byte	-77
 538 01fd 1C       		.byte	28
 539 01fe B4       		.byte	-76
 540 01ff 08       		.byte	8
 541 0200 B5       		.byte	-75
 542 0201 01       		.byte	1
 543 0202 B6       		.byte	-74
 544 0203 01       		.byte	1
 545 0204 BB       		.byte	-69
 546 0205 88       		.byte	-120
 547 0206 BF       		.byte	-65
 548 0207 01       		.byte	1
 549 0208 D6       		.byte	-42
 550 0209 02       		.byte	2
 551 020a D7       		.byte	-41
 552 020b 10       		.byte	16
 553 020c D8       		.byte	-40
 554 020d 04       		.byte	4
 555 020e D9       		.byte	-39
 556 020f 04       		.byte	4
 557 0210 DB       		.byte	-37
 558 0211 04       		.byte	4
 559 0212 DC       		.byte	-36
 560 0213 01       		.byte	1
 561 0214 DF       		.byte	-33
 562 0215 01       		.byte	1
 563 0216 08       		.byte	8
 564 0217 80       		.byte	-128
 565 0218 09       		.byte	9
 566 0219 80       		.byte	-128
 567 021a 0A       		.byte	10
 568 021b 54       		.byte	84
 569 021c 0C       		.byte	12
 570 021d 80       		.byte	-128
ARM GAS  C:\Users\giris\AppData\Local\Temp\ccW7aJ1M.s 			page 11


 571 021e 12       		.byte	18
 572 021f 20       		.byte	32
 573 0220 17       		.byte	23
 574 0221 20       		.byte	32
 575 0222 1A       		.byte	26
 576 0223 96       		.byte	-106
 577 0224 1F       		.byte	31
 578 0225 04       		.byte	4
 579 0226 20       		.byte	32
 580 0227 08       		.byte	8
 581 0228 21       		.byte	33
 582 0229 88       		.byte	-120
 583 022a 22       		.byte	34
 584 022b 10       		.byte	16
 585 022c 23       		.byte	35
 586 022d 80       		.byte	-128
 587 022e 24       		.byte	36
 588 022f 44       		.byte	68
 589 0230 26       		.byte	38
 590 0231 40       		.byte	64
 591 0232 27       		.byte	39
 592 0233 11       		.byte	17
 593 0234 29       		.byte	41
 594 0235 14       		.byte	20
 595 0236 2B       		.byte	43
 596 0237 01       		.byte	1
 597 0238 2F       		.byte	47
 598 0239 4A       		.byte	74
 599 023a 30       		.byte	48
 600 023b 06       		.byte	6
 601 023c 31       		.byte	49
 602 023d 88       		.byte	-120
 603 023e 32       		.byte	50
 604 023f 10       		.byte	16
 605 0240 35       		.byte	53
 606 0241 01       		.byte	1
 607 0242 36       		.byte	54
 608 0243 40       		.byte	64
 609 0244 37       		.byte	55
 610 0245 10       		.byte	16
 611 0246 38       		.byte	56
 612 0247 82       		.byte	-126
 613 0248 39       		.byte	57
 614 0249 28       		.byte	40
 615 024a 3C       		.byte	60
 616 024b 80       		.byte	-128
 617 024c 3D       		.byte	61
 618 024d 40       		.byte	64
 619 024e 3E       		.byte	62
 620 024f 02       		.byte	2
 621 0250 5B       		.byte	91
 622 0251 80       		.byte	-128
 623 0252 5C       		.byte	92
 624 0253 44       		.byte	68
 625 0254 5E       		.byte	94
 626 0255 02       		.byte	2
 627 0256 5F       		.byte	95
ARM GAS  C:\Users\giris\AppData\Local\Temp\ccW7aJ1M.s 			page 12


 628 0257 10       		.byte	16
 629 0258 68       		.byte	104
 630 0259 02       		.byte	2
 631 025a 69       		.byte	105
 632 025b 28       		.byte	40
 633 025c 70       		.byte	112
 634 025d 68       		.byte	104
 635 025e 71       		.byte	113
 636 025f 14       		.byte	20
 637 0260 73       		.byte	115
 638 0261 02       		.byte	2
 639 0262 79       		.byte	121
 640 0263 40       		.byte	64
 641 0264 7A       		.byte	122
 642 0265 01       		.byte	1
 643 0266 86       		.byte	-122
 644 0267 01       		.byte	1
 645 0268 97       		.byte	-105
 646 0269 08       		.byte	8
 647 026a 9B       		.byte	-101
 648 026b 20       		.byte	32
 649 026c A0       		.byte	-96
 650 026d 80       		.byte	-128
 651 026e C2       		.byte	-62
 652 026f 8E       		.byte	-114
 653 0270 C4       		.byte	-60
 654 0271 44       		.byte	68
 655 0272 CA       		.byte	-54
 656 0273 BE       		.byte	-66
 657 0274 CC       		.byte	-52
 658 0275 BF       		.byte	-65
 659 0276 CE       		.byte	-50
 660 0277 9F       		.byte	-97
 661 0278 D6       		.byte	-42
 662 0279 F8       		.byte	-8
 663 027a E4       		.byte	-28
 664 027b 02       		.byte	2
 665 027c 88       		.byte	-120
 666 027d 80       		.byte	-128
 667 027e 97       		.byte	-105
 668 027f 08       		.byte	8
 669 0280 9B       		.byte	-101
 670 0281 20       		.byte	32
 671 0282 AF       		.byte	-81
 672 0283 20       		.byte	32
 673 0284 E4       		.byte	-28
 674 0285 80       		.byte	-128
 675 0286 8B       		.byte	-117
 676 0287 04       		.byte	4
 677 0288 E2       		.byte	-30
 678 0289 80       		.byte	-128
 679 028a E6       		.byte	-26
 680 028b 08       		.byte	8
 681 028c 00       		.byte	0
 682 028d 5C       		.byte	92
 683 028e 02       		.byte	2
 684 028f 02       		.byte	2
ARM GAS  C:\Users\giris\AppData\Local\Temp\ccW7aJ1M.s 			page 13


 685 0290 04       		.byte	4
 686 0291 70       		.byte	112
 687 0292 06       		.byte	6
 688 0293 0C       		.byte	12
 689 0294 08       		.byte	8
 690 0295 10       		.byte	16
 691 0296 12       		.byte	18
 692 0297 03       		.byte	3
 693 0298 18       		.byte	24
 694 0299 14       		.byte	20
 695 029a 1C       		.byte	28
 696 029b 09       		.byte	9
 697 029c 1D       		.byte	29
 698 029d 01       		.byte	1
 699 029e 1E       		.byte	30
 700 029f 10       		.byte	16
 701 02a0 20       		.byte	32
 702 02a1 6C       		.byte	108
 703 02a2 22       		.byte	34
 704 02a3 11       		.byte	17
 705 02a4 2E       		.byte	46
 706 02a5 20       		.byte	32
 707 02a6 30       		.byte	48
 708 02a7 1F       		.byte	31
 709 02a8 32       		.byte	50
 710 02a9 60       		.byte	96
 711 02aa 33       		.byte	51
 712 02ab 01       		.byte	1
 713 02ac 38       		.byte	56
 714 02ad 08       		.byte	8
 715 02ae 3E       		.byte	62
 716 02af 04       		.byte	4
 717 02b0 3F       		.byte	63
 718 02b1 04       		.byte	4
 719 02b2 40       		.byte	64
 720 02b3 21       		.byte	33
 721 02b4 41       		.byte	65
 722 02b5 04       		.byte	4
 723 02b6 45       		.byte	69
 724 02b7 0B       		.byte	11
 725 02b8 46       		.byte	70
 726 02b9 0E       		.byte	14
 727 02ba 47       		.byte	71
 728 02bb C0       		.byte	-64
 729 02bc 48       		.byte	72
 730 02bd 25       		.byte	37
 731 02be 49       		.byte	73
 732 02bf FF       		.byte	-1
 733 02c0 4A       		.byte	74
 734 02c1 FF       		.byte	-1
 735 02c2 4B       		.byte	75
 736 02c3 FF       		.byte	-1
 737 02c4 4E       		.byte	78
 738 02c5 F0       		.byte	-16
 739 02c6 4F       		.byte	79
 740 02c7 44       		.byte	68
 741 02c8 50       		.byte	80
ARM GAS  C:\Users\giris\AppData\Local\Temp\ccW7aJ1M.s 			page 14


 742 02c9 0C       		.byte	12
 743 02ca 58       		.byte	88
 744 02cb 04       		.byte	4
 745 02cc 59       		.byte	89
 746 02cd 04       		.byte	4
 747 02ce 5A       		.byte	90
 748 02cf 04       		.byte	4
 749 02d0 5F       		.byte	95
 750 02d1 01       		.byte	1
 751 02d2 66       		.byte	102
 752 02d3 C0       		.byte	-64
 753 02d4 6A       		.byte	106
 754 02d5 40       		.byte	64
 755 02d6 6B       		.byte	107
 756 02d7 02       		.byte	2
 757 02d8 82       		.byte	-126
 758 02d9 01       		.byte	1
 759 02da 86       		.byte	-122
 760 02db 26       		.byte	38
 761 02dc 88       		.byte	-120
 762 02dd 01       		.byte	1
 763 02de 8C       		.byte	-116
 764 02df 39       		.byte	57
 765 02e0 8E       		.byte	-114
 766 02e1 84       		.byte	-124
 767 02e2 90       		.byte	-112
 768 02e3 A7       		.byte	-89
 769 02e4 92       		.byte	-110
 770 02e5 18       		.byte	24
 771 02e6 94       		.byte	-108
 772 02e7 19       		.byte	25
 773 02e8 96       		.byte	-106
 774 02e9 A2       		.byte	-94
 775 02ea 9A       		.byte	-102
 776 02eb 40       		.byte	64
 777 02ec 9C       		.byte	-100
 778 02ed BF       		.byte	-65
 779 02ee A0       		.byte	-96
 780 02ef 10       		.byte	16
 781 02f0 A4       		.byte	-92
 782 02f1 08       		.byte	8
 783 02f2 A8       		.byte	-88
 784 02f3 18       		.byte	24
 785 02f4 AE       		.byte	-82
 786 02f5 40       		.byte	64
 787 02f6 B0       		.byte	-80
 788 02f7 1F       		.byte	31
 789 02f8 B2       		.byte	-78
 790 02f9 40       		.byte	64
 791 02fa B4       		.byte	-76
 792 02fb 38       		.byte	56
 793 02fc B6       		.byte	-74
 794 02fd 80       		.byte	-128
 795 02fe B8       		.byte	-72
 796 02ff 80       		.byte	-128
 797 0300 BA       		.byte	-70
 798 0301 02       		.byte	2
ARM GAS  C:\Users\giris\AppData\Local\Temp\ccW7aJ1M.s 			page 15


 799 0302 BE       		.byte	-66
 800 0303 04       		.byte	4
 801 0304 C0       		.byte	-64
 802 0305 20       		.byte	32
 803 0306 C1       		.byte	-63
 804 0307 05       		.byte	5
 805 0308 C5       		.byte	-59
 806 0309 D1       		.byte	-47
 807 030a C7       		.byte	-57
 808 030b 20       		.byte	32
 809 030c C8       		.byte	-56
 810 030d 23       		.byte	35
 811 030e C9       		.byte	-55
 812 030f FF       		.byte	-1
 813 0310 CA       		.byte	-54
 814 0311 FF       		.byte	-1
 815 0312 CB       		.byte	-53
 816 0313 FF       		.byte	-1
 817 0314 CD       		.byte	-51
 818 0315 A0       		.byte	-96
 819 0316 CF       		.byte	-49
 820 0317 04       		.byte	4
 821 0318 D0       		.byte	-48
 822 0319 18       		.byte	24
 823 031a D4       		.byte	-44
 824 031b 05       		.byte	5
 825 031c D8       		.byte	-40
 826 031d 04       		.byte	4
 827 031e DA       		.byte	-38
 828 031f 04       		.byte	4
 829 0320 DB       		.byte	-37
 830 0321 04       		.byte	4
 831 0322 DD       		.byte	-35
 832 0323 11       		.byte	17
 833 0324 DF       		.byte	-33
 834 0325 01       		.byte	1
 835 0326 E0       		.byte	-32
 836 0327 40       		.byte	64
 837 0328 E2       		.byte	-30
 838 0329 C0       		.byte	-64
 839 032a E4       		.byte	-28
 840 032b 40       		.byte	64
 841 032c E5       		.byte	-27
 842 032d 40       		.byte	64
 843 032e E6       		.byte	-26
 844 032f C0       		.byte	-64
 845 0330 E8       		.byte	-24
 846 0331 C0       		.byte	-64
 847 0332 EA       		.byte	-22
 848 0333 C0       		.byte	-64
 849 0334 EC       		.byte	-20
 850 0335 C0       		.byte	-64
 851 0336 EE       		.byte	-18
 852 0337 C0       		.byte	-64
 853 0338 00       		.byte	0
 854 0339 68       		.byte	104
 855 033a 02       		.byte	2
ARM GAS  C:\Users\giris\AppData\Local\Temp\ccW7aJ1M.s 			page 16


 856 033b 80       		.byte	-128
 857 033c 05       		.byte	5
 858 033d 01       		.byte	1
 859 033e 06       		.byte	6
 860 033f 04       		.byte	4
 861 0340 07       		.byte	7
 862 0341 10       		.byte	16
 863 0342 08       		.byte	8
 864 0343 84       		.byte	-124
 865 0344 0A       		.byte	10
 866 0345 04       		.byte	4
 867 0346 0B       		.byte	11
 868 0347 40       		.byte	64
 869 0348 0E       		.byte	14
 870 0349 82       		.byte	-126
 871 034a 0F       		.byte	15
 872 034b 08       		.byte	8
 873 034c 10       		.byte	16
 874 034d 2A       		.byte	42
 875 034e 13       		.byte	19
 876 034f 02       		.byte	2
 877 0350 16       		.byte	22
 878 0351 02       		.byte	2
 879 0352 17       		.byte	23
 880 0353 01       		.byte	1
 881 0354 18       		.byte	24
 882 0355 40       		.byte	64
 883 0356 19       		.byte	25
 884 0357 08       		.byte	8
 885 0358 1B       		.byte	27
 886 0359 51       		.byte	81
 887 035a 1D       		.byte	29
 888 035b 08       		.byte	8
 889 035c 1E       		.byte	30
 890 035d 80       		.byte	-128
 891 035e 24       		.byte	36
 892 035f 20       		.byte	32
 893 0360 36       		.byte	54
 894 0361 40       		.byte	64
 895 0362 42       		.byte	66
 896 0363 04       		.byte	4
 897 0364 46       		.byte	70
 898 0365 02       		.byte	2
 899 0366 47       		.byte	71
 900 0367 11       		.byte	17
 901 0368 48       		.byte	72
 902 0369 02       		.byte	2
 903 036a 49       		.byte	73
 904 036b 02       		.byte	2
 905 036c 4A       		.byte	74
 906 036d 20       		.byte	32
 907 036e 4C       		.byte	76
 908 036f 01       		.byte	1
 909 0370 4F       		.byte	79
 910 0371 48       		.byte	72
 911 0372 50       		.byte	80
 912 0373 02       		.byte	2
ARM GAS  C:\Users\giris\AppData\Local\Temp\ccW7aJ1M.s 			page 17


 913 0374 54       		.byte	84
 914 0375 40       		.byte	64
 915 0376 57       		.byte	87
 916 0377 02       		.byte	2
 917 0378 59       		.byte	89
 918 0379 0A       		.byte	10
 919 037a 5A       		.byte	90
 920 037b 80       		.byte	-128
 921 037c 69       		.byte	105
 922 037d 80       		.byte	-128
 923 037e 6B       		.byte	107
 924 037f 64       		.byte	100
 925 0380 71       		.byte	113
 926 0381 02       		.byte	2
 927 0382 72       		.byte	114
 928 0383 20       		.byte	32
 929 0384 73       		.byte	115
 930 0385 05       		.byte	5
 931 0386 82       		.byte	-126
 932 0387 20       		.byte	32
 933 0388 85       		.byte	-123
 934 0389 02       		.byte	2
 935 038a 8B       		.byte	-117
 936 038b 04       		.byte	4
 937 038c 8D       		.byte	-115
 938 038d 40       		.byte	64
 939 038e 91       		.byte	-111
 940 038f 28       		.byte	40
 941 0390 92       		.byte	-110
 942 0391 84       		.byte	-124
 943 0392 94       		.byte	-108
 944 0393 02       		.byte	2
 945 0394 96       		.byte	-106
 946 0395 40       		.byte	64
 947 0396 97       		.byte	-105
 948 0397 80       		.byte	-128
 949 0398 98       		.byte	-104
 950 0399 84       		.byte	-124
 951 039a 9B       		.byte	-101
 952 039b 13       		.byte	19
 953 039c 9D       		.byte	-99
 954 039d 01       		.byte	1
 955 039e 9E       		.byte	-98
 956 039f 02       		.byte	2
 957 03a0 A0       		.byte	-96
 958 03a1 2C       		.byte	44
 959 03a2 A4       		.byte	-92
 960 03a3 40       		.byte	64
 961 03a4 A6       		.byte	-90
 962 03a5 20       		.byte	32
 963 03a6 A7       		.byte	-89
 964 03a7 0B       		.byte	11
 965 03a8 B3       		.byte	-77
 966 03a9 12       		.byte	18
 967 03aa C0       		.byte	-64
 968 03ab 7F       		.byte	127
 969 03ac C2       		.byte	-62
ARM GAS  C:\Users\giris\AppData\Local\Temp\ccW7aJ1M.s 			page 18


 970 03ad DF       		.byte	-33
 971 03ae C4       		.byte	-60
 972 03af 9F       		.byte	-97
 973 03b0 CC       		.byte	-52
 974 03b1 10       		.byte	16
 975 03b2 D0       		.byte	-48
 976 03b3 B4       		.byte	-76
 977 03b4 D2       		.byte	-46
 978 03b5 08       		.byte	8
 979 03b6 D6       		.byte	-42
 980 03b7 0B       		.byte	11
 981 03b8 E0       		.byte	-32
 982 03b9 06       		.byte	6
 983 03ba 00       		.byte	0
 984 03bb 33       		.byte	51
 985 03bc 02       		.byte	2
 986 03bd C0       		.byte	-64
 987 03be 05       		.byte	5
 988 03bf 3B       		.byte	59
 989 03c0 06       		.byte	6
 990 03c1 33       		.byte	51
 991 03c2 08       		.byte	8
 992 03c3 22       		.byte	34
 993 03c4 09       		.byte	9
 994 03c5 3B       		.byte	59
 995 03c6 0A       		.byte	10
 996 03c7 04       		.byte	4
 997 03c8 0C       		.byte	12
 998 03c9 C0       		.byte	-64
 999 03ca 0E       		.byte	14
 1000 03cb 33       		.byte	51
 1001 03cc 10       		.byte	16
 1002 03cd 33       		.byte	51
 1003 03ce 11       		.byte	17
 1004 03cf 10       		.byte	16
 1005 03d0 12       		.byte	18
 1006 03d1 08       		.byte	8
 1007 03d2 13       		.byte	19
 1008 03d3 28       		.byte	40
 1009 03d4 14       		.byte	20
 1010 03d5 F0       		.byte	-16
 1011 03d6 15       		.byte	21
 1012 03d7 22       		.byte	34
 1013 03d8 16       		.byte	22
 1014 03d9 03       		.byte	3
 1015 03da 17       		.byte	23
 1016 03db 11       		.byte	17
 1017 03dc 1C       		.byte	28
 1018 03dd F3       		.byte	-13
 1019 03de 20       		.byte	32
 1020 03df 80       		.byte	-128
 1021 03e0 24       		.byte	36
 1022 03e1 40       		.byte	64
 1023 03e2 28       		.byte	40
 1024 03e3 C0       		.byte	-64
 1025 03e4 2C       		.byte	44
 1026 03e5 11       		.byte	17
ARM GAS  C:\Users\giris\AppData\Local\Temp\ccW7aJ1M.s 			page 19


 1027 03e6 2D       		.byte	45
 1028 03e7 09       		.byte	9
 1029 03e8 2E       		.byte	46
 1030 03e9 04       		.byte	4
 1031 03ea 2F       		.byte	47
 1032 03eb 16       		.byte	22
 1033 03ec 30       		.byte	48
 1034 03ed 03       		.byte	3
 1035 03ee 31       		.byte	49
 1036 03ef 38       		.byte	56
 1037 03f0 32       		.byte	50
 1038 03f1 F0       		.byte	-16
 1039 03f2 33       		.byte	51
 1040 03f3 03       		.byte	3
 1041 03f4 36       		.byte	54
 1042 03f5 0C       		.byte	12
 1043 03f6 37       		.byte	55
 1044 03f7 04       		.byte	4
 1045 03f8 3A       		.byte	58
 1046 03f9 08       		.byte	8
 1047 03fa 3E       		.byte	62
 1048 03fb 40       		.byte	64
 1049 03fc 40       		.byte	64
 1050 03fd 26       		.byte	38
 1051 03fe 41       		.byte	65
 1052 03ff 04       		.byte	4
 1053 0400 42       		.byte	66
 1054 0401 03       		.byte	3
 1055 0402 44       		.byte	68
 1056 0403 01       		.byte	1
 1057 0404 45       		.byte	69
 1058 0405 0E       		.byte	14
 1059 0406 47       		.byte	71
 1060 0407 C0       		.byte	-64
 1061 0408 48       		.byte	72
 1062 0409 21       		.byte	33
 1063 040a 49       		.byte	73
 1064 040b FF       		.byte	-1
 1065 040c 4A       		.byte	74
 1066 040d FF       		.byte	-1
 1067 040e 4B       		.byte	75
 1068 040f FF       		.byte	-1
 1069 0410 4C       		.byte	76
 1070 0411 62       		.byte	98
 1071 0412 4D       		.byte	77
 1072 0413 A0       		.byte	-96
 1073 0414 4E       		.byte	78
 1074 0415 F0       		.byte	-16
 1075 0416 4F       		.byte	79
 1076 0417 41       		.byte	65
 1077 0418 50       		.byte	80
 1078 0419 0C       		.byte	12
 1079 041a 52       		.byte	82
 1080 041b 80       		.byte	-128
 1081 041c 58       		.byte	88
 1082 041d 04       		.byte	4
 1083 041e 59       		.byte	89
ARM GAS  C:\Users\giris\AppData\Local\Temp\ccW7aJ1M.s 			page 20


 1084 041f 04       		.byte	4
 1085 0420 5A       		.byte	90
 1086 0421 04       		.byte	4
 1087 0422 5B       		.byte	91
 1088 0423 04       		.byte	4
 1089 0424 5D       		.byte	93
 1090 0425 10       		.byte	16
 1091 0426 5F       		.byte	95
 1092 0427 01       		.byte	1
 1093 0428 66       		.byte	102
 1094 0429 40       		.byte	64
 1095 042a 67       		.byte	103
 1096 042b 02       		.byte	2
 1097 042c 69       		.byte	105
 1098 042d 10       		.byte	16
 1099 042e 6A       		.byte	106
 1100 042f 30       		.byte	48
 1101 0430 6B       		.byte	107
 1102 0431 10       		.byte	16
 1103 0432 6D       		.byte	109
 1104 0433 10       		.byte	16
 1105 0434 6E       		.byte	110
 1106 0435 10       		.byte	16
 1107 0436 6F       		.byte	111
 1108 0437 12       		.byte	18
 1109 0438 82       		.byte	-126
 1110 0439 80       		.byte	-128
 1111 043a 84       		.byte	-124
 1112 043b 11       		.byte	17
 1113 043c 86       		.byte	-122
 1114 043d 06       		.byte	6
 1115 043e 8A       		.byte	-118
 1116 043f 08       		.byte	8
 1117 0440 8C       		.byte	-116
 1118 0441 20       		.byte	32
 1119 0442 8E       		.byte	-114
 1120 0443 03       		.byte	3
 1121 0444 92       		.byte	-110
 1122 0445 40       		.byte	64
 1123 0446 96       		.byte	-106
 1124 0447 80       		.byte	-128
 1125 0448 9A       		.byte	-102
 1126 0449 40       		.byte	64
 1127 044a 9E       		.byte	-98
 1128 044b 0C       		.byte	12
 1129 044c A0       		.byte	-96
 1130 044d 11       		.byte	17
 1131 044e A2       		.byte	-94
 1132 044f 0E       		.byte	14
 1133 0450 AC       		.byte	-84
 1134 0451 0C       		.byte	12
 1135 0452 AE       		.byte	-82
 1136 0453 13       		.byte	19
 1137 0454 B0       		.byte	-80
 1138 0455 0F       		.byte	15
 1139 0456 B2       		.byte	-78
 1140 0457 40       		.byte	64
ARM GAS  C:\Users\giris\AppData\Local\Temp\ccW7aJ1M.s 			page 21


 1141 0458 B4       		.byte	-76
 1142 0459 80       		.byte	-128
 1143 045a B6       		.byte	-74
 1144 045b 30       		.byte	48
 1145 045c B8       		.byte	-72
 1146 045d 80       		.byte	-128
 1147 045e BA       		.byte	-70
 1148 045f 02       		.byte	2
 1149 0460 BE       		.byte	-66
 1150 0461 14       		.byte	20
 1151 0462 C0       		.byte	-64
 1152 0463 03       		.byte	3
 1153 0464 C7       		.byte	-57
 1154 0465 04       		.byte	4
 1155 0466 C9       		.byte	-55
 1156 0467 FF       		.byte	-1
 1157 0468 CA       		.byte	-54
 1158 0469 07       		.byte	7
 1159 046a CB       		.byte	-53
 1160 046b FF       		.byte	-1
 1161 046c CC       		.byte	-52
 1162 046d 40       		.byte	64
 1163 046e CD       		.byte	-51
 1164 046f 20       		.byte	32
 1165 0470 CE       		.byte	-50
 1166 0471 F0       		.byte	-16
 1167 0472 CF       		.byte	-49
 1168 0473 05       		.byte	5
 1169 0474 D0       		.byte	-48
 1170 0475 08       		.byte	8
 1171 0476 D4       		.byte	-44
 1172 0477 18       		.byte	24
 1173 0478 D6       		.byte	-42
 1174 0479 04       		.byte	4
 1175 047a D8       		.byte	-40
 1176 047b 04       		.byte	4
 1177 047c DA       		.byte	-38
 1178 047d 04       		.byte	4
 1179 047e DB       		.byte	-37
 1180 047f 04       		.byte	4
 1181 0480 DF       		.byte	-33
 1182 0481 01       		.byte	1
 1183 0482 E0       		.byte	-32
 1184 0483 40       		.byte	64
 1185 0484 E1       		.byte	-31
 1186 0485 A8       		.byte	-88
 1187 0486 E2       		.byte	-30
 1188 0487 40       		.byte	64
 1189 0488 E3       		.byte	-29
 1190 0489 20       		.byte	32
 1191 048a 00       		.byte	0
 1192 048b 48       		.byte	72
 1193 048c 02       		.byte	2
 1194 048d 08       		.byte	8
 1195 048e 03       		.byte	3
 1196 048f 80       		.byte	-128
 1197 0490 04       		.byte	4
ARM GAS  C:\Users\giris\AppData\Local\Temp\ccW7aJ1M.s 			page 22


 1198 0491 02       		.byte	2
 1199 0492 06       		.byte	6
 1200 0493 06       		.byte	6
 1201 0494 07       		.byte	7
 1202 0495 10       		.byte	16
 1203 0496 08       		.byte	8
 1204 0497 84       		.byte	-124
 1205 0498 09       		.byte	9
 1206 0499 02       		.byte	2
 1207 049a 0E       		.byte	14
 1208 049b 12       		.byte	18
 1209 049c 0F       		.byte	15
 1210 049d A4       		.byte	-92
 1211 049e 10       		.byte	16
 1212 049f 2A       		.byte	42
 1213 04a0 13       		.byte	19
 1214 04a1 02       		.byte	2
 1215 04a2 16       		.byte	22
 1216 04a3 01       		.byte	1
 1217 04a4 17       		.byte	23
 1218 04a5 01       		.byte	1
 1219 04a6 18       		.byte	24
 1220 04a7 01       		.byte	1
 1221 04a8 19       		.byte	25
 1222 04a9 02       		.byte	2
 1223 04aa 1A       		.byte	26
 1224 04ab 20       		.byte	32
 1225 04ac 1D       		.byte	29
 1226 04ad 01       		.byte	1
 1227 04ae 1E       		.byte	30
 1228 04af 0A       		.byte	10
 1229 04b0 1F       		.byte	31
 1230 04b1 44       		.byte	68
 1231 04b2 21       		.byte	33
 1232 04b3 02       		.byte	2
 1233 04b4 22       		.byte	34
 1234 04b5 88       		.byte	-120
 1235 04b6 29       		.byte	41
 1236 04b7 81       		.byte	-127
 1237 04b8 2A       		.byte	42
 1238 04b9 01       		.byte	1
 1239 04ba 31       		.byte	49
 1240 04bb 02       		.byte	2
 1241 04bc 32       		.byte	50
 1242 04bd 08       		.byte	8
 1243 04be 39       		.byte	57
 1244 04bf 28       		.byte	40
 1245 04c0 40       		.byte	64
 1246 04c1 85       		.byte	-123
 1247 04c2 42       		.byte	66
 1248 04c3 10       		.byte	16
 1249 04c4 45       		.byte	69
 1250 04c5 08       		.byte	8
 1251 04c6 48       		.byte	72
 1252 04c7 04       		.byte	4
 1253 04c8 4B       		.byte	75
 1254 04c9 04       		.byte	4
ARM GAS  C:\Users\giris\AppData\Local\Temp\ccW7aJ1M.s 			page 23


 1255 04ca 50       		.byte	80
 1256 04cb 01       		.byte	1
 1257 04cc 56       		.byte	86
 1258 04cd 06       		.byte	6
 1259 04ce 57       		.byte	87
 1260 04cf 08       		.byte	8
 1261 04d0 5D       		.byte	93
 1262 04d1 02       		.byte	2
 1263 04d2 64       		.byte	100
 1264 04d3 40       		.byte	64
 1265 04d4 67       		.byte	103
 1266 04d5 0A       		.byte	10
 1267 04d6 72       		.byte	114
 1268 04d7 40       		.byte	64
 1269 04d8 7C       		.byte	124
 1270 04d9 04       		.byte	4
 1271 04da 7E       		.byte	126
 1272 04db 10       		.byte	16
 1273 04dc 82       		.byte	-126
 1274 04dd 04       		.byte	4
 1275 04de 83       		.byte	-125
 1276 04df 01       		.byte	1
 1277 04e0 84       		.byte	-124
 1278 04e1 40       		.byte	64
 1279 04e2 88       		.byte	-120
 1280 04e3 12       		.byte	18
 1281 04e4 89       		.byte	-119
 1282 04e5 80       		.byte	-128
 1283 04e6 8E       		.byte	-114
 1284 04e7 10       		.byte	16
 1285 04e8 8F       		.byte	-113
 1286 04e9 80       		.byte	-128
 1287 04ea 90       		.byte	-112
 1288 04eb 40       		.byte	64
 1289 04ec 91       		.byte	-111
 1290 04ed 28       		.byte	40
 1291 04ee 96       		.byte	-106
 1292 04ef 60       		.byte	96
 1293 04f0 97       		.byte	-105
 1294 04f1 80       		.byte	-128
 1295 04f2 98       		.byte	-104
 1296 04f3 84       		.byte	-124
 1297 04f4 9B       		.byte	-101
 1298 04f5 13       		.byte	19
 1299 04f6 9D       		.byte	-99
 1300 04f7 01       		.byte	1
 1301 04f8 9E       		.byte	-98
 1302 04f9 06       		.byte	6
 1303 04fa A0       		.byte	-96
 1304 04fb 2C       		.byte	44
 1305 04fc A1       		.byte	-95
 1306 04fd 08       		.byte	8
 1307 04fe A3       		.byte	-93
 1308 04ff 50       		.byte	80
 1309 0500 A4       		.byte	-92
 1310 0501 10       		.byte	16
 1311 0502 A6       		.byte	-90
ARM GAS  C:\Users\giris\AppData\Local\Temp\ccW7aJ1M.s 			page 24


 1312 0503 81       		.byte	-127
 1313 0504 A7       		.byte	-89
 1314 0505 08       		.byte	8
 1315 0506 AB       		.byte	-85
 1316 0507 44       		.byte	68
 1317 0508 B3       		.byte	-77
 1318 0509 20       		.byte	32
 1319 050a B4       		.byte	-76
 1320 050b 11       		.byte	17
 1321 050c B6       		.byte	-74
 1322 050d 10       		.byte	16
 1323 050e B7       		.byte	-73
 1324 050f 01       		.byte	1
 1325 0510 C0       		.byte	-64
 1326 0511 FF       		.byte	-1
 1327 0512 C2       		.byte	-62
 1328 0513 FD       		.byte	-3
 1329 0514 C4       		.byte	-60
 1330 0515 9F       		.byte	-97
 1331 0516 CA       		.byte	-54
 1332 0517 08       		.byte	8
 1333 0518 CC       		.byte	-52
 1334 0519 03       		.byte	3
 1335 051a CE       		.byte	-50
 1336 051b 06       		.byte	6
 1337 051c D0       		.byte	-48
 1338 051d 4F       		.byte	79
 1339 051e D2       		.byte	-46
 1340 051f 04       		.byte	4
 1341 0520 D6       		.byte	-42
 1342 0521 80       		.byte	-128
 1343 0522 D8       		.byte	-40
 1344 0523 B0       		.byte	-80
 1345 0524 E8       		.byte	-24
 1346 0525 01       		.byte	1
 1347 0526 EC       		.byte	-20
 1348 0527 01       		.byte	1
 1349 0528 30       		.byte	48
 1350 0529 40       		.byte	64
 1351 052a 36       		.byte	54
 1352 052b 10       		.byte	16
 1353 052c CC       		.byte	-52
 1354 052d 30       		.byte	48
 1355 052e 07       		.byte	7
 1356 052f 01       		.byte	1
 1357 0530 08       		.byte	8
 1358 0531 04       		.byte	4
 1359 0532 5B       		.byte	91
 1360 0533 04       		.byte	4
 1361 0534 66       		.byte	102
 1362 0535 08       		.byte	8
 1363 0536 83       		.byte	-125
 1364 0537 04       		.byte	4
 1365 0538 8A       		.byte	-118
 1366 0539 10       		.byte	16
 1367 053a 8E       		.byte	-114
 1368 053b 08       		.byte	8
ARM GAS  C:\Users\giris\AppData\Local\Temp\ccW7aJ1M.s 			page 25


 1369 053c 9C       		.byte	-100
 1370 053d 40       		.byte	64
 1371 053e A6       		.byte	-90
 1372 053f 10       		.byte	16
 1373 0540 C0       		.byte	-64
 1374 0541 80       		.byte	-128
 1375 0542 C2       		.byte	-62
 1376 0543 10       		.byte	16
 1377 0544 D6       		.byte	-42
 1378 0545 40       		.byte	64
 1379 0546 D8       		.byte	-40
 1380 0547 80       		.byte	-128
 1381 0548 E2       		.byte	-30
 1382 0549 80       		.byte	-128
 1383 054a 88       		.byte	-120
 1384 054b 04       		.byte	4
 1385 054c 98       		.byte	-104
 1386 054d 04       		.byte	4
 1387 054e 9C       		.byte	-100
 1388 054f 40       		.byte	64
 1389 0550 AF       		.byte	-81
 1390 0551 01       		.byte	1
 1391 0552 E8       		.byte	-24
 1392 0553 40       		.byte	64
 1393 0554 9C       		.byte	-100
 1394 0555 40       		.byte	64
 1395 0556 53       		.byte	83
 1396 0557 10       		.byte	16
 1397 0558 D4       		.byte	-44
 1398 0559 04       		.byte	4
 1399 055a 97       		.byte	-105
 1400 055b 20       		.byte	32
 1401 055c 87       		.byte	-121
 1402 055d 10       		.byte	16
 1403 055e 97       		.byte	-105
 1404 055f 20       		.byte	32
 1405 0560 9C       		.byte	-100
 1406 0561 40       		.byte	64
 1407 0562 84       		.byte	-124
 1408 0563 40       		.byte	64
 1409 0564 9C       		.byte	-100
 1410 0565 40       		.byte	64
 1411 0566 E6       		.byte	-26
 1412 0567 10       		.byte	16
 1413 0568 50       		.byte	80
 1414 0569 80       		.byte	-128
 1415 056a 52       		.byte	82
 1416 056b 02       		.byte	2
 1417 056c 54       		.byte	84
 1418 056d 40       		.byte	64
 1419 056e 58       		.byte	88
 1420 056f 01       		.byte	1
 1421 0570 5F       		.byte	95
 1422 0571 81       		.byte	-127
 1423 0572 63       		.byte	99
 1424 0573 20       		.byte	32
 1425 0574 66       		.byte	102
ARM GAS  C:\Users\giris\AppData\Local\Temp\ccW7aJ1M.s 			page 26


 1426 0575 04       		.byte	4
 1427 0576 80       		.byte	-128
 1428 0577 80       		.byte	-128
 1429 0578 87       		.byte	-121
 1430 0579 80       		.byte	-128
 1431 057a 88       		.byte	-120
 1432 057b 40       		.byte	64
 1433 057c 8F       		.byte	-113
 1434 057d 01       		.byte	1
 1435 057e D4       		.byte	-44
 1436 057f 07       		.byte	7
 1437 0580 D6       		.byte	-42
 1438 0581 07       		.byte	7
 1439 0582 D8       		.byte	-40
 1440 0583 03       		.byte	3
 1441 0584 E4       		.byte	-28
 1442 0585 0C       		.byte	12
 1443 0586 10       		.byte	16
 1444 0587 80       		.byte	-128
 1445 0588 75       		.byte	117
 1446 0589 01       		.byte	1
 1447 058a 88       		.byte	-120
 1448 058b 80       		.byte	-128
 1449 058c 99       		.byte	-103
 1450 058d 01       		.byte	1
 1451 058e AA       		.byte	-86
 1452 058f 04       		.byte	4
 1453 0590 AB       		.byte	-85
 1454 0591 10       		.byte	16
 1455 0592 B0       		.byte	-80
 1456 0593 01       		.byte	1
 1457 0594 B5       		.byte	-75
 1458 0595 01       		.byte	1
 1459 0596 B6       		.byte	-74
 1460 0597 02       		.byte	2
 1461 0598 C4       		.byte	-60
 1462 0599 08       		.byte	8
 1463 059a DE       		.byte	-34
 1464 059b 04       		.byte	4
 1465 059c E6       		.byte	-26
 1466 059d 01       		.byte	1
 1467 059e EC       		.byte	-20
 1468 059f 0E       		.byte	14
 1469 05a0 00       		.byte	0
 1470 05a1 03       		.byte	3
 1471 05a2 08       		.byte	8
 1472 05a3 02       		.byte	2
 1473 05a4 0C       		.byte	12
 1474 05a5 03       		.byte	3
 1475 05a6 10       		.byte	16
 1476 05a7 03       		.byte	3
 1477 05a8 1C       		.byte	28
 1478 05a9 03       		.byte	3
 1479 05aa 00       		.byte	0
 1480 05ab 0F       		.byte	15
 1481 05ac 80       		.byte	-128
 1482 05ad 80       		.byte	-128
ARM GAS  C:\Users\giris\AppData\Local\Temp\ccW7aJ1M.s 			page 27


 1483 05ae 00       		.byte	0
 1484 05af 00       		.byte	0
 1485 05b0 40       		.byte	64
 1486 05b1 00       		.byte	0
 1487 05b2 00       		.byte	0
 1488 05b3 00       		.byte	0
 1489 05b4 18       		.byte	24
 1490 05b5 C0       		.byte	-64
 1491 05b6 C0       		.byte	-64
 1492 05b7 00       		.byte	0
 1493 05b8 C0       		.byte	-64
 1494 05b9 00       		.byte	0
 1495 05ba 00       		.byte	0
 1496 05bb 00       		.byte	0
 1497 05bc 80       		.byte	-128
 1498 05bd 00       		.byte	0
 1499 05be 40       		.byte	64
 1500 05bf 80       		.byte	-128
 1501 05c0 80       		.byte	-128
 1502 05c1 00       		.byte	0
 1503 05c2 80       		.byte	-128
 1504 05c3 00       		.byte	0
 1505 05c4 00       		.byte	0
 1506 05c5 00       		.byte	0
 1507 05c6 00       		.byte	0
 1508 05c7 00       		.byte	0
 1509 05c8 00       		.byte	0
 1510 05c9 FF       		.byte	-1
 1511 05ca FF       		.byte	-1
 1512 05cb 00       		.byte	0
 1513 05cc FF       		.byte	-1
 1514 05cd 00       		.byte	0
 1515 05ce 00       		.byte	0
 1516 05cf 00       		.byte	0
 1517 05d0 00       		.byte	0
 1518 05d1 39       		.byte	57
 1519 05d2 39       		.byte	57
 1520 05d3 00       		.byte	0
 1521 05d4 01       		.byte	1
 1522 05d5 00       		.byte	0
 1523 05d6 00       		.byte	0
 1524 05d7 00       		.byte	0
 1525 05d8 00       		.byte	0
 1526 05d9 20       		.byte	32
 1527 05da 20       		.byte	32
 1528 05db 00       		.byte	0
 1529 05dc 00       		.byte	0
 1530 05dd 00       		.byte	0
 1531 05de 00       		.byte	0
 1532 05df 00       		.byte	0
 1533              		.section	.cywolatch,"a",%progbits
 1534              		.align	2
 1535              		.type	cy_meta_wonvl, %object
 1536              		.size	cy_meta_wonvl, 4
 1537              	cy_meta_wonvl:
 1538 0000 BC       		.byte	-68
 1539 0001 90       		.byte	-112
ARM GAS  C:\Users\giris\AppData\Local\Temp\ccW7aJ1M.s 			page 28


 1540 0002 AC       		.byte	-84
 1541 0003 AF       		.byte	-81
 1542              		.section	.cycustnvl,"a",%progbits
 1543              		.align	2
 1544              		.type	cy_meta_custnvl, %object
 1545              		.size	cy_meta_custnvl, 4
 1546              	cy_meta_custnvl:
 1547 0000 00       		.byte	0
 1548 0001 00       		.byte	0
 1549 0002 40       		.byte	64
 1550 0003 07       		.byte	7
 1551              		.section	.cymeta,"a",%progbits
 1552              		.align	2
 1553              		.type	cy_metadata, %object
 1554              		.size	cy_metadata, 12
 1555              	cy_metadata:
 1556 0000 00       		.byte	0
 1557 0001 01       		.byte	1
 1558 0002 2E       		.byte	46
 1559 0003 16       		.byte	22
 1560 0004 10       		.byte	16
 1561 0005 69       		.byte	105
 1562 0006 00       		.byte	0
 1563 0007 01       		.byte	1
 1564 0008 00       		.byte	0
 1565 0009 00       		.byte	0
 1566 000a 00       		.byte	0
 1567 000b 00       		.byte	0
 1568              		.section	.cyflashprotect,"a",%progbits
 1569              		.align	2
 1570              		.type	cy_meta_flashprotect, %object
 1571              		.size	cy_meta_flashprotect, 256
 1572              	cy_meta_flashprotect:
 1573 0000 00000000 		.space	256
 1573      00000000 
 1573      00000000 
 1573      00000000 
 1573      00000000 
 1574              		.text
 1575              	.Letext0:
 1576              		.file 1 "c:\\program files (x86)\\cypress\\psoc creator\\4.4\\psoc creator\\import\\gnu\\arm\\5.4.
 1577              		.file 2 "c:\\program files (x86)\\cypress\\psoc creator\\4.4\\psoc creator\\import\\gnu\\arm\\5.4.
 1578              		.file 3 "Generated_Source\\PSoC5\\cymetadata.c"
 1579              		.section	.debug_info,"",%progbits
 1580              	.Ldebug_info0:
 1581 0000 33010000 		.4byte	0x133
 1582 0004 0400     		.2byte	0x4
 1583 0006 00000000 		.4byte	.Ldebug_abbrev0
 1584 000a 04       		.byte	0x4
 1585 000b 01       		.uleb128 0x1
 1586 000c 24000000 		.4byte	.LASF17
 1587 0010 0C       		.byte	0xc
 1588 0011 DD010000 		.4byte	.LASF18
 1589 0015 72010000 		.4byte	.LASF19
 1590 0019 00000000 		.4byte	.Ldebug_line0
 1591 001d 02       		.uleb128 0x2
 1592 001e 01       		.byte	0x1
ARM GAS  C:\Users\giris\AppData\Local\Temp\ccW7aJ1M.s 			page 29


 1593 001f 06       		.byte	0x6
 1594 0020 D1010000 		.4byte	.LASF0
 1595 0024 03       		.uleb128 0x3
 1596 0025 00000000 		.4byte	.LASF9
 1597 0029 01       		.byte	0x1
 1598 002a 1D       		.byte	0x1d
 1599 002b 2F000000 		.4byte	0x2f
 1600 002f 02       		.uleb128 0x2
 1601 0030 01       		.byte	0x1
 1602 0031 08       		.byte	0x8
 1603 0032 16000000 		.4byte	.LASF1
 1604 0036 02       		.uleb128 0x2
 1605 0037 02       		.byte	0x2
 1606 0038 05       		.byte	0x5
 1607 0039 5F010000 		.4byte	.LASF2
 1608 003d 02       		.uleb128 0x2
 1609 003e 02       		.byte	0x2
 1610 003f 07       		.byte	0x7
 1611 0040 C4000000 		.4byte	.LASF3
 1612 0044 02       		.uleb128 0x2
 1613 0045 04       		.byte	0x4
 1614 0046 05       		.byte	0x5
 1615 0047 69010000 		.4byte	.LASF4
 1616 004b 02       		.uleb128 0x2
 1617 004c 04       		.byte	0x4
 1618 004d 07       		.byte	0x7
 1619 004e B2000000 		.4byte	.LASF5
 1620 0052 02       		.uleb128 0x2
 1621 0053 08       		.byte	0x8
 1622 0054 05       		.byte	0x5
 1623 0055 51010000 		.4byte	.LASF6
 1624 0059 02       		.uleb128 0x2
 1625 005a 08       		.byte	0x8
 1626 005b 07       		.byte	0x7
 1627 005c 06010000 		.4byte	.LASF7
 1628 0060 04       		.uleb128 0x4
 1629 0061 04       		.byte	0x4
 1630 0062 05       		.byte	0x5
 1631 0063 696E7400 		.ascii	"int\000"
 1632 0067 02       		.uleb128 0x2
 1633 0068 04       		.byte	0x4
 1634 0069 07       		.byte	0x7
 1635 006a F9000000 		.4byte	.LASF8
 1636 006e 03       		.uleb128 0x3
 1637 006f 1D010000 		.4byte	.LASF10
 1638 0073 02       		.byte	0x2
 1639 0074 18       		.byte	0x18
 1640 0075 24000000 		.4byte	0x24
 1641 0079 05       		.uleb128 0x5
 1642 007a 91000000 		.4byte	0x91
 1643 007e 8A000000 		.4byte	0x8a
 1644 0082 06       		.uleb128 0x6
 1645 0083 8A000000 		.4byte	0x8a
 1646 0087 DF05     		.2byte	0x5df
 1647 0089 00       		.byte	0
 1648 008a 02       		.uleb128 0x2
 1649 008b 04       		.byte	0x4
ARM GAS  C:\Users\giris\AppData\Local\Temp\ccW7aJ1M.s 			page 30


 1650 008c 07       		.byte	0x7
 1651 008d 48010000 		.4byte	.LASF11
 1652 0091 07       		.uleb128 0x7
 1653 0092 6E000000 		.4byte	0x6e
 1654 0096 08       		.uleb128 0x8
 1655 0097 E7000000 		.4byte	.LASF12
 1656 009b 03       		.byte	0x3
 1657 009c 1F       		.byte	0x1f
 1658 009d A7000000 		.4byte	0xa7
 1659 00a1 05       		.uleb128 0x5
 1660 00a2 03       		.byte	0x3
 1661 00a3 00000000 		.4byte	cy_meta_configecc
 1662 00a7 07       		.uleb128 0x7
 1663 00a8 79000000 		.4byte	0x79
 1664 00ac 05       		.uleb128 0x5
 1665 00ad 91000000 		.4byte	0x91
 1666 00b1 BC000000 		.4byte	0xbc
 1667 00b5 09       		.uleb128 0x9
 1668 00b6 8A000000 		.4byte	0x8a
 1669 00ba 03       		.byte	0x3
 1670 00bb 00       		.byte	0
 1671 00bc 08       		.uleb128 0x8
 1672 00bd D7000000 		.4byte	.LASF13
 1673 00c1 03       		.byte	0x3
 1674 00c2 E8       		.byte	0xe8
 1675 00c3 CD000000 		.4byte	0xcd
 1676 00c7 05       		.uleb128 0x5
 1677 00c8 03       		.byte	0x3
 1678 00c9 00000000 		.4byte	cy_meta_custnvl
 1679 00cd 07       		.uleb128 0x7
 1680 00ce AC000000 		.4byte	0xac
 1681 00d2 08       		.uleb128 0x8
 1682 00d3 3A010000 		.4byte	.LASF14
 1683 00d7 03       		.byte	0x3
 1684 00d8 F6       		.byte	0xf6
 1685 00d9 E3000000 		.4byte	0xe3
 1686 00dd 05       		.uleb128 0x5
 1687 00de 03       		.byte	0x3
 1688 00df 00000000 		.4byte	cy_meta_wonvl
 1689 00e3 07       		.uleb128 0x7
 1690 00e4 AC000000 		.4byte	0xac
 1691 00e8 05       		.uleb128 0x5
 1692 00e9 91000000 		.4byte	0x91
 1693 00ed F8000000 		.4byte	0xf8
 1694 00f1 09       		.uleb128 0x9
 1695 00f2 8A000000 		.4byte	0x8a
 1696 00f6 FF       		.byte	0xff
 1697 00f7 00       		.byte	0
 1698 00f8 0A       		.uleb128 0xa
 1699 00f9 25010000 		.4byte	.LASF15
 1700 00fd 03       		.byte	0x3
 1701 00fe 0401     		.2byte	0x104
 1702 0100 0A010000 		.4byte	0x10a
 1703 0104 05       		.uleb128 0x5
 1704 0105 03       		.byte	0x3
 1705 0106 00000000 		.4byte	cy_meta_flashprotect
 1706 010a 07       		.uleb128 0x7
ARM GAS  C:\Users\giris\AppData\Local\Temp\ccW7aJ1M.s 			page 31


 1707 010b E8000000 		.4byte	0xe8
 1708 010f 05       		.uleb128 0x5
 1709 0110 91000000 		.4byte	0x91
 1710 0114 1F010000 		.4byte	0x11f
 1711 0118 09       		.uleb128 0x9
 1712 0119 8A000000 		.4byte	0x8a
 1713 011d 0B       		.byte	0xb
 1714 011e 00       		.byte	0
 1715 011f 0A       		.uleb128 0xa
 1716 0120 0A000000 		.4byte	.LASF16
 1717 0124 03       		.byte	0x3
 1718 0125 3101     		.2byte	0x131
 1719 0127 31010000 		.4byte	0x131
 1720 012b 05       		.uleb128 0x5
 1721 012c 03       		.byte	0x3
 1722 012d 00000000 		.4byte	cy_metadata
 1723 0131 07       		.uleb128 0x7
 1724 0132 0F010000 		.4byte	0x10f
 1725 0136 00       		.byte	0
 1726              		.section	.debug_abbrev,"",%progbits
 1727              	.Ldebug_abbrev0:
 1728 0000 01       		.uleb128 0x1
 1729 0001 11       		.uleb128 0x11
 1730 0002 01       		.byte	0x1
 1731 0003 25       		.uleb128 0x25
 1732 0004 0E       		.uleb128 0xe
 1733 0005 13       		.uleb128 0x13
 1734 0006 0B       		.uleb128 0xb
 1735 0007 03       		.uleb128 0x3
 1736 0008 0E       		.uleb128 0xe
 1737 0009 1B       		.uleb128 0x1b
 1738 000a 0E       		.uleb128 0xe
 1739 000b 10       		.uleb128 0x10
 1740 000c 17       		.uleb128 0x17
 1741 000d 00       		.byte	0
 1742 000e 00       		.byte	0
 1743 000f 02       		.uleb128 0x2
 1744 0010 24       		.uleb128 0x24
 1745 0011 00       		.byte	0
 1746 0012 0B       		.uleb128 0xb
 1747 0013 0B       		.uleb128 0xb
 1748 0014 3E       		.uleb128 0x3e
 1749 0015 0B       		.uleb128 0xb
 1750 0016 03       		.uleb128 0x3
 1751 0017 0E       		.uleb128 0xe
 1752 0018 00       		.byte	0
 1753 0019 00       		.byte	0
 1754 001a 03       		.uleb128 0x3
 1755 001b 16       		.uleb128 0x16
 1756 001c 00       		.byte	0
 1757 001d 03       		.uleb128 0x3
 1758 001e 0E       		.uleb128 0xe
 1759 001f 3A       		.uleb128 0x3a
 1760 0020 0B       		.uleb128 0xb
 1761 0021 3B       		.uleb128 0x3b
 1762 0022 0B       		.uleb128 0xb
 1763 0023 49       		.uleb128 0x49
ARM GAS  C:\Users\giris\AppData\Local\Temp\ccW7aJ1M.s 			page 32


 1764 0024 13       		.uleb128 0x13
 1765 0025 00       		.byte	0
 1766 0026 00       		.byte	0
 1767 0027 04       		.uleb128 0x4
 1768 0028 24       		.uleb128 0x24
 1769 0029 00       		.byte	0
 1770 002a 0B       		.uleb128 0xb
 1771 002b 0B       		.uleb128 0xb
 1772 002c 3E       		.uleb128 0x3e
 1773 002d 0B       		.uleb128 0xb
 1774 002e 03       		.uleb128 0x3
 1775 002f 08       		.uleb128 0x8
 1776 0030 00       		.byte	0
 1777 0031 00       		.byte	0
 1778 0032 05       		.uleb128 0x5
 1779 0033 01       		.uleb128 0x1
 1780 0034 01       		.byte	0x1
 1781 0035 49       		.uleb128 0x49
 1782 0036 13       		.uleb128 0x13
 1783 0037 01       		.uleb128 0x1
 1784 0038 13       		.uleb128 0x13
 1785 0039 00       		.byte	0
 1786 003a 00       		.byte	0
 1787 003b 06       		.uleb128 0x6
 1788 003c 21       		.uleb128 0x21
 1789 003d 00       		.byte	0
 1790 003e 49       		.uleb128 0x49
 1791 003f 13       		.uleb128 0x13
 1792 0040 2F       		.uleb128 0x2f
 1793 0041 05       		.uleb128 0x5
 1794 0042 00       		.byte	0
 1795 0043 00       		.byte	0
 1796 0044 07       		.uleb128 0x7
 1797 0045 26       		.uleb128 0x26
 1798 0046 00       		.byte	0
 1799 0047 49       		.uleb128 0x49
 1800 0048 13       		.uleb128 0x13
 1801 0049 00       		.byte	0
 1802 004a 00       		.byte	0
 1803 004b 08       		.uleb128 0x8
 1804 004c 34       		.uleb128 0x34
 1805 004d 00       		.byte	0
 1806 004e 03       		.uleb128 0x3
 1807 004f 0E       		.uleb128 0xe
 1808 0050 3A       		.uleb128 0x3a
 1809 0051 0B       		.uleb128 0xb
 1810 0052 3B       		.uleb128 0x3b
 1811 0053 0B       		.uleb128 0xb
 1812 0054 49       		.uleb128 0x49
 1813 0055 13       		.uleb128 0x13
 1814 0056 3F       		.uleb128 0x3f
 1815 0057 19       		.uleb128 0x19
 1816 0058 02       		.uleb128 0x2
 1817 0059 18       		.uleb128 0x18
 1818 005a 00       		.byte	0
 1819 005b 00       		.byte	0
 1820 005c 09       		.uleb128 0x9
ARM GAS  C:\Users\giris\AppData\Local\Temp\ccW7aJ1M.s 			page 33


 1821 005d 21       		.uleb128 0x21
 1822 005e 00       		.byte	0
 1823 005f 49       		.uleb128 0x49
 1824 0060 13       		.uleb128 0x13
 1825 0061 2F       		.uleb128 0x2f
 1826 0062 0B       		.uleb128 0xb
 1827 0063 00       		.byte	0
 1828 0064 00       		.byte	0
 1829 0065 0A       		.uleb128 0xa
 1830 0066 34       		.uleb128 0x34
 1831 0067 00       		.byte	0
 1832 0068 03       		.uleb128 0x3
 1833 0069 0E       		.uleb128 0xe
 1834 006a 3A       		.uleb128 0x3a
 1835 006b 0B       		.uleb128 0xb
 1836 006c 3B       		.uleb128 0x3b
 1837 006d 05       		.uleb128 0x5
 1838 006e 49       		.uleb128 0x49
 1839 006f 13       		.uleb128 0x13
 1840 0070 3F       		.uleb128 0x3f
 1841 0071 19       		.uleb128 0x19
 1842 0072 02       		.uleb128 0x2
 1843 0073 18       		.uleb128 0x18
 1844 0074 00       		.byte	0
 1845 0075 00       		.byte	0
 1846 0076 00       		.byte	0
 1847              		.section	.debug_aranges,"",%progbits
 1848 0000 14000000 		.4byte	0x14
 1849 0004 0200     		.2byte	0x2
 1850 0006 00000000 		.4byte	.Ldebug_info0
 1851 000a 04       		.byte	0x4
 1852 000b 00       		.byte	0
 1853 000c 0000     		.2byte	0
 1854 000e 0000     		.2byte	0
 1855 0010 00000000 		.4byte	0
 1856 0014 00000000 		.4byte	0
 1857              		.section	.debug_line,"",%progbits
 1858              	.Ldebug_line0:
 1859 0000 3D010000 		.section	.debug_str,"MS",%progbits,1
 1859      02003701 
 1859      00000201 
 1859      FB0E0D00 
 1859      01010101 
 1860              	.LASF9:
 1861 0000 5F5F7569 		.ascii	"__uint8_t\000"
 1861      6E74385F 
 1861      7400
 1862              	.LASF16:
 1863 000a 63795F6D 		.ascii	"cy_metadata\000"
 1863      65746164 
 1863      61746100 
 1864              	.LASF1:
 1865 0016 756E7369 		.ascii	"unsigned char\000"
 1865      676E6564 
 1865      20636861 
 1865      7200
 1866              	.LASF17:
ARM GAS  C:\Users\giris\AppData\Local\Temp\ccW7aJ1M.s 			page 34


 1867 0024 474E5520 		.ascii	"GNU C11 5.4.1 20160609 (release) [ARM/embedded-5-br"
 1867      43313120 
 1867      352E342E 
 1867      31203230 
 1867      31363036 
 1868 0057 616E6368 		.ascii	"anch revision 237715] -mcpu=cortex-m3 -mthumb -g -O"
 1868      20726576 
 1868      6973696F 
 1868      6E203233 
 1868      37373135 
 1869 008a 67202D66 		.ascii	"g -ffunction-sections -ffat-lto-objects\000"
 1869      66756E63 
 1869      74696F6E 
 1869      2D736563 
 1869      74696F6E 
 1870              	.LASF5:
 1871 00b2 6C6F6E67 		.ascii	"long unsigned int\000"
 1871      20756E73 
 1871      69676E65 
 1871      6420696E 
 1871      7400
 1872              	.LASF3:
 1873 00c4 73686F72 		.ascii	"short unsigned int\000"
 1873      7420756E 
 1873      7369676E 
 1873      65642069 
 1873      6E7400
 1874              	.LASF13:
 1875 00d7 63795F6D 		.ascii	"cy_meta_custnvl\000"
 1875      6574615F 
 1875      63757374 
 1875      6E766C00 
 1876              	.LASF12:
 1877 00e7 63795F6D 		.ascii	"cy_meta_configecc\000"
 1877      6574615F 
 1877      636F6E66 
 1877      69676563 
 1877      6300
 1878              	.LASF8:
 1879 00f9 756E7369 		.ascii	"unsigned int\000"
 1879      676E6564 
 1879      20696E74 
 1879      00
 1880              	.LASF7:
 1881 0106 6C6F6E67 		.ascii	"long long unsigned int\000"
 1881      206C6F6E 
 1881      6720756E 
 1881      7369676E 
 1881      65642069 
 1882              	.LASF10:
 1883 011d 75696E74 		.ascii	"uint8_t\000"
 1883      385F7400 
 1884              	.LASF15:
 1885 0125 63795F6D 		.ascii	"cy_meta_flashprotect\000"
 1885      6574615F 
 1885      666C6173 
 1885      6870726F 
ARM GAS  C:\Users\giris\AppData\Local\Temp\ccW7aJ1M.s 			page 35


 1885      74656374 
 1886              	.LASF14:
 1887 013a 63795F6D 		.ascii	"cy_meta_wonvl\000"
 1887      6574615F 
 1887      776F6E76 
 1887      6C00
 1888              	.LASF11:
 1889 0148 73697A65 		.ascii	"sizetype\000"
 1889      74797065 
 1889      00
 1890              	.LASF6:
 1891 0151 6C6F6E67 		.ascii	"long long int\000"
 1891      206C6F6E 
 1891      6720696E 
 1891      7400
 1892              	.LASF2:
 1893 015f 73686F72 		.ascii	"short int\000"
 1893      7420696E 
 1893      7400
 1894              	.LASF4:
 1895 0169 6C6F6E67 		.ascii	"long int\000"
 1895      20696E74 
 1895      00
 1896              	.LASF19:
 1897 0172 433A5C55 		.ascii	"C:\\Users\\giris\\OneDrive\\Documents\\PSoC Creator"
 1897      73657273 
 1897      5C676972 
 1897      69735C4F 
 1897      6E654472 
 1898 01a0 5C457269 		.ascii	"\\Erika_OS_ReactionGame\\Erika_Reaction_Game.cydsn\000"
 1898      6B615F4F 
 1898      535F5265 
 1898      61637469 
 1898      6F6E4761 
 1899              	.LASF0:
 1900 01d1 7369676E 		.ascii	"signed char\000"
 1900      65642063 
 1900      68617200 
 1901              	.LASF18:
 1902 01dd 47656E65 		.ascii	"Generated_Source\\PSoC5\\cymetadata.c\000"
 1902      72617465 
 1902      645F536F 
 1902      75726365 
 1902      5C50536F 
 1903              		.ident	"GCC: (GNU Tools for ARM Embedded Processors) 5.4.1 20160609 (release) [ARM/embedded-5-bran
