ARM GAS  C:\Users\giris\AppData\Local\Temp\ccFhE64B.s 			page 1


   1              		.syntax unified
   2              		.cpu cortex-m3
   3              		.fpu softvfp
   4              		.eabi_attribute 20, 1
   5              		.eabi_attribute 21, 1
   6              		.eabi_attribute 23, 3
   7              		.eabi_attribute 24, 1
   8              		.eabi_attribute 25, 1
   9              		.eabi_attribute 26, 1
  10              		.eabi_attribute 30, 1
  11              		.eabi_attribute 34, 1
  12              		.eabi_attribute 18, 4
  13              		.thumb
  14              		.syntax unified
  15              		.file	"ErikaOS_1_eecfg.c"
  16              		.text
  17              	.Ltext0:
  18              		.cfi_sections	.debug_frame
  19              		.global	EE_oo_autostart_task_data
  20              		.comm	EE_ApplicationMode,4,4
  21              		.global	EE_oo_action_ROM
  22              		.comm	EE_oo_counter_object_RAM,80,4
  23              		.global	EE_oo_counter_object_ROM
  24              		.global	EE_ALARM_ID
  25              		.global	EE_ALARM_NAME
  26              		.global	EE_alarm_ROM
  27              		.global	EE_counter_RAM
  28              		.global	EE_counter_ROM
  29              		.global	EE_th_is_extended
  30              		.global	EE_th_waswaiting
  31              		.global	EE_th_event_waitmask
  32              		.global	EE_th_event_active
  33              		.global	EE_th_terminate_nextask
  34              		.global	EE_rq_free
  35              		.comm	EE_rq_pairs_tid,24,4
  36              		.global	EE_rq_pairs_next
  37              		.global	EE_rq_link
  38              		.global	EE_th_rnact_max
  39              		.global	EE_th_rnact
  40              		.global	EE_rq_bitmask
  41              		.global	EE_rq_queues_tail
  42              		.global	EE_rq_queues_head
  43              		.global	EE_sys_ceiling
  44              		.global	EE_stkfirst
  45              		.global	EE_th_next
  46              		.global	EE_th_status
  47              		.global	EE_th_dispatch_prio
  48              		.global	EE_EVENT_ID
  49              		.global	EE_EVENT_NAME
  50              		.global	EE_TASK_NAME
  51              		.global	EE_th_ready_prio
  52              		.global	EE_terminate_real_th_body
  53              		.comm	EE_terminate_data,24,4
  54              		.global	EE_hal_thread_body
  55              		.global	EE_cortex_mx_IRQ_tos
  56              		.global	EE_cortex_mx_active_tos
  57              		.global	EE_cortex_mx_system_tos
ARM GAS  C:\Users\giris\AppData\Local\Temp\ccFhE64B.s 			page 2


  58              		.global	EE_std_thread_tos
  59              		.comm	EE_cortex_mx_stack_9,512,4
  60              		.comm	EE_cortex_mx_stack_3,4000,4
  61              		.section	.rodata
  62              		.align	2
  63              		.type	EE_oo_autostart_task_data, %object
  64              		.size	EE_oo_autostart_task_data, 8
  65              	EE_oo_autostart_task_data:
  66 0000 01000000 		.word	1
  67 0004 08000000 		.word	EE_oo_autostart_task_mode_OSDEFAULTAPPMODE
  68              		.type	EE_oo_autostart_task_mode_OSDEFAULTAPPMODE, %object
  69              		.size	EE_oo_autostart_task_mode_OSDEFAULTAPPMODE, 4
  70              	EE_oo_autostart_task_mode_OSDEFAULTAPPMODE:
  71 0008 00000000 		.space	4
  72              		.type	EE_oo_action_ROM, %object
  73              		.size	EE_oo_action_ROM, 100
  74              	EE_oo_action_ROM:
  75 000c 00       		.byte	0
  76 000d 000000   		.space	3
  77 0010 04000000 		.word	4
  78 0014 00000000 		.word	0
  79 0018 00000000 		.word	0
  80 001c FFFFFFFF 		.word	-1
  81 0020 01       		.byte	1
  82 0021 000000   		.space	3
  83 0024 02000000 		.word	2
  84 0028 08000000 		.word	8
  85 002c 00000000 		.word	0
  86 0030 FFFFFFFF 		.word	-1
  87 0034 01       		.byte	1
  88 0035 000000   		.space	3
  89 0038 02000000 		.word	2
  90 003c 04000000 		.word	4
  91 0040 00000000 		.word	0
  92 0044 FFFFFFFF 		.word	-1
  93 0048 00       		.byte	0
  94 0049 000000   		.space	3
  95 004c 05000000 		.word	5
  96 0050 00000000 		.word	0
  97 0054 00000000 		.word	0
  98 0058 FFFFFFFF 		.word	-1
  99 005c 00       		.byte	0
 100 005d 000000   		.space	3
 101 0060 06000000 		.word	6
 102 0064 00000000 		.word	0
 103 0068 00000000 		.word	0
 104 006c FFFFFFFF 		.word	-1
 105              		.type	EE_oo_counter_object_ROM, %object
 106              		.size	EE_oo_counter_object_ROM, 60
 107              	EE_oo_counter_object_ROM:
 108 0070 00000000 		.word	0
 109 0074 00000000 		.word	0
 110 0078 00       		.byte	0
 111 0079 000000   		.space	3
 112 007c 00000000 		.word	0
 113 0080 01000000 		.word	1
 114 0084 00       		.byte	0
ARM GAS  C:\Users\giris\AppData\Local\Temp\ccFhE64B.s 			page 3


 115 0085 000000   		.space	3
 116 0088 00000000 		.word	0
 117 008c 02000000 		.word	2
 118 0090 00       		.byte	0
 119 0091 000000   		.space	3
 120 0094 00000000 		.word	0
 121 0098 03000000 		.word	3
 122 009c 00       		.byte	0
 123 009d 000000   		.space	3
 124 00a0 00000000 		.word	0
 125 00a4 04000000 		.word	4
 126 00a8 00       		.byte	0
 127 00a9 000000   		.space	3
 128              		.type	EE_ALARM_ID, %object
 129              		.size	EE_ALARM_ID, 20
 130              	EE_ALARM_ID:
 131 00ac 00000000 		.word	0
 132 00b0 01000000 		.word	1
 133 00b4 02000000 		.word	2
 134 00b8 03000000 		.word	3
 135 00bc 04000000 		.word	4
 136              		.type	EE_alarm_ROM, %object
 137              		.size	EE_alarm_ROM, 20
 138              	EE_alarm_ROM:
 139 00c0 00000000 		.word	0
 140 00c4 01000000 		.word	1
 141 00c8 02000000 		.word	2
 142 00cc 03000000 		.word	3
 143 00d0 04000000 		.word	4
 144              		.type	EE_counter_ROM, %object
 145              		.size	EE_counter_ROM, 12
 146              	EE_counter_ROM:
 147 00d4 10270000 		.word	10000
 148 00d8 01000000 		.word	1
 149 00dc 01000000 		.word	1
 150              		.type	EE_th_is_extended, %object
 151              		.size	EE_th_is_extended, 24
 152              	EE_th_is_extended:
 153 00e0 00000000 		.word	0
 154 00e4 00000000 		.word	0
 155 00e8 01000000 		.word	1
 156 00ec 00000000 		.word	0
 157 00f0 00000000 		.word	0
 158 00f4 00000000 		.word	0
 159              		.type	EE_th_rnact_max, %object
 160              		.size	EE_th_rnact_max, 24
 161              	EE_th_rnact_max:
 162 00f8 01000000 		.word	1
 163 00fc 01000000 		.word	1
 164 0100 01000000 		.word	1
 165 0104 01000000 		.word	1
 166 0108 01000000 		.word	1
 167 010c 01000000 		.word	1
 168              		.type	EE_th_dispatch_prio, %object
 169              		.size	EE_th_dispatch_prio, 24
 170              	EE_th_dispatch_prio:
 171 0110 80000000 		.word	128
ARM GAS  C:\Users\giris\AppData\Local\Temp\ccFhE64B.s 			page 4


 172 0114 01000000 		.word	1
 173 0118 40000000 		.word	64
 174 011c 40000000 		.word	64
 175 0120 10000000 		.word	16
 176 0124 10000000 		.word	16
 177              		.type	EE_EVENT_ID, %object
 178              		.size	EE_EVENT_ID, 16
 179              	EE_EVENT_ID:
 180 0128 01000000 		.word	1
 181 012c 02000000 		.word	2
 182 0130 04000000 		.word	4
 183 0134 08000000 		.word	8
 184              		.type	EE_th_ready_prio, %object
 185              		.size	EE_th_ready_prio, 24
 186              	EE_th_ready_prio:
 187 0138 01000000 		.word	1
 188 013c 01000000 		.word	1
 189 0140 40000000 		.word	64
 190 0144 40000000 		.word	64
 191 0148 10000000 		.word	16
 192 014c 10000000 		.word	16
 193              		.type	EE_terminate_real_th_body, %object
 194              		.size	EE_terminate_real_th_body, 24
 195              	EE_terminate_real_th_body:
 196 0150 00000000 		.word	Functask_init
 197 0154 00000000 		.word	Functask_background
 198 0158 00000000 		.word	Functask_control
 199 015c 00000000 		.word	Functask_timer
 200 0160 00000000 		.word	Functask_fader
 201 0164 00000000 		.word	Functask_glower
 202              		.type	EE_hal_thread_body, %object
 203              		.size	EE_hal_thread_body, 24
 204              	EE_hal_thread_body:
 205 0168 00000000 		.word	EE_oo_thread_stub
 206 016c 00000000 		.word	EE_oo_thread_stub
 207 0170 00000000 		.word	EE_oo_thread_stub
 208 0174 00000000 		.word	EE_oo_thread_stub
 209 0178 00000000 		.word	EE_oo_thread_stub
 210 017c 00000000 		.word	EE_oo_thread_stub
 211              		.type	EE_std_thread_tos, %object
 212              		.size	EE_std_thread_tos, 28
 213              	EE_std_thread_tos:
 214 0180 00000000 		.word	0
 215 0184 00000000 		.word	0
 216 0188 00000000 		.word	0
 217 018c 01000000 		.word	1
 218 0190 00000000 		.word	0
 219 0194 00000000 		.word	0
 220 0198 00000000 		.word	0
 221              		.data
 222              		.align	2
 223              		.type	EE_ALARM_NAME, %object
 224              		.size	EE_ALARM_NAME, 20
 225              	EE_ALARM_NAME:
 226 0000 00000000 		.word	.LC0
 227 0004 14000000 		.word	.LC1
 228 0008 24000000 		.word	.LC2
ARM GAS  C:\Users\giris\AppData\Local\Temp\ccFhE64B.s 			page 5


 229 000c 34000000 		.word	.LC3
 230 0010 40000000 		.word	.LC4
 231              		.type	EE_counter_RAM, %object
 232              		.size	EE_counter_RAM, 8
 233              	EE_counter_RAM:
 234 0014 00000000 		.word	0
 235 0018 FFFFFFFF 		.word	-1
 236              		.type	EE_th_terminate_nextask, %object
 237              		.size	EE_th_terminate_nextask, 24
 238              	EE_th_terminate_nextask:
 239 001c FFFFFFFF 		.word	-1
 240 0020 FFFFFFFF 		.word	-1
 241 0024 FFFFFFFF 		.word	-1
 242 0028 FFFFFFFF 		.word	-1
 243 002c FFFFFFFF 		.word	-1
 244 0030 FFFFFFFF 		.word	-1
 245              		.type	EE_rq_pairs_next, %object
 246              		.size	EE_rq_pairs_next, 24
 247              	EE_rq_pairs_next:
 248 0034 01000000 		.word	1
 249 0038 02000000 		.word	2
 250 003c 03000000 		.word	3
 251 0040 04000000 		.word	4
 252 0044 05000000 		.word	5
 253 0048 FFFFFFFF 		.word	-1
 254              		.type	EE_rq_link, %object
 255              		.size	EE_rq_link, 24
 256              	EE_rq_link:
 257 004c 00000000 		.word	0
 258 0050 00000000 		.word	0
 259 0054 06000000 		.word	6
 260 0058 06000000 		.word	6
 261 005c 04000000 		.word	4
 262 0060 04000000 		.word	4
 263              		.type	EE_th_rnact, %object
 264              		.size	EE_th_rnact, 24
 265              	EE_th_rnact:
 266 0064 01000000 		.word	1
 267 0068 01000000 		.word	1
 268 006c 01000000 		.word	1
 269 0070 01000000 		.word	1
 270 0074 01000000 		.word	1
 271 0078 01000000 		.word	1
 272              		.type	EE_rq_queues_tail, %object
 273              		.size	EE_rq_queues_tail, 64
 274              	EE_rq_queues_tail:
 275 007c FFFFFFFF 		.word	-1
 276 0080 FFFFFFFF 		.word	-1
 277 0084 FFFFFFFF 		.word	-1
 278 0088 FFFFFFFF 		.word	-1
 279 008c FFFFFFFF 		.word	-1
 280 0090 FFFFFFFF 		.word	-1
 281 0094 FFFFFFFF 		.word	-1
 282 0098 FFFFFFFF 		.word	-1
 283 009c FFFFFFFF 		.word	-1
 284 00a0 FFFFFFFF 		.word	-1
 285 00a4 FFFFFFFF 		.word	-1
ARM GAS  C:\Users\giris\AppData\Local\Temp\ccFhE64B.s 			page 6


 286 00a8 FFFFFFFF 		.word	-1
 287 00ac FFFFFFFF 		.word	-1
 288 00b0 FFFFFFFF 		.word	-1
 289 00b4 FFFFFFFF 		.word	-1
 290 00b8 FFFFFFFF 		.word	-1
 291              		.type	EE_rq_queues_head, %object
 292              		.size	EE_rq_queues_head, 64
 293              	EE_rq_queues_head:
 294 00bc FFFFFFFF 		.word	-1
 295 00c0 FFFFFFFF 		.word	-1
 296 00c4 FFFFFFFF 		.word	-1
 297 00c8 FFFFFFFF 		.word	-1
 298 00cc FFFFFFFF 		.word	-1
 299 00d0 FFFFFFFF 		.word	-1
 300 00d4 FFFFFFFF 		.word	-1
 301 00d8 FFFFFFFF 		.word	-1
 302 00dc FFFFFFFF 		.word	-1
 303 00e0 FFFFFFFF 		.word	-1
 304 00e4 FFFFFFFF 		.word	-1
 305 00e8 FFFFFFFF 		.word	-1
 306 00ec FFFFFFFF 		.word	-1
 307 00f0 FFFFFFFF 		.word	-1
 308 00f4 FFFFFFFF 		.word	-1
 309 00f8 FFFFFFFF 		.word	-1
 310              		.type	EE_stkfirst, %object
 311              		.size	EE_stkfirst, 4
 312              	EE_stkfirst:
 313 00fc FFFFFFFF 		.word	-1
 314              		.type	EE_th_next, %object
 315              		.size	EE_th_next, 24
 316              	EE_th_next:
 317 0100 FFFFFFFF 		.word	-1
 318 0104 FFFFFFFF 		.word	-1
 319 0108 FFFFFFFF 		.word	-1
 320 010c FFFFFFFF 		.word	-1
 321 0110 FFFFFFFF 		.word	-1
 322 0114 FFFFFFFF 		.word	-1
 323              		.type	EE_th_status, %object
 324              		.size	EE_th_status, 24
 325              	EE_th_status:
 326 0118 03000000 		.word	3
 327 011c 03000000 		.word	3
 328 0120 03000000 		.word	3
 329 0124 03000000 		.word	3
 330 0128 03000000 		.word	3
 331 012c 03000000 		.word	3
 332              		.type	EE_EVENT_NAME, %object
 333              		.size	EE_EVENT_NAME, 16
 334              	EE_EVENT_NAME:
 335 0130 50000000 		.word	.LC5
 336 0134 5C000000 		.word	.LC6
 337 0138 68000000 		.word	.LC7
 338 013c 74000000 		.word	.LC8
 339              		.type	EE_TASK_NAME, %object
 340              		.size	EE_TASK_NAME, 24
 341              	EE_TASK_NAME:
 342 0140 80000000 		.word	.LC9
ARM GAS  C:\Users\giris\AppData\Local\Temp\ccFhE64B.s 			page 7


 343 0144 8C000000 		.word	.LC10
 344 0148 9C000000 		.word	.LC11
 345 014c AC000000 		.word	.LC12
 346 0150 B8000000 		.word	.LC13
 347 0154 C4000000 		.word	.LC14
 348              		.type	EE_cortex_mx_IRQ_tos, %object
 349              		.size	EE_cortex_mx_IRQ_tos, 4
 350              	EE_cortex_mx_IRQ_tos:
 351 0158 00020000 		.word	EE_cortex_mx_stack_9+512
 352              		.type	EE_cortex_mx_system_tos, %object
 353              		.size	EE_cortex_mx_system_tos, 8
 354              	EE_cortex_mx_system_tos:
 355 015c 00000000 		.word	0
 356 0160 780F0000 		.word	EE_cortex_mx_stack_3+3960
 357              		.section	.rodata.str1.4,"aMS",%progbits,1
 358              		.align	2
 359              	.LC0:
 360 0000 616C6172 		.ascii	"alarm_timer_tick\000"
 360      6D5F7469 
 360      6D65725F 
 360      7469636B 
 360      00
 361 0011 000000   		.space	3
 362              	.LC1:
 363 0014 616C6172 		.ascii	"alarm_wait1s\000"
 363      6D5F7761 
 363      69743173 
 363      00
 364 0021 000000   		.space	3
 365              	.LC2:
 366 0024 616C6172 		.ascii	"alarm_wait3s\000"
 366      6D5F7761 
 366      69743373 
 366      00
 367 0031 000000   		.space	3
 368              	.LC3:
 369 0034 616C6172 		.ascii	"alarm_fader\000"
 369      6D5F6661 
 369      64657200 
 370              	.LC4:
 371 0040 616C6172 		.ascii	"alarm_glower\000"
 371      6D5F676C 
 371      6F776572 
 371      00
 372 004d 000000   		.space	3
 373              	.LC5:
 374 0050 65765F42 		.ascii	"ev_Button1\000"
 374      7574746F 
 374      6E3100
 375 005b 00       		.space	1
 376              	.LC6:
 377 005c 65765F42 		.ascii	"ev_Button2\000"
 377      7574746F 
 377      6E3200
 378 0067 00       		.space	1
 379              	.LC7:
 380 0068 65765F54 		.ascii	"ev_Timeout\000"
ARM GAS  C:\Users\giris\AppData\Local\Temp\ccFhE64B.s 			page 8


 380      696D656F 
 380      757400
 381 0073 00       		.space	1
 382              	.LC8:
 383 0074 65765F77 		.ascii	"ev_wait1s\000"
 383      61697431 
 383      7300
 384 007e 0000     		.space	2
 385              	.LC9:
 386 0080 7461736B 		.ascii	"task_init\000"
 386      5F696E69 
 386      7400
 387 008a 0000     		.space	2
 388              	.LC10:
 389 008c 7461736B 		.ascii	"task_background\000"
 389      5F626163 
 389      6B67726F 
 389      756E6400 
 390              	.LC11:
 391 009c 7461736B 		.ascii	"task_control\000"
 391      5F636F6E 
 391      74726F6C 
 391      00
 392 00a9 000000   		.space	3
 393              	.LC12:
 394 00ac 7461736B 		.ascii	"task_timer\000"
 394      5F74696D 
 394      657200
 395 00b7 00       		.space	1
 396              	.LC13:
 397 00b8 7461736B 		.ascii	"task_fader\000"
 397      5F666164 
 397      657200
 398 00c3 00       		.space	1
 399              	.LC14:
 400 00c4 7461736B 		.ascii	"task_glower\000"
 400      5F676C6F 
 400      77657200 
 401              		.bss
 402              		.align	2
 403              		.type	EE_th_waswaiting, %object
 404              		.size	EE_th_waswaiting, 24
 405              	EE_th_waswaiting:
 406 0000 00000000 		.space	24
 406      00000000 
 406      00000000 
 406      00000000 
 406      00000000 
 407              		.type	EE_th_event_waitmask, %object
 408              		.size	EE_th_event_waitmask, 24
 409              	EE_th_event_waitmask:
 410 0018 00000000 		.space	24
 410      00000000 
 410      00000000 
 410      00000000 
 410      00000000 
 411              		.type	EE_th_event_active, %object
ARM GAS  C:\Users\giris\AppData\Local\Temp\ccFhE64B.s 			page 9


 412              		.size	EE_th_event_active, 24
 413              	EE_th_event_active:
 414 0030 00000000 		.space	24
 414      00000000 
 414      00000000 
 414      00000000 
 414      00000000 
 415              		.type	EE_rq_free, %object
 416              		.size	EE_rq_free, 4
 417              	EE_rq_free:
 418 0048 00000000 		.space	4
 419              		.type	EE_rq_bitmask, %object
 420              		.size	EE_rq_bitmask, 2
 421              	EE_rq_bitmask:
 422 004c 0000     		.space	2
 423 004e 0000     		.space	2
 424              		.type	EE_sys_ceiling, %object
 425              		.size	EE_sys_ceiling, 4
 426              	EE_sys_ceiling:
 427 0050 00000000 		.space	4
 428              		.type	EE_cortex_mx_active_tos, %object
 429              		.size	EE_cortex_mx_active_tos, 4
 430              	EE_cortex_mx_active_tos:
 431 0054 00000000 		.space	4
 432              		.text
 433              	.Letext0:
 434              		.file 1 "Generated_Source\\PSoC5\\ErikaOS_1_common_ee_types.inc"
 435              		.file 2 "Generated_Source\\PSoC5\\ErikaOS_1_cortex_mx_ee_cpu.inc"
 436              		.file 3 "Generated_Source\\PSoC5\\ErikaOS_1_ee_oo_common.inc"
 437              		.file 4 "Generated_Source\\PSoC5\\ErikaOS_1_common_ee_hal_structs.inc"
 438              		.file 5 "Generated_Source\\PSoC5\\ErikaOS_1_eecfg.c"
 439              		.file 6 "Generated_Source\\PSoC5\\ErikaOS_1_ee_oo_intfunc.inc"
 440              		.file 7 "Generated_Source\\PSoC5\\ErikaOS_1_cortex_mx_ee_context.inc"
 441              		.file 8 "Generated_Source\\PSoC5\\ErikaOS_1_common_ee_primitives.inc"
 442              		.section	.debug_info,"",%progbits
 443              	.Ldebug_info0:
 444 0000 B3080000 		.4byte	0x8b3
 445 0004 0400     		.2byte	0x4
 446 0006 00000000 		.4byte	.Ldebug_abbrev0
 447 000a 04       		.byte	0x4
 448 000b 01       		.uleb128 0x1
 449 000c D5040000 		.4byte	.LASF112
 450 0010 0C       		.byte	0xc
 451 0011 58070000 		.4byte	.LASF113
 452 0015 6A060000 		.4byte	.LASF114
 453 0019 00000000 		.4byte	.Ldebug_line0
 454 001d 02       		.uleb128 0x2
 455 001e 01       		.byte	0x1
 456 001f 06       		.byte	0x6
 457 0020 0F010000 		.4byte	.LASF0
 458 0024 02       		.uleb128 0x2
 459 0025 01       		.byte	0x1
 460 0026 08       		.byte	0x8
 461 0027 38040000 		.4byte	.LASF1
 462 002b 02       		.uleb128 0x2
 463 002c 02       		.byte	0x2
 464 002d 05       		.byte	0x5
ARM GAS  C:\Users\giris\AppData\Local\Temp\ccFhE64B.s 			page 10


 465 002e 7D040000 		.4byte	.LASF2
 466 0032 02       		.uleb128 0x2
 467 0033 02       		.byte	0x2
 468 0034 07       		.byte	0x7
 469 0035 73020000 		.4byte	.LASF3
 470 0039 02       		.uleb128 0x2
 471 003a 04       		.byte	0x4
 472 003b 05       		.byte	0x5
 473 003c 96010000 		.4byte	.LASF4
 474 0040 02       		.uleb128 0x2
 475 0041 04       		.byte	0x4
 476 0042 07       		.byte	0x7
 477 0043 31020000 		.4byte	.LASF5
 478 0047 02       		.uleb128 0x2
 479 0048 08       		.byte	0x8
 480 0049 05       		.byte	0x5
 481 004a 01010000 		.4byte	.LASF6
 482 004e 02       		.uleb128 0x2
 483 004f 08       		.byte	0x8
 484 0050 07       		.byte	0x7
 485 0051 5E000000 		.4byte	.LASF7
 486 0055 03       		.uleb128 0x3
 487 0056 04       		.byte	0x4
 488 0057 05       		.byte	0x5
 489 0058 696E7400 		.ascii	"int\000"
 490 005c 02       		.uleb128 0x2
 491 005d 04       		.byte	0x4
 492 005e 07       		.byte	0x7
 493 005f F9010000 		.4byte	.LASF8
 494 0063 02       		.uleb128 0x2
 495 0064 08       		.byte	0x8
 496 0065 04       		.byte	0x4
 497 0066 86030000 		.4byte	.LASF9
 498 006a 04       		.uleb128 0x4
 499 006b 05040000 		.4byte	.LASF10
 500 006f 01       		.byte	0x1
 501 0070 52       		.byte	0x52
 502 0071 32000000 		.4byte	0x32
 503 0075 04       		.uleb128 0x4
 504 0076 3D070000 		.4byte	.LASF11
 505 007a 01       		.byte	0x1
 506 007b 53       		.byte	0x53
 507 007c 55000000 		.4byte	0x55
 508 0080 04       		.uleb128 0x4
 509 0081 33070000 		.4byte	.LASF12
 510 0085 01       		.byte	0x1
 511 0086 54       		.byte	0x54
 512 0087 5C000000 		.4byte	0x5c
 513 008b 04       		.uleb128 0x4
 514 008c B1070000 		.4byte	.LASF13
 515 0090 01       		.byte	0x1
 516 0091 64       		.byte	0x64
 517 0092 96000000 		.4byte	0x96
 518 0096 05       		.uleb128 0x5
 519 0097 04       		.byte	0x4
 520 0098 06       		.uleb128 0x6
 521 0099 04       		.byte	0x4
ARM GAS  C:\Users\giris\AppData\Local\Temp\ccFhE64B.s 			page 11


 522 009a 9E000000 		.4byte	0x9e
 523 009e 07       		.uleb128 0x7
 524 009f 04       		.uleb128 0x4
 525 00a0 09030000 		.4byte	.LASF14
 526 00a4 01       		.byte	0x1
 527 00a5 70       		.byte	0x70
 528 00a6 98000000 		.4byte	0x98
 529 00aa 04       		.uleb128 0x4
 530 00ab 6F050000 		.4byte	.LASF15
 531 00af 01       		.byte	0x1
 532 00b0 73       		.byte	0x73
 533 00b1 98000000 		.4byte	0x98
 534 00b5 04       		.uleb128 0x4
 535 00b6 06020000 		.4byte	.LASF16
 536 00ba 02       		.byte	0x2
 537 00bb 4D       		.byte	0x4d
 538 00bc 80000000 		.4byte	0x80
 539 00c0 04       		.uleb128 0x4
 540 00c1 A8030000 		.4byte	.LASF17
 541 00c5 02       		.byte	0x2
 542 00c6 4E       		.byte	0x4e
 543 00c7 75000000 		.4byte	0x75
 544 00cb 04       		.uleb128 0x4
 545 00cc CB070000 		.4byte	.LASF18
 546 00d0 02       		.byte	0x2
 547 00d1 4F       		.byte	0x4f
 548 00d2 80000000 		.4byte	0x80
 549 00d6 04       		.uleb128 0x4
 550 00d7 3D000000 		.4byte	.LASF19
 551 00db 02       		.byte	0x2
 552 00dc 54       		.byte	0x54
 553 00dd B5000000 		.4byte	0xb5
 554 00e1 04       		.uleb128 0x4
 555 00e2 EC010000 		.4byte	.LASF20
 556 00e6 02       		.byte	0x2
 557 00e7 78       		.byte	0x78
 558 00e8 75000000 		.4byte	0x75
 559 00ec 08       		.uleb128 0x8
 560 00ed B3000000 		.4byte	.LASF61
 561 00f1 04       		.byte	0x4
 562 00f2 04       		.byte	0x4
 563 00f3 4D       		.byte	0x4d
 564 00f4 05010000 		.4byte	0x105
 565 00f8 09       		.uleb128 0x9
 566 00f9 9D070000 		.4byte	.LASF28
 567 00fd 04       		.byte	0x4
 568 00fe 4E       		.byte	0x4e
 569 00ff 8B000000 		.4byte	0x8b
 570 0103 00       		.byte	0
 571 0104 00       		.byte	0
 572 0105 0A       		.uleb128 0xa
 573 0106 6D030000 		.4byte	.LASF21
 574 010a 03       		.byte	0x3
 575 010b 1101     		.2byte	0x111
 576 010d 6A000000 		.4byte	0x6a
 577 0111 0A       		.uleb128 0xa
 578 0112 AA000000 		.4byte	.LASF22
ARM GAS  C:\Users\giris\AppData\Local\Temp\ccFhE64B.s 			page 12


 579 0116 03       		.byte	0x3
 580 0117 F701     		.2byte	0x1f7
 581 0119 E1000000 		.4byte	0xe1
 582 011d 0A       		.uleb128 0xa
 583 011e 32010000 		.4byte	.LASF23
 584 0122 03       		.byte	0x3
 585 0123 2C02     		.2byte	0x22c
 586 0125 B5000000 		.4byte	0xb5
 587 0129 0A       		.uleb128 0xa
 588 012a 1D000000 		.4byte	.LASF24
 589 012e 03       		.byte	0x3
 590 012f 3502     		.2byte	0x235
 591 0131 B5000000 		.4byte	0xb5
 592 0135 0A       		.uleb128 0xa
 593 0136 C8050000 		.4byte	.LASF25
 594 013a 03       		.byte	0x3
 595 013b 5D02     		.2byte	0x25d
 596 013d B5000000 		.4byte	0xb5
 597 0141 0A       		.uleb128 0xa
 598 0142 32000000 		.4byte	.LASF26
 599 0146 03       		.byte	0x3
 600 0147 6302     		.2byte	0x263
 601 0149 B5000000 		.4byte	0xb5
 602 014d 0A       		.uleb128 0xa
 603 014e 1A030000 		.4byte	.LASF27
 604 0152 03       		.byte	0x3
 605 0153 6C02     		.2byte	0x26c
 606 0155 B5000000 		.4byte	0xb5
 607 0159 0B       		.uleb128 0xb
 608 015a 0C       		.byte	0xc
 609 015b 03       		.byte	0x3
 610 015c 7202     		.2byte	0x272
 611 015e 8A010000 		.4byte	0x18a
 612 0162 0C       		.uleb128 0xc
 613 0163 BA000000 		.4byte	.LASF29
 614 0167 03       		.byte	0x3
 615 0168 7302     		.2byte	0x273
 616 016a 29010000 		.4byte	0x129
 617 016e 00       		.byte	0
 618 016f 0C       		.uleb128 0xc
 619 0170 B0030000 		.4byte	.LASF30
 620 0174 03       		.byte	0x3
 621 0175 7402     		.2byte	0x274
 622 0177 29010000 		.4byte	0x129
 623 017b 04       		.byte	0x4
 624 017c 0C       		.uleb128 0xc
 625 017d E3010000 		.4byte	.LASF31
 626 0181 03       		.byte	0x3
 627 0182 7502     		.2byte	0x275
 628 0184 29010000 		.4byte	0x129
 629 0188 08       		.byte	0x8
 630 0189 00       		.byte	0
 631 018a 0A       		.uleb128 0xa
 632 018b BE040000 		.4byte	.LASF32
 633 018f 03       		.byte	0x3
 634 0190 7A02     		.2byte	0x27a
 635 0192 59010000 		.4byte	0x159
ARM GAS  C:\Users\giris\AppData\Local\Temp\ccFhE64B.s 			page 13


 636 0196 0B       		.uleb128 0xb
 637 0197 08       		.byte	0x8
 638 0198 03       		.byte	0x3
 639 0199 7D02     		.2byte	0x27d
 640 019b BA010000 		.4byte	0x1ba
 641 019f 0C       		.uleb128 0xc
 642 01a0 F3010000 		.4byte	.LASF33
 643 01a4 03       		.byte	0x3
 644 01a5 7E02     		.2byte	0x27e
 645 01a7 29010000 		.4byte	0x129
 646 01ab 00       		.byte	0
 647 01ac 0C       		.uleb128 0xc
 648 01ad C2050000 		.4byte	.LASF34
 649 01b1 03       		.byte	0x3
 650 01b2 7F02     		.2byte	0x27f
 651 01b4 35010000 		.4byte	0x135
 652 01b8 04       		.byte	0x4
 653 01b9 00       		.byte	0
 654 01ba 0A       		.uleb128 0xa
 655 01bb 73010000 		.4byte	.LASF35
 656 01bf 03       		.byte	0x3
 657 01c0 8002     		.2byte	0x280
 658 01c2 96010000 		.4byte	0x196
 659 01c6 0D       		.uleb128 0xd
 660 01c7 01       		.byte	0x1
 661 01c8 24000000 		.4byte	0x24
 662 01cc 03       		.byte	0x3
 663 01cd 8A02     		.2byte	0x28a
 664 01cf E0010000 		.4byte	0x1e0
 665 01d3 0E       		.uleb128 0xe
 666 01d4 46040000 		.4byte	.LASF36
 667 01d8 00       		.byte	0
 668 01d9 0E       		.uleb128 0xe
 669 01da 0F040000 		.4byte	.LASF37
 670 01de 01       		.byte	0x1
 671 01df 00       		.byte	0
 672 01e0 0A       		.uleb128 0xa
 673 01e1 9E020000 		.4byte	.LASF38
 674 01e5 03       		.byte	0x3
 675 01e6 8D02     		.2byte	0x28d
 676 01e8 C6010000 		.4byte	0x1c6
 677 01ec 0A       		.uleb128 0xa
 678 01ed CA020000 		.4byte	.LASF39
 679 01f1 03       		.byte	0x3
 680 01f2 9002     		.2byte	0x290
 681 01f4 E0010000 		.4byte	0x1e0
 682 01f8 0B       		.uleb128 0xb
 683 01f9 0C       		.byte	0xc
 684 01fa 03       		.byte	0x3
 685 01fb 9402     		.2byte	0x294
 686 01fd 27020000 		.4byte	0x227
 687 0201 0F       		.uleb128 0xf
 688 0202 6300     		.ascii	"c\000"
 689 0204 03       		.byte	0x3
 690 0205 9602     		.2byte	0x296
 691 0207 4D010000 		.4byte	0x14d
 692 020b 00       		.byte	0
ARM GAS  C:\Users\giris\AppData\Local\Temp\ccFhE64B.s 			page 14


 693 020c 0C       		.uleb128 0xc
 694 020d 1F060000 		.4byte	.LASF40
 695 0211 03       		.byte	0x3
 696 0212 9802     		.2byte	0x298
 697 0214 35010000 		.4byte	0x135
 698 0218 04       		.byte	0x4
 699 0219 0C       		.uleb128 0xc
 700 021a 6E020000 		.4byte	.LASF41
 701 021e 03       		.byte	0x3
 702 021f 9A02     		.2byte	0x29a
 703 0221 EC010000 		.4byte	0x1ec
 704 0225 08       		.byte	0x8
 705 0226 00       		.byte	0
 706 0227 0A       		.uleb128 0xa
 707 0228 7B000000 		.4byte	.LASF42
 708 022c 03       		.byte	0x3
 709 022d 9B02     		.2byte	0x29b
 710 022f F8010000 		.4byte	0x1f8
 711 0233 0B       		.uleb128 0xb
 712 0234 10       		.byte	0x10
 713 0235 03       		.byte	0x3
 714 0236 9F02     		.2byte	0x29f
 715 0238 71020000 		.4byte	0x271
 716 023c 0C       		.uleb128 0xc
 717 023d BD030000 		.4byte	.LASF43
 718 0241 03       		.byte	0x3
 719 0242 A002     		.2byte	0x2a0
 720 0244 D6000000 		.4byte	0xd6
 721 0248 00       		.byte	0
 722 0249 0C       		.uleb128 0xc
 723 024a 94070000 		.4byte	.LASF44
 724 024e 03       		.byte	0x3
 725 024f A102     		.2byte	0x2a1
 726 0251 29010000 		.4byte	0x129
 727 0255 04       		.byte	0x4
 728 0256 0C       		.uleb128 0xc
 729 0257 75000000 		.4byte	.LASF45
 730 025b 03       		.byte	0x3
 731 025c A202     		.2byte	0x2a2
 732 025e 29010000 		.4byte	0x129
 733 0262 08       		.byte	0x8
 734 0263 0C       		.uleb128 0xc
 735 0264 00000000 		.4byte	.LASF46
 736 0268 03       		.byte	0x3
 737 0269 A302     		.2byte	0x2a3
 738 026b 35010000 		.4byte	0x135
 739 026f 0C       		.byte	0xc
 740 0270 00       		.byte	0
 741 0271 0A       		.uleb128 0xa
 742 0272 C2030000 		.4byte	.LASF47
 743 0276 03       		.byte	0x3
 744 0277 A402     		.2byte	0x2a4
 745 0279 33020000 		.4byte	0x233
 746 027d 0D       		.uleb128 0xd
 747 027e 01       		.byte	0x1
 748 027f 24000000 		.4byte	0x24
 749 0283 03       		.byte	0x3
ARM GAS  C:\Users\giris\AppData\Local\Temp\ccFhE64B.s 			page 15


 750 0284 A702     		.2byte	0x2a7
 751 0286 A3020000 		.4byte	0x2a3
 752 028a 0E       		.uleb128 0xe
 753 028b DF050000 		.4byte	.LASF48
 754 028f 00       		.byte	0
 755 0290 0E       		.uleb128 0xe
 756 0291 27060000 		.4byte	.LASF49
 757 0295 01       		.byte	0x1
 758 0296 0E       		.uleb128 0xe
 759 0297 FE050000 		.4byte	.LASF50
 760 029b 02       		.byte	0x2
 761 029c 0E       		.uleb128 0xe
 762 029d A1050000 		.4byte	.LASF51
 763 02a1 03       		.byte	0x3
 764 02a2 00       		.byte	0
 765 02a3 0A       		.uleb128 0xa
 766 02a4 1B010000 		.4byte	.LASF52
 767 02a8 03       		.byte	0x3
 768 02a9 AC02     		.2byte	0x2ac
 769 02ab 7D020000 		.4byte	0x27d
 770 02af 0A       		.uleb128 0xa
 771 02b0 E2060000 		.4byte	.LASF53
 772 02b4 03       		.byte	0x3
 773 02b5 AF02     		.2byte	0x2af
 774 02b7 A3020000 		.4byte	0x2a3
 775 02bb 0B       		.uleb128 0xb
 776 02bc 14       		.byte	0x14
 777 02bd 03       		.byte	0x3
 778 02be B202     		.2byte	0x2b2
 779 02c0 04030000 		.4byte	0x304
 780 02c4 0C       		.uleb128 0xc
 781 02c5 59060000 		.4byte	.LASF54
 782 02c9 03       		.byte	0x3
 783 02ca B302     		.2byte	0x2b3
 784 02cc AF020000 		.4byte	0x2af
 785 02d0 00       		.byte	0
 786 02d1 0C       		.uleb128 0xc
 787 02d2 A5070000 		.4byte	.LASF55
 788 02d6 03       		.byte	0x3
 789 02d7 B402     		.2byte	0x2b4
 790 02d9 11010000 		.4byte	0x111
 791 02dd 04       		.byte	0x4
 792 02de 0C       		.uleb128 0xc
 793 02df 63050000 		.4byte	.LASF56
 794 02e3 03       		.byte	0x3
 795 02e4 B602     		.2byte	0x2b6
 796 02e6 1D010000 		.4byte	0x11d
 797 02ea 08       		.byte	0x8
 798 02eb 0F       		.uleb128 0xf
 799 02ec 6600     		.ascii	"f\000"
 800 02ee 03       		.byte	0x3
 801 02ef B802     		.2byte	0x2b8
 802 02f1 9F000000 		.4byte	0x9f
 803 02f5 0C       		.byte	0xc
 804 02f6 0C       		.uleb128 0xc
 805 02f7 74040000 		.4byte	.LASF57
 806 02fb 03       		.byte	0x3
ARM GAS  C:\Users\giris\AppData\Local\Temp\ccFhE64B.s 			page 16


 807 02fc BA02     		.2byte	0x2ba
 808 02fe 4D010000 		.4byte	0x14d
 809 0302 10       		.byte	0x10
 810 0303 00       		.byte	0
 811 0304 0A       		.uleb128 0xa
 812 0305 EF030000 		.4byte	.LASF58
 813 0309 03       		.byte	0x3
 814 030a BB02     		.2byte	0x2bb
 815 030c BB020000 		.4byte	0x2bb
 816 0310 0B       		.uleb128 0xb
 817 0311 04       		.byte	0x4
 818 0312 03       		.byte	0x3
 819 0313 BD02     		.2byte	0x2bd
 820 0315 27030000 		.4byte	0x327
 821 0319 0C       		.uleb128 0xc
 822 031a 3F030000 		.4byte	.LASF59
 823 031e 03       		.byte	0x3
 824 031f BF02     		.2byte	0x2bf
 825 0321 41010000 		.4byte	0x141
 826 0325 00       		.byte	0
 827 0326 00       		.byte	0
 828 0327 0A       		.uleb128 0xa
 829 0328 0E020000 		.4byte	.LASF60
 830 032c 03       		.byte	0x3
 831 032d C402     		.2byte	0x2c4
 832 032f 10030000 		.4byte	0x310
 833 0333 10       		.uleb128 0x10
 834 0334 54020000 		.4byte	.LASF62
 835 0338 08       		.byte	0x8
 836 0339 03       		.byte	0x3
 837 033a 0E04     		.2byte	0x40e
 838 033c 5A030000 		.4byte	0x35a
 839 0340 0F       		.uleb128 0xf
 840 0341 6E7400   		.ascii	"nt\000"
 841 0344 03       		.byte	0x3
 842 0345 0F04     		.2byte	0x40f
 843 0347 B5000000 		.4byte	0xb5
 844 034b 00       		.byte	0
 845 034c 0C       		.uleb128 0xc
 846 034d 65060000 		.4byte	.LASF63
 847 0351 03       		.byte	0x3
 848 0352 1004     		.2byte	0x410
 849 0354 6A030000 		.4byte	0x36a
 850 0358 04       		.byte	0x4
 851 0359 00       		.byte	0
 852 035a 11       		.uleb128 0x11
 853 035b 65030000 		.4byte	0x365
 854 035f 65030000 		.4byte	0x365
 855 0363 12       		.uleb128 0x12
 856 0364 00       		.byte	0
 857 0365 13       		.uleb128 0x13
 858 0366 E1000000 		.4byte	0xe1
 859 036a 06       		.uleb128 0x6
 860 036b 04       		.byte	0x4
 861 036c 5A030000 		.4byte	0x35a
 862 0370 11       		.uleb128 0x11
 863 0371 65030000 		.4byte	0x365
ARM GAS  C:\Users\giris\AppData\Local\Temp\ccFhE64B.s 			page 17


 864 0375 80030000 		.4byte	0x380
 865 0379 14       		.uleb128 0x14
 866 037a 80030000 		.4byte	0x380
 867 037e 00       		.byte	0
 868 037f 00       		.byte	0
 869 0380 02       		.uleb128 0x2
 870 0381 04       		.byte	0x4
 871 0382 07       		.byte	0x7
 872 0383 7D030000 		.4byte	.LASF64
 873 0387 15       		.uleb128 0x15
 874 0388 CA000000 		.4byte	.LASF115
 875 038c 05       		.byte	0x5
 876 038d 6507     		.2byte	0x765
 877 038f 99030000 		.4byte	0x399
 878 0393 05       		.uleb128 0x5
 879 0394 03       		.byte	0x3
 880 0395 08000000 		.4byte	EE_oo_autostart_task_mode_OSDEFAULTAPPMODE
 881 0399 13       		.uleb128 0x13
 882 039a 70030000 		.4byte	0x370
 883 039e 11       		.uleb128 0x11
 884 039f AE030000 		.4byte	0x3ae
 885 03a3 AE030000 		.4byte	0x3ae
 886 03a7 14       		.uleb128 0x14
 887 03a8 80030000 		.4byte	0x380
 888 03ac 05       		.byte	0x5
 889 03ad 00       		.byte	0
 890 03ae 13       		.uleb128 0x13
 891 03af AA000000 		.4byte	0xaa
 892 03b3 16       		.uleb128 0x16
 893 03b4 37060000 		.4byte	.LASF65
 894 03b8 05       		.byte	0x5
 895 03b9 D2       		.byte	0xd2
 896 03ba C4030000 		.4byte	0x3c4
 897 03be 05       		.uleb128 0x5
 898 03bf 03       		.byte	0x3
 899 03c0 00000000 		.4byte	EE_hal_thread_body
 900 03c4 13       		.uleb128 0x13
 901 03c5 9E030000 		.4byte	0x39e
 902 03c9 11       		.uleb128 0x11
 903 03ca D9030000 		.4byte	0x3d9
 904 03ce D9030000 		.4byte	0x3d9
 905 03d2 14       		.uleb128 0x14
 906 03d3 80030000 		.4byte	0x380
 907 03d7 06       		.byte	0x6
 908 03d8 00       		.byte	0
 909 03d9 13       		.uleb128 0x13
 910 03da B5000000 		.4byte	0xb5
 911 03de 16       		.uleb128 0x16
 912 03df 8F050000 		.4byte	.LASF66
 913 03e3 05       		.byte	0x5
 914 03e4 71       		.byte	0x71
 915 03e5 EF030000 		.4byte	0x3ef
 916 03e9 05       		.uleb128 0x5
 917 03ea 03       		.byte	0x3
 918 03eb 00000000 		.4byte	EE_std_thread_tos
 919 03ef 13       		.uleb128 0x13
 920 03f0 C9030000 		.4byte	0x3c9
ARM GAS  C:\Users\giris\AppData\Local\Temp\ccFhE64B.s 			page 18


 921 03f4 11       		.uleb128 0x11
 922 03f5 80000000 		.4byte	0x80
 923 03f9 04040000 		.4byte	0x404
 924 03fd 14       		.uleb128 0x14
 925 03fe 80030000 		.4byte	0x380
 926 0402 05       		.byte	0x5
 927 0403 00       		.byte	0
 928 0404 16       		.uleb128 0x16
 929 0405 46070000 		.4byte	.LASF67
 930 0409 05       		.byte	0x5
 931 040a ED       		.byte	0xed
 932 040b F4030000 		.4byte	0x3f4
 933 040f 05       		.uleb128 0x5
 934 0410 03       		.byte	0x3
 935 0411 00000000 		.4byte	EE_terminate_data
 936 0415 16       		.uleb128 0x16
 937 0416 5A040000 		.4byte	.LASF68
 938 041a 05       		.byte	0x5
 939 041b F0       		.byte	0xf0
 940 041c 26040000 		.4byte	0x426
 941 0420 05       		.uleb128 0x5
 942 0421 03       		.byte	0x3
 943 0422 00000000 		.4byte	EE_terminate_real_th_body
 944 0426 13       		.uleb128 0x13
 945 0427 9E030000 		.4byte	0x39e
 946 042b 11       		.uleb128 0x11
 947 042c EC000000 		.4byte	0xec
 948 0430 3B040000 		.4byte	0x43b
 949 0434 14       		.uleb128 0x14
 950 0435 80030000 		.4byte	0x380
 951 0439 01       		.byte	0x1
 952 043a 00       		.byte	0
 953 043b 16       		.uleb128 0x16
 954 043c 20040000 		.4byte	.LASF69
 955 0440 05       		.byte	0x5
 956 0441 8D       		.byte	0x8d
 957 0442 2B040000 		.4byte	0x42b
 958 0446 05       		.uleb128 0x5
 959 0447 03       		.byte	0x3
 960 0448 00000000 		.4byte	EE_cortex_mx_system_tos
 961 044c 16       		.uleb128 0x16
 962 044d 5B010000 		.4byte	.LASF70
 963 0451 05       		.byte	0x5
 964 0452 A9       		.byte	0xa9
 965 0453 B5000000 		.4byte	0xb5
 966 0457 05       		.uleb128 0x5
 967 0458 03       		.byte	0x3
 968 0459 00000000 		.4byte	EE_cortex_mx_active_tos
 969 045d 11       		.uleb128 0x11
 970 045e D9030000 		.4byte	0x3d9
 971 0462 6D040000 		.4byte	0x46d
 972 0466 14       		.uleb128 0x14
 973 0467 80030000 		.4byte	0x380
 974 046b 05       		.byte	0x5
 975 046c 00       		.byte	0
 976 046d 17       		.uleb128 0x17
 977 046e EE050000 		.4byte	.LASF71
ARM GAS  C:\Users\giris\AppData\Local\Temp\ccFhE64B.s 			page 19


 978 0472 05       		.byte	0x5
 979 0473 E202     		.2byte	0x2e2
 980 0475 7F040000 		.4byte	0x47f
 981 0479 05       		.uleb128 0x5
 982 047a 03       		.byte	0x3
 983 047b 00000000 		.4byte	EE_th_rnact_max
 984 047f 13       		.uleb128 0x13
 985 0480 5D040000 		.4byte	0x45d
 986 0484 17       		.uleb128 0x17
 987 0485 F1060000 		.4byte	.LASF72
 988 0489 05       		.byte	0x5
 989 048a 0C01     		.2byte	0x10c
 990 048c 96040000 		.4byte	0x496
 991 0490 05       		.uleb128 0x5
 992 0491 03       		.byte	0x3
 993 0492 00000000 		.4byte	EE_th_ready_prio
 994 0496 13       		.uleb128 0x13
 995 0497 5D040000 		.4byte	0x45d
 996 049b 17       		.uleb128 0x17
 997 049c E0020000 		.4byte	.LASF73
 998 04a0 05       		.byte	0x5
 999 04a1 4502     		.2byte	0x245
 1000 04a3 AD040000 		.4byte	0x4ad
 1001 04a7 05       		.uleb128 0x5
 1002 04a8 03       		.byte	0x3
 1003 04a9 00000000 		.4byte	EE_th_dispatch_prio
 1004 04ad 13       		.uleb128 0x13
 1005 04ae 5D040000 		.4byte	0x45d
 1006 04b2 11       		.uleb128 0x11
 1007 04b3 C2040000 		.4byte	0x4c2
 1008 04b7 C2040000 		.4byte	0x4c2
 1009 04bb 14       		.uleb128 0x14
 1010 04bc 80030000 		.4byte	0x380
 1011 04c0 05       		.byte	0x5
 1012 04c1 00       		.byte	0
 1013 04c2 06       		.uleb128 0x6
 1014 04c3 04       		.byte	0x4
 1015 04c4 CF040000 		.4byte	0x4cf
 1016 04c8 02       		.uleb128 0x2
 1017 04c9 01       		.byte	0x1
 1018 04ca 08       		.byte	0x8
 1019 04cb DA050000 		.4byte	.LASF74
 1020 04cf 13       		.uleb128 0x13
 1021 04d0 C8040000 		.4byte	0x4c8
 1022 04d4 17       		.uleb128 0x17
 1023 04d5 B1040000 		.4byte	.LASF75
 1024 04d9 05       		.byte	0x5
 1025 04da 2801     		.2byte	0x128
 1026 04dc B2040000 		.4byte	0x4b2
 1027 04e0 05       		.uleb128 0x5
 1028 04e1 03       		.byte	0x3
 1029 04e2 00000000 		.4byte	EE_TASK_NAME
 1030 04e6 11       		.uleb128 0x11
 1031 04e7 C2040000 		.4byte	0x4c2
 1032 04eb F6040000 		.4byte	0x4f6
 1033 04ef 14       		.uleb128 0x14
 1034 04f0 80030000 		.4byte	0x380
ARM GAS  C:\Users\giris\AppData\Local\Temp\ccFhE64B.s 			page 20


 1035 04f4 03       		.byte	0x3
 1036 04f5 00       		.byte	0
 1037 04f6 17       		.uleb128 0x17
 1038 04f7 40010000 		.4byte	.LASF76
 1039 04fb 05       		.byte	0x5
 1040 04fc 8101     		.2byte	0x181
 1041 04fe E6040000 		.4byte	0x4e6
 1042 0502 05       		.uleb128 0x5
 1043 0503 03       		.byte	0x3
 1044 0504 00000000 		.4byte	EE_EVENT_NAME
 1045 0508 11       		.uleb128 0x11
 1046 0509 C2040000 		.4byte	0x4c2
 1047 050d 18050000 		.4byte	0x518
 1048 0511 14       		.uleb128 0x14
 1049 0512 80030000 		.4byte	0x380
 1050 0516 04       		.byte	0x4
 1051 0517 00       		.byte	0
 1052 0518 17       		.uleb128 0x17
 1053 0519 23020000 		.4byte	.LASF77
 1054 051d 05       		.byte	0x5
 1055 051e 3D06     		.2byte	0x63d
 1056 0520 08050000 		.4byte	0x508
 1057 0524 05       		.uleb128 0x5
 1058 0525 03       		.byte	0x3
 1059 0526 00000000 		.4byte	EE_ALARM_NAME
 1060 052a 11       		.uleb128 0x11
 1061 052b 3A050000 		.4byte	0x53a
 1062 052f 3A050000 		.4byte	0x53a
 1063 0533 14       		.uleb128 0x14
 1064 0534 80030000 		.4byte	0x380
 1065 0538 03       		.byte	0x3
 1066 0539 00       		.byte	0
 1067 053a 13       		.uleb128 0x13
 1068 053b 40000000 		.4byte	0x40
 1069 053f 17       		.uleb128 0x17
 1070 0540 8A010000 		.4byte	.LASF78
 1071 0544 05       		.byte	0x5
 1072 0545 E201     		.2byte	0x1e2
 1073 0547 51050000 		.4byte	0x551
 1074 054b 05       		.uleb128 0x5
 1075 054c 03       		.byte	0x3
 1076 054d 00000000 		.4byte	EE_EVENT_ID
 1077 0551 13       		.uleb128 0x13
 1078 0552 2A050000 		.4byte	0x52a
 1079 0556 11       		.uleb128 0x11
 1080 0557 3A050000 		.4byte	0x53a
 1081 055b 66050000 		.4byte	0x566
 1082 055f 14       		.uleb128 0x14
 1083 0560 80030000 		.4byte	0x380
 1084 0564 04       		.byte	0x4
 1085 0565 00       		.byte	0
 1086 0566 17       		.uleb128 0x17
 1087 0567 F5000000 		.4byte	.LASF79
 1088 056b 05       		.byte	0x5
 1089 056c 5906     		.2byte	0x659
 1090 056e 78050000 		.4byte	0x578
 1091 0572 05       		.uleb128 0x5
ARM GAS  C:\Users\giris\AppData\Local\Temp\ccFhE64B.s 			page 21


 1092 0573 03       		.byte	0x3
 1093 0574 00000000 		.4byte	EE_ALARM_ID
 1094 0578 13       		.uleb128 0x13
 1095 0579 56050000 		.4byte	0x556
 1096 057d 11       		.uleb128 0x11
 1097 057e B5000000 		.4byte	0xb5
 1098 0582 8D050000 		.4byte	0x58d
 1099 0586 14       		.uleb128 0x14
 1100 0587 80030000 		.4byte	0x380
 1101 058b 05       		.byte	0x5
 1102 058c 00       		.byte	0
 1103 058d 17       		.uleb128 0x17
 1104 058e BD020000 		.4byte	.LASF80
 1105 0592 05       		.byte	0x5
 1106 0593 8102     		.2byte	0x281
 1107 0595 7D050000 		.4byte	0x57d
 1108 0599 05       		.uleb128 0x5
 1109 059a 03       		.byte	0x3
 1110 059b 00000000 		.4byte	EE_th_status
 1111 059f 11       		.uleb128 0x11
 1112 05a0 E1000000 		.4byte	0xe1
 1113 05a4 AF050000 		.4byte	0x5af
 1114 05a8 14       		.uleb128 0x14
 1115 05a9 80030000 		.4byte	0x380
 1116 05ad 05       		.byte	0x5
 1117 05ae 00       		.byte	0
 1118 05af 17       		.uleb128 0x17
 1119 05b0 4F040000 		.4byte	.LASF81
 1120 05b4 05       		.byte	0x5
 1121 05b5 9D02     		.2byte	0x29d
 1122 05b7 9F050000 		.4byte	0x59f
 1123 05bb 05       		.uleb128 0x5
 1124 05bc 03       		.byte	0x3
 1125 05bd 00000000 		.4byte	EE_th_next
 1126 05c1 17       		.uleb128 0x17
 1127 05c2 02070000 		.4byte	.LASF82
 1128 05c6 05       		.byte	0x5
 1129 05c7 C702     		.2byte	0x2c7
 1130 05c9 7D050000 		.4byte	0x57d
 1131 05cd 05       		.uleb128 0x5
 1132 05ce 03       		.byte	0x3
 1133 05cf 00000000 		.4byte	EE_th_rnact
 1134 05d3 17       		.uleb128 0x17
 1135 05d4 05000000 		.4byte	.LASF83
 1136 05d8 05       		.byte	0x5
 1137 05d9 7703     		.2byte	0x377
 1138 05db 9F050000 		.4byte	0x59f
 1139 05df 05       		.uleb128 0x5
 1140 05e0 03       		.byte	0x3
 1141 05e1 00000000 		.4byte	EE_th_terminate_nextask
 1142 05e5 17       		.uleb128 0x17
 1143 05e6 26000000 		.4byte	.LASF84
 1144 05ea 05       		.byte	0x5
 1145 05eb B902     		.2byte	0x2b9
 1146 05ed E1000000 		.4byte	0xe1
 1147 05f1 05       		.uleb128 0x5
 1148 05f2 03       		.byte	0x3
ARM GAS  C:\Users\giris\AppData\Local\Temp\ccFhE64B.s 			page 22


 1149 05f3 00000000 		.4byte	EE_stkfirst
 1150 05f7 17       		.uleb128 0x17
 1151 05f8 4A060000 		.4byte	.LASF85
 1152 05fc 05       		.byte	0x5
 1153 05fd BC02     		.2byte	0x2bc
 1154 05ff B5000000 		.4byte	0xb5
 1155 0603 05       		.uleb128 0x5
 1156 0604 03       		.byte	0x3
 1157 0605 00000000 		.4byte	EE_sys_ceiling
 1158 0609 17       		.uleb128 0x17
 1159 060a 9D030000 		.4byte	.LASF86
 1160 060e 05       		.byte	0x5
 1161 060f FD02     		.2byte	0x2fd
 1162 0611 7D050000 		.4byte	0x57d
 1163 0615 05       		.uleb128 0x5
 1164 0616 03       		.byte	0x3
 1165 0617 00000000 		.4byte	EE_rq_link
 1166 061b 11       		.uleb128 0x11
 1167 061c C0000000 		.4byte	0xc0
 1168 0620 2B060000 		.4byte	0x62b
 1169 0624 14       		.uleb128 0x14
 1170 0625 80030000 		.4byte	0x380
 1171 0629 0F       		.byte	0xf
 1172 062a 00       		.byte	0
 1173 062b 17       		.uleb128 0x17
 1174 062c 9F010000 		.4byte	.LASF87
 1175 0630 05       		.byte	0x5
 1176 0631 BF02     		.2byte	0x2bf
 1177 0633 1B060000 		.4byte	0x61b
 1178 0637 05       		.uleb128 0x5
 1179 0638 03       		.byte	0x3
 1180 0639 00000000 		.4byte	EE_rq_queues_head
 1181 063d 17       		.uleb128 0x17
 1182 063e 7D050000 		.4byte	.LASF88
 1183 0642 05       		.byte	0x5
 1184 0643 C102     		.2byte	0x2c1
 1185 0645 1B060000 		.4byte	0x61b
 1186 0649 05       		.uleb128 0x5
 1187 064a 03       		.byte	0x3
 1188 064b 00000000 		.4byte	EE_rq_queues_tail
 1189 064f 11       		.uleb128 0x11
 1190 0650 C0000000 		.4byte	0xc0
 1191 0654 5F060000 		.4byte	0x65f
 1192 0658 14       		.uleb128 0x14
 1193 0659 80030000 		.4byte	0x380
 1194 065d 05       		.byte	0x5
 1195 065e 00       		.byte	0
 1196 065f 17       		.uleb128 0x17
 1197 0660 99000000 		.4byte	.LASF89
 1198 0664 05       		.byte	0x5
 1199 0665 1B03     		.2byte	0x31b
 1200 0667 4F060000 		.4byte	0x64f
 1201 066b 05       		.uleb128 0x5
 1202 066c 03       		.byte	0x3
 1203 066d 00000000 		.4byte	EE_rq_pairs_next
 1204 0671 17       		.uleb128 0x17
 1205 0672 0E070000 		.4byte	.LASF90
ARM GAS  C:\Users\giris\AppData\Local\Temp\ccFhE64B.s 			page 23


 1206 0676 05       		.byte	0x5
 1207 0677 7003     		.2byte	0x370
 1208 0679 9F050000 		.4byte	0x59f
 1209 067d 05       		.uleb128 0x5
 1210 067e 03       		.byte	0x3
 1211 067f 00000000 		.4byte	EE_rq_pairs_tid
 1212 0683 17       		.uleb128 0x17
 1213 0684 B4050000 		.4byte	.LASF91
 1214 0688 05       		.byte	0x5
 1215 0689 C402     		.2byte	0x2c4
 1216 068b 05010000 		.4byte	0x105
 1217 068f 05       		.uleb128 0x5
 1218 0690 03       		.byte	0x3
 1219 0691 00000000 		.4byte	EE_rq_bitmask
 1220 0695 17       		.uleb128 0x17
 1221 0696 92030000 		.4byte	.LASF92
 1222 069a 05       		.byte	0x5
 1223 069b 7303     		.2byte	0x373
 1224 069d C0000000 		.4byte	0xc0
 1225 06a1 05       		.uleb128 0x5
 1226 06a2 03       		.byte	0x3
 1227 06a3 00000000 		.4byte	EE_rq_free
 1228 06a7 17       		.uleb128 0x17
 1229 06a8 81070000 		.4byte	.LASF93
 1230 06ac 05       		.byte	0x5
 1231 06ad 9A03     		.2byte	0x39a
 1232 06af 7D050000 		.4byte	0x57d
 1233 06b3 05       		.uleb128 0x5
 1234 06b4 03       		.byte	0x3
 1235 06b5 00000000 		.4byte	EE_th_event_active
 1236 06b9 17       		.uleb128 0x17
 1237 06ba 87040000 		.4byte	.LASF94
 1238 06be 05       		.byte	0x5
 1239 06bf B603     		.2byte	0x3b6
 1240 06c1 7D050000 		.4byte	0x57d
 1241 06c5 05       		.uleb128 0x5
 1242 06c6 03       		.byte	0x3
 1243 06c7 00000000 		.4byte	EE_th_event_waitmask
 1244 06cb 11       		.uleb128 0x11
 1245 06cc D6000000 		.4byte	0xd6
 1246 06d0 DB060000 		.4byte	0x6db
 1247 06d4 14       		.uleb128 0x14
 1248 06d5 80030000 		.4byte	0x380
 1249 06d9 05       		.byte	0x5
 1250 06da 00       		.byte	0
 1251 06db 17       		.uleb128 0x17
 1252 06dc 43020000 		.4byte	.LASF95
 1253 06e0 05       		.byte	0x5
 1254 06e1 D203     		.2byte	0x3d2
 1255 06e3 CB060000 		.4byte	0x6cb
 1256 06e7 05       		.uleb128 0x5
 1257 06e8 03       		.byte	0x3
 1258 06e9 00000000 		.4byte	EE_th_waswaiting
 1259 06ed 17       		.uleb128 0x17
 1260 06ee B9070000 		.4byte	.LASF96
 1261 06f2 05       		.byte	0x5
 1262 06f3 EE03     		.2byte	0x3ee
ARM GAS  C:\Users\giris\AppData\Local\Temp\ccFhE64B.s 			page 24


 1263 06f5 FF060000 		.4byte	0x6ff
 1264 06f9 05       		.uleb128 0x5
 1265 06fa 03       		.byte	0x3
 1266 06fb 00000000 		.4byte	EE_th_is_extended
 1267 06ff 13       		.uleb128 0x13
 1268 0700 5D040000 		.4byte	0x45d
 1269 0704 11       		.uleb128 0x11
 1270 0705 14070000 		.4byte	0x714
 1271 0709 14070000 		.4byte	0x714
 1272 070d 14       		.uleb128 0x14
 1273 070e 80030000 		.4byte	0x380
 1274 0712 00       		.byte	0
 1275 0713 00       		.byte	0
 1276 0714 13       		.uleb128 0x13
 1277 0715 8A010000 		.4byte	0x18a
 1278 0719 17       		.uleb128 0x17
 1279 071a E0030000 		.4byte	.LASF97
 1280 071e 05       		.byte	0x5
 1281 071f FF05     		.2byte	0x5ff
 1282 0721 2B070000 		.4byte	0x72b
 1283 0725 05       		.uleb128 0x5
 1284 0726 03       		.byte	0x3
 1285 0727 00000000 		.4byte	EE_counter_ROM
 1286 072b 13       		.uleb128 0x13
 1287 072c 04070000 		.4byte	0x704
 1288 0730 11       		.uleb128 0x11
 1289 0731 40070000 		.4byte	0x740
 1290 0735 40070000 		.4byte	0x740
 1291 0739 14       		.uleb128 0x14
 1292 073a 80030000 		.4byte	0x380
 1293 073e 04       		.byte	0x4
 1294 073f 00       		.byte	0
 1295 0740 13       		.uleb128 0x13
 1296 0741 27020000 		.4byte	0x227
 1297 0745 17       		.uleb128 0x17
 1298 0746 26030000 		.4byte	.LASF98
 1299 074a 05       		.byte	0x5
 1300 074b 9606     		.2byte	0x696
 1301 074d 57070000 		.4byte	0x757
 1302 0751 05       		.uleb128 0x5
 1303 0752 03       		.byte	0x3
 1304 0753 00000000 		.4byte	EE_oo_counter_object_ROM
 1305 0757 13       		.uleb128 0x13
 1306 0758 30070000 		.4byte	0x730
 1307 075c 11       		.uleb128 0x11
 1308 075d 6C070000 		.4byte	0x76c
 1309 0761 6C070000 		.4byte	0x76c
 1310 0765 14       		.uleb128 0x14
 1311 0766 80030000 		.4byte	0x380
 1312 076a 04       		.byte	0x4
 1313 076b 00       		.byte	0
 1314 076c 13       		.uleb128 0x13
 1315 076d 04030000 		.4byte	0x304
 1316 0771 17       		.uleb128 0x17
 1317 0772 5C030000 		.4byte	.LASF99
 1318 0776 05       		.byte	0x5
 1319 0777 BA06     		.2byte	0x6ba
ARM GAS  C:\Users\giris\AppData\Local\Temp\ccFhE64B.s 			page 25


 1320 0779 83070000 		.4byte	0x783
 1321 077d 05       		.uleb128 0x5
 1322 077e 03       		.byte	0x3
 1323 077f 00000000 		.4byte	EE_oo_action_ROM
 1324 0783 13       		.uleb128 0x13
 1325 0784 5C070000 		.4byte	0x75c
 1326 0788 11       		.uleb128 0x11
 1327 0789 98070000 		.4byte	0x798
 1328 078d 98070000 		.4byte	0x798
 1329 0791 14       		.uleb128 0x14
 1330 0792 80030000 		.4byte	0x380
 1331 0796 04       		.byte	0x4
 1332 0797 00       		.byte	0
 1333 0798 13       		.uleb128 0x13
 1334 0799 27030000 		.4byte	0x327
 1335 079d 17       		.uleb128 0x17
 1336 079e 4E010000 		.4byte	.LASF100
 1337 07a2 05       		.byte	0x5
 1338 07a3 2006     		.2byte	0x620
 1339 07a5 AF070000 		.4byte	0x7af
 1340 07a9 05       		.uleb128 0x5
 1341 07aa 03       		.byte	0x3
 1342 07ab 00000000 		.4byte	EE_alarm_ROM
 1343 07af 13       		.uleb128 0x13
 1344 07b0 88070000 		.4byte	0x788
 1345 07b4 11       		.uleb128 0x11
 1346 07b5 BA010000 		.4byte	0x1ba
 1347 07b9 C4070000 		.4byte	0x7c4
 1348 07bd 14       		.uleb128 0x14
 1349 07be 80030000 		.4byte	0x380
 1350 07c2 00       		.byte	0
 1351 07c3 00       		.byte	0
 1352 07c4 17       		.uleb128 0x17
 1353 07c5 10060000 		.4byte	.LASF101
 1354 07c9 05       		.byte	0x5
 1355 07ca 0C06     		.2byte	0x60c
 1356 07cc B4070000 		.4byte	0x7b4
 1357 07d0 05       		.uleb128 0x5
 1358 07d1 03       		.byte	0x3
 1359 07d2 00000000 		.4byte	EE_counter_RAM
 1360 07d6 11       		.uleb128 0x11
 1361 07d7 71020000 		.4byte	0x271
 1362 07db E6070000 		.4byte	0x7e6
 1363 07df 14       		.uleb128 0x14
 1364 07e0 80030000 		.4byte	0x380
 1365 07e4 04       		.byte	0x4
 1366 07e5 00       		.byte	0
 1367 07e6 17       		.uleb128 0x17
 1368 07e7 C9060000 		.4byte	.LASF102
 1369 07eb 05       		.byte	0x5
 1370 07ec B106     		.2byte	0x6b1
 1371 07ee D6070000 		.4byte	0x7d6
 1372 07f2 05       		.uleb128 0x5
 1373 07f3 03       		.byte	0x3
 1374 07f4 00000000 		.4byte	EE_oo_counter_object_RAM
 1375 07f8 11       		.uleb128 0x11
 1376 07f9 08080000 		.4byte	0x808
ARM GAS  C:\Users\giris\AppData\Local\Temp\ccFhE64B.s 			page 26


 1377 07fd 08080000 		.4byte	0x808
 1378 0801 14       		.uleb128 0x14
 1379 0802 80030000 		.4byte	0x380
 1380 0806 00       		.byte	0
 1381 0807 00       		.byte	0
 1382 0808 13       		.uleb128 0x13
 1383 0809 33030000 		.4byte	0x333
 1384 080d 17       		.uleb128 0x17
 1385 080e D3070000 		.4byte	.LASF103
 1386 0812 05       		.byte	0x5
 1387 0813 9607     		.2byte	0x796
 1388 0815 1F080000 		.4byte	0x81f
 1389 0819 05       		.uleb128 0x5
 1390 081a 03       		.byte	0x3
 1391 081b 00000000 		.4byte	EE_oo_autostart_task_data
 1392 081f 13       		.uleb128 0x13
 1393 0820 F8070000 		.4byte	0x7f8
 1394 0824 18       		.uleb128 0x18
 1395 0825 86020000 		.4byte	.LASF104
 1396 0829 06       		.byte	0x6
 1397 082a 40       		.byte	0x40
 1398 082b B5000000 		.4byte	0xb5
 1399 082f 18       		.uleb128 0x18
 1400 0830 B1010000 		.4byte	.LASF105
 1401 0834 06       		.byte	0x6
 1402 0835 47       		.byte	0x47
 1403 0836 CB000000 		.4byte	0xcb
 1404 083a 17       		.uleb128 0x17
 1405 083b 49030000 		.4byte	.LASF106
 1406 083f 05       		.byte	0x5
 1407 0840 5C07     		.2byte	0x75c
 1408 0842 B5000000 		.4byte	0xb5
 1409 0846 05       		.uleb128 0x5
 1410 0847 03       		.byte	0x3
 1411 0848 00000000 		.4byte	EE_ApplicationMode
 1412 084c 18       		.uleb128 0x18
 1413 084d CA010000 		.4byte	.LASF107
 1414 0851 07       		.byte	0x7
 1415 0852 48       		.byte	0x48
 1416 0853 E1000000 		.4byte	0xe1
 1417 0857 18       		.uleb128 0x18
 1418 0858 1E070000 		.4byte	.LASF108
 1419 085c 08       		.byte	0x8
 1420 085d 44       		.byte	0x44
 1421 085e B5000000 		.4byte	0xb5
 1422 0862 16       		.uleb128 0x16
 1423 0863 49000000 		.4byte	.LASF109
 1424 0867 05       		.byte	0x5
 1425 0868 AD       		.byte	0xad
 1426 0869 EC000000 		.4byte	0xec
 1427 086d 05       		.uleb128 0x5
 1428 086e 03       		.byte	0x3
 1429 086f 00000000 		.4byte	EE_cortex_mx_IRQ_tos
 1430 0873 11       		.uleb128 0x11
 1431 0874 55000000 		.4byte	0x55
 1432 0878 84080000 		.4byte	0x884
 1433 087c 19       		.uleb128 0x19
ARM GAS  C:\Users\giris\AppData\Local\Temp\ccFhE64B.s 			page 27


 1434 087d 80030000 		.4byte	0x380
 1435 0881 E703     		.2byte	0x3e7
 1436 0883 00       		.byte	0
 1437 0884 16       		.uleb128 0x16
 1438 0885 9C040000 		.4byte	.LASF110
 1439 0889 05       		.byte	0x5
 1440 088a 19       		.byte	0x19
 1441 088b 73080000 		.4byte	0x873
 1442 088f 05       		.uleb128 0x5
 1443 0890 03       		.byte	0x3
 1444 0891 00000000 		.4byte	EE_cortex_mx_stack_3
 1445 0895 11       		.uleb128 0x11
 1446 0896 55000000 		.4byte	0x55
 1447 089a A5080000 		.4byte	0x8a5
 1448 089e 14       		.uleb128 0x14
 1449 089f 80030000 		.4byte	0x380
 1450 08a3 7F       		.byte	0x7f
 1451 08a4 00       		.byte	0
 1452 08a5 16       		.uleb128 0x16
 1453 08a6 F4020000 		.4byte	.LASF111
 1454 08aa 05       		.byte	0x5
 1455 08ab 32       		.byte	0x32
 1456 08ac 95080000 		.4byte	0x895
 1457 08b0 05       		.uleb128 0x5
 1458 08b1 03       		.byte	0x3
 1459 08b2 00000000 		.4byte	EE_cortex_mx_stack_9
 1460 08b6 00       		.byte	0
 1461              		.section	.debug_abbrev,"",%progbits
 1462              	.Ldebug_abbrev0:
 1463 0000 01       		.uleb128 0x1
 1464 0001 11       		.uleb128 0x11
 1465 0002 01       		.byte	0x1
 1466 0003 25       		.uleb128 0x25
 1467 0004 0E       		.uleb128 0xe
 1468 0005 13       		.uleb128 0x13
 1469 0006 0B       		.uleb128 0xb
 1470 0007 03       		.uleb128 0x3
 1471 0008 0E       		.uleb128 0xe
 1472 0009 1B       		.uleb128 0x1b
 1473 000a 0E       		.uleb128 0xe
 1474 000b 10       		.uleb128 0x10
 1475 000c 17       		.uleb128 0x17
 1476 000d 00       		.byte	0
 1477 000e 00       		.byte	0
 1478 000f 02       		.uleb128 0x2
 1479 0010 24       		.uleb128 0x24
 1480 0011 00       		.byte	0
 1481 0012 0B       		.uleb128 0xb
 1482 0013 0B       		.uleb128 0xb
 1483 0014 3E       		.uleb128 0x3e
 1484 0015 0B       		.uleb128 0xb
 1485 0016 03       		.uleb128 0x3
 1486 0017 0E       		.uleb128 0xe
 1487 0018 00       		.byte	0
 1488 0019 00       		.byte	0
 1489 001a 03       		.uleb128 0x3
 1490 001b 24       		.uleb128 0x24
ARM GAS  C:\Users\giris\AppData\Local\Temp\ccFhE64B.s 			page 28


 1491 001c 00       		.byte	0
 1492 001d 0B       		.uleb128 0xb
 1493 001e 0B       		.uleb128 0xb
 1494 001f 3E       		.uleb128 0x3e
 1495 0020 0B       		.uleb128 0xb
 1496 0021 03       		.uleb128 0x3
 1497 0022 08       		.uleb128 0x8
 1498 0023 00       		.byte	0
 1499 0024 00       		.byte	0
 1500 0025 04       		.uleb128 0x4
 1501 0026 16       		.uleb128 0x16
 1502 0027 00       		.byte	0
 1503 0028 03       		.uleb128 0x3
 1504 0029 0E       		.uleb128 0xe
 1505 002a 3A       		.uleb128 0x3a
 1506 002b 0B       		.uleb128 0xb
 1507 002c 3B       		.uleb128 0x3b
 1508 002d 0B       		.uleb128 0xb
 1509 002e 49       		.uleb128 0x49
 1510 002f 13       		.uleb128 0x13
 1511 0030 00       		.byte	0
 1512 0031 00       		.byte	0
 1513 0032 05       		.uleb128 0x5
 1514 0033 0F       		.uleb128 0xf
 1515 0034 00       		.byte	0
 1516 0035 0B       		.uleb128 0xb
 1517 0036 0B       		.uleb128 0xb
 1518 0037 00       		.byte	0
 1519 0038 00       		.byte	0
 1520 0039 06       		.uleb128 0x6
 1521 003a 0F       		.uleb128 0xf
 1522 003b 00       		.byte	0
 1523 003c 0B       		.uleb128 0xb
 1524 003d 0B       		.uleb128 0xb
 1525 003e 49       		.uleb128 0x49
 1526 003f 13       		.uleb128 0x13
 1527 0040 00       		.byte	0
 1528 0041 00       		.byte	0
 1529 0042 07       		.uleb128 0x7
 1530 0043 15       		.uleb128 0x15
 1531 0044 00       		.byte	0
 1532 0045 27       		.uleb128 0x27
 1533 0046 19       		.uleb128 0x19
 1534 0047 00       		.byte	0
 1535 0048 00       		.byte	0
 1536 0049 08       		.uleb128 0x8
 1537 004a 13       		.uleb128 0x13
 1538 004b 01       		.byte	0x1
 1539 004c 03       		.uleb128 0x3
 1540 004d 0E       		.uleb128 0xe
 1541 004e 0B       		.uleb128 0xb
 1542 004f 0B       		.uleb128 0xb
 1543 0050 3A       		.uleb128 0x3a
 1544 0051 0B       		.uleb128 0xb
 1545 0052 3B       		.uleb128 0x3b
 1546 0053 0B       		.uleb128 0xb
 1547 0054 01       		.uleb128 0x1
ARM GAS  C:\Users\giris\AppData\Local\Temp\ccFhE64B.s 			page 29


 1548 0055 13       		.uleb128 0x13
 1549 0056 00       		.byte	0
 1550 0057 00       		.byte	0
 1551 0058 09       		.uleb128 0x9
 1552 0059 0D       		.uleb128 0xd
 1553 005a 00       		.byte	0
 1554 005b 03       		.uleb128 0x3
 1555 005c 0E       		.uleb128 0xe
 1556 005d 3A       		.uleb128 0x3a
 1557 005e 0B       		.uleb128 0xb
 1558 005f 3B       		.uleb128 0x3b
 1559 0060 0B       		.uleb128 0xb
 1560 0061 49       		.uleb128 0x49
 1561 0062 13       		.uleb128 0x13
 1562 0063 38       		.uleb128 0x38
 1563 0064 0B       		.uleb128 0xb
 1564 0065 00       		.byte	0
 1565 0066 00       		.byte	0
 1566 0067 0A       		.uleb128 0xa
 1567 0068 16       		.uleb128 0x16
 1568 0069 00       		.byte	0
 1569 006a 03       		.uleb128 0x3
 1570 006b 0E       		.uleb128 0xe
 1571 006c 3A       		.uleb128 0x3a
 1572 006d 0B       		.uleb128 0xb
 1573 006e 3B       		.uleb128 0x3b
 1574 006f 05       		.uleb128 0x5
 1575 0070 49       		.uleb128 0x49
 1576 0071 13       		.uleb128 0x13
 1577 0072 00       		.byte	0
 1578 0073 00       		.byte	0
 1579 0074 0B       		.uleb128 0xb
 1580 0075 13       		.uleb128 0x13
 1581 0076 01       		.byte	0x1
 1582 0077 0B       		.uleb128 0xb
 1583 0078 0B       		.uleb128 0xb
 1584 0079 3A       		.uleb128 0x3a
 1585 007a 0B       		.uleb128 0xb
 1586 007b 3B       		.uleb128 0x3b
 1587 007c 05       		.uleb128 0x5
 1588 007d 01       		.uleb128 0x1
 1589 007e 13       		.uleb128 0x13
 1590 007f 00       		.byte	0
 1591 0080 00       		.byte	0
 1592 0081 0C       		.uleb128 0xc
 1593 0082 0D       		.uleb128 0xd
 1594 0083 00       		.byte	0
 1595 0084 03       		.uleb128 0x3
 1596 0085 0E       		.uleb128 0xe
 1597 0086 3A       		.uleb128 0x3a
 1598 0087 0B       		.uleb128 0xb
 1599 0088 3B       		.uleb128 0x3b
 1600 0089 05       		.uleb128 0x5
 1601 008a 49       		.uleb128 0x49
 1602 008b 13       		.uleb128 0x13
 1603 008c 38       		.uleb128 0x38
 1604 008d 0B       		.uleb128 0xb
ARM GAS  C:\Users\giris\AppData\Local\Temp\ccFhE64B.s 			page 30


 1605 008e 00       		.byte	0
 1606 008f 00       		.byte	0
 1607 0090 0D       		.uleb128 0xd
 1608 0091 04       		.uleb128 0x4
 1609 0092 01       		.byte	0x1
 1610 0093 0B       		.uleb128 0xb
 1611 0094 0B       		.uleb128 0xb
 1612 0095 49       		.uleb128 0x49
 1613 0096 13       		.uleb128 0x13
 1614 0097 3A       		.uleb128 0x3a
 1615 0098 0B       		.uleb128 0xb
 1616 0099 3B       		.uleb128 0x3b
 1617 009a 05       		.uleb128 0x5
 1618 009b 01       		.uleb128 0x1
 1619 009c 13       		.uleb128 0x13
 1620 009d 00       		.byte	0
 1621 009e 00       		.byte	0
 1622 009f 0E       		.uleb128 0xe
 1623 00a0 28       		.uleb128 0x28
 1624 00a1 00       		.byte	0
 1625 00a2 03       		.uleb128 0x3
 1626 00a3 0E       		.uleb128 0xe
 1627 00a4 1C       		.uleb128 0x1c
 1628 00a5 0B       		.uleb128 0xb
 1629 00a6 00       		.byte	0
 1630 00a7 00       		.byte	0
 1631 00a8 0F       		.uleb128 0xf
 1632 00a9 0D       		.uleb128 0xd
 1633 00aa 00       		.byte	0
 1634 00ab 03       		.uleb128 0x3
 1635 00ac 08       		.uleb128 0x8
 1636 00ad 3A       		.uleb128 0x3a
 1637 00ae 0B       		.uleb128 0xb
 1638 00af 3B       		.uleb128 0x3b
 1639 00b0 05       		.uleb128 0x5
 1640 00b1 49       		.uleb128 0x49
 1641 00b2 13       		.uleb128 0x13
 1642 00b3 38       		.uleb128 0x38
 1643 00b4 0B       		.uleb128 0xb
 1644 00b5 00       		.byte	0
 1645 00b6 00       		.byte	0
 1646 00b7 10       		.uleb128 0x10
 1647 00b8 13       		.uleb128 0x13
 1648 00b9 01       		.byte	0x1
 1649 00ba 03       		.uleb128 0x3
 1650 00bb 0E       		.uleb128 0xe
 1651 00bc 0B       		.uleb128 0xb
 1652 00bd 0B       		.uleb128 0xb
 1653 00be 3A       		.uleb128 0x3a
 1654 00bf 0B       		.uleb128 0xb
 1655 00c0 3B       		.uleb128 0x3b
 1656 00c1 05       		.uleb128 0x5
 1657 00c2 01       		.uleb128 0x1
 1658 00c3 13       		.uleb128 0x13
 1659 00c4 00       		.byte	0
 1660 00c5 00       		.byte	0
 1661 00c6 11       		.uleb128 0x11
ARM GAS  C:\Users\giris\AppData\Local\Temp\ccFhE64B.s 			page 31


 1662 00c7 01       		.uleb128 0x1
 1663 00c8 01       		.byte	0x1
 1664 00c9 49       		.uleb128 0x49
 1665 00ca 13       		.uleb128 0x13
 1666 00cb 01       		.uleb128 0x1
 1667 00cc 13       		.uleb128 0x13
 1668 00cd 00       		.byte	0
 1669 00ce 00       		.byte	0
 1670 00cf 12       		.uleb128 0x12
 1671 00d0 21       		.uleb128 0x21
 1672 00d1 00       		.byte	0
 1673 00d2 00       		.byte	0
 1674 00d3 00       		.byte	0
 1675 00d4 13       		.uleb128 0x13
 1676 00d5 26       		.uleb128 0x26
 1677 00d6 00       		.byte	0
 1678 00d7 49       		.uleb128 0x49
 1679 00d8 13       		.uleb128 0x13
 1680 00d9 00       		.byte	0
 1681 00da 00       		.byte	0
 1682 00db 14       		.uleb128 0x14
 1683 00dc 21       		.uleb128 0x21
 1684 00dd 00       		.byte	0
 1685 00de 49       		.uleb128 0x49
 1686 00df 13       		.uleb128 0x13
 1687 00e0 2F       		.uleb128 0x2f
 1688 00e1 0B       		.uleb128 0xb
 1689 00e2 00       		.byte	0
 1690 00e3 00       		.byte	0
 1691 00e4 15       		.uleb128 0x15
 1692 00e5 34       		.uleb128 0x34
 1693 00e6 00       		.byte	0
 1694 00e7 03       		.uleb128 0x3
 1695 00e8 0E       		.uleb128 0xe
 1696 00e9 3A       		.uleb128 0x3a
 1697 00ea 0B       		.uleb128 0xb
 1698 00eb 3B       		.uleb128 0x3b
 1699 00ec 05       		.uleb128 0x5
 1700 00ed 49       		.uleb128 0x49
 1701 00ee 13       		.uleb128 0x13
 1702 00ef 02       		.uleb128 0x2
 1703 00f0 18       		.uleb128 0x18
 1704 00f1 00       		.byte	0
 1705 00f2 00       		.byte	0
 1706 00f3 16       		.uleb128 0x16
 1707 00f4 34       		.uleb128 0x34
 1708 00f5 00       		.byte	0
 1709 00f6 03       		.uleb128 0x3
 1710 00f7 0E       		.uleb128 0xe
 1711 00f8 3A       		.uleb128 0x3a
 1712 00f9 0B       		.uleb128 0xb
 1713 00fa 3B       		.uleb128 0x3b
 1714 00fb 0B       		.uleb128 0xb
 1715 00fc 49       		.uleb128 0x49
 1716 00fd 13       		.uleb128 0x13
 1717 00fe 3F       		.uleb128 0x3f
 1718 00ff 19       		.uleb128 0x19
ARM GAS  C:\Users\giris\AppData\Local\Temp\ccFhE64B.s 			page 32


 1719 0100 02       		.uleb128 0x2
 1720 0101 18       		.uleb128 0x18
 1721 0102 00       		.byte	0
 1722 0103 00       		.byte	0
 1723 0104 17       		.uleb128 0x17
 1724 0105 34       		.uleb128 0x34
 1725 0106 00       		.byte	0
 1726 0107 03       		.uleb128 0x3
 1727 0108 0E       		.uleb128 0xe
 1728 0109 3A       		.uleb128 0x3a
 1729 010a 0B       		.uleb128 0xb
 1730 010b 3B       		.uleb128 0x3b
 1731 010c 05       		.uleb128 0x5
 1732 010d 49       		.uleb128 0x49
 1733 010e 13       		.uleb128 0x13
 1734 010f 3F       		.uleb128 0x3f
 1735 0110 19       		.uleb128 0x19
 1736 0111 02       		.uleb128 0x2
 1737 0112 18       		.uleb128 0x18
 1738 0113 00       		.byte	0
 1739 0114 00       		.byte	0
 1740 0115 18       		.uleb128 0x18
 1741 0116 34       		.uleb128 0x34
 1742 0117 00       		.byte	0
 1743 0118 03       		.uleb128 0x3
 1744 0119 0E       		.uleb128 0xe
 1745 011a 3A       		.uleb128 0x3a
 1746 011b 0B       		.uleb128 0xb
 1747 011c 3B       		.uleb128 0x3b
 1748 011d 0B       		.uleb128 0xb
 1749 011e 49       		.uleb128 0x49
 1750 011f 13       		.uleb128 0x13
 1751 0120 3F       		.uleb128 0x3f
 1752 0121 19       		.uleb128 0x19
 1753 0122 3C       		.uleb128 0x3c
 1754 0123 19       		.uleb128 0x19
 1755 0124 00       		.byte	0
 1756 0125 00       		.byte	0
 1757 0126 19       		.uleb128 0x19
 1758 0127 21       		.uleb128 0x21
 1759 0128 00       		.byte	0
 1760 0129 49       		.uleb128 0x49
 1761 012a 13       		.uleb128 0x13
 1762 012b 2F       		.uleb128 0x2f
 1763 012c 05       		.uleb128 0x5
 1764 012d 00       		.byte	0
 1765 012e 00       		.byte	0
 1766 012f 00       		.byte	0
 1767              		.section	.debug_aranges,"",%progbits
 1768 0000 14000000 		.4byte	0x14
 1769 0004 0200     		.2byte	0x2
 1770 0006 00000000 		.4byte	.Ldebug_info0
 1771 000a 04       		.byte	0x4
 1772 000b 00       		.byte	0
 1773 000c 0000     		.2byte	0
 1774 000e 0000     		.2byte	0
 1775 0010 00000000 		.4byte	0
ARM GAS  C:\Users\giris\AppData\Local\Temp\ccFhE64B.s 			page 33


 1776 0014 00000000 		.4byte	0
 1777              		.section	.debug_line,"",%progbits
 1778              	.Ldebug_line0:
 1779 0000 38010000 		.section	.debug_str,"MS",%progbits,1
 1779      02003201 
 1779      00000201 
 1779      FB0E0D00 
 1779      01010101 
 1780              	.LASF46:
 1781 0000 6E657874 		.ascii	"next\000"
 1781      00
 1782              	.LASF83:
 1783 0005 45455F74 		.ascii	"EE_th_terminate_nextask\000"
 1783      685F7465 
 1783      726D696E 
 1783      6174655F 
 1783      6E657874 
 1784              	.LASF24:
 1785 001d 5469636B 		.ascii	"TickType\000"
 1785      54797065 
 1785      00
 1786              	.LASF84:
 1787 0026 45455F73 		.ascii	"EE_stkfirst\000"
 1787      746B6669 
 1787      72737400 
 1788              	.LASF26:
 1789 0032 41637469 		.ascii	"ActionType\000"
 1789      6F6E5479 
 1789      706500
 1790              	.LASF19:
 1791 003d 45455F54 		.ascii	"EE_TYPEBOOL\000"
 1791      59504542 
 1791      4F4F4C00 
 1792              	.LASF109:
 1793 0049 45455F63 		.ascii	"EE_cortex_mx_IRQ_tos\000"
 1793      6F727465 
 1793      785F6D78 
 1793      5F495251 
 1793      5F746F73 
 1794              	.LASF7:
 1795 005e 6C6F6E67 		.ascii	"long long unsigned int\000"
 1795      206C6F6E 
 1795      6720756E 
 1795      7369676E 
 1795      65642069 
 1796              	.LASF45:
 1797 0075 64656C74 		.ascii	"delta\000"
 1797      6100
 1798              	.LASF42:
 1799 007b 45455F6F 		.ascii	"EE_oo_counter_object_ROM_type\000"
 1799      6F5F636F 
 1799      756E7465 
 1799      725F6F62 
 1799      6A656374 
 1800              	.LASF89:
 1801 0099 45455F72 		.ascii	"EE_rq_pairs_next\000"
 1801      715F7061 
ARM GAS  C:\Users\giris\AppData\Local\Temp\ccFhE64B.s 			page 34


 1801      6972735F 
 1801      6E657874 
 1801      00
 1802              	.LASF22:
 1803 00aa 5461736B 		.ascii	"TaskType\000"
 1803      54797065 
 1803      00
 1804              	.LASF61:
 1805 00b3 45455F54 		.ascii	"EE_TOS\000"
 1805      4F5300
 1806              	.LASF29:
 1807 00ba 6D617861 		.ascii	"maxallowedvalue\000"
 1807      6C6C6F77 
 1807      65647661 
 1807      6C756500 
 1808              	.LASF115:
 1809 00ca 45455F6F 		.ascii	"EE_oo_autostart_task_mode_OSDEFAULTAPPMODE\000"
 1809      6F5F6175 
 1809      746F7374 
 1809      6172745F 
 1809      7461736B 
 1810              	.LASF79:
 1811 00f5 45455F41 		.ascii	"EE_ALARM_ID\000"
 1811      4C41524D 
 1811      5F494400 
 1812              	.LASF6:
 1813 0101 6C6F6E67 		.ascii	"long long int\000"
 1813      206C6F6E 
 1813      6720696E 
 1813      7400
 1814              	.LASF0:
 1815 010f 7369676E 		.ascii	"signed char\000"
 1815      65642063 
 1815      68617200 
 1816              	.LASF52:
 1817 011b 45455F6F 		.ascii	"EE_oo_action_kind_type\000"
 1817      6F5F6163 
 1817      74696F6E 
 1817      5F6B696E 
 1817      645F7479 
 1818              	.LASF23:
 1819 0132 4576656E 		.ascii	"EventMaskType\000"
 1819      744D6173 
 1819      6B547970 
 1819      6500
 1820              	.LASF76:
 1821 0140 45455F45 		.ascii	"EE_EVENT_NAME\000"
 1821      56454E54 
 1821      5F4E414D 
 1821      4500
 1822              	.LASF100:
 1823 014e 45455F61 		.ascii	"EE_alarm_ROM\000"
 1823      6C61726D 
 1823      5F524F4D 
 1823      00
 1824              	.LASF70:
 1825 015b 45455F63 		.ascii	"EE_cortex_mx_active_tos\000"
ARM GAS  C:\Users\giris\AppData\Local\Temp\ccFhE64B.s 			page 35


 1825      6F727465 
 1825      785F6D78 
 1825      5F616374 
 1825      6976655F 
 1826              	.LASF35:
 1827 0173 45455F6F 		.ascii	"EE_oo_counter_RAM_type\000"
 1827      6F5F636F 
 1827      756E7465 
 1827      725F5241 
 1827      4D5F7479 
 1828              	.LASF78:
 1829 018a 45455F45 		.ascii	"EE_EVENT_ID\000"
 1829      56454E54 
 1829      5F494400 
 1830              	.LASF4:
 1831 0196 6C6F6E67 		.ascii	"long int\000"
 1831      20696E74 
 1831      00
 1832              	.LASF87:
 1833 019f 45455F72 		.ascii	"EE_rq_queues_head\000"
 1833      715F7175 
 1833      65756573 
 1833      5F686561 
 1833      6400
 1834              	.LASF105:
 1835 01b1 45455F6F 		.ascii	"EE_oo_IRQ_suspend_status\000"
 1835      6F5F4952 
 1835      515F7375 
 1835      7370656E 
 1835      645F7374 
 1836              	.LASF107:
 1837 01ca 45455F73 		.ascii	"EE_std_endcycle_next_tid\000"
 1837      74645F65 
 1837      6E646379 
 1837      636C655F 
 1837      6E657874 
 1838              	.LASF31:
 1839 01e3 6D696E63 		.ascii	"mincycle\000"
 1839      79636C65 
 1839      00
 1840              	.LASF20:
 1841 01ec 45455F54 		.ascii	"EE_TID\000"
 1841      494400
 1842              	.LASF33:
 1843 01f3 76616C75 		.ascii	"value\000"
 1843      6500
 1844              	.LASF8:
 1845 01f9 756E7369 		.ascii	"unsigned int\000"
 1845      676E6564 
 1845      20696E74 
 1845      00
 1846              	.LASF16:
 1847 0206 45455F55 		.ascii	"EE_UREG\000"
 1847      52454700 
 1848              	.LASF60:
 1849 020e 45455F6F 		.ascii	"EE_oo_alarm_ROM_type\000"
 1849      6F5F616C 
ARM GAS  C:\Users\giris\AppData\Local\Temp\ccFhE64B.s 			page 36


 1849      61726D5F 
 1849      524F4D5F 
 1849      74797065 
 1850              	.LASF77:
 1851 0223 45455F41 		.ascii	"EE_ALARM_NAME\000"
 1851      4C41524D 
 1851      5F4E414D 
 1851      4500
 1852              	.LASF5:
 1853 0231 6C6F6E67 		.ascii	"long unsigned int\000"
 1853      20756E73 
 1853      69676E65 
 1853      6420696E 
 1853      7400
 1854              	.LASF95:
 1855 0243 45455F74 		.ascii	"EE_th_waswaiting\000"
 1855      685F7761 
 1855      73776169 
 1855      74696E67 
 1855      00
 1856              	.LASF62:
 1857 0254 45455F6F 		.ascii	"EE_oo_autostart_task_type\000"
 1857      6F5F6175 
 1857      746F7374 
 1857      6172745F 
 1857      7461736B 
 1858              	.LASF41:
 1859 026e 6B696E64 		.ascii	"kind\000"
 1859      00
 1860              	.LASF3:
 1861 0273 73686F72 		.ascii	"short unsigned int\000"
 1861      7420756E 
 1861      7369676E 
 1861      65642069 
 1861      6E7400
 1862              	.LASF104:
 1863 0286 45455F6F 		.ascii	"EE_oo_IRQ_disable_count\000"
 1863      6F5F4952 
 1863      515F6469 
 1863      7361626C 
 1863      655F636F 
 1864              	.LASF38:
 1865 029e 45455F6F 		.ascii	"EE_oo_counter_object_kind_type\000"
 1865      6F5F636F 
 1865      756E7465 
 1865      725F6F62 
 1865      6A656374 
 1866              	.LASF80:
 1867 02bd 45455F74 		.ascii	"EE_th_status\000"
 1867      685F7374 
 1867      61747573 
 1867      00
 1868              	.LASF39:
 1869 02ca 436F756E 		.ascii	"CounterObjectKindType\000"
 1869      7465724F 
 1869      626A6563 
 1869      744B696E 
ARM GAS  C:\Users\giris\AppData\Local\Temp\ccFhE64B.s 			page 37


 1869      64547970 
 1870              	.LASF73:
 1871 02e0 45455F74 		.ascii	"EE_th_dispatch_prio\000"
 1871      685F6469 
 1871      73706174 
 1871      63685F70 
 1871      72696F00 
 1872              	.LASF111:
 1873 02f4 45455F63 		.ascii	"EE_cortex_mx_stack_9\000"
 1873      6F727465 
 1873      785F6D78 
 1873      5F737461 
 1873      636B5F39 
 1874              	.LASF14:
 1875 0309 45455F56 		.ascii	"EE_VOID_CALLBACK\000"
 1875      4F49445F 
 1875      43414C4C 
 1875      4241434B 
 1875      00
 1876              	.LASF27:
 1877 031a 436F756E 		.ascii	"CounterType\000"
 1877      74657254 
 1877      79706500 
 1878              	.LASF98:
 1879 0326 45455F6F 		.ascii	"EE_oo_counter_object_ROM\000"
 1879      6F5F636F 
 1879      756E7465 
 1879      725F6F62 
 1879      6A656374 
 1880              	.LASF59:
 1881 033f 61637469 		.ascii	"action_id\000"
 1881      6F6E5F69 
 1881      6400
 1882              	.LASF106:
 1883 0349 45455F41 		.ascii	"EE_ApplicationMode\000"
 1883      70706C69 
 1883      63617469 
 1883      6F6E4D6F 
 1883      646500
 1884              	.LASF99:
 1885 035c 45455F6F 		.ascii	"EE_oo_action_ROM\000"
 1885      6F5F6163 
 1885      74696F6E 
 1885      5F524F4D 
 1885      00
 1886              	.LASF21:
 1887 036d 45455F54 		.ascii	"EE_TYPE_RQ_MASK\000"
 1887      5950455F 
 1887      52515F4D 
 1887      41534B00 
 1888              	.LASF64:
 1889 037d 73697A65 		.ascii	"sizetype\000"
 1889      74797065 
 1889      00
 1890              	.LASF9:
 1891 0386 6C6F6E67 		.ascii	"long double\000"
 1891      20646F75 
ARM GAS  C:\Users\giris\AppData\Local\Temp\ccFhE64B.s 			page 38


 1891      626C6500 
 1892              	.LASF92:
 1893 0392 45455F72 		.ascii	"EE_rq_free\000"
 1893      715F6672 
 1893      656500
 1894              	.LASF86:
 1895 039d 45455F72 		.ascii	"EE_rq_link\000"
 1895      715F6C69 
 1895      6E6B00
 1896              	.LASF17:
 1897 03a8 45455F53 		.ascii	"EE_SREG\000"
 1897      52454700 
 1898              	.LASF30:
 1899 03b0 7469636B 		.ascii	"ticksperbase\000"
 1899      73706572 
 1899      62617365 
 1899      00
 1900              	.LASF43:
 1901 03bd 75736564 		.ascii	"used\000"
 1901      00
 1902              	.LASF47:
 1903 03c2 45455F6F 		.ascii	"EE_oo_counter_object_RAM_type\000"
 1903      6F5F636F 
 1903      756E7465 
 1903      725F6F62 
 1903      6A656374 
 1904              	.LASF97:
 1905 03e0 45455F63 		.ascii	"EE_counter_ROM\000"
 1905      6F756E74 
 1905      65725F52 
 1905      4F4D00
 1906              	.LASF58:
 1907 03ef 45455F6F 		.ascii	"EE_oo_action_ROM_type\000"
 1907      6F5F6163 
 1907      74696F6E 
 1907      5F524F4D 
 1907      5F747970 
 1908              	.LASF10:
 1909 0405 45455F55 		.ascii	"EE_UINT16\000"
 1909      494E5431 
 1909      3600
 1910              	.LASF37:
 1911 040f 45455F53 		.ascii	"EE_SCHEDULETABLE\000"
 1911      43484544 
 1911      554C4554 
 1911      41424C45 
 1911      00
 1912              	.LASF69:
 1913 0420 45455F63 		.ascii	"EE_cortex_mx_system_tos\000"
 1913      6F727465 
 1913      785F6D78 
 1913      5F737973 
 1913      74656D5F 
 1914              	.LASF1:
 1915 0438 756E7369 		.ascii	"unsigned char\000"
 1915      676E6564 
 1915      20636861 
ARM GAS  C:\Users\giris\AppData\Local\Temp\ccFhE64B.s 			page 39


 1915      7200
 1916              	.LASF36:
 1917 0446 45455F41 		.ascii	"EE_ALARM\000"
 1917      4C41524D 
 1917      00
 1918              	.LASF81:
 1919 044f 45455F74 		.ascii	"EE_th_next\000"
 1919      685F6E65 
 1919      787400
 1920              	.LASF68:
 1921 045a 45455F74 		.ascii	"EE_terminate_real_th_body\000"
 1921      65726D69 
 1921      6E617465 
 1921      5F726561 
 1921      6C5F7468 
 1922              	.LASF57:
 1923 0474 696E6363 		.ascii	"inccount\000"
 1923      6F756E74 
 1923      00
 1924              	.LASF2:
 1925 047d 73686F72 		.ascii	"short int\000"
 1925      7420696E 
 1925      7400
 1926              	.LASF94:
 1927 0487 45455F74 		.ascii	"EE_th_event_waitmask\000"
 1927      685F6576 
 1927      656E745F 
 1927      77616974 
 1927      6D61736B 
 1928              	.LASF110:
 1929 049c 45455F63 		.ascii	"EE_cortex_mx_stack_3\000"
 1929      6F727465 
 1929      785F6D78 
 1929      5F737461 
 1929      636B5F33 
 1930              	.LASF75:
 1931 04b1 45455F54 		.ascii	"EE_TASK_NAME\000"
 1931      41534B5F 
 1931      4E414D45 
 1931      00
 1932              	.LASF32:
 1933 04be 45455F6F 		.ascii	"EE_oo_counter_ROM_type\000"
 1933      6F5F636F 
 1933      756E7465 
 1933      725F524F 
 1933      4D5F7479 
 1934              	.LASF112:
 1935 04d5 474E5520 		.ascii	"GNU C11 5.4.1 20160609 (release) [ARM/embedded-5-br"
 1935      43313120 
 1935      352E342E 
 1935      31203230 
 1935      31363036 
 1936 0508 616E6368 		.ascii	"anch revision 237715] -mcpu=cortex-m3 -mthumb -g -O"
 1936      20726576 
 1936      6973696F 
 1936      6E203233 
 1936      37373135 
ARM GAS  C:\Users\giris\AppData\Local\Temp\ccFhE64B.s 			page 40


 1937 053b 67202D66 		.ascii	"g -ffunction-sections -ffat-lto-objects\000"
 1937      66756E63 
 1937      74696F6E 
 1937      2D736563 
 1937      74696F6E 
 1938              	.LASF56:
 1939 0563 61637469 		.ascii	"action_mask\000"
 1939      6F6E5F6D 
 1939      61736B00 
 1940              	.LASF15:
 1941 056f 45455F54 		.ascii	"EE_THREAD_PTR\000"
 1941      48524541 
 1941      445F5054 
 1941      5200
 1942              	.LASF88:
 1943 057d 45455F72 		.ascii	"EE_rq_queues_tail\000"
 1943      715F7175 
 1943      65756573 
 1943      5F746169 
 1943      6C00
 1944              	.LASF66:
 1945 058f 45455F73 		.ascii	"EE_std_thread_tos\000"
 1945      74645F74 
 1945      68726561 
 1945      645F746F 
 1945      7300
 1946              	.LASF51:
 1947 05a1 45455F41 		.ascii	"EE_ACTION_CALLBACK\000"
 1947      4354494F 
 1947      4E5F4341 
 1947      4C4C4241 
 1947      434B00
 1948              	.LASF91:
 1949 05b4 45455F72 		.ascii	"EE_rq_bitmask\000"
 1949      715F6269 
 1949      746D6173 
 1949      6B00
 1950              	.LASF34:
 1951 05c2 66697273 		.ascii	"first\000"
 1951      7400
 1952              	.LASF25:
 1953 05c8 436F756E 		.ascii	"CounterObjectType\000"
 1953      7465724F 
 1953      626A6563 
 1953      74547970 
 1953      6500
 1954              	.LASF74:
 1955 05da 63686172 		.ascii	"char\000"
 1955      00
 1956              	.LASF48:
 1957 05df 45455F41 		.ascii	"EE_ACTION_TASK\000"
 1957      4354494F 
 1957      4E5F5441 
 1957      534B00
 1958              	.LASF71:
 1959 05ee 45455F74 		.ascii	"EE_th_rnact_max\000"
 1959      685F726E 
ARM GAS  C:\Users\giris\AppData\Local\Temp\ccFhE64B.s 			page 41


 1959      6163745F 
 1959      6D617800 
 1960              	.LASF50:
 1961 05fe 45455F41 		.ascii	"EE_ACTION_COUNTER\000"
 1961      4354494F 
 1961      4E5F434F 
 1961      554E5445 
 1961      5200
 1962              	.LASF101:
 1963 0610 45455F63 		.ascii	"EE_counter_RAM\000"
 1963      6F756E74 
 1963      65725F52 
 1963      414D00
 1964              	.LASF40:
 1965 061f 73706563 		.ascii	"spec_id\000"
 1965      5F696400 
 1966              	.LASF49:
 1967 0627 45455F41 		.ascii	"EE_ACTION_EVENT\000"
 1967      4354494F 
 1967      4E5F4556 
 1967      454E5400 
 1968              	.LASF65:
 1969 0637 45455F68 		.ascii	"EE_hal_thread_body\000"
 1969      616C5F74 
 1969      68726561 
 1969      645F626F 
 1969      647900
 1970              	.LASF85:
 1971 064a 45455F73 		.ascii	"EE_sys_ceiling\000"
 1971      79735F63 
 1971      65696C69 
 1971      6E6700
 1972              	.LASF54:
 1973 0659 61637469 		.ascii	"action_kind\000"
 1973      6F6E5F6B 
 1973      696E6400 
 1974              	.LASF63:
 1975 0665 7461736B 		.ascii	"task\000"
 1975      00
 1976              	.LASF114:
 1977 066a 433A5C55 		.ascii	"C:\\Users\\giris\\OneDrive\\Documents\\PSoC Creator"
 1977      73657273 
 1977      5C676972 
 1977      69735C4F 
 1977      6E654472 
 1978 0698 5C457269 		.ascii	"\\Erika_OS_ReactionGame\\Erika_Reaction_Game.cydsn\000"
 1978      6B615F4F 
 1978      535F5265 
 1978      61637469 
 1978      6F6E4761 
 1979              	.LASF102:
 1980 06c9 45455F6F 		.ascii	"EE_oo_counter_object_RAM\000"
 1980      6F5F636F 
 1980      756E7465 
 1980      725F6F62 
 1980      6A656374 
 1981              	.LASF53:
ARM GAS  C:\Users\giris\AppData\Local\Temp\ccFhE64B.s 			page 42


 1982 06e2 41637469 		.ascii	"ActionKindType\000"
 1982      6F6E4B69 
 1982      6E645479 
 1982      706500
 1983              	.LASF72:
 1984 06f1 45455F74 		.ascii	"EE_th_ready_prio\000"
 1984      685F7265 
 1984      6164795F 
 1984      7072696F 
 1984      00
 1985              	.LASF82:
 1986 0702 45455F74 		.ascii	"EE_th_rnact\000"
 1986      685F726E 
 1986      61637400 
 1987              	.LASF90:
 1988 070e 45455F72 		.ascii	"EE_rq_pairs_tid\000"
 1988      715F7061 
 1988      6972735F 
 1988      74696400 
 1989              	.LASF108:
 1990 071e 45455F49 		.ascii	"EE_IRQ_nesting_level\000"
 1990      52515F6E 
 1990      65737469 
 1990      6E675F6C 
 1990      6576656C 
 1991              	.LASF12:
 1992 0733 45455F55 		.ascii	"EE_UINT32\000"
 1992      494E5433 
 1992      3200
 1993              	.LASF11:
 1994 073d 45455F49 		.ascii	"EE_INT32\000"
 1994      4E543332 
 1994      00
 1995              	.LASF67:
 1996 0746 45455F74 		.ascii	"EE_terminate_data\000"
 1996      65726D69 
 1996      6E617465 
 1996      5F646174 
 1996      6100
 1997              	.LASF113:
 1998 0758 47656E65 		.ascii	"Generated_Source\\PSoC5\\ErikaOS_1_eecfg.c\000"
 1998      72617465 
 1998      645F536F 
 1998      75726365 
 1998      5C50536F 
 1999              	.LASF93:
 2000 0781 45455F74 		.ascii	"EE_th_event_active\000"
 2000      685F6576 
 2000      656E745F 
 2000      61637469 
 2000      766500
 2001              	.LASF44:
 2002 0794 636E7463 		.ascii	"cntcycle\000"
 2002      79636C65 
 2002      00
 2003              	.LASF28:
 2004 079d 5359535F 		.ascii	"SYS_tos\000"
ARM GAS  C:\Users\giris\AppData\Local\Temp\ccFhE64B.s 			page 43


 2004      746F7300 
 2005              	.LASF55:
 2006 07a5 61637469 		.ascii	"action_task\000"
 2006      6F6E5F74 
 2006      61736B00 
 2007              	.LASF13:
 2008 07b1 45455F41 		.ascii	"EE_ADDR\000"
 2008      44445200 
 2009              	.LASF96:
 2010 07b9 45455F74 		.ascii	"EE_th_is_extended\000"
 2010      685F6973 
 2010      5F657874 
 2010      656E6465 
 2010      6400
 2011              	.LASF18:
 2012 07cb 45455F46 		.ascii	"EE_FREG\000"
 2012      52454700 
 2013              	.LASF103:
 2014 07d3 45455F6F 		.ascii	"EE_oo_autostart_task_data\000"
 2014      6F5F6175 
 2014      746F7374 
 2014      6172745F 
 2014      7461736B 
 2015              		.ident	"GCC: (GNU Tools for ARM Embedded Processors) 5.4.1 20160609 (release) [ARM/embedded-5-bran
