ARM GAS  C:\Users\giris\AppData\Local\Temp\ccwQIaMu.s 			page 1


   1              		.syntax unified
   2              		.cpu cortex-m3
   3              		.fpu softvfp
   4              		.eabi_attribute 20, 1
   5              		.eabi_attribute 21, 1
   6              		.eabi_attribute 23, 3
   7              		.eabi_attribute 24, 1
   8              		.eabi_attribute 25, 1
   9              		.eabi_attribute 26, 1
  10              		.eabi_attribute 30, 1
  11              		.eabi_attribute 34, 1
  12              		.eabi_attribute 18, 4
  13              		.thumb
  14              		.syntax unified
  15              		.file	"fader.c"
  16              		.text
  17              	.Ltext0:
  18              		.cfi_sections	.debug_frame
  19              		.section	.text.Fader_Set,"ax",%progbits
  20              		.align	2
  21              		.global	Fader_Set
  22              		.thumb
  23              		.thumb_func
  24              		.type	Fader_Set, %function
  25              	Fader_Set:
  26              	.LFB110:
  27              		.file 1 "source\\bsw\\fader.c"
   1:source\bsw/fader.c **** /**
   2:source\bsw/fader.c **** * \file <filename>
   3:source\bsw/fader.c **** * \author <author-name>
   4:source\bsw/fader.c **** * \date <date>
   5:source\bsw/fader.c **** *
   6:source\bsw/fader.c **** * \brief <Symbolic File name>
   7:source\bsw/fader.c **** *
   8:source\bsw/fader.c **** * \copyright Copyright ©2016
   9:source\bsw/fader.c **** * Department of electrical engineering and information technology, Hochschule Darmstadt - Universit
  10:source\bsw/fader.c **** * Permission to use, copy, modify, and distribute this software and its documentation for education
  11:source\bsw/fader.c **** * (unless permitted by h_da) and official h_da projects, is hereby granted for enrolled students of
  12:source\bsw/fader.c **** * this paragraph and the following paragraph appear in all copies, modifications, and distributions
  13:source\bsw/fader.c **** * Contact Prof.Dr.-Ing. Peter Fromm, peter.fromm@h-da.de, Birkenweg 8 64295 Darmstadt - GERMANY for
  14:source\bsw/fader.c **** *
  15:source\bsw/fader.c **** * \warning This software is a PROTOTYPE version and is not designed or intended for use in producti
  16:source\bsw/fader.c **** * The user represents and warrants that it will NOT use or redistribute the Software for such purpo
  17:source\bsw/fader.c **** * This prototype is for research purposes only. This software is provided "AS IS," without a warran
  18:source\bsw/fader.c **** */
  19:source\bsw/fader.c **** 
  20:source\bsw/fader.c **** /*****************************************************************************/
  21:source\bsw/fader.c **** /* Include files                                                             */
  22:source\bsw/fader.c **** /*****************************************************************************/
  23:source\bsw/fader.c **** #include "fader.h"
  24:source\bsw/fader.c **** #include "project.h"
  25:source\bsw/fader.c **** /*****************************************************************************/
  26:source\bsw/fader.c **** /* Local pre-processor symbols/macros ('#define')                            */
  27:source\bsw/fader.c **** /*****************************************************************************/
  28:source\bsw/fader.c **** 
  29:source\bsw/fader.c **** /*****************************************************************************/
  30:source\bsw/fader.c **** /* Global variable definitions (declared in header file with 'extern')       */
ARM GAS  C:\Users\giris\AppData\Local\Temp\ccwQIaMu.s 			page 2


  31:source\bsw/fader.c **** /*****************************************************************************/
  32:source\bsw/fader.c **** 
  33:source\bsw/fader.c **** /*****************************************************************************/
  34:source\bsw/fader.c **** /* Local type definitions ('typedef')                                        */
  35:source\bsw/fader.c **** /*****************************************************************************/
  36:source\bsw/fader.c **** 
  37:source\bsw/fader.c **** /*****************************************************************************/
  38:source\bsw/fader.c **** /* Local variable definitions ('static')                                     */
  39:source\bsw/fader.c **** /*****************************************************************************/
  40:source\bsw/fader.c **** 
  41:source\bsw/fader.c **** /*****************************************************************************/
  42:source\bsw/fader.c **** /* Local function prototypes ('static')                                      */
  43:source\bsw/fader.c **** /*****************************************************************************/
  44:source\bsw/fader.c **** 
  45:source\bsw/fader.c **** 
  46:source\bsw/fader.c **** /*****************************************************************************/
  47:source\bsw/fader.c **** /* Function implementation - global ('extern') and local ('static')          */
  48:source\bsw/fader.c **** /*****************************************************************************/
  49:source\bsw/fader.c **** const static uint16 LED__Pulse_Width[256] = {
  50:source\bsw/fader.c ****     0, 1, 1, 1, 1, 1, 1, 1, 1, 2, 2, 2, 2, 2, 2, 2, 2, 2, 2, 2, 2, 3,
  51:source\bsw/fader.c ****     3, 3, 3, 3, 3, 3, 4, 4, 4, 4, 4, 4, 5, 5, 5, 5, 5, 6, 6, 6, 6, 7,
  52:source\bsw/fader.c ****     7, 7, 8, 8, 8, 9, 9, 10, 10, 10, 11, 11, 12, 12, 13, 13, 14, 15,
  53:source\bsw/fader.c ****     15, 16, 17, 17, 18, 19, 20, 21, 22, 23, 24, 25, 26, 27, 28, 29,
  54:source\bsw/fader.c ****     31, 32, 33, 35, 36, 38, 40, 41, 43, 45, 47, 49, 52, 54, 56, 59,
  55:source\bsw/fader.c ****     61, 64, 67, 70, 73, 76, 79, 83, 87, 91, 95, 99, 103, 108, 112,
  56:source\bsw/fader.c ****     117, 123, 128, 134, 140, 146, 152, 159, 166, 173, 181, 189, 197,
  57:source\bsw/fader.c ****     206, 215, 225, 235, 245, 256, 267, 279, 292, 304, 318, 332, 347,
  58:source\bsw/fader.c ****     362, 378, 395, 412, 431, 450, 470, 490, 512, 535, 558, 583, 609,
  59:source\bsw/fader.c ****     636, 664, 693, 724, 756, 790, 825, 861, 899, 939, 981, 1024, 1069,
  60:source\bsw/fader.c ****     1117, 1166, 1218, 1272, 1328, 1387, 1448, 1512, 1579, 1649, 1722,
  61:source\bsw/fader.c ****     1798, 1878, 1961, 2048, 2139, 2233, 2332, 2435, 2543, 2656, 2773,
  62:source\bsw/fader.c ****     2896, 3025, 3158, 3298, 3444, 3597, 3756, 3922, 4096, 4277, 4467,
  63:source\bsw/fader.c ****     4664, 4871, 5087, 5312, 5547, 5793, 6049, 6317, 6596, 6889, 7194,
  64:source\bsw/fader.c ****     7512, 7845, 8192, 8555, 8933, 9329, 9742, 10173, 10624, 11094,
  65:source\bsw/fader.c ****     11585, 12098, 12634, 13193, 13777, 14387, 15024, 15689, 16384,
  66:source\bsw/fader.c ****     17109, 17867, 18658, 19484, 20346, 21247, 22188, 23170, 24196,
  67:source\bsw/fader.c ****     25267, 26386, 27554, 28774, 30048, 31378, 32768, 34218, 35733,
  68:source\bsw/fader.c ****     37315, 38967, 40693, 42494, 44376, 46340, 48392, 50534, 52772,
  69:source\bsw/fader.c ****     55108, 57548, 60096, 62757, 65535
  70:source\bsw/fader.c **** };
  71:source\bsw/fader.c **** 
  72:source\bsw/fader.c **** /*****************************************************************************/
  73:source\bsw/fader.c **** /* Function implementation - global ('extern') and local ('static')          */
  74:source\bsw/fader.c **** /*****************************************************************************/
  75:source\bsw/fader.c **** 
  76:source\bsw/fader.c **** /**
  77:source\bsw/fader.c ****  * This function performs the operation to sequence the RED, YELLOW, BLUE sequence in a Fader Patte
  78:source\bsw/fader.c ****  * @param none
  79:source\bsw/fader.c ****  * @return RC_SUCCESS if ok.
  80:source\bsw/fader.c ****  */
  81:source\bsw/fader.c **** RC_t Fader_Set()
  82:source\bsw/fader.c **** {
  28              		.loc 1 82 0
  29              		.cfi_startproc
  30              		@ args = 0, pretend = 0, frame = 0
  31              		@ frame_needed = 0, uses_anonymous_args = 0
  32 0000 38B5     		push	{r3, r4, r5, lr}
ARM GAS  C:\Users\giris\AppData\Local\Temp\ccwQIaMu.s 			page 3


  33              		.cfi_def_cfa_offset 16
  34              		.cfi_offset 3, -16
  35              		.cfi_offset 4, -12
  36              		.cfi_offset 5, -8
  37              		.cfi_offset 14, -4
  83:source\bsw/fader.c ****     static uint16_t Fader__Brightness = 0;
  84:source\bsw/fader.c ****     Fader__Brightness++;
  38              		.loc 1 84 0
  39 0002 2B4A     		ldr	r2, .L7
  40 0004 1388     		ldrh	r3, [r2]
  41 0006 0133     		adds	r3, r3, #1
  42 0008 9BB2     		uxth	r3, r3
  43 000a 1380     		strh	r3, [r2]	@ movhi
  85:source\bsw/fader.c ****     
  86:source\bsw/fader.c ****     if(Fader__Brightness >= 0 && Fader__Brightness < 255)
  44              		.loc 1 86 0
  45 000c FE2B     		cmp	r3, #254
  46 000e 13D8     		bhi	.L2
  87:source\bsw/fader.c ****     {
  88:source\bsw/fader.c ****         PWM_Led_Red_Start();
  47              		.loc 1 88 0
  48 0010 FFF7FEFF 		bl	PWM_Led_Red_Start
  49              	.LVL0:
  89:source\bsw/fader.c ****         PWM_Led_Red_WriteCompare(LED__Pulse_Width[Fader__Brightness]); //0 to 255
  50              		.loc 1 89 0
  51 0014 274C     		ldr	r4, .L7+4
  52 0016 264D     		ldr	r5, .L7
  53 0018 2B88     		ldrh	r3, [r5]
  54 001a 14F81300 		ldrb	r0, [r4, r3, lsl #1]	@ zero_extendqisi2
  55 001e FFF7FEFF 		bl	PWM_Led_Red_WriteCompare
  56              	.LVL1:
  90:source\bsw/fader.c ****         PWM_Led_Yellow_WriteCompare(0);
  57              		.loc 1 90 0
  58 0022 0020     		movs	r0, #0
  59 0024 FFF7FEFF 		bl	PWM_Led_Yellow_WriteCompare
  60              	.LVL2:
  91:source\bsw/fader.c ****         PWM_Led_Green_WriteCompare(LED__Pulse_Width[(255 - Fader__Brightness)]); //255 to 0
  61              		.loc 1 91 0
  62 0028 2B88     		ldrh	r3, [r5]
  63 002a C3F1FF03 		rsb	r3, r3, #255
  64 002e 14F81300 		ldrb	r0, [r4, r3, lsl #1]	@ zero_extendqisi2
  65 0032 FFF7FEFF 		bl	PWM_Led_Green_WriteCompare
  66              	.LVL3:
  67 0036 38E0     		b	.L3
  68              	.L2:
  92:source\bsw/fader.c ****     }
  93:source\bsw/fader.c ****     else if(Fader__Brightness >= 255 && Fader__Brightness < 510)
  69              		.loc 1 93 0
  70 0038 A3F1FF02 		sub	r2, r3, #255
  71 003c 92B2     		uxth	r2, r2
  72 003e FE2A     		cmp	r2, #254
  73 0040 14D8     		bhi	.L4
  94:source\bsw/fader.c ****     {
  95:source\bsw/fader.c ****         PWM_Led_Yellow_Start();
  74              		.loc 1 95 0
  75 0042 FFF7FEFF 		bl	PWM_Led_Yellow_Start
  76              	.LVL4:
ARM GAS  C:\Users\giris\AppData\Local\Temp\ccwQIaMu.s 			page 4


  96:source\bsw/fader.c ****         PWM_Led_Red_WriteCompare(LED__Pulse_Width[(510 - Fader__Brightness)]); //255 to 0
  77              		.loc 1 96 0
  78 0046 1A4D     		ldr	r5, .L7
  79 0048 2B88     		ldrh	r3, [r5]
  80 004a C3F5FF73 		rsb	r3, r3, #510
  81 004e 194C     		ldr	r4, .L7+4
  82 0050 14F81300 		ldrb	r0, [r4, r3, lsl #1]	@ zero_extendqisi2
  83 0054 FFF7FEFF 		bl	PWM_Led_Red_WriteCompare
  84              	.LVL5:
  97:source\bsw/fader.c ****         PWM_Led_Yellow_WriteCompare(LED__Pulse_Width[(Fader__Brightness - 255)]); //0 to 255
  85              		.loc 1 97 0
  86 0058 2B88     		ldrh	r3, [r5]
  87 005a FF3B     		subs	r3, r3, #255
  88 005c 14F81300 		ldrb	r0, [r4, r3, lsl #1]	@ zero_extendqisi2
  89 0060 FFF7FEFF 		bl	PWM_Led_Yellow_WriteCompare
  90              	.LVL6:
  98:source\bsw/fader.c ****         PWM_Led_Green_WriteCompare(0);
  91              		.loc 1 98 0
  92 0064 0020     		movs	r0, #0
  93 0066 FFF7FEFF 		bl	PWM_Led_Green_WriteCompare
  94              	.LVL7:
  95 006a 1EE0     		b	.L3
  96              	.L4:
  99:source\bsw/fader.c ****     }
 100:source\bsw/fader.c ****     else if(Fader__Brightness >= 510 && Fader__Brightness < 765)
  97              		.loc 1 100 0
  98 006c A3F5FF73 		sub	r3, r3, #510
  99 0070 9BB2     		uxth	r3, r3
 100 0072 FE2B     		cmp	r3, #254
 101 0074 16D8     		bhi	.L5
 101:source\bsw/fader.c ****     {
 102:source\bsw/fader.c ****         PWM_Led_Green_Start();
 102              		.loc 1 102 0
 103 0076 FFF7FEFF 		bl	PWM_Led_Green_Start
 104              	.LVL8:
 103:source\bsw/fader.c ****         PWM_Led_Red_WriteCompare(0);
 105              		.loc 1 103 0
 106 007a 0020     		movs	r0, #0
 107 007c FFF7FEFF 		bl	PWM_Led_Red_WriteCompare
 108              	.LVL9:
 104:source\bsw/fader.c ****         PWM_Led_Yellow_WriteCompare(LED__Pulse_Width[(765 - Fader__Brightness)]); //255 to 0
 109              		.loc 1 104 0
 110 0080 0B4D     		ldr	r5, .L7
 111 0082 2B88     		ldrh	r3, [r5]
 112 0084 C3F53F73 		rsb	r3, r3, #764
 113 0088 0133     		adds	r3, r3, #1
 114 008a 0A4C     		ldr	r4, .L7+4
 115 008c 14F81300 		ldrb	r0, [r4, r3, lsl #1]	@ zero_extendqisi2
 116 0090 FFF7FEFF 		bl	PWM_Led_Yellow_WriteCompare
 117              	.LVL10:
 105:source\bsw/fader.c ****         PWM_Led_Green_WriteCompare(LED__Pulse_Width[(Fader__Brightness - 510)]); //0 to 255
 118              		.loc 1 105 0
 119 0094 2B88     		ldrh	r3, [r5]
 120 0096 A3F5FF73 		sub	r3, r3, #510
 121 009a 14F81300 		ldrb	r0, [r4, r3, lsl #1]	@ zero_extendqisi2
 122 009e FFF7FEFF 		bl	PWM_Led_Green_WriteCompare
 123              	.LVL11:
ARM GAS  C:\Users\giris\AppData\Local\Temp\ccwQIaMu.s 			page 5


 124 00a2 02E0     		b	.L3
 125              	.L5:
 106:source\bsw/fader.c ****     }
 107:source\bsw/fader.c ****     else
 108:source\bsw/fader.c ****     {
 109:source\bsw/fader.c ****         Fader__Brightness = 0;
 126              		.loc 1 109 0
 127 00a4 0022     		movs	r2, #0
 128 00a6 024B     		ldr	r3, .L7
 129 00a8 1A80     		strh	r2, [r3]	@ movhi
 130              	.L3:
 110:source\bsw/fader.c ****     }
 111:source\bsw/fader.c ****     
 112:source\bsw/fader.c ****     return RC_SUCCESS;
 113:source\bsw/fader.c **** }
 131              		.loc 1 113 0
 132 00aa 0020     		movs	r0, #0
 133 00ac 38BD     		pop	{r3, r4, r5, pc}
 134              	.L8:
 135 00ae 00BF     		.align	2
 136              	.L7:
 137 00b0 00000000 		.word	.LANCHOR0
 138 00b4 00000000 		.word	.LANCHOR1
 139              		.cfi_endproc
 140              	.LFE110:
 141              		.size	Fader_Set, .-Fader_Set
 142              		.section	.rodata
 143              		.align	2
 144              		.set	.LANCHOR1,. + 0
 145              		.type	LED__Pulse_Width, %object
 146              		.size	LED__Pulse_Width, 512
 147              	LED__Pulse_Width:
 148 0000 0000     		.short	0
 149 0002 0100     		.short	1
 150 0004 0100     		.short	1
 151 0006 0100     		.short	1
 152 0008 0100     		.short	1
 153 000a 0100     		.short	1
 154 000c 0100     		.short	1
 155 000e 0100     		.short	1
 156 0010 0100     		.short	1
 157 0012 0200     		.short	2
 158 0014 0200     		.short	2
 159 0016 0200     		.short	2
 160 0018 0200     		.short	2
 161 001a 0200     		.short	2
 162 001c 0200     		.short	2
 163 001e 0200     		.short	2
 164 0020 0200     		.short	2
 165 0022 0200     		.short	2
 166 0024 0200     		.short	2
 167 0026 0200     		.short	2
 168 0028 0200     		.short	2
 169 002a 0300     		.short	3
 170 002c 0300     		.short	3
 171 002e 0300     		.short	3
 172 0030 0300     		.short	3
ARM GAS  C:\Users\giris\AppData\Local\Temp\ccwQIaMu.s 			page 6


 173 0032 0300     		.short	3
 174 0034 0300     		.short	3
 175 0036 0300     		.short	3
 176 0038 0400     		.short	4
 177 003a 0400     		.short	4
 178 003c 0400     		.short	4
 179 003e 0400     		.short	4
 180 0040 0400     		.short	4
 181 0042 0400     		.short	4
 182 0044 0500     		.short	5
 183 0046 0500     		.short	5
 184 0048 0500     		.short	5
 185 004a 0500     		.short	5
 186 004c 0500     		.short	5
 187 004e 0600     		.short	6
 188 0050 0600     		.short	6
 189 0052 0600     		.short	6
 190 0054 0600     		.short	6
 191 0056 0700     		.short	7
 192 0058 0700     		.short	7
 193 005a 0700     		.short	7
 194 005c 0800     		.short	8
 195 005e 0800     		.short	8
 196 0060 0800     		.short	8
 197 0062 0900     		.short	9
 198 0064 0900     		.short	9
 199 0066 0A00     		.short	10
 200 0068 0A00     		.short	10
 201 006a 0A00     		.short	10
 202 006c 0B00     		.short	11
 203 006e 0B00     		.short	11
 204 0070 0C00     		.short	12
 205 0072 0C00     		.short	12
 206 0074 0D00     		.short	13
 207 0076 0D00     		.short	13
 208 0078 0E00     		.short	14
 209 007a 0F00     		.short	15
 210 007c 0F00     		.short	15
 211 007e 1000     		.short	16
 212 0080 1100     		.short	17
 213 0082 1100     		.short	17
 214 0084 1200     		.short	18
 215 0086 1300     		.short	19
 216 0088 1400     		.short	20
 217 008a 1500     		.short	21
 218 008c 1600     		.short	22
 219 008e 1700     		.short	23
 220 0090 1800     		.short	24
 221 0092 1900     		.short	25
 222 0094 1A00     		.short	26
 223 0096 1B00     		.short	27
 224 0098 1C00     		.short	28
 225 009a 1D00     		.short	29
 226 009c 1F00     		.short	31
 227 009e 2000     		.short	32
 228 00a0 2100     		.short	33
 229 00a2 2300     		.short	35
ARM GAS  C:\Users\giris\AppData\Local\Temp\ccwQIaMu.s 			page 7


 230 00a4 2400     		.short	36
 231 00a6 2600     		.short	38
 232 00a8 2800     		.short	40
 233 00aa 2900     		.short	41
 234 00ac 2B00     		.short	43
 235 00ae 2D00     		.short	45
 236 00b0 2F00     		.short	47
 237 00b2 3100     		.short	49
 238 00b4 3400     		.short	52
 239 00b6 3600     		.short	54
 240 00b8 3800     		.short	56
 241 00ba 3B00     		.short	59
 242 00bc 3D00     		.short	61
 243 00be 4000     		.short	64
 244 00c0 4300     		.short	67
 245 00c2 4600     		.short	70
 246 00c4 4900     		.short	73
 247 00c6 4C00     		.short	76
 248 00c8 4F00     		.short	79
 249 00ca 5300     		.short	83
 250 00cc 5700     		.short	87
 251 00ce 5B00     		.short	91
 252 00d0 5F00     		.short	95
 253 00d2 6300     		.short	99
 254 00d4 6700     		.short	103
 255 00d6 6C00     		.short	108
 256 00d8 7000     		.short	112
 257 00da 7500     		.short	117
 258 00dc 7B00     		.short	123
 259 00de 8000     		.short	128
 260 00e0 8600     		.short	134
 261 00e2 8C00     		.short	140
 262 00e4 9200     		.short	146
 263 00e6 9800     		.short	152
 264 00e8 9F00     		.short	159
 265 00ea A600     		.short	166
 266 00ec AD00     		.short	173
 267 00ee B500     		.short	181
 268 00f0 BD00     		.short	189
 269 00f2 C500     		.short	197
 270 00f4 CE00     		.short	206
 271 00f6 D700     		.short	215
 272 00f8 E100     		.short	225
 273 00fa EB00     		.short	235
 274 00fc F500     		.short	245
 275 00fe 0001     		.short	256
 276 0100 0B01     		.short	267
 277 0102 1701     		.short	279
 278 0104 2401     		.short	292
 279 0106 3001     		.short	304
 280 0108 3E01     		.short	318
 281 010a 4C01     		.short	332
 282 010c 5B01     		.short	347
 283 010e 6A01     		.short	362
 284 0110 7A01     		.short	378
 285 0112 8B01     		.short	395
 286 0114 9C01     		.short	412
ARM GAS  C:\Users\giris\AppData\Local\Temp\ccwQIaMu.s 			page 8


 287 0116 AF01     		.short	431
 288 0118 C201     		.short	450
 289 011a D601     		.short	470
 290 011c EA01     		.short	490
 291 011e 0002     		.short	512
 292 0120 1702     		.short	535
 293 0122 2E02     		.short	558
 294 0124 4702     		.short	583
 295 0126 6102     		.short	609
 296 0128 7C02     		.short	636
 297 012a 9802     		.short	664
 298 012c B502     		.short	693
 299 012e D402     		.short	724
 300 0130 F402     		.short	756
 301 0132 1603     		.short	790
 302 0134 3903     		.short	825
 303 0136 5D03     		.short	861
 304 0138 8303     		.short	899
 305 013a AB03     		.short	939
 306 013c D503     		.short	981
 307 013e 0004     		.short	1024
 308 0140 2D04     		.short	1069
 309 0142 5D04     		.short	1117
 310 0144 8E04     		.short	1166
 311 0146 C204     		.short	1218
 312 0148 F804     		.short	1272
 313 014a 3005     		.short	1328
 314 014c 6B05     		.short	1387
 315 014e A805     		.short	1448
 316 0150 E805     		.short	1512
 317 0152 2B06     		.short	1579
 318 0154 7106     		.short	1649
 319 0156 BA06     		.short	1722
 320 0158 0607     		.short	1798
 321 015a 5607     		.short	1878
 322 015c A907     		.short	1961
 323 015e 0008     		.short	2048
 324 0160 5B08     		.short	2139
 325 0162 B908     		.short	2233
 326 0164 1C09     		.short	2332
 327 0166 8309     		.short	2435
 328 0168 EF09     		.short	2543
 329 016a 600A     		.short	2656
 330 016c D50A     		.short	2773
 331 016e 500B     		.short	2896
 332 0170 D10B     		.short	3025
 333 0172 560C     		.short	3158
 334 0174 E20C     		.short	3298
 335 0176 740D     		.short	3444
 336 0178 0D0E     		.short	3597
 337 017a AC0E     		.short	3756
 338 017c 520F     		.short	3922
 339 017e 0010     		.short	4096
 340 0180 B510     		.short	4277
 341 0182 7311     		.short	4467
 342 0184 3812     		.short	4664
 343 0186 0713     		.short	4871
ARM GAS  C:\Users\giris\AppData\Local\Temp\ccwQIaMu.s 			page 9


 344 0188 DF13     		.short	5087
 345 018a C014     		.short	5312
 346 018c AB15     		.short	5547
 347 018e A116     		.short	5793
 348 0190 A117     		.short	6049
 349 0192 AD18     		.short	6317
 350 0194 C419     		.short	6596
 351 0196 E91A     		.short	6889
 352 0198 1A1C     		.short	7194
 353 019a 581D     		.short	7512
 354 019c A51E     		.short	7845
 355 019e 0020     		.short	8192
 356 01a0 6B21     		.short	8555
 357 01a2 E522     		.short	8933
 358 01a4 7124     		.short	9329
 359 01a6 0E26     		.short	9742
 360 01a8 BD27     		.short	10173
 361 01aa 8029     		.short	10624
 362 01ac 562B     		.short	11094
 363 01ae 412D     		.short	11585
 364 01b0 422F     		.short	12098
 365 01b2 5A31     		.short	12634
 366 01b4 8933     		.short	13193
 367 01b6 D135     		.short	13777
 368 01b8 3338     		.short	14387
 369 01ba B03A     		.short	15024
 370 01bc 493D     		.short	15689
 371 01be 0040     		.short	16384
 372 01c0 D542     		.short	17109
 373 01c2 CB45     		.short	17867
 374 01c4 E248     		.short	18658
 375 01c6 1C4C     		.short	19484
 376 01c8 7A4F     		.short	20346
 377 01ca FF52     		.short	21247
 378 01cc AC56     		.short	22188
 379 01ce 825A     		.short	23170
 380 01d0 845E     		.short	24196
 381 01d2 B362     		.short	25267
 382 01d4 1267     		.short	26386
 383 01d6 A26B     		.short	27554
 384 01d8 6670     		.short	28774
 385 01da 6075     		.short	30048
 386 01dc 927A     		.short	31378
 387 01de 0080     		.short	-32768
 388 01e0 AA85     		.short	-31318
 389 01e2 958B     		.short	-29803
 390 01e4 C391     		.short	-28221
 391 01e6 3798     		.short	-26569
 392 01e8 F59E     		.short	-24843
 393 01ea FEA5     		.short	-23042
 394 01ec 58AD     		.short	-21160
 395 01ee 04B5     		.short	-19196
 396 01f0 08BD     		.short	-17144
 397 01f2 66C5     		.short	-15002
 398 01f4 24CE     		.short	-12764
 399 01f6 44D7     		.short	-10428
 400 01f8 CCE0     		.short	-7988
ARM GAS  C:\Users\giris\AppData\Local\Temp\ccwQIaMu.s 			page 10


 401 01fa C0EA     		.short	-5440
 402 01fc 25F5     		.short	-2779
 403 01fe FFFF     		.short	-1
 404              		.bss
 405              		.align	1
 406              		.set	.LANCHOR0,. + 0
 407              		.type	Fader__Brightness.6532, %object
 408              		.size	Fader__Brightness.6532, 2
 409              	Fader__Brightness.6532:
 410 0000 0000     		.space	2
 411              		.text
 412              	.Letext0:
 413              		.file 2 "source\\bsw\\global.h"
 414              		.file 3 "c:\\program files (x86)\\cypress\\psoc creator\\4.4\\psoc creator\\import\\gnu\\arm\\5.4.
 415              		.file 4 "c:\\program files (x86)\\cypress\\psoc creator\\4.4\\psoc creator\\import\\gnu\\arm\\5.4.
 416              		.file 5 "Generated_Source\\PSoC5/cytypes.h"
 417              		.file 6 "Generated_Source\\PSoC5/ErikaOS_1_common_ee_types.inc"
 418              		.file 7 "Generated_Source\\PSoC5/ErikaOS_1_cortex_mx_ee_cpu.inc"
 419              		.file 8 "Generated_Source\\PSoC5/ErikaOS_1_ee_oo_intfunc.inc"
 420              		.file 9 "Generated_Source\\PSoC5/ErikaOS_1_cortex_mx_ee_context.inc"
 421              		.file 10 "Generated_Source\\PSoC5/ErikaOS_1_common_ee_primitives.inc"
 422              		.file 11 "Generated_Source\\PSoC5/core_cm3.h"
 423              		.file 12 "Generated_Source\\PSoC5/PWM_Led_Red.h"
 424              		.file 13 "Generated_Source\\PSoC5/PWM_Led_Yellow.h"
 425              		.file 14 "Generated_Source\\PSoC5/PWM_Led_Green.h"
 426              		.section	.debug_info,"",%progbits
 427              	.Ldebug_info0:
 428 0000 0D030000 		.4byte	0x30d
 429 0004 0400     		.2byte	0x4
 430 0006 00000000 		.4byte	.Ldebug_abbrev0
 431 000a 04       		.byte	0x4
 432 000b 01       		.uleb128 0x1
 433 000c 29030000 		.4byte	.LASF64
 434 0010 0C       		.byte	0xc
 435 0011 EC030000 		.4byte	.LASF65
 436 0015 31020000 		.4byte	.LASF66
 437 0019 00000000 		.4byte	.Ldebug_ranges0+0
 438 001d 00000000 		.4byte	0
 439 0021 00000000 		.4byte	.Ldebug_line0
 440 0025 02       		.uleb128 0x2
 441 0026 01       		.byte	0x1
 442 0027 06       		.byte	0x6
 443 0028 90020000 		.4byte	.LASF0
 444 002c 02       		.uleb128 0x2
 445 002d 01       		.byte	0x1
 446 002e 08       		.byte	0x8
 447 002f 23020000 		.4byte	.LASF1
 448 0033 02       		.uleb128 0x2
 449 0034 02       		.byte	0x2
 450 0035 05       		.byte	0x5
 451 0036 74000000 		.4byte	.LASF2
 452 003a 03       		.uleb128 0x3
 453 003b CE020000 		.4byte	.LASF37
 454 003f 02       		.byte	0x2
 455 0040 93       		.byte	0x93
 456 0041 45000000 		.4byte	0x45
 457 0045 02       		.uleb128 0x2
ARM GAS  C:\Users\giris\AppData\Local\Temp\ccwQIaMu.s 			page 11


 458 0046 02       		.byte	0x2
 459 0047 07       		.byte	0x7
 460 0048 04030000 		.4byte	.LASF3
 461 004c 02       		.uleb128 0x2
 462 004d 04       		.byte	0x4
 463 004e 05       		.byte	0x5
 464 004f AD010000 		.4byte	.LASF4
 465 0053 02       		.uleb128 0x2
 466 0054 04       		.byte	0x4
 467 0055 07       		.byte	0x7
 468 0056 2D040000 		.4byte	.LASF5
 469 005a 02       		.uleb128 0x2
 470 005b 04       		.byte	0x4
 471 005c 04       		.byte	0x4
 472 005d 43010000 		.4byte	.LASF6
 473 0061 02       		.uleb128 0x2
 474 0062 08       		.byte	0x8
 475 0063 04       		.byte	0x4
 476 0064 3F040000 		.4byte	.LASF7
 477 0068 02       		.uleb128 0x2
 478 0069 08       		.byte	0x8
 479 006a 05       		.byte	0x5
 480 006b 62010000 		.4byte	.LASF8
 481 006f 02       		.uleb128 0x2
 482 0070 08       		.byte	0x8
 483 0071 07       		.byte	0x7
 484 0072 9C020000 		.4byte	.LASF9
 485 0076 02       		.uleb128 0x2
 486 0077 01       		.byte	0x1
 487 0078 08       		.byte	0x8
 488 0079 B7030000 		.4byte	.LASF10
 489 007d 04       		.uleb128 0x4
 490 007e 01       		.byte	0x1
 491 007f 25000000 		.4byte	0x25
 492 0083 02       		.byte	0x2
 493 0084 CF       		.byte	0xcf
 494 0085 26010000 		.4byte	0x126
 495 0089 05       		.uleb128 0x5
 496 008a 2F000000 		.4byte	.LASF11
 497 008e 00       		.byte	0
 498 008f 06       		.uleb128 0x6
 499 0090 B4040000 		.4byte	.LASF12
 500 0094 7F       		.sleb128 -1
 501 0095 06       		.uleb128 0x6
 502 0096 D7020000 		.4byte	.LASF13
 503 009a 7E       		.sleb128 -2
 504 009b 06       		.uleb128 0x6
 505 009c AD000000 		.4byte	.LASF14
 506 00a0 7D       		.sleb128 -3
 507 00a1 06       		.uleb128 0x6
 508 00a2 BD040000 		.4byte	.LASF15
 509 00a6 7C       		.sleb128 -4
 510 00a7 06       		.uleb128 0x6
 511 00a8 34010000 		.4byte	.LASF16
 512 00ac 7B       		.sleb128 -5
 513 00ad 06       		.uleb128 0x6
 514 00ae 7E000000 		.4byte	.LASF17
ARM GAS  C:\Users\giris\AppData\Local\Temp\ccwQIaMu.s 			page 12


 515 00b2 7A       		.sleb128 -6
 516 00b3 06       		.uleb128 0x6
 517 00b4 B6010000 		.4byte	.LASF18
 518 00b8 79       		.sleb128 -7
 519 00b9 06       		.uleb128 0x6
 520 00ba BC030000 		.4byte	.LASF19
 521 00be 78       		.sleb128 -8
 522 00bf 06       		.uleb128 0x6
 523 00c0 E5020000 		.4byte	.LASF20
 524 00c4 77       		.sleb128 -9
 525 00c5 06       		.uleb128 0x6
 526 00c6 C8010000 		.4byte	.LASF21
 527 00ca 76       		.sleb128 -10
 528 00cb 06       		.uleb128 0x6
 529 00cc EA040000 		.4byte	.LASF22
 530 00d0 75       		.sleb128 -11
 531 00d1 06       		.uleb128 0x6
 532 00d2 C0020000 		.4byte	.LASF23
 533 00d6 74       		.sleb128 -12
 534 00d7 06       		.uleb128 0x6
 535 00d8 5F040000 		.4byte	.LASF24
 536 00dc 73       		.sleb128 -13
 537 00dd 06       		.uleb128 0x6
 538 00de 1C000000 		.4byte	.LASF25
 539 00e2 72       		.sleb128 -14
 540 00e3 06       		.uleb128 0x6
 541 00e4 60000000 		.4byte	.LASF26
 542 00e8 71       		.sleb128 -15
 543 00e9 06       		.uleb128 0x6
 544 00ea D6010000 		.4byte	.LASF27
 545 00ee 70       		.sleb128 -16
 546 00ef 06       		.uleb128 0x6
 547 00f0 C3000000 		.4byte	.LASF28
 548 00f4 6F       		.sleb128 -17
 549 00f5 06       		.uleb128 0x6
 550 00f6 8F000000 		.4byte	.LASF29
 551 00fa 6E       		.sleb128 -18
 552 00fb 06       		.uleb128 0x6
 553 00fc 89010000 		.4byte	.LASF30
 554 0100 6D       		.sleb128 -19
 555 0101 06       		.uleb128 0x6
 556 0102 D9030000 		.4byte	.LASF31
 557 0106 6C       		.sleb128 -20
 558 0107 06       		.uleb128 0x6
 559 0108 E7010000 		.4byte	.LASF32
 560 010c 6B       		.sleb128 -21
 561 010d 06       		.uleb128 0x6
 562 010e 95040000 		.4byte	.LASF33
 563 0112 6A       		.sleb128 -22
 564 0113 06       		.uleb128 0x6
 565 0114 EF000000 		.4byte	.LASF34
 566 0118 69       		.sleb128 -23
 567 0119 06       		.uleb128 0x6
 568 011a 9C010000 		.4byte	.LASF35
 569 011e 68       		.sleb128 -24
 570 011f 06       		.uleb128 0x6
 571 0120 49010000 		.4byte	.LASF36
ARM GAS  C:\Users\giris\AppData\Local\Temp\ccwQIaMu.s 			page 13


 572 0124 67       		.sleb128 -25
 573 0125 00       		.byte	0
 574 0126 03       		.uleb128 0x3
 575 0127 E5040000 		.4byte	.LASF38
 576 012b 02       		.byte	0x2
 577 012c EA       		.byte	0xea
 578 012d 7D000000 		.4byte	0x7d
 579 0131 03       		.uleb128 0x3
 580 0132 79040000 		.4byte	.LASF39
 581 0136 03       		.byte	0x3
 582 0137 3F       		.byte	0x3f
 583 0138 4C000000 		.4byte	0x4c
 584 013c 07       		.uleb128 0x7
 585 013d 04       		.byte	0x4
 586 013e 05       		.byte	0x5
 587 013f 696E7400 		.ascii	"int\000"
 588 0143 02       		.uleb128 0x2
 589 0144 04       		.byte	0x4
 590 0145 07       		.byte	0x7
 591 0146 B3020000 		.4byte	.LASF40
 592 014a 03       		.uleb128 0x3
 593 014b D1030000 		.4byte	.LASF41
 594 014f 04       		.byte	0x4
 595 0150 2C       		.byte	0x2c
 596 0151 31010000 		.4byte	0x131
 597 0155 08       		.uleb128 0x8
 598 0156 E8000000 		.4byte	.LASF42
 599 015a 05       		.byte	0x5
 600 015b E901     		.2byte	0x1e9
 601 015d 45000000 		.4byte	0x45
 602 0161 02       		.uleb128 0x2
 603 0162 08       		.byte	0x8
 604 0163 04       		.byte	0x4
 605 0164 17020000 		.4byte	.LASF43
 606 0168 03       		.uleb128 0x3
 607 0169 FB020000 		.4byte	.LASF44
 608 016d 06       		.byte	0x6
 609 016e 53       		.byte	0x53
 610 016f 3C010000 		.4byte	0x13c
 611 0173 03       		.uleb128 0x3
 612 0174 D7000000 		.4byte	.LASF45
 613 0178 06       		.byte	0x6
 614 0179 54       		.byte	0x54
 615 017a 43010000 		.4byte	0x143
 616 017e 03       		.uleb128 0x3
 617 017f 71040000 		.4byte	.LASF46
 618 0183 07       		.byte	0x7
 619 0184 4D       		.byte	0x4d
 620 0185 73010000 		.4byte	0x173
 621 0189 03       		.uleb128 0x3
 622 018a BB000000 		.4byte	.LASF47
 623 018e 07       		.byte	0x7
 624 018f 4F       		.byte	0x4f
 625 0190 73010000 		.4byte	0x173
 626 0194 03       		.uleb128 0x3
 627 0195 E1000000 		.4byte	.LASF48
 628 0199 07       		.byte	0x7
ARM GAS  C:\Users\giris\AppData\Local\Temp\ccwQIaMu.s 			page 14


 629 019a 78       		.byte	0x78
 630 019b 68010000 		.4byte	0x168
 631 019f 02       		.uleb128 0x2
 632 01a0 04       		.byte	0x4
 633 01a1 07       		.byte	0x7
 634 01a2 A4000000 		.4byte	.LASF49
 635 01a6 09       		.uleb128 0x9
 636 01a7 F9010000 		.4byte	.LASF67
 637 01ab 01       		.byte	0x1
 638 01ac 51       		.byte	0x51
 639 01ad 26010000 		.4byte	0x126
 640 01b1 00000000 		.4byte	.LFB110
 641 01b5 B8000000 		.4byte	.LFE110-.LFB110
 642 01b9 01       		.uleb128 0x1
 643 01ba 9C       		.byte	0x9c
 644 01bb 5B020000 		.4byte	0x25b
 645 01bf 0A       		.uleb128 0xa
 646 01c0 83040000 		.4byte	.LASF50
 647 01c4 01       		.byte	0x1
 648 01c5 53       		.byte	0x53
 649 01c6 3A000000 		.4byte	0x3a
 650 01ca 05       		.uleb128 0x5
 651 01cb 03       		.byte	0x3
 652 01cc 00000000 		.4byte	Fader__Brightness.6532
 653 01d0 0B       		.uleb128 0xb
 654 01d1 14000000 		.4byte	.LVL0
 655 01d5 CE020000 		.4byte	0x2ce
 656 01d9 0B       		.uleb128 0xb
 657 01da 22000000 		.4byte	.LVL1
 658 01de D9020000 		.4byte	0x2d9
 659 01e2 0C       		.uleb128 0xc
 660 01e3 28000000 		.4byte	.LVL2
 661 01e7 E4020000 		.4byte	0x2e4
 662 01eb F5010000 		.4byte	0x1f5
 663 01ef 0D       		.uleb128 0xd
 664 01f0 01       		.uleb128 0x1
 665 01f1 50       		.byte	0x50
 666 01f2 01       		.uleb128 0x1
 667 01f3 30       		.byte	0x30
 668 01f4 00       		.byte	0
 669 01f5 0B       		.uleb128 0xb
 670 01f6 36000000 		.4byte	.LVL3
 671 01fa EF020000 		.4byte	0x2ef
 672 01fe 0B       		.uleb128 0xb
 673 01ff 46000000 		.4byte	.LVL4
 674 0203 FA020000 		.4byte	0x2fa
 675 0207 0B       		.uleb128 0xb
 676 0208 58000000 		.4byte	.LVL5
 677 020c D9020000 		.4byte	0x2d9
 678 0210 0B       		.uleb128 0xb
 679 0211 64000000 		.4byte	.LVL6
 680 0215 E4020000 		.4byte	0x2e4
 681 0219 0C       		.uleb128 0xc
 682 021a 6A000000 		.4byte	.LVL7
 683 021e EF020000 		.4byte	0x2ef
 684 0222 2C020000 		.4byte	0x22c
 685 0226 0D       		.uleb128 0xd
ARM GAS  C:\Users\giris\AppData\Local\Temp\ccwQIaMu.s 			page 15


 686 0227 01       		.uleb128 0x1
 687 0228 50       		.byte	0x50
 688 0229 01       		.uleb128 0x1
 689 022a 30       		.byte	0x30
 690 022b 00       		.byte	0
 691 022c 0B       		.uleb128 0xb
 692 022d 7A000000 		.4byte	.LVL8
 693 0231 05030000 		.4byte	0x305
 694 0235 0C       		.uleb128 0xc
 695 0236 80000000 		.4byte	.LVL9
 696 023a D9020000 		.4byte	0x2d9
 697 023e 48020000 		.4byte	0x248
 698 0242 0D       		.uleb128 0xd
 699 0243 01       		.uleb128 0x1
 700 0244 50       		.byte	0x50
 701 0245 01       		.uleb128 0x1
 702 0246 30       		.byte	0x30
 703 0247 00       		.byte	0
 704 0248 0B       		.uleb128 0xb
 705 0249 94000000 		.4byte	.LVL10
 706 024d E4020000 		.4byte	0x2e4
 707 0251 0B       		.uleb128 0xb
 708 0252 A2000000 		.4byte	.LVL11
 709 0256 EF020000 		.4byte	0x2ef
 710 025a 00       		.byte	0
 711 025b 0E       		.uleb128 0xe
 712 025c 6B020000 		.4byte	0x26b
 713 0260 6B020000 		.4byte	0x26b
 714 0264 0F       		.uleb128 0xf
 715 0265 9F010000 		.4byte	0x19f
 716 0269 FF       		.byte	0xff
 717 026a 00       		.byte	0
 718 026b 10       		.uleb128 0x10
 719 026c 55010000 		.4byte	0x155
 720 0270 0A       		.uleb128 0xa
 721 0271 4F000000 		.4byte	.LASF51
 722 0275 01       		.byte	0x1
 723 0276 31       		.byte	0x31
 724 0277 81020000 		.4byte	0x281
 725 027b 05       		.uleb128 0x5
 726 027c 03       		.byte	0x3
 727 027d 00000000 		.4byte	LED__Pulse_Width
 728 0281 10       		.uleb128 0x10
 729 0282 5B020000 		.4byte	0x25b
 730 0286 11       		.uleb128 0x11
 731 0287 CD040000 		.4byte	.LASF52
 732 028b 08       		.byte	0x8
 733 028c 40       		.byte	0x40
 734 028d 7E010000 		.4byte	0x17e
 735 0291 11       		.uleb128 0x11
 736 0292 70010000 		.4byte	.LASF53
 737 0296 08       		.byte	0x8
 738 0297 47       		.byte	0x47
 739 0298 89010000 		.4byte	0x189
 740 029c 11       		.uleb128 0x11
 741 029d FF030000 		.4byte	.LASF54
 742 02a1 08       		.byte	0x8
ARM GAS  C:\Users\giris\AppData\Local\Temp\ccwQIaMu.s 			page 16


 743 02a2 4A       		.byte	0x4a
 744 02a3 7E010000 		.4byte	0x17e
 745 02a7 11       		.uleb128 0x11
 746 02a8 1B010000 		.4byte	.LASF55
 747 02ac 09       		.byte	0x9
 748 02ad 48       		.byte	0x48
 749 02ae 94010000 		.4byte	0x194
 750 02b2 11       		.uleb128 0x11
 751 02b3 06010000 		.4byte	.LASF56
 752 02b7 0A       		.byte	0xa
 753 02b8 44       		.byte	0x44
 754 02b9 7E010000 		.4byte	0x17e
 755 02bd 12       		.uleb128 0x12
 756 02be A7040000 		.4byte	.LASF57
 757 02c2 0B       		.byte	0xb
 758 02c3 1207     		.2byte	0x712
 759 02c5 C9020000 		.4byte	0x2c9
 760 02c9 13       		.uleb128 0x13
 761 02ca 4A010000 		.4byte	0x14a
 762 02ce 14       		.uleb128 0x14
 763 02cf 17030000 		.4byte	.LASF58
 764 02d3 17030000 		.4byte	.LASF58
 765 02d7 0C       		.byte	0xc
 766 02d8 92       		.byte	0x92
 767 02d9 14       		.uleb128 0x14
 768 02da 46040000 		.4byte	.LASF59
 769 02de 46040000 		.4byte	.LASF59
 770 02e2 0C       		.byte	0xc
 771 02e3 C3       		.byte	0xc3
 772 02e4 14       		.uleb128 0x14
 773 02e5 00000000 		.4byte	.LASF60
 774 02e9 00000000 		.4byte	.LASF60
 775 02ed 0D       		.byte	0xd
 776 02ee C3       		.byte	0xc3
 777 02ef 14       		.uleb128 0x14
 778 02f0 12040000 		.4byte	.LASF61
 779 02f4 12040000 		.4byte	.LASF61
 780 02f8 0E       		.byte	0xe
 781 02f9 C3       		.byte	0xc3
 782 02fa 14       		.uleb128 0x14
 783 02fb 3A000000 		.4byte	.LASF62
 784 02ff 3A000000 		.4byte	.LASF62
 785 0303 0D       		.byte	0xd
 786 0304 92       		.byte	0x92
 787 0305 14       		.uleb128 0x14
 788 0306 03020000 		.4byte	.LASF63
 789 030a 03020000 		.4byte	.LASF63
 790 030e 0E       		.byte	0xe
 791 030f 92       		.byte	0x92
 792 0310 00       		.byte	0
 793              		.section	.debug_abbrev,"",%progbits
 794              	.Ldebug_abbrev0:
 795 0000 01       		.uleb128 0x1
 796 0001 11       		.uleb128 0x11
 797 0002 01       		.byte	0x1
 798 0003 25       		.uleb128 0x25
 799 0004 0E       		.uleb128 0xe
ARM GAS  C:\Users\giris\AppData\Local\Temp\ccwQIaMu.s 			page 17


 800 0005 13       		.uleb128 0x13
 801 0006 0B       		.uleb128 0xb
 802 0007 03       		.uleb128 0x3
 803 0008 0E       		.uleb128 0xe
 804 0009 1B       		.uleb128 0x1b
 805 000a 0E       		.uleb128 0xe
 806 000b 55       		.uleb128 0x55
 807 000c 17       		.uleb128 0x17
 808 000d 11       		.uleb128 0x11
 809 000e 01       		.uleb128 0x1
 810 000f 10       		.uleb128 0x10
 811 0010 17       		.uleb128 0x17
 812 0011 00       		.byte	0
 813 0012 00       		.byte	0
 814 0013 02       		.uleb128 0x2
 815 0014 24       		.uleb128 0x24
 816 0015 00       		.byte	0
 817 0016 0B       		.uleb128 0xb
 818 0017 0B       		.uleb128 0xb
 819 0018 3E       		.uleb128 0x3e
 820 0019 0B       		.uleb128 0xb
 821 001a 03       		.uleb128 0x3
 822 001b 0E       		.uleb128 0xe
 823 001c 00       		.byte	0
 824 001d 00       		.byte	0
 825 001e 03       		.uleb128 0x3
 826 001f 16       		.uleb128 0x16
 827 0020 00       		.byte	0
 828 0021 03       		.uleb128 0x3
 829 0022 0E       		.uleb128 0xe
 830 0023 3A       		.uleb128 0x3a
 831 0024 0B       		.uleb128 0xb
 832 0025 3B       		.uleb128 0x3b
 833 0026 0B       		.uleb128 0xb
 834 0027 49       		.uleb128 0x49
 835 0028 13       		.uleb128 0x13
 836 0029 00       		.byte	0
 837 002a 00       		.byte	0
 838 002b 04       		.uleb128 0x4
 839 002c 04       		.uleb128 0x4
 840 002d 01       		.byte	0x1
 841 002e 0B       		.uleb128 0xb
 842 002f 0B       		.uleb128 0xb
 843 0030 49       		.uleb128 0x49
 844 0031 13       		.uleb128 0x13
 845 0032 3A       		.uleb128 0x3a
 846 0033 0B       		.uleb128 0xb
 847 0034 3B       		.uleb128 0x3b
 848 0035 0B       		.uleb128 0xb
 849 0036 01       		.uleb128 0x1
 850 0037 13       		.uleb128 0x13
 851 0038 00       		.byte	0
 852 0039 00       		.byte	0
 853 003a 05       		.uleb128 0x5
 854 003b 28       		.uleb128 0x28
 855 003c 00       		.byte	0
 856 003d 03       		.uleb128 0x3
ARM GAS  C:\Users\giris\AppData\Local\Temp\ccwQIaMu.s 			page 18


 857 003e 0E       		.uleb128 0xe
 858 003f 1C       		.uleb128 0x1c
 859 0040 0B       		.uleb128 0xb
 860 0041 00       		.byte	0
 861 0042 00       		.byte	0
 862 0043 06       		.uleb128 0x6
 863 0044 28       		.uleb128 0x28
 864 0045 00       		.byte	0
 865 0046 03       		.uleb128 0x3
 866 0047 0E       		.uleb128 0xe
 867 0048 1C       		.uleb128 0x1c
 868 0049 0D       		.uleb128 0xd
 869 004a 00       		.byte	0
 870 004b 00       		.byte	0
 871 004c 07       		.uleb128 0x7
 872 004d 24       		.uleb128 0x24
 873 004e 00       		.byte	0
 874 004f 0B       		.uleb128 0xb
 875 0050 0B       		.uleb128 0xb
 876 0051 3E       		.uleb128 0x3e
 877 0052 0B       		.uleb128 0xb
 878 0053 03       		.uleb128 0x3
 879 0054 08       		.uleb128 0x8
 880 0055 00       		.byte	0
 881 0056 00       		.byte	0
 882 0057 08       		.uleb128 0x8
 883 0058 16       		.uleb128 0x16
 884 0059 00       		.byte	0
 885 005a 03       		.uleb128 0x3
 886 005b 0E       		.uleb128 0xe
 887 005c 3A       		.uleb128 0x3a
 888 005d 0B       		.uleb128 0xb
 889 005e 3B       		.uleb128 0x3b
 890 005f 05       		.uleb128 0x5
 891 0060 49       		.uleb128 0x49
 892 0061 13       		.uleb128 0x13
 893 0062 00       		.byte	0
 894 0063 00       		.byte	0
 895 0064 09       		.uleb128 0x9
 896 0065 2E       		.uleb128 0x2e
 897 0066 01       		.byte	0x1
 898 0067 3F       		.uleb128 0x3f
 899 0068 19       		.uleb128 0x19
 900 0069 03       		.uleb128 0x3
 901 006a 0E       		.uleb128 0xe
 902 006b 3A       		.uleb128 0x3a
 903 006c 0B       		.uleb128 0xb
 904 006d 3B       		.uleb128 0x3b
 905 006e 0B       		.uleb128 0xb
 906 006f 49       		.uleb128 0x49
 907 0070 13       		.uleb128 0x13
 908 0071 11       		.uleb128 0x11
 909 0072 01       		.uleb128 0x1
 910 0073 12       		.uleb128 0x12
 911 0074 06       		.uleb128 0x6
 912 0075 40       		.uleb128 0x40
 913 0076 18       		.uleb128 0x18
ARM GAS  C:\Users\giris\AppData\Local\Temp\ccwQIaMu.s 			page 19


 914 0077 9742     		.uleb128 0x2117
 915 0079 19       		.uleb128 0x19
 916 007a 01       		.uleb128 0x1
 917 007b 13       		.uleb128 0x13
 918 007c 00       		.byte	0
 919 007d 00       		.byte	0
 920 007e 0A       		.uleb128 0xa
 921 007f 34       		.uleb128 0x34
 922 0080 00       		.byte	0
 923 0081 03       		.uleb128 0x3
 924 0082 0E       		.uleb128 0xe
 925 0083 3A       		.uleb128 0x3a
 926 0084 0B       		.uleb128 0xb
 927 0085 3B       		.uleb128 0x3b
 928 0086 0B       		.uleb128 0xb
 929 0087 49       		.uleb128 0x49
 930 0088 13       		.uleb128 0x13
 931 0089 02       		.uleb128 0x2
 932 008a 18       		.uleb128 0x18
 933 008b 00       		.byte	0
 934 008c 00       		.byte	0
 935 008d 0B       		.uleb128 0xb
 936 008e 898201   		.uleb128 0x4109
 937 0091 00       		.byte	0
 938 0092 11       		.uleb128 0x11
 939 0093 01       		.uleb128 0x1
 940 0094 31       		.uleb128 0x31
 941 0095 13       		.uleb128 0x13
 942 0096 00       		.byte	0
 943 0097 00       		.byte	0
 944 0098 0C       		.uleb128 0xc
 945 0099 898201   		.uleb128 0x4109
 946 009c 01       		.byte	0x1
 947 009d 11       		.uleb128 0x11
 948 009e 01       		.uleb128 0x1
 949 009f 31       		.uleb128 0x31
 950 00a0 13       		.uleb128 0x13
 951 00a1 01       		.uleb128 0x1
 952 00a2 13       		.uleb128 0x13
 953 00a3 00       		.byte	0
 954 00a4 00       		.byte	0
 955 00a5 0D       		.uleb128 0xd
 956 00a6 8A8201   		.uleb128 0x410a
 957 00a9 00       		.byte	0
 958 00aa 02       		.uleb128 0x2
 959 00ab 18       		.uleb128 0x18
 960 00ac 9142     		.uleb128 0x2111
 961 00ae 18       		.uleb128 0x18
 962 00af 00       		.byte	0
 963 00b0 00       		.byte	0
 964 00b1 0E       		.uleb128 0xe
 965 00b2 01       		.uleb128 0x1
 966 00b3 01       		.byte	0x1
 967 00b4 49       		.uleb128 0x49
 968 00b5 13       		.uleb128 0x13
 969 00b6 01       		.uleb128 0x1
 970 00b7 13       		.uleb128 0x13
ARM GAS  C:\Users\giris\AppData\Local\Temp\ccwQIaMu.s 			page 20


 971 00b8 00       		.byte	0
 972 00b9 00       		.byte	0
 973 00ba 0F       		.uleb128 0xf
 974 00bb 21       		.uleb128 0x21
 975 00bc 00       		.byte	0
 976 00bd 49       		.uleb128 0x49
 977 00be 13       		.uleb128 0x13
 978 00bf 2F       		.uleb128 0x2f
 979 00c0 0B       		.uleb128 0xb
 980 00c1 00       		.byte	0
 981 00c2 00       		.byte	0
 982 00c3 10       		.uleb128 0x10
 983 00c4 26       		.uleb128 0x26
 984 00c5 00       		.byte	0
 985 00c6 49       		.uleb128 0x49
 986 00c7 13       		.uleb128 0x13
 987 00c8 00       		.byte	0
 988 00c9 00       		.byte	0
 989 00ca 11       		.uleb128 0x11
 990 00cb 34       		.uleb128 0x34
 991 00cc 00       		.byte	0
 992 00cd 03       		.uleb128 0x3
 993 00ce 0E       		.uleb128 0xe
 994 00cf 3A       		.uleb128 0x3a
 995 00d0 0B       		.uleb128 0xb
 996 00d1 3B       		.uleb128 0x3b
 997 00d2 0B       		.uleb128 0xb
 998 00d3 49       		.uleb128 0x49
 999 00d4 13       		.uleb128 0x13
 1000 00d5 3F       		.uleb128 0x3f
 1001 00d6 19       		.uleb128 0x19
 1002 00d7 3C       		.uleb128 0x3c
 1003 00d8 19       		.uleb128 0x19
 1004 00d9 00       		.byte	0
 1005 00da 00       		.byte	0
 1006 00db 12       		.uleb128 0x12
 1007 00dc 34       		.uleb128 0x34
 1008 00dd 00       		.byte	0
 1009 00de 03       		.uleb128 0x3
 1010 00df 0E       		.uleb128 0xe
 1011 00e0 3A       		.uleb128 0x3a
 1012 00e1 0B       		.uleb128 0xb
 1013 00e2 3B       		.uleb128 0x3b
 1014 00e3 05       		.uleb128 0x5
 1015 00e4 49       		.uleb128 0x49
 1016 00e5 13       		.uleb128 0x13
 1017 00e6 3F       		.uleb128 0x3f
 1018 00e7 19       		.uleb128 0x19
 1019 00e8 3C       		.uleb128 0x3c
 1020 00e9 19       		.uleb128 0x19
 1021 00ea 00       		.byte	0
 1022 00eb 00       		.byte	0
 1023 00ec 13       		.uleb128 0x13
 1024 00ed 35       		.uleb128 0x35
 1025 00ee 00       		.byte	0
 1026 00ef 49       		.uleb128 0x49
 1027 00f0 13       		.uleb128 0x13
ARM GAS  C:\Users\giris\AppData\Local\Temp\ccwQIaMu.s 			page 21


 1028 00f1 00       		.byte	0
 1029 00f2 00       		.byte	0
 1030 00f3 14       		.uleb128 0x14
 1031 00f4 2E       		.uleb128 0x2e
 1032 00f5 00       		.byte	0
 1033 00f6 3F       		.uleb128 0x3f
 1034 00f7 19       		.uleb128 0x19
 1035 00f8 3C       		.uleb128 0x3c
 1036 00f9 19       		.uleb128 0x19
 1037 00fa 6E       		.uleb128 0x6e
 1038 00fb 0E       		.uleb128 0xe
 1039 00fc 03       		.uleb128 0x3
 1040 00fd 0E       		.uleb128 0xe
 1041 00fe 3A       		.uleb128 0x3a
 1042 00ff 0B       		.uleb128 0xb
 1043 0100 3B       		.uleb128 0x3b
 1044 0101 0B       		.uleb128 0xb
 1045 0102 00       		.byte	0
 1046 0103 00       		.byte	0
 1047 0104 00       		.byte	0
 1048              		.section	.debug_aranges,"",%progbits
 1049 0000 1C000000 		.4byte	0x1c
 1050 0004 0200     		.2byte	0x2
 1051 0006 00000000 		.4byte	.Ldebug_info0
 1052 000a 04       		.byte	0x4
 1053 000b 00       		.byte	0
 1054 000c 0000     		.2byte	0
 1055 000e 0000     		.2byte	0
 1056 0010 00000000 		.4byte	.LFB110
 1057 0014 B8000000 		.4byte	.LFE110-.LFB110
 1058 0018 00000000 		.4byte	0
 1059 001c 00000000 		.4byte	0
 1060              		.section	.debug_ranges,"",%progbits
 1061              	.Ldebug_ranges0:
 1062 0000 00000000 		.4byte	.LFB110
 1063 0004 B8000000 		.4byte	.LFE110
 1064 0008 00000000 		.4byte	0
 1065 000c 00000000 		.4byte	0
 1066              		.section	.debug_line,"",%progbits
 1067              	.Ldebug_line0:
 1068 0000 72020000 		.section	.debug_str,"MS",%progbits,1
 1068      02004A02 
 1068      00000201 
 1068      FB0E0D00 
 1068      01010101 
 1069              	.LASF60:
 1070 0000 50574D5F 		.ascii	"PWM_Led_Yellow_WriteCompare\000"
 1070      4C65645F 
 1070      59656C6C 
 1070      6F775F57 
 1070      72697465 
 1071              	.LASF25:
 1072 001c 52435F45 		.ascii	"RC_ERROR_READ_ONLY\000"
 1072      52524F52 
 1072      5F524541 
 1072      445F4F4E 
 1072      4C5900
ARM GAS  C:\Users\giris\AppData\Local\Temp\ccwQIaMu.s 			page 22


 1073              	.LASF11:
 1074 002f 52435F53 		.ascii	"RC_SUCCESS\000"
 1074      55434345 
 1074      535300
 1075              	.LASF62:
 1076 003a 50574D5F 		.ascii	"PWM_Led_Yellow_Start\000"
 1076      4C65645F 
 1076      59656C6C 
 1076      6F775F53 
 1076      74617274 
 1077              	.LASF51:
 1078 004f 4C45445F 		.ascii	"LED__Pulse_Width\000"
 1078      5F50756C 
 1078      73655F57 
 1078      69647468 
 1078      00
 1079              	.LASF26:
 1080 0060 52435F45 		.ascii	"RC_ERROR_WRITE_ONLY\000"
 1080      52524F52 
 1080      5F575249 
 1080      54455F4F 
 1080      4E4C5900 
 1081              	.LASF2:
 1082 0074 73686F72 		.ascii	"short int\000"
 1082      7420696E 
 1082      7400
 1083              	.LASF17:
 1084 007e 52435F45 		.ascii	"RC_ERROR_OVERRUN\000"
 1084      52524F52 
 1084      5F4F5645 
 1084      5252554E 
 1084      00
 1085              	.LASF29:
 1086 008f 52435F45 		.ascii	"RC_ERROR_WRITE_FAILS\000"
 1086      52524F52 
 1086      5F575249 
 1086      54455F46 
 1086      41494C53 
 1087              	.LASF49:
 1088 00a4 73697A65 		.ascii	"sizetype\000"
 1088      74797065 
 1088      00
 1089              	.LASF14:
 1090 00ad 52435F45 		.ascii	"RC_ERROR_ZERO\000"
 1090      52524F52 
 1090      5F5A4552 
 1090      4F00
 1091              	.LASF47:
 1092 00bb 45455F46 		.ascii	"EE_FREG\000"
 1092      52454700 
 1093              	.LASF28:
 1094 00c3 52435F45 		.ascii	"RC_ERROR_READ_FAILS\000"
 1094      52524F52 
 1094      5F524541 
 1094      445F4641 
 1094      494C5300 
 1095              	.LASF45:
ARM GAS  C:\Users\giris\AppData\Local\Temp\ccwQIaMu.s 			page 23


 1096 00d7 45455F55 		.ascii	"EE_UINT32\000"
 1096      494E5433 
 1096      3200
 1097              	.LASF48:
 1098 00e1 45455F54 		.ascii	"EE_TID\000"
 1098      494400
 1099              	.LASF42:
 1100 00e8 75696E74 		.ascii	"uint16\000"
 1100      313600
 1101              	.LASF34:
 1102 00ef 52435F45 		.ascii	"RC_ERROR_INVALID_STATE\000"
 1102      52524F52 
 1102      5F494E56 
 1102      414C4944 
 1102      5F535441 
 1103              	.LASF56:
 1104 0106 45455F49 		.ascii	"EE_IRQ_nesting_level\000"
 1104      52515F6E 
 1104      65737469 
 1104      6E675F6C 
 1104      6576656C 
 1105              	.LASF55:
 1106 011b 45455F73 		.ascii	"EE_std_endcycle_next_tid\000"
 1106      74645F65 
 1106      6E646379 
 1106      636C655F 
 1106      6E657874 
 1107              	.LASF16:
 1108 0134 52435F45 		.ascii	"RC_ERROR_RANGE\000"
 1108      52524F52 
 1108      5F52414E 
 1108      474500
 1109              	.LASF6:
 1110 0143 666C6F61 		.ascii	"float\000"
 1110      7400
 1111              	.LASF36:
 1112 0149 52435F45 		.ascii	"RC_ERROR_NOT_IMPLEMENTED\000"
 1112      52524F52 
 1112      5F4E4F54 
 1112      5F494D50 
 1112      4C454D45 
 1113              	.LASF8:
 1114 0162 6C6F6E67 		.ascii	"long long int\000"
 1114      206C6F6E 
 1114      6720696E 
 1114      7400
 1115              	.LASF53:
 1116 0170 45455F6F 		.ascii	"EE_oo_IRQ_suspend_status\000"
 1116      6F5F4952 
 1116      515F7375 
 1116      7370656E 
 1116      645F7374 
 1117              	.LASF30:
 1118 0189 52435F45 		.ascii	"RC_ERROR_NOT_MATCH\000"
 1118      52524F52 
 1118      5F4E4F54 
 1118      5F4D4154 
ARM GAS  C:\Users\giris\AppData\Local\Temp\ccwQIaMu.s 			page 24


 1118      434800
 1119              	.LASF35:
 1120 019c 52435F45 		.ascii	"RC_ERROR_UNKNOWN\000"
 1120      52524F52 
 1120      5F554E4B 
 1120      4E4F574E 
 1120      00
 1121              	.LASF4:
 1122 01ad 6C6F6E67 		.ascii	"long int\000"
 1122      20696E74 
 1122      00
 1123              	.LASF18:
 1124 01b6 52435F45 		.ascii	"RC_ERROR_UNDERRUN\000"
 1124      52524F52 
 1124      5F554E44 
 1124      45525255 
 1124      4E00
 1125              	.LASF21:
 1126 01c8 52435F45 		.ascii	"RC_ERROR_BUSY\000"
 1126      52524F52 
 1126      5F425553 
 1126      5900
 1127              	.LASF27:
 1128 01d6 52435F45 		.ascii	"RC_ERROR_INVALID\000"
 1128      52524F52 
 1128      5F494E56 
 1128      414C4944 
 1128      00
 1129              	.LASF32:
 1130 01e7 52435F45 		.ascii	"RC_ERROR_BAD_DATA\000"
 1130      52524F52 
 1130      5F424144 
 1130      5F444154 
 1130      4100
 1131              	.LASF67:
 1132 01f9 46616465 		.ascii	"Fader_Set\000"
 1132      725F5365 
 1132      7400
 1133              	.LASF63:
 1134 0203 50574D5F 		.ascii	"PWM_Led_Green_Start\000"
 1134      4C65645F 
 1134      47726565 
 1134      6E5F5374 
 1134      61727400 
 1135              	.LASF43:
 1136 0217 6C6F6E67 		.ascii	"long double\000"
 1136      20646F75 
 1136      626C6500 
 1137              	.LASF1:
 1138 0223 756E7369 		.ascii	"unsigned char\000"
 1138      676E6564 
 1138      20636861 
 1138      7200
 1139              	.LASF66:
 1140 0231 433A5C55 		.ascii	"C:\\Users\\giris\\OneDrive\\Documents\\PSoC Creator"
 1140      73657273 
 1140      5C676972 
ARM GAS  C:\Users\giris\AppData\Local\Temp\ccwQIaMu.s 			page 25


 1140      69735C4F 
 1140      6E654472 
 1141 025f 5C457269 		.ascii	"\\Erika_OS_ReactionGame\\Erika_Reaction_Game.cydsn\000"
 1141      6B615F4F 
 1141      535F5265 
 1141      61637469 
 1141      6F6E4761 
 1142              	.LASF0:
 1143 0290 7369676E 		.ascii	"signed char\000"
 1143      65642063 
 1143      68617200 
 1144              	.LASF9:
 1145 029c 6C6F6E67 		.ascii	"long long unsigned int\000"
 1145      206C6F6E 
 1145      6720756E 
 1145      7369676E 
 1145      65642069 
 1146              	.LASF40:
 1147 02b3 756E7369 		.ascii	"unsigned int\000"
 1147      676E6564 
 1147      20696E74 
 1147      00
 1148              	.LASF23:
 1149 02c0 52435F45 		.ascii	"RC_ERROR_OPEN\000"
 1149      52524F52 
 1149      5F4F5045 
 1149      4E00
 1150              	.LASF37:
 1151 02ce 75696E74 		.ascii	"uint16_t\000"
 1151      31365F74 
 1151      00
 1152              	.LASF13:
 1153 02d7 52435F45 		.ascii	"RC_ERROR_NULL\000"
 1153      52524F52 
 1153      5F4E554C 
 1153      4C00
 1154              	.LASF20:
 1155 02e5 52435F45 		.ascii	"RC_ERROR_BUFFER_EMTPY\000"
 1155      52524F52 
 1155      5F425546 
 1155      4645525F 
 1155      454D5450 
 1156              	.LASF44:
 1157 02fb 45455F49 		.ascii	"EE_INT32\000"
 1157      4E543332 
 1157      00
 1158              	.LASF3:
 1159 0304 73686F72 		.ascii	"short unsigned int\000"
 1159      7420756E 
 1159      7369676E 
 1159      65642069 
 1159      6E7400
 1160              	.LASF58:
 1161 0317 50574D5F 		.ascii	"PWM_Led_Red_Start\000"
 1161      4C65645F 
 1161      5265645F 
 1161      53746172 
ARM GAS  C:\Users\giris\AppData\Local\Temp\ccwQIaMu.s 			page 26


 1161      7400
 1162              	.LASF64:
 1163 0329 474E5520 		.ascii	"GNU C11 5.4.1 20160609 (release) [ARM/embedded-5-br"
 1163      43313120 
 1163      352E342E 
 1163      31203230 
 1163      31363036 
 1164 035c 616E6368 		.ascii	"anch revision 237715] -mcpu=cortex-m3 -mthumb -g -O"
 1164      20726576 
 1164      6973696F 
 1164      6E203233 
 1164      37373135 
 1165 038f 67202D66 		.ascii	"g -ffunction-sections -ffat-lto-objects\000"
 1165      66756E63 
 1165      74696F6E 
 1165      2D736563 
 1165      74696F6E 
 1166              	.LASF10:
 1167 03b7 63686172 		.ascii	"char\000"
 1167      00
 1168              	.LASF19:
 1169 03bc 52435F45 		.ascii	"RC_ERROR_BUFFER_FULL\000"
 1169      52524F52 
 1169      5F425546 
 1169      4645525F 
 1169      46554C4C 
 1170              	.LASF41:
 1171 03d1 696E7433 		.ascii	"int32_t\000"
 1171      325F7400 
 1172              	.LASF31:
 1173 03d9 52435F45 		.ascii	"RC_ERROR_BAD_PARAM\000"
 1173      52524F52 
 1173      5F424144 
 1173      5F504152 
 1173      414D00
 1174              	.LASF65:
 1175 03ec 736F7572 		.ascii	"source\\bsw\\fader.c\000"
 1175      63655C62 
 1175      73775C66 
 1175      61646572 
 1175      2E6300
 1176              	.LASF54:
 1177 03ff 45455F41 		.ascii	"EE_ApplicationMode\000"
 1177      70706C69 
 1177      63617469 
 1177      6F6E4D6F 
 1177      646500
 1178              	.LASF61:
 1179 0412 50574D5F 		.ascii	"PWM_Led_Green_WriteCompare\000"
 1179      4C65645F 
 1179      47726565 
 1179      6E5F5772 
 1179      69746543 
 1180              	.LASF5:
 1181 042d 6C6F6E67 		.ascii	"long unsigned int\000"
 1181      20756E73 
 1181      69676E65 
ARM GAS  C:\Users\giris\AppData\Local\Temp\ccwQIaMu.s 			page 27


 1181      6420696E 
 1181      7400
 1182              	.LASF7:
 1183 043f 646F7562 		.ascii	"double\000"
 1183      6C6500
 1184              	.LASF59:
 1185 0446 50574D5F 		.ascii	"PWM_Led_Red_WriteCompare\000"
 1185      4C65645F 
 1185      5265645F 
 1185      57726974 
 1185      65436F6D 
 1186              	.LASF24:
 1187 045f 52435F45 		.ascii	"RC_ERROR_CHECKSUM\000"
 1187      52524F52 
 1187      5F434845 
 1187      434B5355 
 1187      4D00
 1188              	.LASF46:
 1189 0471 45455F55 		.ascii	"EE_UREG\000"
 1189      52454700 
 1190              	.LASF39:
 1191 0479 5F5F696E 		.ascii	"__int32_t\000"
 1191      7433325F 
 1191      7400
 1192              	.LASF50:
 1193 0483 46616465 		.ascii	"Fader__Brightness\000"
 1193      725F5F42 
 1193      72696768 
 1193      746E6573 
 1193      7300
 1194              	.LASF33:
 1195 0495 52435F45 		.ascii	"RC_ERROR_CANCELED\000"
 1195      52524F52 
 1195      5F43414E 
 1195      43454C45 
 1195      4400
 1196              	.LASF57:
 1197 04a7 49544D5F 		.ascii	"ITM_RxBuffer\000"
 1197      52784275 
 1197      66666572 
 1197      00
 1198              	.LASF12:
 1199 04b4 52435F45 		.ascii	"RC_ERROR\000"
 1199      52524F52 
 1199      00
 1200              	.LASF15:
 1201 04bd 52435F45 		.ascii	"RC_ERROR_MEMORY\000"
 1201      52524F52 
 1201      5F4D454D 
 1201      4F525900 
 1202              	.LASF52:
 1203 04cd 45455F6F 		.ascii	"EE_oo_IRQ_disable_count\000"
 1203      6F5F4952 
 1203      515F6469 
 1203      7361626C 
 1203      655F636F 
 1204              	.LASF38:
ARM GAS  C:\Users\giris\AppData\Local\Temp\ccwQIaMu.s 			page 28


 1205 04e5 52435F74 		.ascii	"RC_t\000"
 1205      00
 1206              	.LASF22:
 1207 04ea 52435F45 		.ascii	"RC_ERROR_TIME_OUT\000"
 1207      52524F52 
 1207      5F54494D 
 1207      455F4F55 
 1207      5400
 1208              		.ident	"GCC: (GNU Tools for ARM Embedded Processors) 5.4.1 20160609 (release) [ARM/embedded-5-bran
