ARM GAS  C:\Users\Girish\AppData\Local\Temp\ccYCxOty.s 			page 1


   1              		.syntax unified
   2              		.cpu cortex-m3
   3              		.fpu softvfp
   4              		.eabi_attribute 20, 1
   5              		.eabi_attribute 21, 1
   6              		.eabi_attribute 23, 3
   7              		.eabi_attribute 24, 1
   8              		.eabi_attribute 25, 1
   9              		.eabi_attribute 26, 1
  10              		.eabi_attribute 30, 1
  11              		.eabi_attribute 34, 1
  12              		.eabi_attribute 18, 4
  13              		.thumb
  14              		.syntax unified
  15              		.file	"timer.c"
  16              		.text
  17              	.Ltext0:
  18              		.cfi_sections	.debug_frame
  19              		.section	.text.TIMER_SetAlarm,"ax",%progbits
  20              		.align	2
  21              		.global	TIMER_SetAlarm
  22              		.thumb
  23              		.thumb_func
  24              		.type	TIMER_SetAlarm, %function
  25              	TIMER_SetAlarm:
  26              	.LFB110:
  27              		.file 1 "source\\bsw\\timer.c"
   1:source\bsw/timer.c **** /**
   2:source\bsw/timer.c **** * \file <filename>
   3:source\bsw/timer.c **** * \author <author-name>
   4:source\bsw/timer.c **** * \date <date>
   5:source\bsw/timer.c **** *
   6:source\bsw/timer.c **** * \brief <Symbolic File name>
   7:source\bsw/timer.c **** *
   8:source\bsw/timer.c **** * \copyright Copyright ©2016
   9:source\bsw/timer.c **** * Department of electrical engineering and information technology, Hochschule Darmstadt - Universit
  10:source\bsw/timer.c **** * Permission to use, copy, modify, and distribute this software and its documentation for education
  11:source\bsw/timer.c **** * (unless permitted by h_da) and official h_da projects, is hereby granted for enrolled students of
  12:source\bsw/timer.c **** * this paragraph and the following paragraph appear in all copies, modifications, and distributions
  13:source\bsw/timer.c **** * Contact Prof.Dr.-Ing. Peter Fromm, peter.fromm@h-da.de, Birkenweg 8 64295 Darmstadt - GERMANY for
  14:source\bsw/timer.c **** *
  15:source\bsw/timer.c **** * \warning This software is a PROTOTYPE version and is not designed or intended for use in producti
  16:source\bsw/timer.c **** * The user represents and warrants that it will NOT use or redistribute the Software for such purpo
  17:source\bsw/timer.c **** * This prototype is for research purposes only. This software is provided "AS IS," without a warran
  18:source\bsw/timer.c **** */
  19:source\bsw/timer.c **** 
  20:source\bsw/timer.c **** /*****************************************************************************/
  21:source\bsw/timer.c **** /* Include files                                                             */
  22:source\bsw/timer.c **** /*****************************************************************************/
  23:source\bsw/timer.c **** #include "timer.h"
  24:source\bsw/timer.c **** /*****************************************************************************/
  25:source\bsw/timer.c **** /* Local pre-processor symbols/macros ('#define')                            */
  26:source\bsw/timer.c **** /*****************************************************************************/
  27:source\bsw/timer.c **** 
  28:source\bsw/timer.c **** /*****************************************************************************/
  29:source\bsw/timer.c **** /* Global variable definitions (declared in header file with 'extern')       */
  30:source\bsw/timer.c **** /*****************************************************************************/
ARM GAS  C:\Users\Girish\AppData\Local\Temp\ccYCxOty.s 			page 2


  31:source\bsw/timer.c **** 
  32:source\bsw/timer.c **** /*****************************************************************************/
  33:source\bsw/timer.c **** /* Local type definitions ('typedef')                                        */
  34:source\bsw/timer.c **** /*****************************************************************************/
  35:source\bsw/timer.c **** 
  36:source\bsw/timer.c **** /*****************************************************************************/
  37:source\bsw/timer.c **** /* Local variable definitions ('static')                                     */
  38:source\bsw/timer.c **** /*****************************************************************************/
  39:source\bsw/timer.c **** //volatile uint16_t event_timeout = 0;
  40:source\bsw/timer.c **** 
  41:source\bsw/timer.c **** /*****************************************************************************/
  42:source\bsw/timer.c **** /* Local function prototypes ('static')                                      */
  43:source\bsw/timer.c **** /*****************************************************************************/
  44:source\bsw/timer.c **** 
  45:source\bsw/timer.c **** 
  46:source\bsw/timer.c **** /*****************************************************************************/
  47:source\bsw/timer.c **** /* Function implementation - global ('extern') and local ('static')          */
  48:source\bsw/timer.c **** /*****************************************************************************/
  49:source\bsw/timer.c **** 
  50:source\bsw/timer.c **** RC_t TIMER_SetAlarm(uint16_t timeout_value)
  51:source\bsw/timer.c **** {
  28              		.loc 1 51 0
  29              		.cfi_startproc
  30              		@ args = 0, pretend = 0, frame = 0
  31              		@ frame_needed = 0, uses_anonymous_args = 0
  32              	.LVL0:
  33 0000 08B5     		push	{r3, lr}
  34              		.cfi_def_cfa_offset 8
  35              		.cfi_offset 3, -8
  36              		.cfi_offset 14, -4
  52:source\bsw/timer.c ****     CyDelay(timeout_value * 1000);
  37              		.loc 1 52 0
  38 0002 4FF47A73 		mov	r3, #1000
  39 0006 03FB00F0 		mul	r0, r3, r0
  40              	.LVL1:
  41 000a FFF7FEFF 		bl	CyDelay
  42              	.LVL2:
  53:source\bsw/timer.c ****     event_timeout = 1;
  43              		.loc 1 53 0
  44 000e 0122     		movs	r2, #1
  45 0010 014B     		ldr	r3, .L3
  46 0012 1A80     		strh	r2, [r3]	@ movhi
  54:source\bsw/timer.c ****     
  55:source\bsw/timer.c ****     return RC_SUCCESS;
  56:source\bsw/timer.c **** }
  47              		.loc 1 56 0
  48 0014 0020     		movs	r0, #0
  49 0016 08BD     		pop	{r3, pc}
  50              	.L4:
  51              		.align	2
  52              	.L3:
  53 0018 00000000 		.word	event_timeout
  54              		.cfi_endproc
  55              	.LFE110:
  56              		.size	TIMER_SetAlarm, .-TIMER_SetAlarm
  57              		.section	.text.TIMER_CheckTimeoutValue,"ax",%progbits
  58              		.align	2
ARM GAS  C:\Users\Girish\AppData\Local\Temp\ccYCxOty.s 			page 3


  59              		.global	TIMER_CheckTimeoutValue
  60              		.thumb
  61              		.thumb_func
  62              		.type	TIMER_CheckTimeoutValue, %function
  63              	TIMER_CheckTimeoutValue:
  64              	.LFB111:
  57:source\bsw/timer.c **** 
  58:source\bsw/timer.c **** boolean_t TIMER_CheckTimeoutValue()
  59:source\bsw/timer.c **** { 
  65              		.loc 1 59 0
  66              		.cfi_startproc
  67              		@ args = 0, pretend = 0, frame = 0
  68              		@ frame_needed = 0, uses_anonymous_args = 0
  69              		@ link register save eliminated.
  60:source\bsw/timer.c ****     if(event_timeout == 1) return TRUE;
  70              		.loc 1 60 0
  71 0000 044B     		ldr	r3, .L8
  72 0002 1B88     		ldrh	r3, [r3]
  73 0004 9BB2     		uxth	r3, r3
  74 0006 012B     		cmp	r3, #1
  75 0008 01D1     		bne	.L7
  76 000a 0120     		movs	r0, #1
  77 000c 7047     		bx	lr
  78              	.L7:
  61:source\bsw/timer.c ****     else return FALSE;
  79              		.loc 1 61 0
  80 000e 0020     		movs	r0, #0
  62:source\bsw/timer.c **** }...
  81              		.loc 1 62 0
  82 0010 7047     		bx	lr
  83              	.L9:
  84 0012 00BF     		.align	2
  85              	.L8:
  86 0014 00000000 		.word	event_timeout
  87              		.cfi_endproc
  88              	.LFE111:
  89              		.size	TIMER_CheckTimeoutValue, .-TIMER_CheckTimeoutValue
  90              		.comm	event_timeout,2,2
  91              		.text
  92              	.Letext0:
  93              		.file 2 "c:\\program files (x86)\\cypress\\psoc creator\\4.4\\psoc creator\\import\\gnu\\arm\\5.4.
  94              		.file 3 "c:\\program files (x86)\\cypress\\psoc creator\\4.4\\psoc creator\\import\\gnu\\arm\\5.4.
  95              		.file 4 "Generated_Source\\PSoC5/ErikaOS_1_common_ee_types.inc"
  96              		.file 5 "Generated_Source\\PSoC5/ErikaOS_1_cortex_mx_ee_cpu.inc"
  97              		.file 6 "source\\bsw\\global.h"
  98              		.file 7 "Generated_Source\\PSoC5/ErikaOS_1_ee_oo_intfunc.inc"
  99              		.file 8 "Generated_Source\\PSoC5/ErikaOS_1_cortex_mx_ee_context.inc"
 100              		.file 9 "Generated_Source\\PSoC5/ErikaOS_1_common_ee_primitives.inc"
 101              		.file 10 "Generated_Source\\PSoC5/core_cm3.h"
 102              		.file 11 "source\\bsw\\timer.h"
 103              		.file 12 "Generated_Source\\PSoC5/CyLib.h"
 104              		.section	.debug_info,"",%progbits
 105              	.Ldebug_info0:
 106 0000 5D020000 		.4byte	0x25d
 107 0004 0400     		.2byte	0x4
 108 0006 00000000 		.4byte	.Ldebug_abbrev0
 109 000a 04       		.byte	0x4
ARM GAS  C:\Users\Girish\AppData\Local\Temp\ccYCxOty.s 			page 4


 110 000b 01       		.uleb128 0x1
 111 000c F3020000 		.4byte	.LASF58
 112 0010 0C       		.byte	0xc
 113 0011 23020000 		.4byte	.LASF59
 114 0015 32000000 		.4byte	.LASF60
 115 0019 00000000 		.4byte	.Ldebug_ranges0+0
 116 001d 00000000 		.4byte	0
 117 0021 00000000 		.4byte	.Ldebug_line0
 118 0025 02       		.uleb128 0x2
 119 0026 01       		.byte	0x1
 120 0027 06       		.byte	0x6
 121 0028 6C020000 		.4byte	.LASF0
 122 002c 02       		.uleb128 0x2
 123 002d 01       		.byte	0x1
 124 002e 08       		.byte	0x8
 125 002f 5E020000 		.4byte	.LASF1
 126 0033 02       		.uleb128 0x2
 127 0034 02       		.byte	0x2
 128 0035 05       		.byte	0x5
 129 0036 8F000000 		.4byte	.LASF2
 130 003a 03       		.uleb128 0x3
 131 003b 0B010000 		.4byte	.LASF4
 132 003f 02       		.byte	0x2
 133 0040 2B       		.byte	0x2b
 134 0041 45000000 		.4byte	0x45
 135 0045 02       		.uleb128 0x2
 136 0046 02       		.byte	0x2
 137 0047 07       		.byte	0x7
 138 0048 E0020000 		.4byte	.LASF3
 139 004c 03       		.uleb128 0x3
 140 004d 14040000 		.4byte	.LASF5
 141 0051 02       		.byte	0x2
 142 0052 3F       		.byte	0x3f
 143 0053 57000000 		.4byte	0x57
 144 0057 02       		.uleb128 0x2
 145 0058 04       		.byte	0x4
 146 0059 05       		.byte	0x5
 147 005a E9010000 		.4byte	.LASF6
 148 005e 02       		.uleb128 0x2
 149 005f 04       		.byte	0x4
 150 0060 07       		.byte	0x7
 151 0061 E1030000 		.4byte	.LASF7
 152 0065 02       		.uleb128 0x2
 153 0066 08       		.byte	0x8
 154 0067 05       		.byte	0x5
 155 0068 9E010000 		.4byte	.LASF8
 156 006c 02       		.uleb128 0x2
 157 006d 08       		.byte	0x8
 158 006e 07       		.byte	0x7
 159 006f 78020000 		.4byte	.LASF9
 160 0073 04       		.uleb128 0x4
 161 0074 04       		.byte	0x4
 162 0075 05       		.byte	0x5
 163 0076 696E7400 		.ascii	"int\000"
 164 007a 02       		.uleb128 0x2
 165 007b 04       		.byte	0x4
 166 007c 07       		.byte	0x7
ARM GAS  C:\Users\Girish\AppData\Local\Temp\ccYCxOty.s 			page 5


 167 007d 8F020000 		.4byte	.LASF10
 168 0081 03       		.uleb128 0x3
 169 0082 AA020000 		.4byte	.LASF11
 170 0086 03       		.byte	0x3
 171 0087 24       		.byte	0x24
 172 0088 3A000000 		.4byte	0x3a
 173 008c 03       		.uleb128 0x3
 174 008d 9B030000 		.4byte	.LASF12
 175 0091 03       		.byte	0x3
 176 0092 2C       		.byte	0x2c
 177 0093 4C000000 		.4byte	0x4c
 178 0097 02       		.uleb128 0x2
 179 0098 04       		.byte	0x4
 180 0099 04       		.byte	0x4
 181 009a 71010000 		.4byte	.LASF13
 182 009e 02       		.uleb128 0x2
 183 009f 08       		.byte	0x8
 184 00a0 04       		.byte	0x4
 185 00a1 F3030000 		.4byte	.LASF14
 186 00a5 02       		.uleb128 0x2
 187 00a6 01       		.byte	0x1
 188 00a7 08       		.byte	0x8
 189 00a8 81030000 		.4byte	.LASF15
 190 00ac 02       		.uleb128 0x2
 191 00ad 08       		.byte	0x8
 192 00ae 04       		.byte	0x4
 193 00af 52020000 		.4byte	.LASF16
 194 00b3 03       		.uleb128 0x3
 195 00b4 D7020000 		.4byte	.LASF17
 196 00b8 04       		.byte	0x4
 197 00b9 53       		.byte	0x53
 198 00ba 73000000 		.4byte	0x73
 199 00be 03       		.uleb128 0x3
 200 00bf 01010000 		.4byte	.LASF18
 201 00c3 04       		.byte	0x4
 202 00c4 54       		.byte	0x54
 203 00c5 7A000000 		.4byte	0x7a
 204 00c9 03       		.uleb128 0x3
 205 00ca 0C040000 		.4byte	.LASF19
 206 00ce 05       		.byte	0x5
 207 00cf 4D       		.byte	0x4d
 208 00d0 BE000000 		.4byte	0xbe
 209 00d4 03       		.uleb128 0x3
 210 00d5 E5000000 		.4byte	.LASF20
 211 00d9 05       		.byte	0x5
 212 00da 4F       		.byte	0x4f
 213 00db BE000000 		.4byte	0xbe
 214 00df 03       		.uleb128 0x3
 215 00e0 16010000 		.4byte	.LASF21
 216 00e4 05       		.byte	0x5
 217 00e5 78       		.byte	0x78
 218 00e6 B3000000 		.4byte	0xb3
 219 00ea 02       		.uleb128 0x2
 220 00eb 04       		.byte	0x4
 221 00ec 07       		.byte	0x7
 222 00ed BF000000 		.4byte	.LASF22
 223 00f1 05       		.uleb128 0x5
ARM GAS  C:\Users\Girish\AppData\Local\Temp\ccYCxOty.s 			page 6


 224 00f2 81000000 		.4byte	0x81
 225 00f6 03       		.uleb128 0x3
 226 00f7 48020000 		.4byte	.LASF23
 227 00fb 06       		.byte	0x6
 228 00fc 9C       		.byte	0x9c
 229 00fd 2C000000 		.4byte	0x2c
 230 0101 06       		.uleb128 0x6
 231 0102 01       		.byte	0x1
 232 0103 25000000 		.4byte	0x25
 233 0107 06       		.byte	0x6
 234 0108 CF       		.byte	0xcf
 235 0109 AA010000 		.4byte	0x1aa
 236 010d 07       		.uleb128 0x7
 237 010e 13000000 		.4byte	.LASF24
 238 0112 00       		.byte	0
 239 0113 08       		.uleb128 0x8
 240 0114 4B040000 		.4byte	.LASF25
 241 0118 7F       		.sleb128 -1
 242 0119 08       		.uleb128 0x8
 243 011a B3020000 		.4byte	.LASF26
 244 011e 7E       		.sleb128 -2
 245 011f 08       		.uleb128 0x8
 246 0120 D7000000 		.4byte	.LASF27
 247 0124 7D       		.sleb128 -3
 248 0125 08       		.uleb128 0x8
 249 0126 5C040000 		.4byte	.LASF28
 250 012a 7C       		.sleb128 -4
 251 012b 08       		.uleb128 0x8
 252 012c 62010000 		.4byte	.LASF29
 253 0130 7B       		.sleb128 -5
 254 0131 08       		.uleb128 0x8
 255 0132 99000000 		.4byte	.LASF30
 256 0136 7A       		.sleb128 -6
 257 0137 08       		.uleb128 0x8
 258 0138 F2010000 		.4byte	.LASF31
 259 013c 79       		.sleb128 -7
 260 013d 08       		.uleb128 0x8
 261 013e 86030000 		.4byte	.LASF32
 262 0142 78       		.sleb128 -8
 263 0143 08       		.uleb128 0x8
 264 0144 C1020000 		.4byte	.LASF33
 265 0148 77       		.sleb128 -9
 266 0149 08       		.uleb128 0x8
 267 014a 04020000 		.4byte	.LASF34
 268 014e 76       		.sleb128 -10
 269 014f 08       		.uleb128 0x8
 270 0150 89040000 		.4byte	.LASF35
 271 0154 75       		.sleb128 -11
 272 0155 08       		.uleb128 0x8
 273 0156 9C020000 		.4byte	.LASF36
 274 015a 74       		.sleb128 -12
 275 015b 08       		.uleb128 0x8
 276 015c FA030000 		.4byte	.LASF37
 277 0160 73       		.sleb128 -13
 278 0161 08       		.uleb128 0x8
 279 0162 00000000 		.4byte	.LASF38
 280 0166 72       		.sleb128 -14
ARM GAS  C:\Users\Girish\AppData\Local\Temp\ccYCxOty.s 			page 7


 281 0167 08       		.uleb128 0x8
 282 0168 1E000000 		.4byte	.LASF39
 283 016c 71       		.sleb128 -15
 284 016d 08       		.uleb128 0x8
 285 016e 12020000 		.4byte	.LASF40
 286 0172 70       		.sleb128 -16
 287 0173 08       		.uleb128 0x8
 288 0174 ED000000 		.4byte	.LASF41
 289 0178 6F       		.sleb128 -17
 290 0179 08       		.uleb128 0x8
 291 017a AA000000 		.4byte	.LASF42
 292 017e 6E       		.sleb128 -18
 293 017f 08       		.uleb128 0x8
 294 0180 C5010000 		.4byte	.LASF43
 295 0184 6D       		.sleb128 -19
 296 0185 08       		.uleb128 0x8
 297 0186 A3030000 		.4byte	.LASF44
 298 018a 6C       		.sleb128 -20
 299 018b 08       		.uleb128 0x8
 300 018c 36020000 		.4byte	.LASF45
 301 0190 6B       		.sleb128 -21
 302 0191 08       		.uleb128 0x8
 303 0192 2C040000 		.4byte	.LASF46
 304 0196 6A       		.sleb128 -22
 305 0197 08       		.uleb128 0x8
 306 0198 1D010000 		.4byte	.LASF47
 307 019c 69       		.sleb128 -23
 308 019d 08       		.uleb128 0x8
 309 019e D8010000 		.4byte	.LASF48
 310 01a2 68       		.sleb128 -24
 311 01a3 08       		.uleb128 0x8
 312 01a4 85010000 		.4byte	.LASF49
 313 01a8 67       		.sleb128 -25
 314 01a9 00       		.byte	0
 315 01aa 03       		.uleb128 0x3
 316 01ab 84040000 		.4byte	.LASF50
 317 01af 06       		.byte	0x6
 318 01b0 EA       		.byte	0xea
 319 01b1 01010000 		.4byte	0x101
 320 01b5 09       		.uleb128 0x9
 321 01b6 C8000000 		.4byte	.LASF61
 322 01ba 01       		.byte	0x1
 323 01bb 32       		.byte	0x32
 324 01bc AA010000 		.4byte	0x1aa
 325 01c0 00000000 		.4byte	.LFB110
 326 01c4 1C000000 		.4byte	.LFE110-.LFB110
 327 01c8 01       		.uleb128 0x1
 328 01c9 9C       		.byte	0x9c
 329 01ca E7010000 		.4byte	0x1e7
 330 01ce 0A       		.uleb128 0xa
 331 01cf 1E040000 		.4byte	.LASF62
 332 01d3 01       		.byte	0x1
 333 01d4 32       		.byte	0x32
 334 01d5 81000000 		.4byte	0x81
 335 01d9 00000000 		.4byte	.LLST0
 336 01dd 0B       		.uleb128 0xb
 337 01de 0E000000 		.4byte	.LVL2
ARM GAS  C:\Users\Girish\AppData\Local\Temp\ccYCxOty.s 			page 8


 338 01e2 55020000 		.4byte	0x255
 339 01e6 00       		.byte	0
 340 01e7 0C       		.uleb128 0xc
 341 01e8 B6030000 		.4byte	.LASF63
 342 01ec 01       		.byte	0x1
 343 01ed 3A       		.byte	0x3a
 344 01ee F6000000 		.4byte	0xf6
 345 01f2 00000000 		.4byte	.LFB111
 346 01f6 18000000 		.4byte	.LFE111-.LFB111
 347 01fa 01       		.uleb128 0x1
 348 01fb 9C       		.byte	0x9c
 349 01fc 0D       		.uleb128 0xd
 350 01fd 6C040000 		.4byte	.LASF51
 351 0201 07       		.byte	0x7
 352 0202 40       		.byte	0x40
 353 0203 C9000000 		.4byte	0xc9
 354 0207 0D       		.uleb128 0xd
 355 0208 AC010000 		.4byte	.LASF52
 356 020c 07       		.byte	0x7
 357 020d 47       		.byte	0x47
 358 020e D4000000 		.4byte	0xd4
 359 0212 0D       		.uleb128 0xd
 360 0213 CE030000 		.4byte	.LASF53
 361 0217 07       		.byte	0x7
 362 0218 4A       		.byte	0x4a
 363 0219 C9000000 		.4byte	0xc9
 364 021d 0D       		.uleb128 0xd
 365 021e 49010000 		.4byte	.LASF54
 366 0222 08       		.byte	0x8
 367 0223 48       		.byte	0x48
 368 0224 DF000000 		.4byte	0xdf
 369 0228 0D       		.uleb128 0xd
 370 0229 34010000 		.4byte	.LASF55
 371 022d 09       		.byte	0x9
 372 022e 44       		.byte	0x44
 373 022f C9000000 		.4byte	0xc9
 374 0233 0E       		.uleb128 0xe
 375 0234 3E040000 		.4byte	.LASF56
 376 0238 0A       		.byte	0xa
 377 0239 1207     		.2byte	0x712
 378 023b 3F020000 		.4byte	0x23f
 379 023f 05       		.uleb128 0x5
 380 0240 8C000000 		.4byte	0x8c
 381 0244 0F       		.uleb128 0xf
 382 0245 77010000 		.4byte	.LASF57
 383 0249 0B       		.byte	0xb
 384 024a 61       		.byte	0x61
 385 024b F1000000 		.4byte	0xf1
 386 024f 05       		.uleb128 0x5
 387 0250 03       		.byte	0x3
 388 0251 00000000 		.4byte	event_timeout
 389 0255 10       		.uleb128 0x10
 390 0256 54040000 		.4byte	.LASF64
 391 025a 54040000 		.4byte	.LASF64
 392 025e 0C       		.byte	0xc
 393 025f 76       		.byte	0x76
 394 0260 00       		.byte	0
ARM GAS  C:\Users\Girish\AppData\Local\Temp\ccYCxOty.s 			page 9


 395              		.section	.debug_abbrev,"",%progbits
 396              	.Ldebug_abbrev0:
 397 0000 01       		.uleb128 0x1
 398 0001 11       		.uleb128 0x11
 399 0002 01       		.byte	0x1
 400 0003 25       		.uleb128 0x25
 401 0004 0E       		.uleb128 0xe
 402 0005 13       		.uleb128 0x13
 403 0006 0B       		.uleb128 0xb
 404 0007 03       		.uleb128 0x3
 405 0008 0E       		.uleb128 0xe
 406 0009 1B       		.uleb128 0x1b
 407 000a 0E       		.uleb128 0xe
 408 000b 55       		.uleb128 0x55
 409 000c 17       		.uleb128 0x17
 410 000d 11       		.uleb128 0x11
 411 000e 01       		.uleb128 0x1
 412 000f 10       		.uleb128 0x10
 413 0010 17       		.uleb128 0x17
 414 0011 00       		.byte	0
 415 0012 00       		.byte	0
 416 0013 02       		.uleb128 0x2
 417 0014 24       		.uleb128 0x24
 418 0015 00       		.byte	0
 419 0016 0B       		.uleb128 0xb
 420 0017 0B       		.uleb128 0xb
 421 0018 3E       		.uleb128 0x3e
 422 0019 0B       		.uleb128 0xb
 423 001a 03       		.uleb128 0x3
 424 001b 0E       		.uleb128 0xe
 425 001c 00       		.byte	0
 426 001d 00       		.byte	0
 427 001e 03       		.uleb128 0x3
 428 001f 16       		.uleb128 0x16
 429 0020 00       		.byte	0
 430 0021 03       		.uleb128 0x3
 431 0022 0E       		.uleb128 0xe
 432 0023 3A       		.uleb128 0x3a
 433 0024 0B       		.uleb128 0xb
 434 0025 3B       		.uleb128 0x3b
 435 0026 0B       		.uleb128 0xb
 436 0027 49       		.uleb128 0x49
 437 0028 13       		.uleb128 0x13
 438 0029 00       		.byte	0
 439 002a 00       		.byte	0
 440 002b 04       		.uleb128 0x4
 441 002c 24       		.uleb128 0x24
 442 002d 00       		.byte	0
 443 002e 0B       		.uleb128 0xb
 444 002f 0B       		.uleb128 0xb
 445 0030 3E       		.uleb128 0x3e
 446 0031 0B       		.uleb128 0xb
 447 0032 03       		.uleb128 0x3
 448 0033 08       		.uleb128 0x8
 449 0034 00       		.byte	0
 450 0035 00       		.byte	0
 451 0036 05       		.uleb128 0x5
ARM GAS  C:\Users\Girish\AppData\Local\Temp\ccYCxOty.s 			page 10


 452 0037 35       		.uleb128 0x35
 453 0038 00       		.byte	0
 454 0039 49       		.uleb128 0x49
 455 003a 13       		.uleb128 0x13
 456 003b 00       		.byte	0
 457 003c 00       		.byte	0
 458 003d 06       		.uleb128 0x6
 459 003e 04       		.uleb128 0x4
 460 003f 01       		.byte	0x1
 461 0040 0B       		.uleb128 0xb
 462 0041 0B       		.uleb128 0xb
 463 0042 49       		.uleb128 0x49
 464 0043 13       		.uleb128 0x13
 465 0044 3A       		.uleb128 0x3a
 466 0045 0B       		.uleb128 0xb
 467 0046 3B       		.uleb128 0x3b
 468 0047 0B       		.uleb128 0xb
 469 0048 01       		.uleb128 0x1
 470 0049 13       		.uleb128 0x13
 471 004a 00       		.byte	0
 472 004b 00       		.byte	0
 473 004c 07       		.uleb128 0x7
 474 004d 28       		.uleb128 0x28
 475 004e 00       		.byte	0
 476 004f 03       		.uleb128 0x3
 477 0050 0E       		.uleb128 0xe
 478 0051 1C       		.uleb128 0x1c
 479 0052 0B       		.uleb128 0xb
 480 0053 00       		.byte	0
 481 0054 00       		.byte	0
 482 0055 08       		.uleb128 0x8
 483 0056 28       		.uleb128 0x28
 484 0057 00       		.byte	0
 485 0058 03       		.uleb128 0x3
 486 0059 0E       		.uleb128 0xe
 487 005a 1C       		.uleb128 0x1c
 488 005b 0D       		.uleb128 0xd
 489 005c 00       		.byte	0
 490 005d 00       		.byte	0
 491 005e 09       		.uleb128 0x9
 492 005f 2E       		.uleb128 0x2e
 493 0060 01       		.byte	0x1
 494 0061 3F       		.uleb128 0x3f
 495 0062 19       		.uleb128 0x19
 496 0063 03       		.uleb128 0x3
 497 0064 0E       		.uleb128 0xe
 498 0065 3A       		.uleb128 0x3a
 499 0066 0B       		.uleb128 0xb
 500 0067 3B       		.uleb128 0x3b
 501 0068 0B       		.uleb128 0xb
 502 0069 27       		.uleb128 0x27
 503 006a 19       		.uleb128 0x19
 504 006b 49       		.uleb128 0x49
 505 006c 13       		.uleb128 0x13
 506 006d 11       		.uleb128 0x11
 507 006e 01       		.uleb128 0x1
 508 006f 12       		.uleb128 0x12
ARM GAS  C:\Users\Girish\AppData\Local\Temp\ccYCxOty.s 			page 11


 509 0070 06       		.uleb128 0x6
 510 0071 40       		.uleb128 0x40
 511 0072 18       		.uleb128 0x18
 512 0073 9742     		.uleb128 0x2117
 513 0075 19       		.uleb128 0x19
 514 0076 01       		.uleb128 0x1
 515 0077 13       		.uleb128 0x13
 516 0078 00       		.byte	0
 517 0079 00       		.byte	0
 518 007a 0A       		.uleb128 0xa
 519 007b 05       		.uleb128 0x5
 520 007c 00       		.byte	0
 521 007d 03       		.uleb128 0x3
 522 007e 0E       		.uleb128 0xe
 523 007f 3A       		.uleb128 0x3a
 524 0080 0B       		.uleb128 0xb
 525 0081 3B       		.uleb128 0x3b
 526 0082 0B       		.uleb128 0xb
 527 0083 49       		.uleb128 0x49
 528 0084 13       		.uleb128 0x13
 529 0085 02       		.uleb128 0x2
 530 0086 17       		.uleb128 0x17
 531 0087 00       		.byte	0
 532 0088 00       		.byte	0
 533 0089 0B       		.uleb128 0xb
 534 008a 898201   		.uleb128 0x4109
 535 008d 00       		.byte	0
 536 008e 11       		.uleb128 0x11
 537 008f 01       		.uleb128 0x1
 538 0090 31       		.uleb128 0x31
 539 0091 13       		.uleb128 0x13
 540 0092 00       		.byte	0
 541 0093 00       		.byte	0
 542 0094 0C       		.uleb128 0xc
 543 0095 2E       		.uleb128 0x2e
 544 0096 00       		.byte	0
 545 0097 3F       		.uleb128 0x3f
 546 0098 19       		.uleb128 0x19
 547 0099 03       		.uleb128 0x3
 548 009a 0E       		.uleb128 0xe
 549 009b 3A       		.uleb128 0x3a
 550 009c 0B       		.uleb128 0xb
 551 009d 3B       		.uleb128 0x3b
 552 009e 0B       		.uleb128 0xb
 553 009f 49       		.uleb128 0x49
 554 00a0 13       		.uleb128 0x13
 555 00a1 11       		.uleb128 0x11
 556 00a2 01       		.uleb128 0x1
 557 00a3 12       		.uleb128 0x12
 558 00a4 06       		.uleb128 0x6
 559 00a5 40       		.uleb128 0x40
 560 00a6 18       		.uleb128 0x18
 561 00a7 9742     		.uleb128 0x2117
 562 00a9 19       		.uleb128 0x19
 563 00aa 00       		.byte	0
 564 00ab 00       		.byte	0
 565 00ac 0D       		.uleb128 0xd
ARM GAS  C:\Users\Girish\AppData\Local\Temp\ccYCxOty.s 			page 12


 566 00ad 34       		.uleb128 0x34
 567 00ae 00       		.byte	0
 568 00af 03       		.uleb128 0x3
 569 00b0 0E       		.uleb128 0xe
 570 00b1 3A       		.uleb128 0x3a
 571 00b2 0B       		.uleb128 0xb
 572 00b3 3B       		.uleb128 0x3b
 573 00b4 0B       		.uleb128 0xb
 574 00b5 49       		.uleb128 0x49
 575 00b6 13       		.uleb128 0x13
 576 00b7 3F       		.uleb128 0x3f
 577 00b8 19       		.uleb128 0x19
 578 00b9 3C       		.uleb128 0x3c
 579 00ba 19       		.uleb128 0x19
 580 00bb 00       		.byte	0
 581 00bc 00       		.byte	0
 582 00bd 0E       		.uleb128 0xe
 583 00be 34       		.uleb128 0x34
 584 00bf 00       		.byte	0
 585 00c0 03       		.uleb128 0x3
 586 00c1 0E       		.uleb128 0xe
 587 00c2 3A       		.uleb128 0x3a
 588 00c3 0B       		.uleb128 0xb
 589 00c4 3B       		.uleb128 0x3b
 590 00c5 05       		.uleb128 0x5
 591 00c6 49       		.uleb128 0x49
 592 00c7 13       		.uleb128 0x13
 593 00c8 3F       		.uleb128 0x3f
 594 00c9 19       		.uleb128 0x19
 595 00ca 3C       		.uleb128 0x3c
 596 00cb 19       		.uleb128 0x19
 597 00cc 00       		.byte	0
 598 00cd 00       		.byte	0
 599 00ce 0F       		.uleb128 0xf
 600 00cf 34       		.uleb128 0x34
 601 00d0 00       		.byte	0
 602 00d1 03       		.uleb128 0x3
 603 00d2 0E       		.uleb128 0xe
 604 00d3 3A       		.uleb128 0x3a
 605 00d4 0B       		.uleb128 0xb
 606 00d5 3B       		.uleb128 0x3b
 607 00d6 0B       		.uleb128 0xb
 608 00d7 49       		.uleb128 0x49
 609 00d8 13       		.uleb128 0x13
 610 00d9 3F       		.uleb128 0x3f
 611 00da 19       		.uleb128 0x19
 612 00db 02       		.uleb128 0x2
 613 00dc 18       		.uleb128 0x18
 614 00dd 00       		.byte	0
 615 00de 00       		.byte	0
 616 00df 10       		.uleb128 0x10
 617 00e0 2E       		.uleb128 0x2e
 618 00e1 00       		.byte	0
 619 00e2 3F       		.uleb128 0x3f
 620 00e3 19       		.uleb128 0x19
 621 00e4 3C       		.uleb128 0x3c
 622 00e5 19       		.uleb128 0x19
ARM GAS  C:\Users\Girish\AppData\Local\Temp\ccYCxOty.s 			page 13


 623 00e6 6E       		.uleb128 0x6e
 624 00e7 0E       		.uleb128 0xe
 625 00e8 03       		.uleb128 0x3
 626 00e9 0E       		.uleb128 0xe
 627 00ea 3A       		.uleb128 0x3a
 628 00eb 0B       		.uleb128 0xb
 629 00ec 3B       		.uleb128 0x3b
 630 00ed 0B       		.uleb128 0xb
 631 00ee 00       		.byte	0
 632 00ef 00       		.byte	0
 633 00f0 00       		.byte	0
 634              		.section	.debug_loc,"",%progbits
 635              	.Ldebug_loc0:
 636              	.LLST0:
 637 0000 00000000 		.4byte	.LVL0
 638 0004 0A000000 		.4byte	.LVL1
 639 0008 0100     		.2byte	0x1
 640 000a 50       		.byte	0x50
 641 000b 0A000000 		.4byte	.LVL1
 642 000f 1C000000 		.4byte	.LFE110
 643 0013 0400     		.2byte	0x4
 644 0015 F3       		.byte	0xf3
 645 0016 01       		.uleb128 0x1
 646 0017 50       		.byte	0x50
 647 0018 9F       		.byte	0x9f
 648 0019 00000000 		.4byte	0
 649 001d 00000000 		.4byte	0
 650              		.section	.debug_aranges,"",%progbits
 651 0000 24000000 		.4byte	0x24
 652 0004 0200     		.2byte	0x2
 653 0006 00000000 		.4byte	.Ldebug_info0
 654 000a 04       		.byte	0x4
 655 000b 00       		.byte	0
 656 000c 0000     		.2byte	0
 657 000e 0000     		.2byte	0
 658 0010 00000000 		.4byte	.LFB110
 659 0014 1C000000 		.4byte	.LFE110-.LFB110
 660 0018 00000000 		.4byte	.LFB111
 661 001c 18000000 		.4byte	.LFE111-.LFB111
 662 0020 00000000 		.4byte	0
 663 0024 00000000 		.4byte	0
 664              		.section	.debug_ranges,"",%progbits
 665              	.Ldebug_ranges0:
 666 0000 00000000 		.4byte	.LFB110
 667 0004 1C000000 		.4byte	.LFE110
 668 0008 00000000 		.4byte	.LFB111
 669 000c 18000000 		.4byte	.LFE111
 670 0010 00000000 		.4byte	0
 671 0014 00000000 		.4byte	0
 672              		.section	.debug_line,"",%progbits
 673              	.Ldebug_line0:
 674 0000 45020000 		.section	.debug_str,"MS",%progbits,1
 674      02001B02 
 674      00000201 
 674      FB0E0D00 
 674      01010101 
 675              	.LASF38:
ARM GAS  C:\Users\Girish\AppData\Local\Temp\ccYCxOty.s 			page 14


 676 0000 52435F45 		.ascii	"RC_ERROR_READ_ONLY\000"
 676      52524F52 
 676      5F524541 
 676      445F4F4E 
 676      4C5900
 677              	.LASF24:
 678 0013 52435F53 		.ascii	"RC_SUCCESS\000"
 678      55434345 
 678      535300
 679              	.LASF39:
 680 001e 52435F45 		.ascii	"RC_ERROR_WRITE_ONLY\000"
 680      52524F52 
 680      5F575249 
 680      54455F4F 
 680      4E4C5900 
 681              	.LASF60:
 682 0032 433A5C55 		.ascii	"C:\\Users\\Girish\\OneDrive\\Documents\\PSoC Creato"
 682      73657273 
 682      5C476972 
 682      6973685C 
 682      4F6E6544 
 683 0060 725C4572 		.ascii	"r\\Erika_OS_WorkSpace\\Erika_Reaction_Game.cydsn\000"
 683      696B615F 
 683      4F535F57 
 683      6F726B53 
 683      70616365 
 684              	.LASF2:
 685 008f 73686F72 		.ascii	"short int\000"
 685      7420696E 
 685      7400
 686              	.LASF30:
 687 0099 52435F45 		.ascii	"RC_ERROR_OVERRUN\000"
 687      52524F52 
 687      5F4F5645 
 687      5252554E 
 687      00
 688              	.LASF42:
 689 00aa 52435F45 		.ascii	"RC_ERROR_WRITE_FAILS\000"
 689      52524F52 
 689      5F575249 
 689      54455F46 
 689      41494C53 
 690              	.LASF22:
 691 00bf 73697A65 		.ascii	"sizetype\000"
 691      74797065 
 691      00
 692              	.LASF61:
 693 00c8 54494D45 		.ascii	"TIMER_SetAlarm\000"
 693      525F5365 
 693      74416C61 
 693      726D00
 694              	.LASF27:
 695 00d7 52435F45 		.ascii	"RC_ERROR_ZERO\000"
 695      52524F52 
 695      5F5A4552 
 695      4F00
 696              	.LASF20:
ARM GAS  C:\Users\Girish\AppData\Local\Temp\ccYCxOty.s 			page 15


 697 00e5 45455F46 		.ascii	"EE_FREG\000"
 697      52454700 
 698              	.LASF41:
 699 00ed 52435F45 		.ascii	"RC_ERROR_READ_FAILS\000"
 699      52524F52 
 699      5F524541 
 699      445F4641 
 699      494C5300 
 700              	.LASF18:
 701 0101 45455F55 		.ascii	"EE_UINT32\000"
 701      494E5433 
 701      3200
 702              	.LASF4:
 703 010b 5F5F7569 		.ascii	"__uint16_t\000"
 703      6E743136 
 703      5F7400
 704              	.LASF21:
 705 0116 45455F54 		.ascii	"EE_TID\000"
 705      494400
 706              	.LASF47:
 707 011d 52435F45 		.ascii	"RC_ERROR_INVALID_STATE\000"
 707      52524F52 
 707      5F494E56 
 707      414C4944 
 707      5F535441 
 708              	.LASF55:
 709 0134 45455F49 		.ascii	"EE_IRQ_nesting_level\000"
 709      52515F6E 
 709      65737469 
 709      6E675F6C 
 709      6576656C 
 710              	.LASF54:
 711 0149 45455F73 		.ascii	"EE_std_endcycle_next_tid\000"
 711      74645F65 
 711      6E646379 
 711      636C655F 
 711      6E657874 
 712              	.LASF29:
 713 0162 52435F45 		.ascii	"RC_ERROR_RANGE\000"
 713      52524F52 
 713      5F52414E 
 713      474500
 714              	.LASF13:
 715 0171 666C6F61 		.ascii	"float\000"
 715      7400
 716              	.LASF57:
 717 0177 6576656E 		.ascii	"event_timeout\000"
 717      745F7469 
 717      6D656F75 
 717      7400
 718              	.LASF49:
 719 0185 52435F45 		.ascii	"RC_ERROR_NOT_IMPLEMENTED\000"
 719      52524F52 
 719      5F4E4F54 
 719      5F494D50 
 719      4C454D45 
 720              	.LASF8:
ARM GAS  C:\Users\Girish\AppData\Local\Temp\ccYCxOty.s 			page 16


 721 019e 6C6F6E67 		.ascii	"long long int\000"
 721      206C6F6E 
 721      6720696E 
 721      7400
 722              	.LASF52:
 723 01ac 45455F6F 		.ascii	"EE_oo_IRQ_suspend_status\000"
 723      6F5F4952 
 723      515F7375 
 723      7370656E 
 723      645F7374 
 724              	.LASF43:
 725 01c5 52435F45 		.ascii	"RC_ERROR_NOT_MATCH\000"
 725      52524F52 
 725      5F4E4F54 
 725      5F4D4154 
 725      434800
 726              	.LASF48:
 727 01d8 52435F45 		.ascii	"RC_ERROR_UNKNOWN\000"
 727      52524F52 
 727      5F554E4B 
 727      4E4F574E 
 727      00
 728              	.LASF6:
 729 01e9 6C6F6E67 		.ascii	"long int\000"
 729      20696E74 
 729      00
 730              	.LASF31:
 731 01f2 52435F45 		.ascii	"RC_ERROR_UNDERRUN\000"
 731      52524F52 
 731      5F554E44 
 731      45525255 
 731      4E00
 732              	.LASF34:
 733 0204 52435F45 		.ascii	"RC_ERROR_BUSY\000"
 733      52524F52 
 733      5F425553 
 733      5900
 734              	.LASF40:
 735 0212 52435F45 		.ascii	"RC_ERROR_INVALID\000"
 735      52524F52 
 735      5F494E56 
 735      414C4944 
 735      00
 736              	.LASF59:
 737 0223 736F7572 		.ascii	"source\\bsw\\timer.c\000"
 737      63655C62 
 737      73775C74 
 737      696D6572 
 737      2E6300
 738              	.LASF45:
 739 0236 52435F45 		.ascii	"RC_ERROR_BAD_DATA\000"
 739      52524F52 
 739      5F424144 
 739      5F444154 
 739      4100
 740              	.LASF23:
 741 0248 626F6F6C 		.ascii	"boolean_t\000"
ARM GAS  C:\Users\Girish\AppData\Local\Temp\ccYCxOty.s 			page 17


 741      65616E5F 
 741      7400
 742              	.LASF16:
 743 0252 6C6F6E67 		.ascii	"long double\000"
 743      20646F75 
 743      626C6500 
 744              	.LASF1:
 745 025e 756E7369 		.ascii	"unsigned char\000"
 745      676E6564 
 745      20636861 
 745      7200
 746              	.LASF0:
 747 026c 7369676E 		.ascii	"signed char\000"
 747      65642063 
 747      68617200 
 748              	.LASF9:
 749 0278 6C6F6E67 		.ascii	"long long unsigned int\000"
 749      206C6F6E 
 749      6720756E 
 749      7369676E 
 749      65642069 
 750              	.LASF10:
 751 028f 756E7369 		.ascii	"unsigned int\000"
 751      676E6564 
 751      20696E74 
 751      00
 752              	.LASF36:
 753 029c 52435F45 		.ascii	"RC_ERROR_OPEN\000"
 753      52524F52 
 753      5F4F5045 
 753      4E00
 754              	.LASF11:
 755 02aa 75696E74 		.ascii	"uint16_t\000"
 755      31365F74 
 755      00
 756              	.LASF26:
 757 02b3 52435F45 		.ascii	"RC_ERROR_NULL\000"
 757      52524F52 
 757      5F4E554C 
 757      4C00
 758              	.LASF33:
 759 02c1 52435F45 		.ascii	"RC_ERROR_BUFFER_EMTPY\000"
 759      52524F52 
 759      5F425546 
 759      4645525F 
 759      454D5450 
 760              	.LASF17:
 761 02d7 45455F49 		.ascii	"EE_INT32\000"
 761      4E543332 
 761      00
 762              	.LASF3:
 763 02e0 73686F72 		.ascii	"short unsigned int\000"
 763      7420756E 
 763      7369676E 
 763      65642069 
 763      6E7400
 764              	.LASF58:
ARM GAS  C:\Users\Girish\AppData\Local\Temp\ccYCxOty.s 			page 18


 765 02f3 474E5520 		.ascii	"GNU C11 5.4.1 20160609 (release) [ARM/embedded-5-br"
 765      43313120 
 765      352E342E 
 765      31203230 
 765      31363036 
 766 0326 616E6368 		.ascii	"anch revision 237715] -mcpu=cortex-m3 -mthumb -g -O"
 766      20726576 
 766      6973696F 
 766      6E203233 
 766      37373135 
 767 0359 67202D66 		.ascii	"g -ffunction-sections -ffat-lto-objects\000"
 767      66756E63 
 767      74696F6E 
 767      2D736563 
 767      74696F6E 
 768              	.LASF15:
 769 0381 63686172 		.ascii	"char\000"
 769      00
 770              	.LASF32:
 771 0386 52435F45 		.ascii	"RC_ERROR_BUFFER_FULL\000"
 771      52524F52 
 771      5F425546 
 771      4645525F 
 771      46554C4C 
 772              	.LASF12:
 773 039b 696E7433 		.ascii	"int32_t\000"
 773      325F7400 
 774              	.LASF44:
 775 03a3 52435F45 		.ascii	"RC_ERROR_BAD_PARAM\000"
 775      52524F52 
 775      5F424144 
 775      5F504152 
 775      414D00
 776              	.LASF63:
 777 03b6 54494D45 		.ascii	"TIMER_CheckTimeoutValue\000"
 777      525F4368 
 777      65636B54 
 777      696D656F 
 777      75745661 
 778              	.LASF53:
 779 03ce 45455F41 		.ascii	"EE_ApplicationMode\000"
 779      70706C69 
 779      63617469 
 779      6F6E4D6F 
 779      646500
 780              	.LASF7:
 781 03e1 6C6F6E67 		.ascii	"long unsigned int\000"
 781      20756E73 
 781      69676E65 
 781      6420696E 
 781      7400
 782              	.LASF14:
 783 03f3 646F7562 		.ascii	"double\000"
 783      6C6500
 784              	.LASF37:
 785 03fa 52435F45 		.ascii	"RC_ERROR_CHECKSUM\000"
 785      52524F52 
ARM GAS  C:\Users\Girish\AppData\Local\Temp\ccYCxOty.s 			page 19


 785      5F434845 
 785      434B5355 
 785      4D00
 786              	.LASF19:
 787 040c 45455F55 		.ascii	"EE_UREG\000"
 787      52454700 
 788              	.LASF5:
 789 0414 5F5F696E 		.ascii	"__int32_t\000"
 789      7433325F 
 789      7400
 790              	.LASF62:
 791 041e 74696D65 		.ascii	"timeout_value\000"
 791      6F75745F 
 791      76616C75 
 791      6500
 792              	.LASF46:
 793 042c 52435F45 		.ascii	"RC_ERROR_CANCELED\000"
 793      52524F52 
 793      5F43414E 
 793      43454C45 
 793      4400
 794              	.LASF56:
 795 043e 49544D5F 		.ascii	"ITM_RxBuffer\000"
 795      52784275 
 795      66666572 
 795      00
 796              	.LASF25:
 797 044b 52435F45 		.ascii	"RC_ERROR\000"
 797      52524F52 
 797      00
 798              	.LASF64:
 799 0454 43794465 		.ascii	"CyDelay\000"
 799      6C617900 
 800              	.LASF28:
 801 045c 52435F45 		.ascii	"RC_ERROR_MEMORY\000"
 801      52524F52 
 801      5F4D454D 
 801      4F525900 
 802              	.LASF51:
 803 046c 45455F6F 		.ascii	"EE_oo_IRQ_disable_count\000"
 803      6F5F4952 
 803      515F6469 
 803      7361626C 
 803      655F636F 
 804              	.LASF50:
 805 0484 52435F74 		.ascii	"RC_t\000"
 805      00
 806              	.LASF35:
 807 0489 52435F45 		.ascii	"RC_ERROR_TIME_OUT\000"
 807      52524F52 
 807      5F54494D 
 807      455F4F55 
 807      5400
 808              		.ident	"GCC: (GNU Tools for ARM Embedded Processors) 5.4.1 20160609 (release) [ARM/embedded-5-bran
